<?xml version="1.0" encoding="UTF-8"?>
<!-- Generated by org.testng.reporters.JUnitReportReporter -->
<testsuite hostname="VaporYan" name="com.smart.service.UserServiceTest" tests="3" failures="0" timestamp="17 Apr 2018 01:25:09 GMT" time="2.151" errors="0">
  <testcase name="hasMatchUser" time="0.587" classname="com.smart.service.UserServiceTest"/>
  <testcase name="testAddLoginLog" time="0.740" classname="com.smart.service.UserServiceTest"/>
  <testcase name="testFindUserByUserName" time="0.824" classname="com.smart.service.UserServiceTest"/>
</testsuite> <!-- com.smart.service.UserServiceTest -->
