<?xml version="1.0" encoding="UTF-8" ?>
<testsuite tests="5" failures="2" name="TestSuite" time="25.08" errors="0" skipped="3">
  <properties>
    <property name="jboss.i18n.generate-proxies" value="true"/>
    <property name="idea.version" value="2017.3.5"/>
    <property name="java.runtime.name" value="Java(TM) SE Runtime Environment"/>
    <property name="sun.boot.library.path" value="C:\Program Files\Java\jdk1.8.0_151\jre\bin"/>
    <property name="java.vm.version" value="25.151-b12"/>
    <property name="java.vm.vendor" value="Oracle Corporation"/>
    <property name="java.vendor.url" value="http://java.oracle.com/"/>
    <property name="path.separator" value=";"/>
    <property name="java.vm.name" value="Java HotSpot(TM) 64-Bit Server VM"/>
    <property name="file.encoding.pkg" value="sun.io"/>
    <property name="user.script" value=""/>
    <property name="user.country" value="CN"/>
    <property name="sun.java.launcher" value="SUN_STANDARD"/>
    <property name="sun.os.patch.level" value=""/>
    <property name="java.vm.specification.name" value="Java Virtual Machine Specification"/>
    <property name="user.dir" value="E:\Java\masterspring\code\chapter18"/>
    <property name="java.runtime.version" value="1.8.0_151-b12"/>
    <property name="java.awt.graphicsenv" value="sun.awt.Win32GraphicsEnvironment"/>
    <property name="basedir" value="E:\Java\masterspring\code\chapter18"/>
    <property name="java.endorsed.dirs" value="C:\Program Files\Java\jdk1.8.0_151\jre\lib\endorsed"/>
    <property name="os.arch" value="amd64"/>
    <property name="surefire.real.class.path" value="E:\Java\masterspring\code\chapter18\target\surefire\surefirebooter8647157020280580332.jar"/>
    <property name="java.io.tmpdir" value="C:\Users\yan\AppData\Local\Temp\"/>
    <property name="line.separator" value="
"/>
    <property name="java.vm.specification.vendor" value="Oracle Corporation"/>
    <property name="user.variant" value=""/>
    <property name="os.name" value="Windows 10"/>
    <property name="sun.jnu.encoding" value="GBK"/>
    <property name="java.library.path" value="C:\Program Files\Java\jdk1.8.0_151\jre\bin;C:\WINDOWS\Sun\Java\bin;C:\WINDOWS\system32;C:\WINDOWS;F:\Python\Python3.6\Scripts\;F:\Python\Python3.6\;C:\Program Files\Microsoft MPI\Bin\;C:\ProgramData\Oracle\Java\javapath;C:\WINDOWS\system32;C:\WINDOWS;C:\WINDOWS\System32\Wbem;C:\WINDOWS\System32\WindowsPowerShell\v1.0\;C:\Program Files\Java\jdk1.8.0_151\bin;C:\Program Files\Java\jdk1.8.0_151\jre\bin;F:\Git\cmd;F:\Git\mingw64\bin;F:\Git\usr\bin;C:\Program Files\dotnet\;C:\Program Files\Microsoft SQL Server\Client SDK\ODBC\130\Tools\Binn\;C:\Program Files (x86)\Microsoft SQL Server\130\Tools\Binn\;C:\Program Files\Microsoft SQL Server\130\Tools\Binn\;C:\Program Files\Microsoft SQL Server\130\DTS\Binn\;C:\Program Files\MySQL\MySQL Utilities 1.6\;C:\Program Files (x86)\Microsoft SQL Server\Client SDK\ODBC\130\Tools\Binn\;C:\Program Files (x86)\Microsoft SQL Server\130\DTS\Binn\;C:\Program Files (x86)\Microsoft SQL Server\130\Tools\Binn\ManagementStudio\;D:\path\apache-maven-3.5.3\bin;C:\Program Files\nodejs\;C:\Program Files\MySQL\MySQL Server 5.7\bin;C:\Users\闫嘉祺\AppData\Local\Microsoft\WindowsApps;C:\Users\闫嘉祺\AppData\Local\GitHubDesktop\bin;C:\Users\闫嘉祺\AppData\Local\atom\bin;C:\Users\yan\AppData\Roaming\npm;."/>
    <property name="surefire.test.class.path" value="E:\Java\masterspring\code\chapter18\target\test-classes;E:\Java\masterspring\code\chapter18\target\classes;D:\mydoc\Maven\repo\org\springframework\spring-orm\4.2.2.RELEASE\spring-orm-4.2.2.RELEASE.jar;D:\mydoc\Maven\repo\org\springframework\spring-core\4.2.2.RELEASE\spring-core-4.2.2.RELEASE.jar;D:\mydoc\Maven\repo\org\springframework\spring-tx\4.2.2.RELEASE\spring-tx-4.2.2.RELEASE.jar;D:\mydoc\Maven\repo\org\springframework\spring-test\4.2.2.RELEASE\spring-test-4.2.2.RELEASE.jar;D:\mydoc\Maven\repo\org\springframework\spring-webmvc\4.2.2.RELEASE\spring-webmvc-4.2.2.RELEASE.jar;D:\mydoc\Maven\repo\org\springframework\spring-expression\4.2.2.RELEASE\spring-expression-4.2.2.RELEASE.jar;D:\mydoc\Maven\repo\org\springframework\spring-web\4.2.2.RELEASE\spring-web-4.2.2.RELEASE.jar;D:\mydoc\Maven\repo\org\springframework\spring-context\4.2.2.RELEASE\spring-context-4.2.2.RELEASE.jar;D:\mydoc\Maven\repo\org\springframework\spring-aop\4.2.2.RELEASE\spring-aop-4.2.2.RELEASE.jar;D:\mydoc\Maven\repo\org\springframework\spring-context-support\4.2.2.RELEASE\spring-context-support-4.2.2.RELEASE.jar;D:\mydoc\Maven\repo\org\springframework\spring-beans\4.2.2.RELEASE\spring-beans-4.2.2.RELEASE.jar;D:\mydoc\Maven\repo\org\springframework\spring-jdbc\4.2.2.RELEASE\spring-jdbc-4.2.2.RELEASE.jar;D:\mydoc\Maven\repo\commons-lang\commons-lang\2.2\commons-lang-2.2.jar;D:\mydoc\Maven\repo\commons-fileupload\commons-fileupload\1.3.1\commons-fileupload-1.3.1.jar;D:\mydoc\Maven\repo\commons-io\commons-io\2.2\commons-io-2.2.jar;D:\mydoc\Maven\repo\commons-dbcp\commons-dbcp\1.4\commons-dbcp-1.4.jar;D:\mydoc\Maven\repo\commons-pool\commons-pool\1.5.4\commons-pool-1.5.4.jar;D:\mydoc\Maven\repo\javax\persistence\persistence-api\1.0\persistence-api-1.0.jar;D:\mydoc\Maven\repo\org\hibernate\hibernate-core\4.2.0.Final\hibernate-core-4.2.0.Final.jar;D:\mydoc\Maven\repo\antlr\antlr\2.7.7\antlr-2.7.7.jar;D:\mydoc\Maven\repo\org\jboss\logging\jboss-logging\3.1.0.GA\jboss-logging-3.1.0.GA.jar;D:\mydoc\Maven\repo\org\jboss\spec\javax\transaction\jboss-transaction-api_1.1_spec\1.0.0.Final\jboss-transaction-api_1.1_spec-1.0.0.Final.jar;D:\mydoc\Maven\repo\dom4j\dom4j\1.6.1\dom4j-1.6.1.jar;D:\mydoc\Maven\repo\org\javassist\javassist\3.15.0-GA\javassist-3.15.0-GA.jar;D:\mydoc\Maven\repo\org\hibernate\common\hibernate-commons-annotations\4.0.1.Final\hibernate-commons-annotations-4.0.1.Final.jar;D:\mydoc\Maven\repo\org\hibernate\hibernate-ehcache\4.2.0.Final\hibernate-ehcache-4.2.0.Final.jar;D:\mydoc\Maven\repo\net\sf\ehcache\ehcache-core\2.4.3\ehcache-core-2.4.3.jar;D:\mydoc\Maven\repo\org\hibernate\javax\persistence\hibernate-jpa-2.0-api\1.0.1.Final\hibernate-jpa-2.0-api-1.0.1.Final.jar;D:\mydoc\Maven\repo\javax\servlet\servlet-api\3.0-alpha-1\servlet-api-3.0-alpha-1.jar;D:\mydoc\Maven\repo\mysql\mysql-connector-java\5.1.29\mysql-connector-java-5.1.29.jar;D:\mydoc\Maven\repo\commons-beanutils\commons-beanutils\1.9.1\commons-beanutils-1.9.1.jar;D:\mydoc\Maven\repo\commons-logging\commons-logging\1.1.1\commons-logging-1.1.1.jar;D:\mydoc\Maven\repo\commons-collections\commons-collections\3.2.1\commons-collections-3.2.1.jar;D:\mydoc\Maven\repo\org\slf4j\slf4j-log4j12\1.7.5\slf4j-log4j12-1.7.5.jar;D:\mydoc\Maven\repo\org\slf4j\slf4j-api\1.7.5\slf4j-api-1.7.5.jar;D:\mydoc\Maven\repo\log4j\log4j\1.2.17\log4j-1.2.17.jar;D:\mydoc\Maven\repo\org\mockito\mockito-all\1.10.19\mockito-all-1.10.19.jar;D:\mydoc\Maven\repo\org\testng\testng\6.8.7\testng-6.8.7.jar;D:\mydoc\Maven\repo\junit\junit\4.10\junit-4.10.jar;D:\mydoc\Maven\repo\org\hamcrest\hamcrest-core\1.1\hamcrest-core-1.1.jar;D:\mydoc\Maven\repo\org\beanshell\bsh\2.0b4\bsh-2.0b4.jar;D:\mydoc\Maven\repo\com\beust\jcommander\1.27\jcommander-1.27.jar;D:\mydoc\Maven\repo\org\yaml\snakeyaml\1.12\snakeyaml-1.12.jar;D:\mydoc\Maven\repo\org\unitils\unitils-core\3.4.2\unitils-core-3.4.2.jar;D:\mydoc\Maven\repo\ognl\ognl\2.6.9\ognl-2.6.9.jar;D:\mydoc\Maven\repo\org\unitils\unitils-testng\3.4.2\unitils-testng-3.4.2.jar;D:\mydoc\Maven\repo\org\testng\testng\5.8\testng-5.8-jdk15.jar;D:\mydoc\Maven\repo\org\unitils\unitils-spring\3.4.2\unitils-spring-3.4.2.jar;D:\mydoc\Maven\repo\org\unitils\unitils-orm\3.4.2\unitils-orm-3.4.2.jar;D:\mydoc\Maven\repo\org\unitils\unitils-database\3.4.2\unitils-database-3.4.2.jar;D:\mydoc\Maven\repo\org\unitils\unitils-dbmaintainer\3.4.2\unitils-dbmaintainer-3.4.2.jar;D:\mydoc\Maven\repo\org\hibernate\hibernate\3.2.5.ga\hibernate-3.2.5.ga.jar;D:\mydoc\Maven\repo\net\sf\ehcache\ehcache\1.2.3\ehcache-1.2.3.jar;D:\mydoc\Maven\repo\asm\asm-attrs\1.5.3\asm-attrs-1.5.3.jar;D:\mydoc\Maven\repo\cglib\cglib\2.1_3\cglib-2.1_3.jar;D:\mydoc\Maven\repo\asm\asm\1.5.3\asm-1.5.3.jar;D:\mydoc\Maven\repo\org\slf4j\slf4j-nop\1.6.4\slf4j-nop-1.6.4.jar;D:\mydoc\Maven\repo\org\unitils\unitils-dbunit\3.4.2\unitils-dbunit-3.4.2.jar;D:\mydoc\Maven\repo\xmlunit\xmlunit\1.2\xmlunit-1.2.jar;D:\mydoc\Maven\repo\org\aspectj\aspectjrt\1.8.1\aspectjrt-1.8.1.jar;D:\mydoc\Maven\repo\org\aspectj\aspectjweaver\1.8.1\aspectjweaver-1.8.1.jar;D:\mydoc\Maven\repo\aopalliance\aopalliance\1.0\aopalliance-1.0.jar;D:\mydoc\Maven\repo\org\apache\poi\poi\3.9\poi-3.9.jar;D:\mydoc\Maven\repo\commons-codec\commons-codec\1.5\commons-codec-1.5.jar;D:\mydoc\Maven\repo\javassist\javassist\3.6.0.GA\javassist-3.6.0.GA.jar;D:\mydoc\Maven\repo\org\seleniumhq\selenium\selenium-chrome-driver\2.41.0\selenium-chrome-driver-2.41.0.jar;D:\mydoc\Maven\repo\org\seleniumhq\selenium\selenium-remote-driver\2.41.0\selenium-remote-driver-2.41.0.jar;D:\mydoc\Maven\repo\cglib\cglib-nodep\2.1_3\cglib-nodep-2.1_3.jar;D:\mydoc\Maven\repo\net\java\dev\jna\jna\3.4.0\jna-3.4.0.jar;D:\mydoc\Maven\repo\net\java\dev\jna\platform\3.4.0\platform-3.4.0.jar;D:\mydoc\Maven\repo\org\seleniumhq\selenium\selenium-firefox-driver\2.41.0\selenium-firefox-driver-2.41.0.jar;D:\mydoc\Maven\repo\org\apache\commons\commons-exec\1.1\commons-exec-1.1.jar;D:\mydoc\Maven\repo\com\opera\operadriver\0.8.1\operadriver-0.8.1.jar;D:\mydoc\Maven\repo\com\opera\operalaunchers\0.3\operalaunchers-0.3.jar;D:\mydoc\Maven\repo\com\google\protobuf\protobuf-java\2.4.1\protobuf-java-2.4.1.jar;D:\mydoc\Maven\repo\com\google\guava\guava\10.0.1\guava-10.0.1.jar;D:\mydoc\Maven\repo\com\google\code\findbugs\jsr305\1.3.9\jsr305-1.3.9.jar;D:\mydoc\Maven\repo\commons-jxpath\commons-jxpath\1.3\commons-jxpath-1.3.jar;D:\mydoc\Maven\repo\org\dbunit\dbunit\2.5.1\dbunit-2.5.1.jar;D:\mydoc\Maven\repo\org\apache\poi\poi-ooxml\3.11\poi-ooxml-3.11.jar;D:\mydoc\Maven\repo\org\apache\poi\poi-ooxml-schemas\3.11\poi-ooxml-schemas-3.11.jar;D:\mydoc\Maven\repo\org\apache\xmlbeans\xmlbeans\2.6.0\xmlbeans-2.6.0.jar;D:\mydoc\Maven\repo\stax\stax-api\1.0.1\stax-api-1.0.1.jar;D:\mydoc\Maven\repo\org\seleniumhq\selenium\selenium-api\2.41.0\selenium-api-2.41.0.jar;D:\mydoc\Maven\repo\org\json\json\20080701\json-20080701.jar;D:\mydoc\Maven\repo\org\seleniumhq\selenium\selenium-htmlunit-driver\2.41.0\selenium-htmlunit-driver-2.41.0.jar;D:\mydoc\Maven\repo\net\sourceforge\htmlunit\htmlunit\2.13\htmlunit-2.13.jar;D:\mydoc\Maven\repo\xalan\xalan\2.7.1\xalan-2.7.1.jar;D:\mydoc\Maven\repo\xalan\serializer\2.7.1\serializer-2.7.1.jar;D:\mydoc\Maven\repo\org\apache\commons\commons-lang3\3.1\commons-lang3-3.1.jar;D:\mydoc\Maven\repo\org\apache\httpcomponents\httpmime\4.3.1\httpmime-4.3.1.jar;D:\mydoc\Maven\repo\net\sourceforge\htmlunit\htmlunit-core-js\2.13\htmlunit-core-js-2.13.jar;D:\mydoc\Maven\repo\xerces\xercesImpl\2.11.0\xercesImpl-2.11.0.jar;D:\mydoc\Maven\repo\xml-apis\xml-apis\1.4.01\xml-apis-1.4.01.jar;D:\mydoc\Maven\repo\net\sourceforge\nekohtml\nekohtml\1.9.19\nekohtml-1.9.19.jar;D:\mydoc\Maven\repo\net\sourceforge\cssparser\cssparser\0.9.11\cssparser-0.9.11.jar;D:\mydoc\Maven\repo\org\w3c\css\sac\1.3\sac-1.3.jar;D:\mydoc\Maven\repo\org\eclipse\jetty\jetty-websocket\8.1.12.v20130726\jetty-websocket-8.1.12.v20130726.jar;D:\mydoc\Maven\repo\org\eclipse\jetty\jetty-util\8.1.12.v20130726\jetty-util-8.1.12.v20130726.jar;D:\mydoc\Maven\repo\org\eclipse\jetty\jetty-io\8.1.12.v20130726\jetty-io-8.1.12.v20130726.jar;D:\mydoc\Maven\repo\org\eclipse\jetty\jetty-http\8.1.12.v20130726\jetty-http-8.1.12.v20130726.jar;D:\mydoc\Maven\repo\org\apache\httpcomponents\httpclient\4.3.1\httpclient-4.3.1.jar;D:\mydoc\Maven\repo\org\apache\httpcomponents\httpcore\4.3\httpcore-4.3.jar;D:\mydoc\Maven\repo\org\hamcrest\hamcrest-all\1.3\hamcrest-all-1.3.jar;D:\mydoc\Maven\repo\taglibs\standard\1.1.1\standard-1.1.1.jar;D:\mydoc\Maven\repo\javax\servlet\jstl\1.0\jstl-1.0.jar;"/>
    <property name="java.specification.name" value="Java Platform API Specification"/>
    <property name="java.class.version" value="52.0"/>
    <property name="sun.management.compiler" value="HotSpot 64-Bit Tiered Compilers"/>
    <property name="os.version" value="10.0"/>
    <property name="user.home" value="C:\Users\yan"/>
    <property name="user.timezone" value="Asia/Shanghai"/>
    <property name="java.awt.printerjob" value="sun.awt.windows.WPrinterJob"/>
    <property name="java.specification.version" value="1.8"/>
    <property name="file.encoding" value="UTF-8"/>
    <property name="user.name" value="yan"/>
    <property name="java.class.path" value="E:\Java\masterspring\code\chapter18\target\test-classes;E:\Java\masterspring\code\chapter18\target\classes;D:\mydoc\Maven\repo\org\springframework\spring-orm\4.2.2.RELEASE\spring-orm-4.2.2.RELEASE.jar;D:\mydoc\Maven\repo\org\springframework\spring-core\4.2.2.RELEASE\spring-core-4.2.2.RELEASE.jar;D:\mydoc\Maven\repo\org\springframework\spring-tx\4.2.2.RELEASE\spring-tx-4.2.2.RELEASE.jar;D:\mydoc\Maven\repo\org\springframework\spring-test\4.2.2.RELEASE\spring-test-4.2.2.RELEASE.jar;D:\mydoc\Maven\repo\org\springframework\spring-webmvc\4.2.2.RELEASE\spring-webmvc-4.2.2.RELEASE.jar;D:\mydoc\Maven\repo\org\springframework\spring-expression\4.2.2.RELEASE\spring-expression-4.2.2.RELEASE.jar;D:\mydoc\Maven\repo\org\springframework\spring-web\4.2.2.RELEASE\spring-web-4.2.2.RELEASE.jar;D:\mydoc\Maven\repo\org\springframework\spring-context\4.2.2.RELEASE\spring-context-4.2.2.RELEASE.jar;D:\mydoc\Maven\repo\org\springframework\spring-aop\4.2.2.RELEASE\spring-aop-4.2.2.RELEASE.jar;D:\mydoc\Maven\repo\org\springframework\spring-context-support\4.2.2.RELEASE\spring-context-support-4.2.2.RELEASE.jar;D:\mydoc\Maven\repo\org\springframework\spring-beans\4.2.2.RELEASE\spring-beans-4.2.2.RELEASE.jar;D:\mydoc\Maven\repo\org\springframework\spring-jdbc\4.2.2.RELEASE\spring-jdbc-4.2.2.RELEASE.jar;D:\mydoc\Maven\repo\commons-lang\commons-lang\2.2\commons-lang-2.2.jar;D:\mydoc\Maven\repo\commons-fileupload\commons-fileupload\1.3.1\commons-fileupload-1.3.1.jar;D:\mydoc\Maven\repo\commons-io\commons-io\2.2\commons-io-2.2.jar;D:\mydoc\Maven\repo\commons-dbcp\commons-dbcp\1.4\commons-dbcp-1.4.jar;D:\mydoc\Maven\repo\commons-pool\commons-pool\1.5.4\commons-pool-1.5.4.jar;D:\mydoc\Maven\repo\javax\persistence\persistence-api\1.0\persistence-api-1.0.jar;D:\mydoc\Maven\repo\org\hibernate\hibernate-core\4.2.0.Final\hibernate-core-4.2.0.Final.jar;D:\mydoc\Maven\repo\antlr\antlr\2.7.7\antlr-2.7.7.jar;D:\mydoc\Maven\repo\org\jboss\logging\jboss-logging\3.1.0.GA\jboss-logging-3.1.0.GA.jar;D:\mydoc\Maven\repo\org\jboss\spec\javax\transaction\jboss-transaction-api_1.1_spec\1.0.0.Final\jboss-transaction-api_1.1_spec-1.0.0.Final.jar;D:\mydoc\Maven\repo\dom4j\dom4j\1.6.1\dom4j-1.6.1.jar;D:\mydoc\Maven\repo\org\javassist\javassist\3.15.0-GA\javassist-3.15.0-GA.jar;D:\mydoc\Maven\repo\org\hibernate\common\hibernate-commons-annotations\4.0.1.Final\hibernate-commons-annotations-4.0.1.Final.jar;D:\mydoc\Maven\repo\org\hibernate\hibernate-ehcache\4.2.0.Final\hibernate-ehcache-4.2.0.Final.jar;D:\mydoc\Maven\repo\net\sf\ehcache\ehcache-core\2.4.3\ehcache-core-2.4.3.jar;D:\mydoc\Maven\repo\org\hibernate\javax\persistence\hibernate-jpa-2.0-api\1.0.1.Final\hibernate-jpa-2.0-api-1.0.1.Final.jar;D:\mydoc\Maven\repo\javax\servlet\servlet-api\3.0-alpha-1\servlet-api-3.0-alpha-1.jar;D:\mydoc\Maven\repo\mysql\mysql-connector-java\5.1.29\mysql-connector-java-5.1.29.jar;D:\mydoc\Maven\repo\commons-beanutils\commons-beanutils\1.9.1\commons-beanutils-1.9.1.jar;D:\mydoc\Maven\repo\commons-logging\commons-logging\1.1.1\commons-logging-1.1.1.jar;D:\mydoc\Maven\repo\commons-collections\commons-collections\3.2.1\commons-collections-3.2.1.jar;D:\mydoc\Maven\repo\org\slf4j\slf4j-log4j12\1.7.5\slf4j-log4j12-1.7.5.jar;D:\mydoc\Maven\repo\org\slf4j\slf4j-api\1.7.5\slf4j-api-1.7.5.jar;D:\mydoc\Maven\repo\log4j\log4j\1.2.17\log4j-1.2.17.jar;D:\mydoc\Maven\repo\org\mockito\mockito-all\1.10.19\mockito-all-1.10.19.jar;D:\mydoc\Maven\repo\org\testng\testng\6.8.7\testng-6.8.7.jar;D:\mydoc\Maven\repo\junit\junit\4.10\junit-4.10.jar;D:\mydoc\Maven\repo\org\hamcrest\hamcrest-core\1.1\hamcrest-core-1.1.jar;D:\mydoc\Maven\repo\org\beanshell\bsh\2.0b4\bsh-2.0b4.jar;D:\mydoc\Maven\repo\com\beust\jcommander\1.27\jcommander-1.27.jar;D:\mydoc\Maven\repo\org\yaml\snakeyaml\1.12\snakeyaml-1.12.jar;D:\mydoc\Maven\repo\org\unitils\unitils-core\3.4.2\unitils-core-3.4.2.jar;D:\mydoc\Maven\repo\ognl\ognl\2.6.9\ognl-2.6.9.jar;D:\mydoc\Maven\repo\org\unitils\unitils-testng\3.4.2\unitils-testng-3.4.2.jar;D:\mydoc\Maven\repo\org\testng\testng\5.8\testng-5.8-jdk15.jar;D:\mydoc\Maven\repo\org\unitils\unitils-spring\3.4.2\unitils-spring-3.4.2.jar;D:\mydoc\Maven\repo\org\unitils\unitils-orm\3.4.2\unitils-orm-3.4.2.jar;D:\mydoc\Maven\repo\org\unitils\unitils-database\3.4.2\unitils-database-3.4.2.jar;D:\mydoc\Maven\repo\org\unitils\unitils-dbmaintainer\3.4.2\unitils-dbmaintainer-3.4.2.jar;D:\mydoc\Maven\repo\org\hibernate\hibernate\3.2.5.ga\hibernate-3.2.5.ga.jar;D:\mydoc\Maven\repo\net\sf\ehcache\ehcache\1.2.3\ehcache-1.2.3.jar;D:\mydoc\Maven\repo\asm\asm-attrs\1.5.3\asm-attrs-1.5.3.jar;D:\mydoc\Maven\repo\cglib\cglib\2.1_3\cglib-2.1_3.jar;D:\mydoc\Maven\repo\asm\asm\1.5.3\asm-1.5.3.jar;D:\mydoc\Maven\repo\org\slf4j\slf4j-nop\1.6.4\slf4j-nop-1.6.4.jar;D:\mydoc\Maven\repo\org\unitils\unitils-dbunit\3.4.2\unitils-dbunit-3.4.2.jar;D:\mydoc\Maven\repo\xmlunit\xmlunit\1.2\xmlunit-1.2.jar;D:\mydoc\Maven\repo\org\aspectj\aspectjrt\1.8.1\aspectjrt-1.8.1.jar;D:\mydoc\Maven\repo\org\aspectj\aspectjweaver\1.8.1\aspectjweaver-1.8.1.jar;D:\mydoc\Maven\repo\aopalliance\aopalliance\1.0\aopalliance-1.0.jar;D:\mydoc\Maven\repo\org\apache\poi\poi\3.9\poi-3.9.jar;D:\mydoc\Maven\repo\commons-codec\commons-codec\1.5\commons-codec-1.5.jar;D:\mydoc\Maven\repo\javassist\javassist\3.6.0.GA\javassist-3.6.0.GA.jar;D:\mydoc\Maven\repo\org\seleniumhq\selenium\selenium-chrome-driver\2.41.0\selenium-chrome-driver-2.41.0.jar;D:\mydoc\Maven\repo\org\seleniumhq\selenium\selenium-remote-driver\2.41.0\selenium-remote-driver-2.41.0.jar;D:\mydoc\Maven\repo\cglib\cglib-nodep\2.1_3\cglib-nodep-2.1_3.jar;D:\mydoc\Maven\repo\net\java\dev\jna\jna\3.4.0\jna-3.4.0.jar;D:\mydoc\Maven\repo\net\java\dev\jna\platform\3.4.0\platform-3.4.0.jar;D:\mydoc\Maven\repo\org\seleniumhq\selenium\selenium-firefox-driver\2.41.0\selenium-firefox-driver-2.41.0.jar;D:\mydoc\Maven\repo\org\apache\commons\commons-exec\1.1\commons-exec-1.1.jar;D:\mydoc\Maven\repo\com\opera\operadriver\0.8.1\operadriver-0.8.1.jar;D:\mydoc\Maven\repo\com\opera\operalaunchers\0.3\operalaunchers-0.3.jar;D:\mydoc\Maven\repo\com\google\protobuf\protobuf-java\2.4.1\protobuf-java-2.4.1.jar;D:\mydoc\Maven\repo\com\google\guava\guava\10.0.1\guava-10.0.1.jar;D:\mydoc\Maven\repo\com\google\code\findbugs\jsr305\1.3.9\jsr305-1.3.9.jar;D:\mydoc\Maven\repo\commons-jxpath\commons-jxpath\1.3\commons-jxpath-1.3.jar;D:\mydoc\Maven\repo\org\dbunit\dbunit\2.5.1\dbunit-2.5.1.jar;D:\mydoc\Maven\repo\org\apache\poi\poi-ooxml\3.11\poi-ooxml-3.11.jar;D:\mydoc\Maven\repo\org\apache\poi\poi-ooxml-schemas\3.11\poi-ooxml-schemas-3.11.jar;D:\mydoc\Maven\repo\org\apache\xmlbeans\xmlbeans\2.6.0\xmlbeans-2.6.0.jar;D:\mydoc\Maven\repo\stax\stax-api\1.0.1\stax-api-1.0.1.jar;D:\mydoc\Maven\repo\org\seleniumhq\selenium\selenium-api\2.41.0\selenium-api-2.41.0.jar;D:\mydoc\Maven\repo\org\json\json\20080701\json-20080701.jar;D:\mydoc\Maven\repo\org\seleniumhq\selenium\selenium-htmlunit-driver\2.41.0\selenium-htmlunit-driver-2.41.0.jar;D:\mydoc\Maven\repo\net\sourceforge\htmlunit\htmlunit\2.13\htmlunit-2.13.jar;D:\mydoc\Maven\repo\xalan\xalan\2.7.1\xalan-2.7.1.jar;D:\mydoc\Maven\repo\xalan\serializer\2.7.1\serializer-2.7.1.jar;D:\mydoc\Maven\repo\org\apache\commons\commons-lang3\3.1\commons-lang3-3.1.jar;D:\mydoc\Maven\repo\org\apache\httpcomponents\httpmime\4.3.1\httpmime-4.3.1.jar;D:\mydoc\Maven\repo\net\sourceforge\htmlunit\htmlunit-core-js\2.13\htmlunit-core-js-2.13.jar;D:\mydoc\Maven\repo\xerces\xercesImpl\2.11.0\xercesImpl-2.11.0.jar;D:\mydoc\Maven\repo\xml-apis\xml-apis\1.4.01\xml-apis-1.4.01.jar;D:\mydoc\Maven\repo\net\sourceforge\nekohtml\nekohtml\1.9.19\nekohtml-1.9.19.jar;D:\mydoc\Maven\repo\net\sourceforge\cssparser\cssparser\0.9.11\cssparser-0.9.11.jar;D:\mydoc\Maven\repo\org\w3c\css\sac\1.3\sac-1.3.jar;D:\mydoc\Maven\repo\org\eclipse\jetty\jetty-websocket\8.1.12.v20130726\jetty-websocket-8.1.12.v20130726.jar;D:\mydoc\Maven\repo\org\eclipse\jetty\jetty-util\8.1.12.v20130726\jetty-util-8.1.12.v20130726.jar;D:\mydoc\Maven\repo\org\eclipse\jetty\jetty-io\8.1.12.v20130726\jetty-io-8.1.12.v20130726.jar;D:\mydoc\Maven\repo\org\eclipse\jetty\jetty-http\8.1.12.v20130726\jetty-http-8.1.12.v20130726.jar;D:\mydoc\Maven\repo\org\apache\httpcomponents\httpclient\4.3.1\httpclient-4.3.1.jar;D:\mydoc\Maven\repo\org\apache\httpcomponents\httpcore\4.3\httpcore-4.3.jar;D:\mydoc\Maven\repo\org\hamcrest\hamcrest-all\1.3\hamcrest-all-1.3.jar;D:\mydoc\Maven\repo\taglibs\standard\1.1.1\standard-1.1.1.jar;D:\mydoc\Maven\repo\javax\servlet\jstl\1.0\jstl-1.0.jar;"/>
    <property name="java.vm.specification.version" value="1.8"/>
    <property name="sun.arch.data.model" value="64"/>
    <property name="java.home" value="C:\Program Files\Java\jdk1.8.0_151\jre"/>
    <property name="sun.java.command" value="E:\Java\masterspring\code\chapter18\target\surefire\surefirebooter8647157020280580332.jar E:\Java\masterspring\code\chapter18\target\surefire\surefire676824695199287736tmp E:\Java\masterspring\code\chapter18\target\surefire\surefire3963080105824202788tmp"/>
    <property name="java.specification.vendor" value="Oracle Corporation"/>
    <property name="user.language" value="zh"/>
    <property name="awt.toolkit" value="sun.awt.windows.WToolkit"/>
    <property name="java.vm.info" value="mixed mode"/>
    <property name="java.version" value="1.8.0_151"/>
    <property name="java.ext.dirs" value="C:\Program Files\Java\jdk1.8.0_151\jre\lib\ext;C:\WINDOWS\Sun\Java\lib\ext"/>
    <property name="sun.boot.class.path" value="C:\Program Files\Java\jdk1.8.0_151\jre\lib\resources.jar;C:\Program Files\Java\jdk1.8.0_151\jre\lib\rt.jar;C:\Program Files\Java\jdk1.8.0_151\jre\lib\sunrsasign.jar;C:\Program Files\Java\jdk1.8.0_151\jre\lib\jsse.jar;C:\Program Files\Java\jdk1.8.0_151\jre\lib\jce.jar;C:\Program Files\Java\jdk1.8.0_151\jre\lib\charsets.jar;C:\Program Files\Java\jdk1.8.0_151\jre\lib\jfr.jar;C:\Program Files\Java\jdk1.8.0_151\jre\classes"/>
    <property name="java.vendor" value="Oracle Corporation"/>
    <property name="localRepository" value="D:\mydoc\Maven\repo"/>
    <property name="file.separator" value="\"/>
    <property name="java.vendor.url.bug" value="http://bugreport.sun.com/bugreport/"/>
    <property name="sun.cpu.endian" value="little"/>
    <property name="sun.io.unicode.encoding" value="UnicodeLittle"/>
    <property name="sun.desktop" value="windows"/>
    <property name="sun.cpu.isalist" value="amd64"/>
  </properties>
  <testcase classname="com.smart.dao.BoardDaoTest" name="addBoard" time="0.638">
    <failure type="java.lang.NullPointerException">java.lang.NullPointerException
	at org.apache.poi.ss.usermodel.WorkbookFactory.create(WorkbookFactory.java:79)
	at org.dbunit.dataset.excel.XlsDataSet.&lt;init&gt;(XlsDataSet.java:79)
	at com.smart.dataset.util.XlsDataSetBeanFactory.createProps(XlsDataSetBeanFactory.java:52)
	at com.smart.dataset.util.XlsDataSetBeanFactory.createBeans(XlsDataSetBeanFactory.java:29)
	at com.smart.dao.BoardDaoTest.addBoard(BoardDaoTest.java:38)
</failure>
    <system-out>@HL
@HL-------------------------------------------------------
@HL T E S T S
@HL-------------------------------------------------------
@SLRunning TestSuite
2018-05-03 14:46:33,850  INFO (org.unitils.core.ConfigurationLoader:145) - No local configuration file unitils-local.properties found.
2018-05-03 14:46:33,850  INFO (org.unitils.core.ConfigurationLoader:145) - No local configuration file unitils-local.properties found.
2018-05-03 14:46:34,150 DEBUG (org.jboss.logging:177) - Logging Provider: org.jboss.logging.Log4jLoggerProvider
2018-05-03 14:46:34,189 DEBUG (org.unitils.core.util.ConfigUtils:74) - Creating instance of interface org.unitils.database.transaction.UnitilsTransactionManager. Implementation class org.unitils.database.transaction.impl.DefaultUnitilsTransactionManager
2018-05-03 14:46:34,189 DEBUG (org.unitils.core.util.ConfigUtils:74) - Creating instance of interface org.unitils.database.transaction.UnitilsTransactionManager. Implementation class org.unitils.database.transaction.impl.DefaultUnitilsTransactionManager
2018-05-03 14:46:34,202 DEBUG (org.unitils.core.util.ConfigUtils:74) - Creating instance of interface org.unitils.database.config.DataSourceFactory. Implementation class org.unitils.database.config.PropertiesDataSourceFactory
2018-05-03 14:46:34,202 DEBUG (org.unitils.core.util.ConfigUtils:74) - Creating instance of interface org.unitils.database.config.DataSourceFactory. Implementation class org.unitils.database.config.PropertiesDataSourceFactory
2018-05-03 14:46:34,219 DEBUG (org.unitils.core.util.ConfigUtils:74) - Creating instance of interface org.unitils.database.config.DataSourceFactory. Implementation class org.unitils.database.config.PropertiesDataSourceFactory
2018-05-03 14:46:34,219 DEBUG (org.unitils.core.util.ConfigUtils:74) - Creating instance of interface org.unitils.database.config.DataSourceFactory. Implementation class org.unitils.database.config.PropertiesDataSourceFactory
2018-05-03 14:46:34,221  INFO (org.unitils.database.config.PropertiesDataSourceFactory:70) - Creating data source. Driver: com.mysql.jdbc.Driver, url: jdbc:mysql://localhost:3306/sampledb?useUnicode=true&amp;characterEncoding=UTF-8, user: root, password: &lt;not shown&gt;
2018-05-03 14:46:34,221  INFO (org.unitils.database.config.PropertiesDataSourceFactory:70) - Creating data source. Driver: com.mysql.jdbc.Driver, url: jdbc:mysql://localhost:3306/sampledb?useUnicode=true&amp;characterEncoding=UTF-8, user: root, password: &lt;not shown&gt;
2018-05-03 14:46:34,260  INFO (org.unitils.database.DataSourceWrapper:141) - Checking if database has to be updated.
2018-05-03 14:46:34,260  INFO (org.unitils.database.DataSourceWrapper:141) - Checking if database has to be updated.
2018-05-03 14:46:34,268 DEBUG (org.unitils.core.util.ConfigUtils:74) - Creating instance of interface org.unitils.dbmaintainer.script.ScriptRunner. Implementation class org.unitils.dbmaintainer.script.impl.DefaultScriptRunner
2018-05-03 14:46:34,268 DEBUG (org.unitils.core.util.ConfigUtils:74) - Creating instance of interface org.unitils.dbmaintainer.script.ScriptRunner. Implementation class org.unitils.dbmaintainer.script.impl.DefaultScriptRunner
2018-05-03 14:46:34,273 DEBUG (org.unitils.core.util.ConfigUtils:74) - Creating instance of class org.unitils.core.dbsupport.DbSupport. Implementation class org.unitils.core.dbsupport.MySqlDbSupport
2018-05-03 14:46:34,273 DEBUG (org.unitils.core.util.ConfigUtils:74) - Creating instance of class org.unitils.core.dbsupport.DbSupport. Implementation class org.unitils.core.dbsupport.MySqlDbSupport
2018-05-03 14:46:34,771 DEBUG (org.unitils.core.util.ConfigUtils:74) - Creating instance of interface org.unitils.dbmaintainer.version.ExecutedScriptInfoSource. Implementation class org.unitils.dbmaintainer.version.impl.DefaultExecutedScriptInfoSource
2018-05-03 14:46:34,771 DEBUG (org.unitils.core.util.ConfigUtils:74) - Creating instance of interface org.unitils.dbmaintainer.version.ExecutedScriptInfoSource. Implementation class org.unitils.dbmaintainer.version.impl.DefaultExecutedScriptInfoSource
2018-05-03 14:46:34,776 DEBUG (org.unitils.core.util.ConfigUtils:74) - Creating instance of interface org.unitils.dbmaintainer.script.ScriptSource. Implementation class org.unitils.dbmaintainer.script.impl.DefaultScriptSource
2018-05-03 14:46:34,776 DEBUG (org.unitils.core.util.ConfigUtils:74) - Creating instance of interface org.unitils.dbmaintainer.script.ScriptSource. Implementation class org.unitils.dbmaintainer.script.impl.DefaultScriptSource
2018-05-03 14:46:34,823 DEBUG (org.unitils.core.util.ConfigUtils:74) - Creating instance of interface org.unitils.dbmaintainer.clean.DBCleaner. Implementation class org.unitils.dbmaintainer.clean.impl.DefaultDBCleaner
2018-05-03 14:46:34,823 DEBUG (org.unitils.core.util.ConfigUtils:74) - Creating instance of interface org.unitils.dbmaintainer.clean.DBCleaner. Implementation class org.unitils.dbmaintainer.clean.impl.DefaultDBCleaner
2018-05-03 14:46:34,825 DEBUG (org.unitils.core.util.ConfigUtils:74) - Creating instance of interface org.unitils.dbmaintainer.clean.DBClearer. Implementation class org.unitils.dbmaintainer.clean.impl.DefaultDBClearer
2018-05-03 14:46:34,825 DEBUG (org.unitils.core.util.ConfigUtils:74) - Creating instance of interface org.unitils.dbmaintainer.clean.DBClearer. Implementation class org.unitils.dbmaintainer.clean.impl.DefaultDBClearer
2018-05-03 14:46:34,828 DEBUG (org.unitils.core.util.ConfigUtils:74) - Creating instance of interface org.unitils.dbmaintainer.structure.ConstraintsDisabler. Implementation class org.unitils.dbmaintainer.structure.impl.DefaultConstraintsDisabler
2018-05-03 14:46:34,828 DEBUG (org.unitils.core.util.ConfigUtils:74) - Creating instance of interface org.unitils.dbmaintainer.structure.ConstraintsDisabler. Implementation class org.unitils.dbmaintainer.structure.impl.DefaultConstraintsDisabler
2018-05-03 14:46:34,830 DEBUG (org.unitils.core.util.ConfigUtils:74) - Creating instance of interface org.unitils.dbmaintainer.structure.SequenceUpdater. Implementation class org.unitils.dbmaintainer.structure.impl.DefaultSequenceUpdater
2018-05-03 14:46:34,830 DEBUG (org.unitils.core.util.ConfigUtils:74) - Creating instance of interface org.unitils.dbmaintainer.structure.SequenceUpdater. Implementation class org.unitils.dbmaintainer.structure.impl.DefaultSequenceUpdater
2018-05-03 14:46:34,832 DEBUG (org.unitils.core.util.ConfigUtils:74) - Creating instance of interface org.unitils.dbmaintainer.structure.DataSetStructureGenerator. Implementation class org.unitils.dbmaintainer.structure.impl.XsdDataSetStructureGenerator
2018-05-03 14:46:34,832 DEBUG (org.unitils.core.util.ConfigUtils:74) - Creating instance of interface org.unitils.dbmaintainer.structure.DataSetStructureGenerator. Implementation class org.unitils.dbmaintainer.structure.impl.XsdDataSetStructureGenerator
2018-05-03 14:46:34,842 DEBUG (org.unitils.core.dbsupport.DefaultSQLHandler:214) - select table_name from information_schema.tables where table_schema = &apos;sampledb&apos; and table_type = &apos;BASE TABLE&apos;
2018-05-03 14:46:34,842 DEBUG (org.unitils.core.dbsupport.DefaultSQLHandler:214) - select table_name from information_schema.tables where table_schema = &apos;sampledb&apos; and table_type = &apos;BASE TABLE&apos;
2018-05-03 14:46:34,856 DEBUG (org.unitils.core.dbsupport.DefaultSQLHandler:214) - select table_name from information_schema.tables where table_schema = &apos;sampledb&apos; and table_type = &apos;BASE TABLE&apos;
2018-05-03 14:46:34,856 DEBUG (org.unitils.core.dbsupport.DefaultSQLHandler:214) - select table_name from information_schema.tables where table_schema = &apos;sampledb&apos; and table_type = &apos;BASE TABLE&apos;
2018-05-03 14:46:34,860  WARN (org.unitils.dbmaintainer.version.impl.DefaultExecutedScriptInfoSource:372) - Executed scripts table `sampledb`.`dbmaintain_scripts` doesn&apos;t exist yet or is invalid. A new one is created automatically.
2018-05-03 14:46:34,860  WARN (org.unitils.dbmaintainer.version.impl.DefaultExecutedScriptInfoSource:372) - Executed scripts table `sampledb`.`dbmaintain_scripts` doesn&apos;t exist yet or is invalid. A new one is created automatically.
2018-05-03 14:46:34,861 DEBUG (org.unitils.core.dbsupport.DefaultSQLHandler:80) - drop table `sampledb`.`dbmaintain_scripts` cascade
2018-05-03 14:46:34,861 DEBUG (org.unitils.core.dbsupport.DefaultSQLHandler:80) - drop table `sampledb`.`dbmaintain_scripts` cascade
2018-05-03 14:46:34,863 DEBUG (org.unitils.core.dbsupport.DefaultSQLHandler:131) - create table `sampledb`.`dbmaintain_scripts` ( file_name VARCHAR(150), version VARCHAR(25), file_last_modified_at BIGINT, checksum VARCHAR(50), executed_at VARCHAR(20), succeeded BIGINT )
2018-05-03 14:46:34,863 DEBUG (org.unitils.core.dbsupport.DefaultSQLHandler:131) - create table `sampledb`.`dbmaintain_scripts` ( file_name VARCHAR(150), version VARCHAR(25), file_last_modified_at BIGINT, checksum VARCHAR(50), executed_at VARCHAR(20), succeeded BIGINT )
2018-05-03 14:46:34,952  INFO (org.unitils.dbmaintainer.structure.impl.DefaultConstraintsDisabler:44) - Disabling constraints in database schema sampledb
2018-05-03 14:46:34,952  INFO (org.unitils.dbmaintainer.structure.impl.DefaultConstraintsDisabler:44) - Disabling constraints in database schema sampledb
2018-05-03 14:46:34,952 DEBUG (org.unitils.core.dbsupport.DefaultSQLHandler:214) - select table_name from information_schema.tables where table_schema = &apos;sampledb&apos; and table_type = &apos;BASE TABLE&apos;
2018-05-03 14:46:34,952 DEBUG (org.unitils.core.dbsupport.DefaultSQLHandler:214) - select table_name from information_schema.tables where table_schema = &apos;sampledb&apos; and table_type = &apos;BASE TABLE&apos;
2018-05-03 14:46:34,954 DEBUG (org.unitils.core.dbsupport.DefaultSQLHandler:214) - select constraint_name from information_schema.table_constraints where constraint_type = &apos;FOREIGN KEY&apos; AND table_name = &apos;t_board_manager&apos; and constraint_schema = &apos;sampledb&apos;
2018-05-03 14:46:34,954 DEBUG (org.unitils.core.dbsupport.DefaultSQLHandler:214) - select constraint_name from information_schema.table_constraints where constraint_type = &apos;FOREIGN KEY&apos; AND table_name = &apos;t_board_manager&apos; and constraint_schema = &apos;sampledb&apos;
2018-05-03 14:46:34,958 DEBUG (org.unitils.core.dbsupport.DefaultSQLHandler:214) - select constraint_name from information_schema.table_constraints where constraint_type = &apos;FOREIGN KEY&apos; AND table_name = &apos;t_topic&apos; and constraint_schema = &apos;sampledb&apos;
2018-05-03 14:46:34,958 DEBUG (org.unitils.core.dbsupport.DefaultSQLHandler:214) - select constraint_name from information_schema.table_constraints where constraint_type = &apos;FOREIGN KEY&apos; AND table_name = &apos;t_topic&apos; and constraint_schema = &apos;sampledb&apos;
2018-05-03 14:46:34,961 DEBUG (org.unitils.core.dbsupport.DefaultSQLHandler:214) - select constraint_name from information_schema.table_constraints where constraint_type = &apos;FOREIGN KEY&apos; AND table_name = &apos;t_board&apos; and constraint_schema = &apos;sampledb&apos;
2018-05-03 14:46:34,961 DEBUG (org.unitils.core.dbsupport.DefaultSQLHandler:214) - select constraint_name from information_schema.table_constraints where constraint_type = &apos;FOREIGN KEY&apos; AND table_name = &apos;t_board&apos; and constraint_schema = &apos;sampledb&apos;
2018-05-03 14:46:34,964 DEBUG (org.unitils.core.dbsupport.DefaultSQLHandler:214) - select constraint_name from information_schema.table_constraints where constraint_type = &apos;FOREIGN KEY&apos; AND table_name = &apos;t_user&apos; and constraint_schema = &apos;sampledb&apos;
2018-05-03 14:46:34,964 DEBUG (org.unitils.core.dbsupport.DefaultSQLHandler:214) - select constraint_name from information_schema.table_constraints where constraint_type = &apos;FOREIGN KEY&apos; AND table_name = &apos;t_user&apos; and constraint_schema = &apos;sampledb&apos;
2018-05-03 14:46:34,968 DEBUG (org.unitils.core.dbsupport.DefaultSQLHandler:214) - select constraint_name from information_schema.table_constraints where constraint_type = &apos;FOREIGN KEY&apos; AND table_name = &apos;dbmaintain_scripts&apos; and constraint_schema = &apos;sampledb&apos;
2018-05-03 14:46:34,968 DEBUG (org.unitils.core.dbsupport.DefaultSQLHandler:214) - select constraint_name from information_schema.table_constraints where constraint_type = &apos;FOREIGN KEY&apos; AND table_name = &apos;dbmaintain_scripts&apos; and constraint_schema = &apos;sampledb&apos;
2018-05-03 14:46:34,970 DEBUG (org.unitils.core.dbsupport.DefaultSQLHandler:214) - select constraint_name from information_schema.table_constraints where constraint_type = &apos;FOREIGN KEY&apos; AND table_name = &apos;t_post&apos; and constraint_schema = &apos;sampledb&apos;
2018-05-03 14:46:34,970 DEBUG (org.unitils.core.dbsupport.DefaultSQLHandler:214) - select constraint_name from information_schema.table_constraints where constraint_type = &apos;FOREIGN KEY&apos; AND table_name = &apos;t_post&apos; and constraint_schema = &apos;sampledb&apos;
2018-05-03 14:46:34,974 DEBUG (org.unitils.core.dbsupport.DefaultSQLHandler:214) - select constraint_name from information_schema.table_constraints where constraint_type = &apos;FOREIGN KEY&apos; AND table_name = &apos;t_login_log&apos; and constraint_schema = &apos;sampledb&apos;
2018-05-03 14:46:34,974 DEBUG (org.unitils.core.dbsupport.DefaultSQLHandler:214) - select constraint_name from information_schema.table_constraints where constraint_type = &apos;FOREIGN KEY&apos; AND table_name = &apos;t_login_log&apos; and constraint_schema = &apos;sampledb&apos;
2018-05-03 14:46:34,977 DEBUG (org.unitils.core.dbsupport.DefaultSQLHandler:214) - select table_name from information_schema.tables where table_schema = &apos;sampledb&apos; and table_type = &apos;BASE TABLE&apos;
2018-05-03 14:46:34,977 DEBUG (org.unitils.core.dbsupport.DefaultSQLHandler:214) - select table_name from information_schema.tables where table_schema = &apos;sampledb&apos; and table_type = &apos;BASE TABLE&apos;
2018-05-03 14:46:34,979 DEBUG (org.unitils.core.dbsupport.DefaultSQLHandler:214) - select constraint_name from information_schema.table_constraints where constraint_type in (&apos;UNIQUE&apos;) AND table_name = &apos;t_board_manager&apos; and constraint_schema = &apos;sampledb&apos;
2018-05-03 14:46:34,979 DEBUG (org.unitils.core.dbsupport.DefaultSQLHandler:214) - select constraint_name from information_schema.table_constraints where constraint_type in (&apos;UNIQUE&apos;) AND table_name = &apos;t_board_manager&apos; and constraint_schema = &apos;sampledb&apos;
2018-05-03 14:46:34,981 DEBUG (org.unitils.core.dbsupport.DefaultSQLHandler:214) - select column_name from information_schema.columns where is_nullable = &apos;NO&apos; and column_key &lt;&gt; &apos;PRI&apos; and table_name = &apos;t_board_manager&apos; and table_schema = &apos;sampledb&apos;
2018-05-03 14:46:34,981 DEBUG (org.unitils.core.dbsupport.DefaultSQLHandler:214) - select column_name from information_schema.columns where is_nullable = &apos;NO&apos; and column_key &lt;&gt; &apos;PRI&apos; and table_name = &apos;t_board_manager&apos; and table_schema = &apos;sampledb&apos;
2018-05-03 14:46:34,983 DEBUG (org.unitils.core.dbsupport.DefaultSQLHandler:214) - select constraint_name from information_schema.table_constraints where constraint_type in (&apos;UNIQUE&apos;) AND table_name = &apos;t_topic&apos; and constraint_schema = &apos;sampledb&apos;
2018-05-03 14:46:34,983 DEBUG (org.unitils.core.dbsupport.DefaultSQLHandler:214) - select constraint_name from information_schema.table_constraints where constraint_type in (&apos;UNIQUE&apos;) AND table_name = &apos;t_topic&apos; and constraint_schema = &apos;sampledb&apos;
2018-05-03 14:46:34,986 DEBUG (org.unitils.core.dbsupport.DefaultSQLHandler:214) - select column_name from information_schema.columns where is_nullable = &apos;NO&apos; and column_key &lt;&gt; &apos;PRI&apos; and table_name = &apos;t_topic&apos; and table_schema = &apos;sampledb&apos;
2018-05-03 14:46:34,986 DEBUG (org.unitils.core.dbsupport.DefaultSQLHandler:214) - select column_name from information_schema.columns where is_nullable = &apos;NO&apos; and column_key &lt;&gt; &apos;PRI&apos; and table_name = &apos;t_topic&apos; and table_schema = &apos;sampledb&apos;
2018-05-03 14:46:34,989 DEBUG (org.unitils.core.dbsupport.DefaultSQLHandler:187) - select column_type from information_schema.columns where table_schema = &apos;sampledb&apos; and table_name = &apos;t_topic&apos; and column_name = &apos;create_time&apos;
2018-05-03 14:46:34,989 DEBUG (org.unitils.core.dbsupport.DefaultSQLHandler:187) - select column_type from information_schema.columns where table_schema = &apos;sampledb&apos; and table_name = &apos;t_topic&apos; and column_name = &apos;create_time&apos;
2018-05-03 14:46:34,992 DEBUG (org.unitils.core.dbsupport.DefaultSQLHandler:80) - alter table `sampledb`.`t_topic` change column `create_time` `create_time` date NULL 
2018-05-03 14:46:34,992 DEBUG (org.unitils.core.dbsupport.DefaultSQLHandler:80) - alter table `sampledb`.`t_topic` change column `create_time` `create_time` date NULL 
2018-05-03 14:46:35,169 DEBUG (org.unitils.core.dbsupport.DefaultSQLHandler:187) - select column_type from information_schema.columns where table_schema = &apos;sampledb&apos; and table_name = &apos;t_topic&apos; and column_name = &apos;topic_views&apos;
2018-05-03 14:46:35,169 DEBUG (org.unitils.core.dbsupport.DefaultSQLHandler:187) - select column_type from information_schema.columns where table_schema = &apos;sampledb&apos; and table_name = &apos;t_topic&apos; and column_name = &apos;topic_views&apos;
2018-05-03 14:46:35,170 DEBUG (org.unitils.core.dbsupport.DefaultSQLHandler:80) - alter table `sampledb`.`t_topic` change column `topic_views` `topic_views` int(11) NULL 
2018-05-03 14:46:35,170 DEBUG (org.unitils.core.dbsupport.DefaultSQLHandler:80) - alter table `sampledb`.`t_topic` change column `topic_views` `topic_views` int(11) NULL 
2018-05-03 14:46:35,309 DEBUG (org.unitils.core.dbsupport.DefaultSQLHandler:187) - select column_type from information_schema.columns where table_schema = &apos;sampledb&apos; and table_name = &apos;t_topic&apos; and column_name = &apos;user_id&apos;
2018-05-03 14:46:35,309 DEBUG (org.unitils.core.dbsupport.DefaultSQLHandler:187) - select column_type from information_schema.columns where table_schema = &apos;sampledb&apos; and table_name = &apos;t_topic&apos; and column_name = &apos;user_id&apos;
2018-05-03 14:46:35,311 DEBUG (org.unitils.core.dbsupport.DefaultSQLHandler:80) - alter table `sampledb`.`t_topic` change column `user_id` `user_id` int(11) NULL 
2018-05-03 14:46:35,311 DEBUG (org.unitils.core.dbsupport.DefaultSQLHandler:80) - alter table `sampledb`.`t_topic` change column `user_id` `user_id` int(11) NULL 
2018-05-03 14:46:35,448 DEBUG (org.unitils.core.dbsupport.DefaultSQLHandler:187) - select column_type from information_schema.columns where table_schema = &apos;sampledb&apos; and table_name = &apos;t_topic&apos; and column_name = &apos;board_id&apos;
2018-05-03 14:46:35,448 DEBUG (org.unitils.core.dbsupport.DefaultSQLHandler:187) - select column_type from information_schema.columns where table_schema = &apos;sampledb&apos; and table_name = &apos;t_topic&apos; and column_name = &apos;board_id&apos;
2018-05-03 14:46:35,449 DEBUG (org.unitils.core.dbsupport.DefaultSQLHandler:80) - alter table `sampledb`.`t_topic` change column `board_id` `board_id` int(11) NULL 
2018-05-03 14:46:35,449 DEBUG (org.unitils.core.dbsupport.DefaultSQLHandler:80) - alter table `sampledb`.`t_topic` change column `board_id` `board_id` int(11) NULL 
2018-05-03 14:46:35,613 DEBUG (org.unitils.core.dbsupport.DefaultSQLHandler:187) - select column_type from information_schema.columns where table_schema = &apos;sampledb&apos; and table_name = &apos;t_topic&apos; and column_name = &apos;topic_title&apos;
2018-05-03 14:46:35,613 DEBUG (org.unitils.core.dbsupport.DefaultSQLHandler:187) - select column_type from information_schema.columns where table_schema = &apos;sampledb&apos; and table_name = &apos;t_topic&apos; and column_name = &apos;topic_title&apos;
2018-05-03 14:46:35,614 DEBUG (org.unitils.core.dbsupport.DefaultSQLHandler:80) - alter table `sampledb`.`t_topic` change column `topic_title` `topic_title` varchar(100) NULL 
2018-05-03 14:46:35,614 DEBUG (org.unitils.core.dbsupport.DefaultSQLHandler:80) - alter table `sampledb`.`t_topic` change column `topic_title` `topic_title` varchar(100) NULL 
2018-05-03 14:46:35,749 DEBUG (org.unitils.core.dbsupport.DefaultSQLHandler:187) - select column_type from information_schema.columns where table_schema = &apos;sampledb&apos; and table_name = &apos;t_topic&apos; and column_name = &apos;last_post&apos;
2018-05-03 14:46:35,749 DEBUG (org.unitils.core.dbsupport.DefaultSQLHandler:187) - select column_type from information_schema.columns where table_schema = &apos;sampledb&apos; and table_name = &apos;t_topic&apos; and column_name = &apos;last_post&apos;
2018-05-03 14:46:35,750 DEBUG (org.unitils.core.dbsupport.DefaultSQLHandler:80) - alter table `sampledb`.`t_topic` change column `last_post` `last_post` date NULL 
2018-05-03 14:46:35,750 DEBUG (org.unitils.core.dbsupport.DefaultSQLHandler:80) - alter table `sampledb`.`t_topic` change column `last_post` `last_post` date NULL 
2018-05-03 14:46:36,028 DEBUG (org.unitils.core.dbsupport.DefaultSQLHandler:187) - select column_type from information_schema.columns where table_schema = &apos;sampledb&apos; and table_name = &apos;t_topic&apos; and column_name = &apos;digest&apos;
2018-05-03 14:46:36,028 DEBUG (org.unitils.core.dbsupport.DefaultSQLHandler:187) - select column_type from information_schema.columns where table_schema = &apos;sampledb&apos; and table_name = &apos;t_topic&apos; and column_name = &apos;digest&apos;
2018-05-03 14:46:36,031 DEBUG (org.unitils.core.dbsupport.DefaultSQLHandler:80) - alter table `sampledb`.`t_topic` change column `digest` `digest` int(11) NULL 
2018-05-03 14:46:36,031 DEBUG (org.unitils.core.dbsupport.DefaultSQLHandler:80) - alter table `sampledb`.`t_topic` change column `digest` `digest` int(11) NULL 
2018-05-03 14:46:36,253 DEBUG (org.unitils.core.dbsupport.DefaultSQLHandler:187) - select column_type from information_schema.columns where table_schema = &apos;sampledb&apos; and table_name = &apos;t_topic&apos; and column_name = &apos;topic_replies&apos;
2018-05-03 14:46:36,253 DEBUG (org.unitils.core.dbsupport.DefaultSQLHandler:187) - select column_type from information_schema.columns where table_schema = &apos;sampledb&apos; and table_name = &apos;t_topic&apos; and column_name = &apos;topic_replies&apos;
2018-05-03 14:46:36,256 DEBUG (org.unitils.core.dbsupport.DefaultSQLHandler:80) - alter table `sampledb`.`t_topic` change column `topic_replies` `topic_replies` int(11) NULL 
2018-05-03 14:46:36,256 DEBUG (org.unitils.core.dbsupport.DefaultSQLHandler:80) - alter table `sampledb`.`t_topic` change column `topic_replies` `topic_replies` int(11) NULL 
2018-05-03 14:46:36,534 DEBUG (org.unitils.core.dbsupport.DefaultSQLHandler:214) - select constraint_name from information_schema.table_constraints where constraint_type in (&apos;UNIQUE&apos;) AND table_name = &apos;t_board&apos; and constraint_schema = &apos;sampledb&apos;
2018-05-03 14:46:36,534 DEBUG (org.unitils.core.dbsupport.DefaultSQLHandler:214) - select constraint_name from information_schema.table_constraints where constraint_type in (&apos;UNIQUE&apos;) AND table_name = &apos;t_board&apos; and constraint_schema = &apos;sampledb&apos;
2018-05-03 14:46:36,537 DEBUG (org.unitils.core.dbsupport.DefaultSQLHandler:214) - select column_name from information_schema.columns where is_nullable = &apos;NO&apos; and column_key &lt;&gt; &apos;PRI&apos; and table_name = &apos;t_board&apos; and table_schema = &apos;sampledb&apos;
2018-05-03 14:46:36,537 DEBUG (org.unitils.core.dbsupport.DefaultSQLHandler:214) - select column_name from information_schema.columns where is_nullable = &apos;NO&apos; and column_key &lt;&gt; &apos;PRI&apos; and table_name = &apos;t_board&apos; and table_schema = &apos;sampledb&apos;
2018-05-03 14:46:36,540 DEBUG (org.unitils.core.dbsupport.DefaultSQLHandler:187) - select column_type from information_schema.columns where table_schema = &apos;sampledb&apos; and table_name = &apos;t_board&apos; and column_name = &apos;board_name&apos;
2018-05-03 14:46:36,540 DEBUG (org.unitils.core.dbsupport.DefaultSQLHandler:187) - select column_type from information_schema.columns where table_schema = &apos;sampledb&apos; and table_name = &apos;t_board&apos; and column_name = &apos;board_name&apos;
2018-05-03 14:46:36,542 DEBUG (org.unitils.core.dbsupport.DefaultSQLHandler:80) - alter table `sampledb`.`t_board` change column `board_name` `board_name` varchar(150) NULL 
2018-05-03 14:46:36,542 DEBUG (org.unitils.core.dbsupport.DefaultSQLHandler:80) - alter table `sampledb`.`t_board` change column `board_name` `board_name` varchar(150) NULL 
2018-05-03 14:46:36,826 DEBUG (org.unitils.core.dbsupport.DefaultSQLHandler:187) - select column_type from information_schema.columns where table_schema = &apos;sampledb&apos; and table_name = &apos;t_board&apos; and column_name = &apos;topic_num&apos;
2018-05-03 14:46:36,826 DEBUG (org.unitils.core.dbsupport.DefaultSQLHandler:187) - select column_type from information_schema.columns where table_schema = &apos;sampledb&apos; and table_name = &apos;t_board&apos; and column_name = &apos;topic_num&apos;
2018-05-03 14:46:36,828 DEBUG (org.unitils.core.dbsupport.DefaultSQLHandler:80) - alter table `sampledb`.`t_board` change column `topic_num` `topic_num` int(11) NULL 
2018-05-03 14:46:36,828 DEBUG (org.unitils.core.dbsupport.DefaultSQLHandler:80) - alter table `sampledb`.`t_board` change column `topic_num` `topic_num` int(11) NULL 
2018-05-03 14:46:37,068 DEBUG (org.unitils.core.dbsupport.DefaultSQLHandler:214) - select constraint_name from information_schema.table_constraints where constraint_type in (&apos;UNIQUE&apos;) AND table_name = &apos;t_user&apos; and constraint_schema = &apos;sampledb&apos;
2018-05-03 14:46:37,068 DEBUG (org.unitils.core.dbsupport.DefaultSQLHandler:214) - select constraint_name from information_schema.table_constraints where constraint_type in (&apos;UNIQUE&apos;) AND table_name = &apos;t_user&apos; and constraint_schema = &apos;sampledb&apos;
2018-05-03 14:46:37,076 DEBUG (org.unitils.core.dbsupport.DefaultSQLHandler:214) - select column_name from information_schema.columns where is_nullable = &apos;NO&apos; and column_key &lt;&gt; &apos;PRI&apos; and table_name = &apos;t_user&apos; and table_schema = &apos;sampledb&apos;
2018-05-03 14:46:37,076 DEBUG (org.unitils.core.dbsupport.DefaultSQLHandler:214) - select column_name from information_schema.columns where is_nullable = &apos;NO&apos; and column_key &lt;&gt; &apos;PRI&apos; and table_name = &apos;t_user&apos; and table_schema = &apos;sampledb&apos;
2018-05-03 14:46:37,079 DEBUG (org.unitils.core.dbsupport.DefaultSQLHandler:187) - select column_type from information_schema.columns where table_schema = &apos;sampledb&apos; and table_name = &apos;t_user&apos; and column_name = &apos;password&apos;
2018-05-03 14:46:37,079 DEBUG (org.unitils.core.dbsupport.DefaultSQLHandler:187) - select column_type from information_schema.columns where table_schema = &apos;sampledb&apos; and table_name = &apos;t_user&apos; and column_name = &apos;password&apos;
2018-05-03 14:46:37,083 DEBUG (org.unitils.core.dbsupport.DefaultSQLHandler:80) - alter table `sampledb`.`t_user` change column `password` `password` varchar(30) NULL 
2018-05-03 14:46:37,083 DEBUG (org.unitils.core.dbsupport.DefaultSQLHandler:80) - alter table `sampledb`.`t_user` change column `password` `password` varchar(30) NULL 
2018-05-03 14:46:37,347 DEBUG (org.unitils.core.dbsupport.DefaultSQLHandler:187) - select column_type from information_schema.columns where table_schema = &apos;sampledb&apos; and table_name = &apos;t_user&apos; and column_name = &apos;user_type&apos;
2018-05-03 14:46:37,347 DEBUG (org.unitils.core.dbsupport.DefaultSQLHandler:187) - select column_type from information_schema.columns where table_schema = &apos;sampledb&apos; and table_name = &apos;t_user&apos; and column_name = &apos;user_type&apos;
2018-05-03 14:46:37,350 DEBUG (org.unitils.core.dbsupport.DefaultSQLHandler:80) - alter table `sampledb`.`t_user` change column `user_type` `user_type` tinyint(4) NULL 
2018-05-03 14:46:37,350 DEBUG (org.unitils.core.dbsupport.DefaultSQLHandler:80) - alter table `sampledb`.`t_user` change column `user_type` `user_type` tinyint(4) NULL 
2018-05-03 14:46:37,685 DEBUG (org.unitils.core.dbsupport.DefaultSQLHandler:187) - select column_type from information_schema.columns where table_schema = &apos;sampledb&apos; and table_name = &apos;t_user&apos; and column_name = &apos;user_name&apos;
2018-05-03 14:46:37,685 DEBUG (org.unitils.core.dbsupport.DefaultSQLHandler:187) - select column_type from information_schema.columns where table_schema = &apos;sampledb&apos; and table_name = &apos;t_user&apos; and column_name = &apos;user_name&apos;
2018-05-03 14:46:37,686 DEBUG (org.unitils.core.dbsupport.DefaultSQLHandler:80) - alter table `sampledb`.`t_user` change column `user_name` `user_name` varchar(30) NULL 
2018-05-03 14:46:37,686 DEBUG (org.unitils.core.dbsupport.DefaultSQLHandler:80) - alter table `sampledb`.`t_user` change column `user_name` `user_name` varchar(30) NULL 
2018-05-03 14:46:37,826 DEBUG (org.unitils.core.dbsupport.DefaultSQLHandler:187) - select column_type from information_schema.columns where table_schema = &apos;sampledb&apos; and table_name = &apos;t_user&apos; and column_name = &apos;locked&apos;
2018-05-03 14:46:37,826 DEBUG (org.unitils.core.dbsupport.DefaultSQLHandler:187) - select column_type from information_schema.columns where table_schema = &apos;sampledb&apos; and table_name = &apos;t_user&apos; and column_name = &apos;locked&apos;
2018-05-03 14:46:37,827 DEBUG (org.unitils.core.dbsupport.DefaultSQLHandler:80) - alter table `sampledb`.`t_user` change column `locked` `locked` tinyint(4) NULL 
2018-05-03 14:46:37,827 DEBUG (org.unitils.core.dbsupport.DefaultSQLHandler:80) - alter table `sampledb`.`t_user` change column `locked` `locked` tinyint(4) NULL 
2018-05-03 14:46:38,056 DEBUG (org.unitils.core.dbsupport.DefaultSQLHandler:214) - select constraint_name from information_schema.table_constraints where constraint_type in (&apos;UNIQUE&apos;) AND table_name = &apos;dbmaintain_scripts&apos; and constraint_schema = &apos;sampledb&apos;
2018-05-03 14:46:38,056 DEBUG (org.unitils.core.dbsupport.DefaultSQLHandler:214) - select constraint_name from information_schema.table_constraints where constraint_type in (&apos;UNIQUE&apos;) AND table_name = &apos;dbmaintain_scripts&apos; and constraint_schema = &apos;sampledb&apos;
2018-05-03 14:46:38,060 DEBUG (org.unitils.core.dbsupport.DefaultSQLHandler:214) - select column_name from information_schema.columns where is_nullable = &apos;NO&apos; and column_key &lt;&gt; &apos;PRI&apos; and table_name = &apos;dbmaintain_scripts&apos; and table_schema = &apos;sampledb&apos;
2018-05-03 14:46:38,060 DEBUG (org.unitils.core.dbsupport.DefaultSQLHandler:214) - select column_name from information_schema.columns where is_nullable = &apos;NO&apos; and column_key &lt;&gt; &apos;PRI&apos; and table_name = &apos;dbmaintain_scripts&apos; and table_schema = &apos;sampledb&apos;
2018-05-03 14:46:38,063 DEBUG (org.unitils.core.dbsupport.DefaultSQLHandler:214) - select constraint_name from information_schema.table_constraints where constraint_type in (&apos;UNIQUE&apos;) AND table_name = &apos;t_post&apos; and constraint_schema = &apos;sampledb&apos;
2018-05-03 14:46:38,063 DEBUG (org.unitils.core.dbsupport.DefaultSQLHandler:214) - select constraint_name from information_schema.table_constraints where constraint_type in (&apos;UNIQUE&apos;) AND table_name = &apos;t_post&apos; and constraint_schema = &apos;sampledb&apos;
2018-05-03 14:46:38,067 DEBUG (org.unitils.core.dbsupport.DefaultSQLHandler:214) - select column_name from information_schema.columns where is_nullable = &apos;NO&apos; and column_key &lt;&gt; &apos;PRI&apos; and table_name = &apos;t_post&apos; and table_schema = &apos;sampledb&apos;
2018-05-03 14:46:38,067 DEBUG (org.unitils.core.dbsupport.DefaultSQLHandler:214) - select column_name from information_schema.columns where is_nullable = &apos;NO&apos; and column_key &lt;&gt; &apos;PRI&apos; and table_name = &apos;t_post&apos; and table_schema = &apos;sampledb&apos;
2018-05-03 14:46:38,070 DEBUG (org.unitils.core.dbsupport.DefaultSQLHandler:187) - select column_type from information_schema.columns where table_schema = &apos;sampledb&apos; and table_name = &apos;t_post&apos; and column_name = &apos;post_title&apos;
2018-05-03 14:46:38,070 DEBUG (org.unitils.core.dbsupport.DefaultSQLHandler:187) - select column_type from information_schema.columns where table_schema = &apos;sampledb&apos; and table_name = &apos;t_post&apos; and column_name = &apos;post_title&apos;
2018-05-03 14:46:38,073 DEBUG (org.unitils.core.dbsupport.DefaultSQLHandler:80) - alter table `sampledb`.`t_post` change column `post_title` `post_title` varchar(50) NULL 
2018-05-03 14:46:38,073 DEBUG (org.unitils.core.dbsupport.DefaultSQLHandler:80) - alter table `sampledb`.`t_post` change column `post_title` `post_title` varchar(50) NULL 
2018-05-03 14:46:38,287 DEBUG (org.unitils.core.dbsupport.DefaultSQLHandler:187) - select column_type from information_schema.columns where table_schema = &apos;sampledb&apos; and table_name = &apos;t_post&apos; and column_name = &apos;create_time&apos;
2018-05-03 14:46:38,287 DEBUG (org.unitils.core.dbsupport.DefaultSQLHandler:187) - select column_type from information_schema.columns where table_schema = &apos;sampledb&apos; and table_name = &apos;t_post&apos; and column_name = &apos;create_time&apos;
2018-05-03 14:46:38,292 DEBUG (org.unitils.core.dbsupport.DefaultSQLHandler:80) - alter table `sampledb`.`t_post` change column `create_time` `create_time` date NULL 
2018-05-03 14:46:38,292 DEBUG (org.unitils.core.dbsupport.DefaultSQLHandler:80) - alter table `sampledb`.`t_post` change column `create_time` `create_time` date NULL 
2018-05-03 14:46:38,582 DEBUG (org.unitils.core.dbsupport.DefaultSQLHandler:187) - select column_type from information_schema.columns where table_schema = &apos;sampledb&apos; and table_name = &apos;t_post&apos; and column_name = &apos;user_id&apos;
2018-05-03 14:46:38,582 DEBUG (org.unitils.core.dbsupport.DefaultSQLHandler:187) - select column_type from information_schema.columns where table_schema = &apos;sampledb&apos; and table_name = &apos;t_post&apos; and column_name = &apos;user_id&apos;
2018-05-03 14:46:38,584 DEBUG (org.unitils.core.dbsupport.DefaultSQLHandler:80) - alter table `sampledb`.`t_post` change column `user_id` `user_id` int(11) NULL 
2018-05-03 14:46:38,584 DEBUG (org.unitils.core.dbsupport.DefaultSQLHandler:80) - alter table `sampledb`.`t_post` change column `user_id` `user_id` int(11) NULL 
2018-05-03 14:46:38,773 DEBUG (org.unitils.core.dbsupport.DefaultSQLHandler:187) - select column_type from information_schema.columns where table_schema = &apos;sampledb&apos; and table_name = &apos;t_post&apos; and column_name = &apos;board_id&apos;
2018-05-03 14:46:38,773 DEBUG (org.unitils.core.dbsupport.DefaultSQLHandler:187) - select column_type from information_schema.columns where table_schema = &apos;sampledb&apos; and table_name = &apos;t_post&apos; and column_name = &apos;board_id&apos;
2018-05-03 14:46:38,776 DEBUG (org.unitils.core.dbsupport.DefaultSQLHandler:80) - alter table `sampledb`.`t_post` change column `board_id` `board_id` int(11) NULL 
2018-05-03 14:46:38,776 DEBUG (org.unitils.core.dbsupport.DefaultSQLHandler:80) - alter table `sampledb`.`t_post` change column `board_id` `board_id` int(11) NULL 
2018-05-03 14:46:38,971 DEBUG (org.unitils.core.dbsupport.DefaultSQLHandler:187) - select column_type from information_schema.columns where table_schema = &apos;sampledb&apos; and table_name = &apos;t_post&apos; and column_name = &apos;post_type&apos;
2018-05-03 14:46:38,971 DEBUG (org.unitils.core.dbsupport.DefaultSQLHandler:187) - select column_type from information_schema.columns where table_schema = &apos;sampledb&apos; and table_name = &apos;t_post&apos; and column_name = &apos;post_type&apos;
2018-05-03 14:46:38,973 DEBUG (org.unitils.core.dbsupport.DefaultSQLHandler:80) - alter table `sampledb`.`t_post` change column `post_type` `post_type` tinyint(4) NULL 
2018-05-03 14:46:38,973 DEBUG (org.unitils.core.dbsupport.DefaultSQLHandler:80) - alter table `sampledb`.`t_post` change column `post_type` `post_type` tinyint(4) NULL 
2018-05-03 14:46:39,179 DEBUG (org.unitils.core.dbsupport.DefaultSQLHandler:187) - select column_type from information_schema.columns where table_schema = &apos;sampledb&apos; and table_name = &apos;t_post&apos; and column_name = &apos;topic_id&apos;
2018-05-03 14:46:39,179 DEBUG (org.unitils.core.dbsupport.DefaultSQLHandler:187) - select column_type from information_schema.columns where table_schema = &apos;sampledb&apos; and table_name = &apos;t_post&apos; and column_name = &apos;topic_id&apos;
2018-05-03 14:46:39,182 DEBUG (org.unitils.core.dbsupport.DefaultSQLHandler:80) - alter table `sampledb`.`t_post` change column `topic_id` `topic_id` int(11) NULL 
2018-05-03 14:46:39,182 DEBUG (org.unitils.core.dbsupport.DefaultSQLHandler:80) - alter table `sampledb`.`t_post` change column `topic_id` `topic_id` int(11) NULL 
2018-05-03 14:46:39,566 DEBUG (org.unitils.core.dbsupport.DefaultSQLHandler:187) - select column_type from information_schema.columns where table_schema = &apos;sampledb&apos; and table_name = &apos;t_post&apos; and column_name = &apos;post_text&apos;
2018-05-03 14:46:39,566 DEBUG (org.unitils.core.dbsupport.DefaultSQLHandler:187) - select column_type from information_schema.columns where table_schema = &apos;sampledb&apos; and table_name = &apos;t_post&apos; and column_name = &apos;post_text&apos;
2018-05-03 14:46:39,568 DEBUG (org.unitils.core.dbsupport.DefaultSQLHandler:80) - alter table `sampledb`.`t_post` change column `post_text` `post_text` text NULL 
2018-05-03 14:46:39,568 DEBUG (org.unitils.core.dbsupport.DefaultSQLHandler:80) - alter table `sampledb`.`t_post` change column `post_text` `post_text` text NULL 
2018-05-03 14:46:39,886 DEBUG (org.unitils.core.dbsupport.DefaultSQLHandler:214) - select constraint_name from information_schema.table_constraints where constraint_type in (&apos;UNIQUE&apos;) AND table_name = &apos;t_login_log&apos; and constraint_schema = &apos;sampledb&apos;
2018-05-03 14:46:39,886 DEBUG (org.unitils.core.dbsupport.DefaultSQLHandler:214) - select constraint_name from information_schema.table_constraints where constraint_type in (&apos;UNIQUE&apos;) AND table_name = &apos;t_login_log&apos; and constraint_schema = &apos;sampledb&apos;
2018-05-03 14:46:39,891 DEBUG (org.unitils.core.dbsupport.DefaultSQLHandler:214) - select column_name from information_schema.columns where is_nullable = &apos;NO&apos; and column_key &lt;&gt; &apos;PRI&apos; and table_name = &apos;t_login_log&apos; and table_schema = &apos;sampledb&apos;
2018-05-03 14:46:39,891 DEBUG (org.unitils.core.dbsupport.DefaultSQLHandler:214) - select column_name from information_schema.columns where is_nullable = &apos;NO&apos; and column_key &lt;&gt; &apos;PRI&apos; and table_name = &apos;t_login_log&apos; and table_schema = &apos;sampledb&apos;
2018-05-03 14:46:39,893 DEBUG (org.unitils.core.dbsupport.DefaultSQLHandler:187) - select column_type from information_schema.columns where table_schema = &apos;sampledb&apos; and table_name = &apos;t_login_log&apos; and column_name = &apos;login_datetime&apos;
2018-05-03 14:46:39,893 DEBUG (org.unitils.core.dbsupport.DefaultSQLHandler:187) - select column_type from information_schema.columns where table_schema = &apos;sampledb&apos; and table_name = &apos;t_login_log&apos; and column_name = &apos;login_datetime&apos;
2018-05-03 14:46:39,895 DEBUG (org.unitils.core.dbsupport.DefaultSQLHandler:80) - alter table `sampledb`.`t_login_log` change column `login_datetime` `login_datetime` varchar(30) NULL 
2018-05-03 14:46:39,895 DEBUG (org.unitils.core.dbsupport.DefaultSQLHandler:80) - alter table `sampledb`.`t_login_log` change column `login_datetime` `login_datetime` varchar(30) NULL 
2018-05-03 14:46:40,151 DEBUG (org.unitils.core.dbsupport.DefaultSQLHandler:187) - select column_type from information_schema.columns where table_schema = &apos;sampledb&apos; and table_name = &apos;t_login_log&apos; and column_name = &apos;ip&apos;
2018-05-03 14:46:40,151 DEBUG (org.unitils.core.dbsupport.DefaultSQLHandler:187) - select column_type from information_schema.columns where table_schema = &apos;sampledb&apos; and table_name = &apos;t_login_log&apos; and column_name = &apos;ip&apos;
2018-05-03 14:46:40,153 DEBUG (org.unitils.core.dbsupport.DefaultSQLHandler:80) - alter table `sampledb`.`t_login_log` change column `ip` `ip` varchar(30) NULL 
2018-05-03 14:46:40,153 DEBUG (org.unitils.core.dbsupport.DefaultSQLHandler:80) - alter table `sampledb`.`t_login_log` change column `ip` `ip` varchar(30) NULL 
2018-05-03 14:46:40,512  INFO (org.unitils.dbmaintainer.clean.impl.DefaultDBClearer:162) - Clearing (dropping) database schema sampledb
2018-05-03 14:46:40,512  INFO (org.unitils.dbmaintainer.clean.impl.DefaultDBClearer:162) - Clearing (dropping) database schema sampledb
2018-05-03 14:46:40,513 DEBUG (org.unitils.core.dbsupport.DefaultSQLHandler:214) - select table_name from information_schema.tables where table_schema = &apos;sampledb&apos; and table_type = &apos;VIEW&apos;
2018-05-03 14:46:40,513 DEBUG (org.unitils.core.dbsupport.DefaultSQLHandler:214) - select table_name from information_schema.tables where table_schema = &apos;sampledb&apos; and table_type = &apos;VIEW&apos;
2018-05-03 14:46:40,515 DEBUG (org.unitils.core.dbsupport.DefaultSQLHandler:214) - select table_name from information_schema.tables where table_schema = &apos;sampledb&apos; and table_type = &apos;BASE TABLE&apos;
2018-05-03 14:46:40,515 DEBUG (org.unitils.core.dbsupport.DefaultSQLHandler:214) - select table_name from information_schema.tables where table_schema = &apos;sampledb&apos; and table_type = &apos;BASE TABLE&apos;
2018-05-03 14:46:40,518 DEBUG (org.unitils.dbmaintainer.clean.impl.DefaultDBClearer:189) - Dropping table t_board_manager in database schema sampledb
2018-05-03 14:46:40,518 DEBUG (org.unitils.dbmaintainer.clean.impl.DefaultDBClearer:189) - Dropping table t_board_manager in database schema sampledb
2018-05-03 14:46:40,518 DEBUG (org.unitils.core.dbsupport.DefaultSQLHandler:80) - drop table `sampledb`.`t_board_manager` cascade
2018-05-03 14:46:40,518 DEBUG (org.unitils.core.dbsupport.DefaultSQLHandler:80) - drop table `sampledb`.`t_board_manager` cascade
2018-05-03 14:46:40,558 DEBUG (org.unitils.dbmaintainer.clean.impl.DefaultDBClearer:189) - Dropping table t_topic in database schema sampledb
2018-05-03 14:46:40,558 DEBUG (org.unitils.dbmaintainer.clean.impl.DefaultDBClearer:189) - Dropping table t_topic in database schema sampledb
2018-05-03 14:46:40,559 DEBUG (org.unitils.core.dbsupport.DefaultSQLHandler:80) - drop table `sampledb`.`t_topic` cascade
2018-05-03 14:46:40,559 DEBUG (org.unitils.core.dbsupport.DefaultSQLHandler:80) - drop table `sampledb`.`t_topic` cascade
2018-05-03 14:46:40,600 DEBUG (org.unitils.dbmaintainer.clean.impl.DefaultDBClearer:189) - Dropping table t_board in database schema sampledb
2018-05-03 14:46:40,600 DEBUG (org.unitils.dbmaintainer.clean.impl.DefaultDBClearer:189) - Dropping table t_board in database schema sampledb
2018-05-03 14:46:40,600 DEBUG (org.unitils.core.dbsupport.DefaultSQLHandler:80) - drop table `sampledb`.`t_board` cascade
2018-05-03 14:46:40,600 DEBUG (org.unitils.core.dbsupport.DefaultSQLHandler:80) - drop table `sampledb`.`t_board` cascade
2018-05-03 14:46:40,642 DEBUG (org.unitils.dbmaintainer.clean.impl.DefaultDBClearer:189) - Dropping table t_user in database schema sampledb
2018-05-03 14:46:40,642 DEBUG (org.unitils.dbmaintainer.clean.impl.DefaultDBClearer:189) - Dropping table t_user in database schema sampledb
2018-05-03 14:46:40,642 DEBUG (org.unitils.core.dbsupport.DefaultSQLHandler:80) - drop table `sampledb`.`t_user` cascade
2018-05-03 14:46:40,642 DEBUG (org.unitils.core.dbsupport.DefaultSQLHandler:80) - drop table `sampledb`.`t_user` cascade
2018-05-03 14:46:40,666 DEBUG (org.unitils.dbmaintainer.clean.impl.DefaultDBClearer:189) - Dropping table t_post in database schema sampledb
2018-05-03 14:46:40,666 DEBUG (org.unitils.dbmaintainer.clean.impl.DefaultDBClearer:189) - Dropping table t_post in database schema sampledb
2018-05-03 14:46:40,667 DEBUG (org.unitils.core.dbsupport.DefaultSQLHandler:80) - drop table `sampledb`.`t_post` cascade
2018-05-03 14:46:40,667 DEBUG (org.unitils.core.dbsupport.DefaultSQLHandler:80) - drop table `sampledb`.`t_post` cascade
2018-05-03 14:46:40,690 DEBUG (org.unitils.dbmaintainer.clean.impl.DefaultDBClearer:189) - Dropping table t_login_log in database schema sampledb
2018-05-03 14:46:40,690 DEBUG (org.unitils.dbmaintainer.clean.impl.DefaultDBClearer:189) - Dropping table t_login_log in database schema sampledb
2018-05-03 14:46:40,691 DEBUG (org.unitils.core.dbsupport.DefaultSQLHandler:80) - drop table `sampledb`.`t_login_log` cascade
2018-05-03 14:46:40,691 DEBUG (org.unitils.core.dbsupport.DefaultSQLHandler:80) - drop table `sampledb`.`t_login_log` cascade
2018-05-03 14:46:40,719 DEBUG (org.unitils.core.dbsupport.DefaultSQLHandler:214) - select trigger_name from information_schema.triggers where trigger_schema = &apos;sampledb&apos;
2018-05-03 14:46:40,719 DEBUG (org.unitils.core.dbsupport.DefaultSQLHandler:214) - select trigger_name from information_schema.triggers where trigger_schema = &apos;sampledb&apos;
2018-05-03 14:46:40,883 DEBUG (org.unitils.core.dbsupport.DefaultSQLHandler:131) - delete from `sampledb`.`dbmaintain_scripts`
2018-05-03 14:46:40,883 DEBUG (org.unitils.core.dbsupport.DefaultSQLHandler:131) - delete from `sampledb`.`dbmaintain_scripts`
2018-05-03 14:46:40,885  INFO (org.unitils.dbmaintainer.DBMaintainer:298) - Database update scripts have been found and will be executed on the database.
2018-05-03 14:46:40,885  INFO (org.unitils.dbmaintainer.DBMaintainer:298) - Database update scripts have been found and will be executed on the database.
2018-05-03 14:46:40,885  INFO (org.unitils.dbmaintainer.clean.impl.DefaultDBCleaner:103) - Cleaning database schema sampledb
2018-05-03 14:46:40,885  INFO (org.unitils.dbmaintainer.clean.impl.DefaultDBCleaner:103) - Cleaning database schema sampledb
2018-05-03 14:46:40,886 DEBUG (org.unitils.core.dbsupport.DefaultSQLHandler:214) - select table_name from information_schema.tables where table_schema = &apos;sampledb&apos; and table_type = &apos;BASE TABLE&apos;
2018-05-03 14:46:40,886 DEBUG (org.unitils.core.dbsupport.DefaultSQLHandler:214) - select table_name from information_schema.tables where table_schema = &apos;sampledb&apos; and table_type = &apos;BASE TABLE&apos;
2018-05-03 14:46:40,922 DEBUG (org.unitils.core.dbsupport.DefaultSQLHandler:131) - insert into `sampledb`.`dbmaintain_scripts` (file_name, version, file_last_modified_at, checksum, executed_at, succeeded) values (&apos;001_create_sampledb.sql&apos;, &apos;1&apos;, 1463658182337, &apos;6c9831b5c2a8ed06ecc31a5e6b4b329b&apos;, &apos;2018-05-03 14:46:40&apos;, 0)
2018-05-03 14:46:40,922 DEBUG (org.unitils.core.dbsupport.DefaultSQLHandler:131) - insert into `sampledb`.`dbmaintain_scripts` (file_name, version, file_last_modified_at, checksum, executed_at, succeeded) values (&apos;001_create_sampledb.sql&apos;, &apos;1&apos;, 1463658182337, &apos;6c9831b5c2a8ed06ecc31a5e6b4b329b&apos;, &apos;2018-05-03 14:46:40&apos;, 0)
2018-05-03 14:46:40,929  INFO (org.unitils.dbmaintainer.DBMaintainer:345) - Executing script 001_create_sampledb.sql
2018-05-03 14:46:40,929  INFO (org.unitils.dbmaintainer.DBMaintainer:345) - Executing script 001_create_sampledb.sql
2018-05-03 14:46:40,931 DEBUG (org.unitils.core.util.ConfigUtils:74) - Creating instance of interface org.unitils.dbmaintainer.script.ScriptParser. Implementation class org.unitils.dbmaintainer.script.impl.DefaultScriptParser
2018-05-03 14:46:40,931 DEBUG (org.unitils.core.util.ConfigUtils:74) - Creating instance of interface org.unitils.dbmaintainer.script.ScriptParser. Implementation class org.unitils.dbmaintainer.script.impl.DefaultScriptParser
2018-05-03 14:46:40,945 DEBUG (org.unitils.core.dbsupport.DefaultSQLHandler:131) - CREATE TABLE `t_board` (
  `board_id` int(11) NOT NULL auto_increment COMMENT &apos;论坛版块ID&apos;,
  `board_name` varchar(150) NOT NULL default &apos;&apos; COMMENT &apos;论坛版块名&apos;,
  `board_desc` varchar(255) default NULL COMMENT &apos;论坛版块描述&apos;,
  `topic_num` int(11) NOT NULL default &apos;0&apos; COMMENT &apos;帖子数目&apos;,
  PRIMARY KEY  (`board_id`),
  KEY `AK_Board_NAME` (`board_name`)
) ENGINE=InnoDB AUTO_INCREMENT=9 DEFAULT CHARSET=utf8
2018-05-03 14:46:40,945 DEBUG (org.unitils.core.dbsupport.DefaultSQLHandler:131) - CREATE TABLE `t_board` (
  `board_id` int(11) NOT NULL auto_increment COMMENT &apos;论坛版块ID&apos;,
  `board_name` varchar(150) NOT NULL default &apos;&apos; COMMENT &apos;论坛版块名&apos;,
  `board_desc` varchar(255) default NULL COMMENT &apos;论坛版块描述&apos;,
  `topic_num` int(11) NOT NULL default &apos;0&apos; COMMENT &apos;帖子数目&apos;,
  PRIMARY KEY  (`board_id`),
  KEY `AK_Board_NAME` (`board_name`)
) ENGINE=InnoDB AUTO_INCREMENT=9 DEFAULT CHARSET=utf8
2018-05-03 14:46:41,083 DEBUG (org.unitils.core.dbsupport.DefaultSQLHandler:131) - CREATE TABLE `t_board_manager` (
  `board_id` int(11) NOT NULL,
  `user_id` int(11) NOT NULL,
  PRIMARY KEY  (`board_id`,`user_id`)
) ENGINE=InnoDB DEFAULT CHARSET=utf8 COMMENT=&apos;论坛管理员&apos;
2018-05-03 14:46:41,083 DEBUG (org.unitils.core.dbsupport.DefaultSQLHandler:131) - CREATE TABLE `t_board_manager` (
  `board_id` int(11) NOT NULL,
  `user_id` int(11) NOT NULL,
  PRIMARY KEY  (`board_id`,`user_id`)
) ENGINE=InnoDB DEFAULT CHARSET=utf8 COMMENT=&apos;论坛管理员&apos;
2018-05-03 14:46:41,181 DEBUG (org.unitils.core.dbsupport.DefaultSQLHandler:131) - CREATE TABLE `t_login_log` (
  `login_log_id` int(11) NOT NULL auto_increment,
  `user_id` int(11) default NULL,
  `ip` varchar(30) NOT NULL default &apos;&apos;,
  `login_datetime` varchar(14) NOT NULL,
  PRIMARY KEY  (`login_log_id`)
) ENGINE=InnoDB DEFAULT CHARSET=utf8
2018-05-03 14:46:41,181 DEBUG (org.unitils.core.dbsupport.DefaultSQLHandler:131) - CREATE TABLE `t_login_log` (
  `login_log_id` int(11) NOT NULL auto_increment,
  `user_id` int(11) default NULL,
  `ip` varchar(30) NOT NULL default &apos;&apos;,
  `login_datetime` varchar(14) NOT NULL,
  PRIMARY KEY  (`login_log_id`)
) ENGINE=InnoDB DEFAULT CHARSET=utf8
2018-05-03 14:46:41,277 DEBUG (org.unitils.core.dbsupport.DefaultSQLHandler:131) - CREATE TABLE `t_post` (
  `post_id` int(11) NOT NULL auto_increment COMMENT &apos;帖子ID&apos;,
  `board_id` int(11) NOT NULL default &apos;0&apos; COMMENT &apos;论坛ID&apos;,
  `topic_id` int(11) NOT NULL default &apos;0&apos; COMMENT &apos;话题ID&apos;,
  `user_id` int(11) NOT NULL default &apos;0&apos; COMMENT &apos;发表者ID&apos;,
  `post_type` tinyint(4) NOT NULL default &apos;2&apos; COMMENT &apos;帖子类型 1:主帖子 2:回复帖子&apos;,
  `post_title` varchar(50) NOT NULL COMMENT &apos;帖子标题&apos;,
  `post_text` text NOT NULL COMMENT &apos;帖子内容&apos;,
  `create_time` date NOT NULL COMMENT &apos;创建时间&apos;,
  PRIMARY KEY  (`post_id`),
  KEY `IDX_POST_TOPIC_ID` (`topic_id`)
) ENGINE=InnoDB AUTO_INCREMENT=25 DEFAULT CHARSET=utf8 COMMENT=&apos;帖子&apos;
2018-05-03 14:46:41,277 DEBUG (org.unitils.core.dbsupport.DefaultSQLHandler:131) - CREATE TABLE `t_post` (
  `post_id` int(11) NOT NULL auto_increment COMMENT &apos;帖子ID&apos;,
  `board_id` int(11) NOT NULL default &apos;0&apos; COMMENT &apos;论坛ID&apos;,
  `topic_id` int(11) NOT NULL default &apos;0&apos; COMMENT &apos;话题ID&apos;,
  `user_id` int(11) NOT NULL default &apos;0&apos; COMMENT &apos;发表者ID&apos;,
  `post_type` tinyint(4) NOT NULL default &apos;2&apos; COMMENT &apos;帖子类型 1:主帖子 2:回复帖子&apos;,
  `post_title` varchar(50) NOT NULL COMMENT &apos;帖子标题&apos;,
  `post_text` text NOT NULL COMMENT &apos;帖子内容&apos;,
  `create_time` date NOT NULL COMMENT &apos;创建时间&apos;,
  PRIMARY KEY  (`post_id`),
  KEY `IDX_POST_TOPIC_ID` (`topic_id`)
) ENGINE=InnoDB AUTO_INCREMENT=25 DEFAULT CHARSET=utf8 COMMENT=&apos;帖子&apos;
2018-05-03 14:46:41,367 DEBUG (org.unitils.core.dbsupport.DefaultSQLHandler:131) - CREATE TABLE `t_topic` (
  `topic_id` int(11) NOT NULL auto_increment COMMENT &apos;帖子ID&apos;,
  `board_id` int(11) NOT NULL COMMENT &apos;所属论坛&apos;,
  `topic_title` varchar(100) NOT NULL default &apos;&apos; COMMENT &apos;帖子标题&apos;,
  `user_id` int(11) NOT NULL default &apos;0&apos; COMMENT &apos;发表用户&apos;,
  `create_time` date NOT NULL COMMENT &apos;发表时间&apos;,
  `last_post` date NOT NULL COMMENT &apos;最后回复时间&apos;,
  `topic_views` int(11) NOT NULL default &apos;1&apos; COMMENT &apos;浏览数&apos;,
  `topic_replies` int(11) NOT NULL default &apos;0&apos; COMMENT &apos;回复数&apos;,
  `digest` int(11) NOT NULL COMMENT &apos;0:不是精华话题 1:是精华话题&apos;,
  PRIMARY KEY  (`topic_id`),
  KEY `IDX_TOPIC_USER_ID` (`user_id`),
  KEY `IDX_TOPIC_TITLE` (`topic_title`)
) ENGINE=InnoDB AUTO_INCREMENT=24 DEFAULT CHARSET=utf8 COMMENT=&apos;话题&apos;
2018-05-03 14:46:41,367 DEBUG (org.unitils.core.dbsupport.DefaultSQLHandler:131) - CREATE TABLE `t_topic` (
  `topic_id` int(11) NOT NULL auto_increment COMMENT &apos;帖子ID&apos;,
  `board_id` int(11) NOT NULL COMMENT &apos;所属论坛&apos;,
  `topic_title` varchar(100) NOT NULL default &apos;&apos; COMMENT &apos;帖子标题&apos;,
  `user_id` int(11) NOT NULL default &apos;0&apos; COMMENT &apos;发表用户&apos;,
  `create_time` date NOT NULL COMMENT &apos;发表时间&apos;,
  `last_post` date NOT NULL COMMENT &apos;最后回复时间&apos;,
  `topic_views` int(11) NOT NULL default &apos;1&apos; COMMENT &apos;浏览数&apos;,
  `topic_replies` int(11) NOT NULL default &apos;0&apos; COMMENT &apos;回复数&apos;,
  `digest` int(11) NOT NULL COMMENT &apos;0:不是精华话题 1:是精华话题&apos;,
  PRIMARY KEY  (`topic_id`),
  KEY `IDX_TOPIC_USER_ID` (`user_id`),
  KEY `IDX_TOPIC_TITLE` (`topic_title`)
) ENGINE=InnoDB AUTO_INCREMENT=24 DEFAULT CHARSET=utf8 COMMENT=&apos;话题&apos;
2018-05-03 14:46:41,532 DEBUG (org.unitils.core.dbsupport.DefaultSQLHandler:131) - CREATE TABLE `t_user` (
  `user_id` int(11) NOT NULL auto_increment COMMENT &apos;用户Id&apos;,
  `user_name` varchar(30) NOT NULL COMMENT &apos;用户名&apos;,
  `password` varchar(30) NOT NULL default &apos;&apos; COMMENT &apos;密码&apos;,
  `user_type` tinyint(4) NOT NULL default &apos;1&apos; COMMENT &apos;1:普通用户 2:管理员&apos;,
  `locked` tinyint(4) NOT NULL default &apos;0&apos; COMMENT &apos;0:未锁定 1:锁定&apos;,
  `credit` int(11) default NULL COMMENT &apos;积分&apos;,
  `last_visit` datetime default NULL COMMENT &apos;最后登陆时间&apos;,
  `last_ip` varchar(20) default NULL COMMENT &apos;最后登陆IP&apos;,
  PRIMARY KEY  (`user_id`),
  KEY `AK_AK_USER_USER_NAME` (`user_name`)
) ENGINE=InnoDB AUTO_INCREMENT=4 DEFAULT CHARSET=utf8
2018-05-03 14:46:41,532 DEBUG (org.unitils.core.dbsupport.DefaultSQLHandler:131) - CREATE TABLE `t_user` (
  `user_id` int(11) NOT NULL auto_increment COMMENT &apos;用户Id&apos;,
  `user_name` varchar(30) NOT NULL COMMENT &apos;用户名&apos;,
  `password` varchar(30) NOT NULL default &apos;&apos; COMMENT &apos;密码&apos;,
  `user_type` tinyint(4) NOT NULL default &apos;1&apos; COMMENT &apos;1:普通用户 2:管理员&apos;,
  `locked` tinyint(4) NOT NULL default &apos;0&apos; COMMENT &apos;0:未锁定 1:锁定&apos;,
  `credit` int(11) default NULL COMMENT &apos;积分&apos;,
  `last_visit` datetime default NULL COMMENT &apos;最后登陆时间&apos;,
  `last_ip` varchar(20) default NULL COMMENT &apos;最后登陆IP&apos;,
  PRIMARY KEY  (`user_id`),
  KEY `AK_AK_USER_USER_NAME` (`user_name`)
) ENGINE=InnoDB AUTO_INCREMENT=4 DEFAULT CHARSET=utf8
2018-05-03 14:46:41,657 DEBUG (org.unitils.core.dbsupport.DefaultSQLHandler:131) - update `sampledb`.`dbmaintain_scripts` set checksum = &apos;6c9831b5c2a8ed06ecc31a5e6b4b329b&apos;, file_last_modified_at = 1463658182337, executed_at = &apos;2018-05-03 14:46:40&apos;, succeeded = 1 where file_name = &apos;001_create_sampledb.sql&apos;
2018-05-03 14:46:41,657 DEBUG (org.unitils.core.dbsupport.DefaultSQLHandler:131) - update `sampledb`.`dbmaintain_scripts` set checksum = &apos;6c9831b5c2a8ed06ecc31a5e6b4b329b&apos;, file_last_modified_at = 1463658182337, executed_at = &apos;2018-05-03 14:46:40&apos;, succeeded = 1 where file_name = &apos;001_create_sampledb.sql&apos;
2018-05-03 14:46:41,662  INFO (org.unitils.dbmaintainer.structure.impl.DefaultConstraintsDisabler:44) - Disabling constraints in database schema sampledb
2018-05-03 14:46:41,662  INFO (org.unitils.dbmaintainer.structure.impl.DefaultConstraintsDisabler:44) - Disabling constraints in database schema sampledb
2018-05-03 14:46:41,662 DEBUG (org.unitils.core.dbsupport.DefaultSQLHandler:214) - select table_name from information_schema.tables where table_schema = &apos;sampledb&apos; and table_type = &apos;BASE TABLE&apos;
2018-05-03 14:46:41,662 DEBUG (org.unitils.core.dbsupport.DefaultSQLHandler:214) - select table_name from information_schema.tables where table_schema = &apos;sampledb&apos; and table_type = &apos;BASE TABLE&apos;
2018-05-03 14:46:41,665 DEBUG (org.unitils.core.dbsupport.DefaultSQLHandler:214) - select constraint_name from information_schema.table_constraints where constraint_type = &apos;FOREIGN KEY&apos; AND table_name = &apos;t_board_manager&apos; and constraint_schema = &apos;sampledb&apos;
2018-05-03 14:46:41,665 DEBUG (org.unitils.core.dbsupport.DefaultSQLHandler:214) - select constraint_name from information_schema.table_constraints where constraint_type = &apos;FOREIGN KEY&apos; AND table_name = &apos;t_board_manager&apos; and constraint_schema = &apos;sampledb&apos;
2018-05-03 14:46:41,669 DEBUG (org.unitils.core.dbsupport.DefaultSQLHandler:214) - select constraint_name from information_schema.table_constraints where constraint_type = &apos;FOREIGN KEY&apos; AND table_name = &apos;t_topic&apos; and constraint_schema = &apos;sampledb&apos;
2018-05-03 14:46:41,669 DEBUG (org.unitils.core.dbsupport.DefaultSQLHandler:214) - select constraint_name from information_schema.table_constraints where constraint_type = &apos;FOREIGN KEY&apos; AND table_name = &apos;t_topic&apos; and constraint_schema = &apos;sampledb&apos;
2018-05-03 14:46:41,673 DEBUG (org.unitils.core.dbsupport.DefaultSQLHandler:214) - select constraint_name from information_schema.table_constraints where constraint_type = &apos;FOREIGN KEY&apos; AND table_name = &apos;t_board&apos; and constraint_schema = &apos;sampledb&apos;
2018-05-03 14:46:41,673 DEBUG (org.unitils.core.dbsupport.DefaultSQLHandler:214) - select constraint_name from information_schema.table_constraints where constraint_type = &apos;FOREIGN KEY&apos; AND table_name = &apos;t_board&apos; and constraint_schema = &apos;sampledb&apos;
2018-05-03 14:46:41,677 DEBUG (org.unitils.core.dbsupport.DefaultSQLHandler:214) - select constraint_name from information_schema.table_constraints where constraint_type = &apos;FOREIGN KEY&apos; AND table_name = &apos;t_user&apos; and constraint_schema = &apos;sampledb&apos;
2018-05-03 14:46:41,677 DEBUG (org.unitils.core.dbsupport.DefaultSQLHandler:214) - select constraint_name from information_schema.table_constraints where constraint_type = &apos;FOREIGN KEY&apos; AND table_name = &apos;t_user&apos; and constraint_schema = &apos;sampledb&apos;
2018-05-03 14:46:41,681 DEBUG (org.unitils.core.dbsupport.DefaultSQLHandler:214) - select constraint_name from information_schema.table_constraints where constraint_type = &apos;FOREIGN KEY&apos; AND table_name = &apos;dbmaintain_scripts&apos; and constraint_schema = &apos;sampledb&apos;
2018-05-03 14:46:41,681 DEBUG (org.unitils.core.dbsupport.DefaultSQLHandler:214) - select constraint_name from information_schema.table_constraints where constraint_type = &apos;FOREIGN KEY&apos; AND table_name = &apos;dbmaintain_scripts&apos; and constraint_schema = &apos;sampledb&apos;
2018-05-03 14:46:41,684 DEBUG (org.unitils.core.dbsupport.DefaultSQLHandler:214) - select constraint_name from information_schema.table_constraints where constraint_type = &apos;FOREIGN KEY&apos; AND table_name = &apos;t_post&apos; and constraint_schema = &apos;sampledb&apos;
2018-05-03 14:46:41,684 DEBUG (org.unitils.core.dbsupport.DefaultSQLHandler:214) - select constraint_name from information_schema.table_constraints where constraint_type = &apos;FOREIGN KEY&apos; AND table_name = &apos;t_post&apos; and constraint_schema = &apos;sampledb&apos;
2018-05-03 14:46:41,689 DEBUG (org.unitils.core.dbsupport.DefaultSQLHandler:214) - select constraint_name from information_schema.table_constraints where constraint_type = &apos;FOREIGN KEY&apos; AND table_name = &apos;t_login_log&apos; and constraint_schema = &apos;sampledb&apos;
2018-05-03 14:46:41,689 DEBUG (org.unitils.core.dbsupport.DefaultSQLHandler:214) - select constraint_name from information_schema.table_constraints where constraint_type = &apos;FOREIGN KEY&apos; AND table_name = &apos;t_login_log&apos; and constraint_schema = &apos;sampledb&apos;
2018-05-03 14:46:41,692 DEBUG (org.unitils.core.dbsupport.DefaultSQLHandler:214) - select table_name from information_schema.tables where table_schema = &apos;sampledb&apos; and table_type = &apos;BASE TABLE&apos;
2018-05-03 14:46:41,692 DEBUG (org.unitils.core.dbsupport.DefaultSQLHandler:214) - select table_name from information_schema.tables where table_schema = &apos;sampledb&apos; and table_type = &apos;BASE TABLE&apos;
2018-05-03 14:46:41,694 DEBUG (org.unitils.core.dbsupport.DefaultSQLHandler:214) - select constraint_name from information_schema.table_constraints where constraint_type in (&apos;UNIQUE&apos;) AND table_name = &apos;t_board_manager&apos; and constraint_schema = &apos;sampledb&apos;
2018-05-03 14:46:41,694 DEBUG (org.unitils.core.dbsupport.DefaultSQLHandler:214) - select constraint_name from information_schema.table_constraints where constraint_type in (&apos;UNIQUE&apos;) AND table_name = &apos;t_board_manager&apos; and constraint_schema = &apos;sampledb&apos;
2018-05-03 14:46:41,696 DEBUG (org.unitils.core.dbsupport.DefaultSQLHandler:214) - select column_name from information_schema.columns where is_nullable = &apos;NO&apos; and column_key &lt;&gt; &apos;PRI&apos; and table_name = &apos;t_board_manager&apos; and table_schema = &apos;sampledb&apos;
2018-05-03 14:46:41,696 DEBUG (org.unitils.core.dbsupport.DefaultSQLHandler:214) - select column_name from information_schema.columns where is_nullable = &apos;NO&apos; and column_key &lt;&gt; &apos;PRI&apos; and table_name = &apos;t_board_manager&apos; and table_schema = &apos;sampledb&apos;
2018-05-03 14:46:41,698 DEBUG (org.unitils.core.dbsupport.DefaultSQLHandler:214) - select constraint_name from information_schema.table_constraints where constraint_type in (&apos;UNIQUE&apos;) AND table_name = &apos;t_topic&apos; and constraint_schema = &apos;sampledb&apos;
2018-05-03 14:46:41,698 DEBUG (org.unitils.core.dbsupport.DefaultSQLHandler:214) - select constraint_name from information_schema.table_constraints where constraint_type in (&apos;UNIQUE&apos;) AND table_name = &apos;t_topic&apos; and constraint_schema = &apos;sampledb&apos;
2018-05-03 14:46:41,701 DEBUG (org.unitils.core.dbsupport.DefaultSQLHandler:214) - select column_name from information_schema.columns where is_nullable = &apos;NO&apos; and column_key &lt;&gt; &apos;PRI&apos; and table_name = &apos;t_topic&apos; and table_schema = &apos;sampledb&apos;
2018-05-03 14:46:41,701 DEBUG (org.unitils.core.dbsupport.DefaultSQLHandler:214) - select column_name from information_schema.columns where is_nullable = &apos;NO&apos; and column_key &lt;&gt; &apos;PRI&apos; and table_name = &apos;t_topic&apos; and table_schema = &apos;sampledb&apos;
2018-05-03 14:46:41,703 DEBUG (org.unitils.core.dbsupport.DefaultSQLHandler:187) - select column_type from information_schema.columns where table_schema = &apos;sampledb&apos; and table_name = &apos;t_topic&apos; and column_name = &apos;create_time&apos;
2018-05-03 14:46:41,703 DEBUG (org.unitils.core.dbsupport.DefaultSQLHandler:187) - select column_type from information_schema.columns where table_schema = &apos;sampledb&apos; and table_name = &apos;t_topic&apos; and column_name = &apos;create_time&apos;
2018-05-03 14:46:41,704 DEBUG (org.unitils.core.dbsupport.DefaultSQLHandler:80) - alter table `sampledb`.`t_topic` change column `create_time` `create_time` date NULL 
2018-05-03 14:46:41,704 DEBUG (org.unitils.core.dbsupport.DefaultSQLHandler:80) - alter table `sampledb`.`t_topic` change column `create_time` `create_time` date NULL 
2018-05-03 14:46:41,832 DEBUG (org.unitils.core.dbsupport.DefaultSQLHandler:187) - select column_type from information_schema.columns where table_schema = &apos;sampledb&apos; and table_name = &apos;t_topic&apos; and column_name = &apos;topic_views&apos;
2018-05-03 14:46:41,832 DEBUG (org.unitils.core.dbsupport.DefaultSQLHandler:187) - select column_type from information_schema.columns where table_schema = &apos;sampledb&apos; and table_name = &apos;t_topic&apos; and column_name = &apos;topic_views&apos;
2018-05-03 14:46:41,833 DEBUG (org.unitils.core.dbsupport.DefaultSQLHandler:80) - alter table `sampledb`.`t_topic` change column `topic_views` `topic_views` int(11) NULL 
2018-05-03 14:46:41,833 DEBUG (org.unitils.core.dbsupport.DefaultSQLHandler:80) - alter table `sampledb`.`t_topic` change column `topic_views` `topic_views` int(11) NULL 
2018-05-03 14:46:41,941 DEBUG (org.unitils.core.dbsupport.DefaultSQLHandler:187) - select column_type from information_schema.columns where table_schema = &apos;sampledb&apos; and table_name = &apos;t_topic&apos; and column_name = &apos;user_id&apos;
2018-05-03 14:46:41,941 DEBUG (org.unitils.core.dbsupport.DefaultSQLHandler:187) - select column_type from information_schema.columns where table_schema = &apos;sampledb&apos; and table_name = &apos;t_topic&apos; and column_name = &apos;user_id&apos;
2018-05-03 14:46:41,942 DEBUG (org.unitils.core.dbsupport.DefaultSQLHandler:80) - alter table `sampledb`.`t_topic` change column `user_id` `user_id` int(11) NULL 
2018-05-03 14:46:41,942 DEBUG (org.unitils.core.dbsupport.DefaultSQLHandler:80) - alter table `sampledb`.`t_topic` change column `user_id` `user_id` int(11) NULL 
2018-05-03 14:46:42,054 DEBUG (org.unitils.core.dbsupport.DefaultSQLHandler:187) - select column_type from information_schema.columns where table_schema = &apos;sampledb&apos; and table_name = &apos;t_topic&apos; and column_name = &apos;board_id&apos;
2018-05-03 14:46:42,054 DEBUG (org.unitils.core.dbsupport.DefaultSQLHandler:187) - select column_type from information_schema.columns where table_schema = &apos;sampledb&apos; and table_name = &apos;t_topic&apos; and column_name = &apos;board_id&apos;
2018-05-03 14:46:42,057 DEBUG (org.unitils.core.dbsupport.DefaultSQLHandler:80) - alter table `sampledb`.`t_topic` change column `board_id` `board_id` int(11) NULL 
2018-05-03 14:46:42,057 DEBUG (org.unitils.core.dbsupport.DefaultSQLHandler:80) - alter table `sampledb`.`t_topic` change column `board_id` `board_id` int(11) NULL 
2018-05-03 14:46:42,250 DEBUG (org.unitils.core.dbsupport.DefaultSQLHandler:187) - select column_type from information_schema.columns where table_schema = &apos;sampledb&apos; and table_name = &apos;t_topic&apos; and column_name = &apos;topic_title&apos;
2018-05-03 14:46:42,250 DEBUG (org.unitils.core.dbsupport.DefaultSQLHandler:187) - select column_type from information_schema.columns where table_schema = &apos;sampledb&apos; and table_name = &apos;t_topic&apos; and column_name = &apos;topic_title&apos;
2018-05-03 14:46:42,252 DEBUG (org.unitils.core.dbsupport.DefaultSQLHandler:80) - alter table `sampledb`.`t_topic` change column `topic_title` `topic_title` varchar(100) NULL 
2018-05-03 14:46:42,252 DEBUG (org.unitils.core.dbsupport.DefaultSQLHandler:80) - alter table `sampledb`.`t_topic` change column `topic_title` `topic_title` varchar(100) NULL 
2018-05-03 14:46:42,708 DEBUG (org.unitils.core.dbsupport.DefaultSQLHandler:187) - select column_type from information_schema.columns where table_schema = &apos;sampledb&apos; and table_name = &apos;t_topic&apos; and column_name = &apos;last_post&apos;
2018-05-03 14:46:42,708 DEBUG (org.unitils.core.dbsupport.DefaultSQLHandler:187) - select column_type from information_schema.columns where table_schema = &apos;sampledb&apos; and table_name = &apos;t_topic&apos; and column_name = &apos;last_post&apos;
2018-05-03 14:46:42,711 DEBUG (org.unitils.core.dbsupport.DefaultSQLHandler:80) - alter table `sampledb`.`t_topic` change column `last_post` `last_post` date NULL 
2018-05-03 14:46:42,711 DEBUG (org.unitils.core.dbsupport.DefaultSQLHandler:80) - alter table `sampledb`.`t_topic` change column `last_post` `last_post` date NULL 
2018-05-03 14:46:42,890 DEBUG (org.unitils.core.dbsupport.DefaultSQLHandler:187) - select column_type from information_schema.columns where table_schema = &apos;sampledb&apos; and table_name = &apos;t_topic&apos; and column_name = &apos;digest&apos;
2018-05-03 14:46:42,890 DEBUG (org.unitils.core.dbsupport.DefaultSQLHandler:187) - select column_type from information_schema.columns where table_schema = &apos;sampledb&apos; and table_name = &apos;t_topic&apos; and column_name = &apos;digest&apos;
2018-05-03 14:46:42,892 DEBUG (org.unitils.core.dbsupport.DefaultSQLHandler:80) - alter table `sampledb`.`t_topic` change column `digest` `digest` int(11) NULL 
2018-05-03 14:46:42,892 DEBUG (org.unitils.core.dbsupport.DefaultSQLHandler:80) - alter table `sampledb`.`t_topic` change column `digest` `digest` int(11) NULL 
2018-05-03 14:46:43,103 DEBUG (org.unitils.core.dbsupport.DefaultSQLHandler:187) - select column_type from information_schema.columns where table_schema = &apos;sampledb&apos; and table_name = &apos;t_topic&apos; and column_name = &apos;topic_replies&apos;
2018-05-03 14:46:43,103 DEBUG (org.unitils.core.dbsupport.DefaultSQLHandler:187) - select column_type from information_schema.columns where table_schema = &apos;sampledb&apos; and table_name = &apos;t_topic&apos; and column_name = &apos;topic_replies&apos;
2018-05-03 14:46:43,104 DEBUG (org.unitils.core.dbsupport.DefaultSQLHandler:80) - alter table `sampledb`.`t_topic` change column `topic_replies` `topic_replies` int(11) NULL 
2018-05-03 14:46:43,104 DEBUG (org.unitils.core.dbsupport.DefaultSQLHandler:80) - alter table `sampledb`.`t_topic` change column `topic_replies` `topic_replies` int(11) NULL 
2018-05-03 14:46:43,229 DEBUG (org.unitils.core.dbsupport.DefaultSQLHandler:214) - select constraint_name from information_schema.table_constraints where constraint_type in (&apos;UNIQUE&apos;) AND table_name = &apos;t_board&apos; and constraint_schema = &apos;sampledb&apos;
2018-05-03 14:46:43,229 DEBUG (org.unitils.core.dbsupport.DefaultSQLHandler:214) - select constraint_name from information_schema.table_constraints where constraint_type in (&apos;UNIQUE&apos;) AND table_name = &apos;t_board&apos; and constraint_schema = &apos;sampledb&apos;
2018-05-03 14:46:43,233 DEBUG (org.unitils.core.dbsupport.DefaultSQLHandler:214) - select column_name from information_schema.columns where is_nullable = &apos;NO&apos; and column_key &lt;&gt; &apos;PRI&apos; and table_name = &apos;t_board&apos; and table_schema = &apos;sampledb&apos;
2018-05-03 14:46:43,233 DEBUG (org.unitils.core.dbsupport.DefaultSQLHandler:214) - select column_name from information_schema.columns where is_nullable = &apos;NO&apos; and column_key &lt;&gt; &apos;PRI&apos; and table_name = &apos;t_board&apos; and table_schema = &apos;sampledb&apos;
2018-05-03 14:46:43,235 DEBUG (org.unitils.core.dbsupport.DefaultSQLHandler:187) - select column_type from information_schema.columns where table_schema = &apos;sampledb&apos; and table_name = &apos;t_board&apos; and column_name = &apos;board_name&apos;
2018-05-03 14:46:43,235 DEBUG (org.unitils.core.dbsupport.DefaultSQLHandler:187) - select column_type from information_schema.columns where table_schema = &apos;sampledb&apos; and table_name = &apos;t_board&apos; and column_name = &apos;board_name&apos;
2018-05-03 14:46:43,237 DEBUG (org.unitils.core.dbsupport.DefaultSQLHandler:80) - alter table `sampledb`.`t_board` change column `board_name` `board_name` varchar(150) NULL 
2018-05-03 14:46:43,237 DEBUG (org.unitils.core.dbsupport.DefaultSQLHandler:80) - alter table `sampledb`.`t_board` change column `board_name` `board_name` varchar(150) NULL 
2018-05-03 14:46:43,616 DEBUG (org.unitils.core.dbsupport.DefaultSQLHandler:187) - select column_type from information_schema.columns where table_schema = &apos;sampledb&apos; and table_name = &apos;t_board&apos; and column_name = &apos;topic_num&apos;
2018-05-03 14:46:43,616 DEBUG (org.unitils.core.dbsupport.DefaultSQLHandler:187) - select column_type from information_schema.columns where table_schema = &apos;sampledb&apos; and table_name = &apos;t_board&apos; and column_name = &apos;topic_num&apos;
2018-05-03 14:46:43,619 DEBUG (org.unitils.core.dbsupport.DefaultSQLHandler:80) - alter table `sampledb`.`t_board` change column `topic_num` `topic_num` int(11) NULL 
2018-05-03 14:46:43,619 DEBUG (org.unitils.core.dbsupport.DefaultSQLHandler:80) - alter table `sampledb`.`t_board` change column `topic_num` `topic_num` int(11) NULL 
2018-05-03 14:46:43,792 DEBUG (org.unitils.core.dbsupport.DefaultSQLHandler:214) - select constraint_name from information_schema.table_constraints where constraint_type in (&apos;UNIQUE&apos;) AND table_name = &apos;t_user&apos; and constraint_schema = &apos;sampledb&apos;
2018-05-03 14:46:43,792 DEBUG (org.unitils.core.dbsupport.DefaultSQLHandler:214) - select constraint_name from information_schema.table_constraints where constraint_type in (&apos;UNIQUE&apos;) AND table_name = &apos;t_user&apos; and constraint_schema = &apos;sampledb&apos;
2018-05-03 14:46:43,795 DEBUG (org.unitils.core.dbsupport.DefaultSQLHandler:214) - select column_name from information_schema.columns where is_nullable = &apos;NO&apos; and column_key &lt;&gt; &apos;PRI&apos; and table_name = &apos;t_user&apos; and table_schema = &apos;sampledb&apos;
2018-05-03 14:46:43,795 DEBUG (org.unitils.core.dbsupport.DefaultSQLHandler:214) - select column_name from information_schema.columns where is_nullable = &apos;NO&apos; and column_key &lt;&gt; &apos;PRI&apos; and table_name = &apos;t_user&apos; and table_schema = &apos;sampledb&apos;
2018-05-03 14:46:43,797 DEBUG (org.unitils.core.dbsupport.DefaultSQLHandler:187) - select column_type from information_schema.columns where table_schema = &apos;sampledb&apos; and table_name = &apos;t_user&apos; and column_name = &apos;password&apos;
2018-05-03 14:46:43,797 DEBUG (org.unitils.core.dbsupport.DefaultSQLHandler:187) - select column_type from information_schema.columns where table_schema = &apos;sampledb&apos; and table_name = &apos;t_user&apos; and column_name = &apos;password&apos;
2018-05-03 14:46:43,798 DEBUG (org.unitils.core.dbsupport.DefaultSQLHandler:80) - alter table `sampledb`.`t_user` change column `password` `password` varchar(30) NULL 
2018-05-03 14:46:43,798 DEBUG (org.unitils.core.dbsupport.DefaultSQLHandler:80) - alter table `sampledb`.`t_user` change column `password` `password` varchar(30) NULL 
2018-05-03 14:46:43,946 DEBUG (org.unitils.core.dbsupport.DefaultSQLHandler:187) - select column_type from information_schema.columns where table_schema = &apos;sampledb&apos; and table_name = &apos;t_user&apos; and column_name = &apos;user_type&apos;
2018-05-03 14:46:43,946 DEBUG (org.unitils.core.dbsupport.DefaultSQLHandler:187) - select column_type from information_schema.columns where table_schema = &apos;sampledb&apos; and table_name = &apos;t_user&apos; and column_name = &apos;user_type&apos;
2018-05-03 14:46:43,947 DEBUG (org.unitils.core.dbsupport.DefaultSQLHandler:80) - alter table `sampledb`.`t_user` change column `user_type` `user_type` tinyint(4) NULL 
2018-05-03 14:46:43,947 DEBUG (org.unitils.core.dbsupport.DefaultSQLHandler:80) - alter table `sampledb`.`t_user` change column `user_type` `user_type` tinyint(4) NULL 
2018-05-03 14:46:44,061 DEBUG (org.unitils.core.dbsupport.DefaultSQLHandler:187) - select column_type from information_schema.columns where table_schema = &apos;sampledb&apos; and table_name = &apos;t_user&apos; and column_name = &apos;user_name&apos;
2018-05-03 14:46:44,061 DEBUG (org.unitils.core.dbsupport.DefaultSQLHandler:187) - select column_type from information_schema.columns where table_schema = &apos;sampledb&apos; and table_name = &apos;t_user&apos; and column_name = &apos;user_name&apos;
2018-05-03 14:46:44,062 DEBUG (org.unitils.core.dbsupport.DefaultSQLHandler:80) - alter table `sampledb`.`t_user` change column `user_name` `user_name` varchar(30) NULL 
2018-05-03 14:46:44,062 DEBUG (org.unitils.core.dbsupport.DefaultSQLHandler:80) - alter table `sampledb`.`t_user` change column `user_name` `user_name` varchar(30) NULL 
2018-05-03 14:46:44,255 DEBUG (org.unitils.core.dbsupport.DefaultSQLHandler:187) - select column_type from information_schema.columns where table_schema = &apos;sampledb&apos; and table_name = &apos;t_user&apos; and column_name = &apos;locked&apos;
2018-05-03 14:46:44,255 DEBUG (org.unitils.core.dbsupport.DefaultSQLHandler:187) - select column_type from information_schema.columns where table_schema = &apos;sampledb&apos; and table_name = &apos;t_user&apos; and column_name = &apos;locked&apos;
2018-05-03 14:46:44,257 DEBUG (org.unitils.core.dbsupport.DefaultSQLHandler:80) - alter table `sampledb`.`t_user` change column `locked` `locked` tinyint(4) NULL 
2018-05-03 14:46:44,257 DEBUG (org.unitils.core.dbsupport.DefaultSQLHandler:80) - alter table `sampledb`.`t_user` change column `locked` `locked` tinyint(4) NULL 
2018-05-03 14:46:44,378 DEBUG (org.unitils.core.dbsupport.DefaultSQLHandler:214) - select constraint_name from information_schema.table_constraints where constraint_type in (&apos;UNIQUE&apos;) AND table_name = &apos;dbmaintain_scripts&apos; and constraint_schema = &apos;sampledb&apos;
2018-05-03 14:46:44,378 DEBUG (org.unitils.core.dbsupport.DefaultSQLHandler:214) - select constraint_name from information_schema.table_constraints where constraint_type in (&apos;UNIQUE&apos;) AND table_name = &apos;dbmaintain_scripts&apos; and constraint_schema = &apos;sampledb&apos;
2018-05-03 14:46:44,379 DEBUG (org.unitils.core.dbsupport.DefaultSQLHandler:214) - select column_name from information_schema.columns where is_nullable = &apos;NO&apos; and column_key &lt;&gt; &apos;PRI&apos; and table_name = &apos;dbmaintain_scripts&apos; and table_schema = &apos;sampledb&apos;
2018-05-03 14:46:44,379 DEBUG (org.unitils.core.dbsupport.DefaultSQLHandler:214) - select column_name from information_schema.columns where is_nullable = &apos;NO&apos; and column_key &lt;&gt; &apos;PRI&apos; and table_name = &apos;dbmaintain_scripts&apos; and table_schema = &apos;sampledb&apos;
2018-05-03 14:46:44,380 DEBUG (org.unitils.core.dbsupport.DefaultSQLHandler:214) - select constraint_name from information_schema.table_constraints where constraint_type in (&apos;UNIQUE&apos;) AND table_name = &apos;t_post&apos; and constraint_schema = &apos;sampledb&apos;
2018-05-03 14:46:44,380 DEBUG (org.unitils.core.dbsupport.DefaultSQLHandler:214) - select constraint_name from information_schema.table_constraints where constraint_type in (&apos;UNIQUE&apos;) AND table_name = &apos;t_post&apos; and constraint_schema = &apos;sampledb&apos;
2018-05-03 14:46:44,382 DEBUG (org.unitils.core.dbsupport.DefaultSQLHandler:214) - select column_name from information_schema.columns where is_nullable = &apos;NO&apos; and column_key &lt;&gt; &apos;PRI&apos; and table_name = &apos;t_post&apos; and table_schema = &apos;sampledb&apos;
2018-05-03 14:46:44,382 DEBUG (org.unitils.core.dbsupport.DefaultSQLHandler:214) - select column_name from information_schema.columns where is_nullable = &apos;NO&apos; and column_key &lt;&gt; &apos;PRI&apos; and table_name = &apos;t_post&apos; and table_schema = &apos;sampledb&apos;
2018-05-03 14:46:44,383 DEBUG (org.unitils.core.dbsupport.DefaultSQLHandler:187) - select column_type from information_schema.columns where table_schema = &apos;sampledb&apos; and table_name = &apos;t_post&apos; and column_name = &apos;post_title&apos;
2018-05-03 14:46:44,383 DEBUG (org.unitils.core.dbsupport.DefaultSQLHandler:187) - select column_type from information_schema.columns where table_schema = &apos;sampledb&apos; and table_name = &apos;t_post&apos; and column_name = &apos;post_title&apos;
2018-05-03 14:46:44,384 DEBUG (org.unitils.core.dbsupport.DefaultSQLHandler:80) - alter table `sampledb`.`t_post` change column `post_title` `post_title` varchar(50) NULL 
2018-05-03 14:46:44,384 DEBUG (org.unitils.core.dbsupport.DefaultSQLHandler:80) - alter table `sampledb`.`t_post` change column `post_title` `post_title` varchar(50) NULL 
2018-05-03 14:46:44,517 DEBUG (org.unitils.core.dbsupport.DefaultSQLHandler:187) - select column_type from information_schema.columns where table_schema = &apos;sampledb&apos; and table_name = &apos;t_post&apos; and column_name = &apos;create_time&apos;
2018-05-03 14:46:44,517 DEBUG (org.unitils.core.dbsupport.DefaultSQLHandler:187) - select column_type from information_schema.columns where table_schema = &apos;sampledb&apos; and table_name = &apos;t_post&apos; and column_name = &apos;create_time&apos;
2018-05-03 14:46:44,519 DEBUG (org.unitils.core.dbsupport.DefaultSQLHandler:80) - alter table `sampledb`.`t_post` change column `create_time` `create_time` date NULL 
2018-05-03 14:46:44,519 DEBUG (org.unitils.core.dbsupport.DefaultSQLHandler:80) - alter table `sampledb`.`t_post` change column `create_time` `create_time` date NULL 
2018-05-03 14:46:44,657 DEBUG (org.unitils.core.dbsupport.DefaultSQLHandler:187) - select column_type from information_schema.columns where table_schema = &apos;sampledb&apos; and table_name = &apos;t_post&apos; and column_name = &apos;user_id&apos;
2018-05-03 14:46:44,657 DEBUG (org.unitils.core.dbsupport.DefaultSQLHandler:187) - select column_type from information_schema.columns where table_schema = &apos;sampledb&apos; and table_name = &apos;t_post&apos; and column_name = &apos;user_id&apos;
2018-05-03 14:46:44,659 DEBUG (org.unitils.core.dbsupport.DefaultSQLHandler:80) - alter table `sampledb`.`t_post` change column `user_id` `user_id` int(11) NULL 
2018-05-03 14:46:44,659 DEBUG (org.unitils.core.dbsupport.DefaultSQLHandler:80) - alter table `sampledb`.`t_post` change column `user_id` `user_id` int(11) NULL 
2018-05-03 14:46:44,799 DEBUG (org.unitils.core.dbsupport.DefaultSQLHandler:187) - select column_type from information_schema.columns where table_schema = &apos;sampledb&apos; and table_name = &apos;t_post&apos; and column_name = &apos;board_id&apos;
2018-05-03 14:46:44,799 DEBUG (org.unitils.core.dbsupport.DefaultSQLHandler:187) - select column_type from information_schema.columns where table_schema = &apos;sampledb&apos; and table_name = &apos;t_post&apos; and column_name = &apos;board_id&apos;
2018-05-03 14:46:44,800 DEBUG (org.unitils.core.dbsupport.DefaultSQLHandler:80) - alter table `sampledb`.`t_post` change column `board_id` `board_id` int(11) NULL 
2018-05-03 14:46:44,800 DEBUG (org.unitils.core.dbsupport.DefaultSQLHandler:80) - alter table `sampledb`.`t_post` change column `board_id` `board_id` int(11) NULL 
2018-05-03 14:46:44,950 DEBUG (org.unitils.core.dbsupport.DefaultSQLHandler:187) - select column_type from information_schema.columns where table_schema = &apos;sampledb&apos; and table_name = &apos;t_post&apos; and column_name = &apos;post_type&apos;
2018-05-03 14:46:44,950 DEBUG (org.unitils.core.dbsupport.DefaultSQLHandler:187) - select column_type from information_schema.columns where table_schema = &apos;sampledb&apos; and table_name = &apos;t_post&apos; and column_name = &apos;post_type&apos;
2018-05-03 14:46:44,951 DEBUG (org.unitils.core.dbsupport.DefaultSQLHandler:80) - alter table `sampledb`.`t_post` change column `post_type` `post_type` tinyint(4) NULL 
2018-05-03 14:46:44,951 DEBUG (org.unitils.core.dbsupport.DefaultSQLHandler:80) - alter table `sampledb`.`t_post` change column `post_type` `post_type` tinyint(4) NULL 
2018-05-03 14:46:45,119 DEBUG (org.unitils.core.dbsupport.DefaultSQLHandler:187) - select column_type from information_schema.columns where table_schema = &apos;sampledb&apos; and table_name = &apos;t_post&apos; and column_name = &apos;topic_id&apos;
2018-05-03 14:46:45,119 DEBUG (org.unitils.core.dbsupport.DefaultSQLHandler:187) - select column_type from information_schema.columns where table_schema = &apos;sampledb&apos; and table_name = &apos;t_post&apos; and column_name = &apos;topic_id&apos;
2018-05-03 14:46:45,122 DEBUG (org.unitils.core.dbsupport.DefaultSQLHandler:80) - alter table `sampledb`.`t_post` change column `topic_id` `topic_id` int(11) NULL 
2018-05-03 14:46:45,122 DEBUG (org.unitils.core.dbsupport.DefaultSQLHandler:80) - alter table `sampledb`.`t_post` change column `topic_id` `topic_id` int(11) NULL 
2018-05-03 14:46:45,243 DEBUG (org.unitils.core.dbsupport.DefaultSQLHandler:187) - select column_type from information_schema.columns where table_schema = &apos;sampledb&apos; and table_name = &apos;t_post&apos; and column_name = &apos;post_text&apos;
2018-05-03 14:46:45,243 DEBUG (org.unitils.core.dbsupport.DefaultSQLHandler:187) - select column_type from information_schema.columns where table_schema = &apos;sampledb&apos; and table_name = &apos;t_post&apos; and column_name = &apos;post_text&apos;
2018-05-03 14:46:45,245 DEBUG (org.unitils.core.dbsupport.DefaultSQLHandler:80) - alter table `sampledb`.`t_post` change column `post_text` `post_text` text NULL 
2018-05-03 14:46:45,245 DEBUG (org.unitils.core.dbsupport.DefaultSQLHandler:80) - alter table `sampledb`.`t_post` change column `post_text` `post_text` text NULL 
2018-05-03 14:46:45,651 DEBUG (org.unitils.core.dbsupport.DefaultSQLHandler:214) - select constraint_name from information_schema.table_constraints where constraint_type in (&apos;UNIQUE&apos;) AND table_name = &apos;t_login_log&apos; and constraint_schema = &apos;sampledb&apos;
2018-05-03 14:46:45,651 DEBUG (org.unitils.core.dbsupport.DefaultSQLHandler:214) - select constraint_name from information_schema.table_constraints where constraint_type in (&apos;UNIQUE&apos;) AND table_name = &apos;t_login_log&apos; and constraint_schema = &apos;sampledb&apos;
2018-05-03 14:46:45,656 DEBUG (org.unitils.core.dbsupport.DefaultSQLHandler:214) - select column_name from information_schema.columns where is_nullable = &apos;NO&apos; and column_key &lt;&gt; &apos;PRI&apos; and table_name = &apos;t_login_log&apos; and table_schema = &apos;sampledb&apos;
2018-05-03 14:46:45,656 DEBUG (org.unitils.core.dbsupport.DefaultSQLHandler:214) - select column_name from information_schema.columns where is_nullable = &apos;NO&apos; and column_key &lt;&gt; &apos;PRI&apos; and table_name = &apos;t_login_log&apos; and table_schema = &apos;sampledb&apos;
2018-05-03 14:46:45,659 DEBUG (org.unitils.core.dbsupport.DefaultSQLHandler:187) - select column_type from information_schema.columns where table_schema = &apos;sampledb&apos; and table_name = &apos;t_login_log&apos; and column_name = &apos;login_datetime&apos;
2018-05-03 14:46:45,659 DEBUG (org.unitils.core.dbsupport.DefaultSQLHandler:187) - select column_type from information_schema.columns where table_schema = &apos;sampledb&apos; and table_name = &apos;t_login_log&apos; and column_name = &apos;login_datetime&apos;
2018-05-03 14:46:45,661 DEBUG (org.unitils.core.dbsupport.DefaultSQLHandler:80) - alter table `sampledb`.`t_login_log` change column `login_datetime` `login_datetime` varchar(14) NULL 
2018-05-03 14:46:45,661 DEBUG (org.unitils.core.dbsupport.DefaultSQLHandler:80) - alter table `sampledb`.`t_login_log` change column `login_datetime` `login_datetime` varchar(14) NULL 
2018-05-03 14:46:45,907 DEBUG (org.unitils.core.dbsupport.DefaultSQLHandler:187) - select column_type from information_schema.columns where table_schema = &apos;sampledb&apos; and table_name = &apos;t_login_log&apos; and column_name = &apos;ip&apos;
2018-05-03 14:46:45,907 DEBUG (org.unitils.core.dbsupport.DefaultSQLHandler:187) - select column_type from information_schema.columns where table_schema = &apos;sampledb&apos; and table_name = &apos;t_login_log&apos; and column_name = &apos;ip&apos;
2018-05-03 14:46:45,910 DEBUG (org.unitils.core.dbsupport.DefaultSQLHandler:80) - alter table `sampledb`.`t_login_log` change column `ip` `ip` varchar(30) NULL 
2018-05-03 14:46:45,910 DEBUG (org.unitils.core.dbsupport.DefaultSQLHandler:80) - alter table `sampledb`.`t_login_log` change column `ip` `ip` varchar(30) NULL 
2018-05-03 14:46:46,189  INFO (org.unitils.dbmaintainer.structure.impl.DefaultSequenceUpdater:65) - Updating sequences and identity columns in database schema sampledb
2018-05-03 14:46:46,189  INFO (org.unitils.dbmaintainer.structure.impl.DefaultSequenceUpdater:65) - Updating sequences and identity columns in database schema sampledb
2018-05-03 14:46:46,189 DEBUG (org.unitils.core.dbsupport.DefaultSQLHandler:214) - select table_name from information_schema.tables where table_schema = &apos;sampledb&apos; and table_type = &apos;BASE TABLE&apos;
2018-05-03 14:46:46,189 DEBUG (org.unitils.core.dbsupport.DefaultSQLHandler:214) - select table_name from information_schema.tables where table_schema = &apos;sampledb&apos; and table_type = &apos;BASE TABLE&apos;
2018-05-03 14:46:46,192 DEBUG (org.unitils.core.dbsupport.DefaultSQLHandler:214) - select column_name from information_schema.columns where table_name = &apos;t_board_manager&apos; and column_key = &apos;PRI&apos; and table_schema = &apos;sampledb&apos;
2018-05-03 14:46:46,192 DEBUG (org.unitils.core.dbsupport.DefaultSQLHandler:214) - select column_name from information_schema.columns where table_name = &apos;t_board_manager&apos; and column_key = &apos;PRI&apos; and table_schema = &apos;sampledb&apos;
2018-05-03 14:46:46,195 DEBUG (org.unitils.core.dbsupport.DefaultSQLHandler:80) - alter table `sampledb`.`t_board_manager` AUTO_INCREMENT = 1000
2018-05-03 14:46:46,195 DEBUG (org.unitils.core.dbsupport.DefaultSQLHandler:80) - alter table `sampledb`.`t_board_manager` AUTO_INCREMENT = 1000
2018-05-03 14:46:46,285 DEBUG (org.unitils.dbmaintainer.structure.impl.DefaultSequenceUpdater:106) - Incrementing value for identity column user_id in database schema sampledb
2018-05-03 14:46:46,285 DEBUG (org.unitils.dbmaintainer.structure.impl.DefaultSequenceUpdater:106) - Incrementing value for identity column user_id in database schema sampledb
2018-05-03 14:46:46,286 DEBUG (org.unitils.core.dbsupport.DefaultSQLHandler:80) - alter table `sampledb`.`t_board_manager` AUTO_INCREMENT = 1000
2018-05-03 14:46:46,286 DEBUG (org.unitils.core.dbsupport.DefaultSQLHandler:80) - alter table `sampledb`.`t_board_manager` AUTO_INCREMENT = 1000
2018-05-03 14:46:46,328 DEBUG (org.unitils.dbmaintainer.structure.impl.DefaultSequenceUpdater:106) - Incrementing value for identity column board_id in database schema sampledb
2018-05-03 14:46:46,328 DEBUG (org.unitils.dbmaintainer.structure.impl.DefaultSequenceUpdater:106) - Incrementing value for identity column board_id in database schema sampledb
2018-05-03 14:46:46,328 DEBUG (org.unitils.core.dbsupport.DefaultSQLHandler:214) - select column_name from information_schema.columns where table_name = &apos;t_topic&apos; and column_key = &apos;PRI&apos; and table_schema = &apos;sampledb&apos;
2018-05-03 14:46:46,328 DEBUG (org.unitils.core.dbsupport.DefaultSQLHandler:214) - select column_name from information_schema.columns where table_name = &apos;t_topic&apos; and column_key = &apos;PRI&apos; and table_schema = &apos;sampledb&apos;
2018-05-03 14:46:46,330 DEBUG (org.unitils.core.dbsupport.DefaultSQLHandler:80) - alter table `sampledb`.`t_topic` AUTO_INCREMENT = 1000
2018-05-03 14:46:46,330 DEBUG (org.unitils.core.dbsupport.DefaultSQLHandler:80) - alter table `sampledb`.`t_topic` AUTO_INCREMENT = 1000
2018-05-03 14:46:46,359 DEBUG (org.unitils.dbmaintainer.structure.impl.DefaultSequenceUpdater:106) - Incrementing value for identity column topic_id in database schema sampledb
2018-05-03 14:46:46,359 DEBUG (org.unitils.dbmaintainer.structure.impl.DefaultSequenceUpdater:106) - Incrementing value for identity column topic_id in database schema sampledb
2018-05-03 14:46:46,359 DEBUG (org.unitils.core.dbsupport.DefaultSQLHandler:214) - select column_name from information_schema.columns where table_name = &apos;t_board&apos; and column_key = &apos;PRI&apos; and table_schema = &apos;sampledb&apos;
2018-05-03 14:46:46,359 DEBUG (org.unitils.core.dbsupport.DefaultSQLHandler:214) - select column_name from information_schema.columns where table_name = &apos;t_board&apos; and column_key = &apos;PRI&apos; and table_schema = &apos;sampledb&apos;
2018-05-03 14:46:46,361 DEBUG (org.unitils.core.dbsupport.DefaultSQLHandler:80) - alter table `sampledb`.`t_board` AUTO_INCREMENT = 1000
2018-05-03 14:46:46,361 DEBUG (org.unitils.core.dbsupport.DefaultSQLHandler:80) - alter table `sampledb`.`t_board` AUTO_INCREMENT = 1000
2018-05-03 14:46:46,386 DEBUG (org.unitils.dbmaintainer.structure.impl.DefaultSequenceUpdater:106) - Incrementing value for identity column board_id in database schema sampledb
2018-05-03 14:46:46,386 DEBUG (org.unitils.dbmaintainer.structure.impl.DefaultSequenceUpdater:106) - Incrementing value for identity column board_id in database schema sampledb
2018-05-03 14:46:46,387 DEBUG (org.unitils.core.dbsupport.DefaultSQLHandler:214) - select column_name from information_schema.columns where table_name = &apos;t_user&apos; and column_key = &apos;PRI&apos; and table_schema = &apos;sampledb&apos;
2018-05-03 14:46:46,387 DEBUG (org.unitils.core.dbsupport.DefaultSQLHandler:214) - select column_name from information_schema.columns where table_name = &apos;t_user&apos; and column_key = &apos;PRI&apos; and table_schema = &apos;sampledb&apos;
2018-05-03 14:46:46,388 DEBUG (org.unitils.core.dbsupport.DefaultSQLHandler:80) - alter table `sampledb`.`t_user` AUTO_INCREMENT = 1000
2018-05-03 14:46:46,388 DEBUG (org.unitils.core.dbsupport.DefaultSQLHandler:80) - alter table `sampledb`.`t_user` AUTO_INCREMENT = 1000
2018-05-03 14:46:46,407 DEBUG (org.unitils.dbmaintainer.structure.impl.DefaultSequenceUpdater:106) - Incrementing value for identity column user_id in database schema sampledb
2018-05-03 14:46:46,407 DEBUG (org.unitils.dbmaintainer.structure.impl.DefaultSequenceUpdater:106) - Incrementing value for identity column user_id in database schema sampledb
2018-05-03 14:46:46,408 DEBUG (org.unitils.core.dbsupport.DefaultSQLHandler:214) - select column_name from information_schema.columns where table_name = &apos;dbmaintain_scripts&apos; and column_key = &apos;PRI&apos; and table_schema = &apos;sampledb&apos;
2018-05-03 14:46:46,408 DEBUG (org.unitils.core.dbsupport.DefaultSQLHandler:214) - select column_name from information_schema.columns where table_name = &apos;dbmaintain_scripts&apos; and column_key = &apos;PRI&apos; and table_schema = &apos;sampledb&apos;
2018-05-03 14:46:46,409 DEBUG (org.unitils.core.dbsupport.DefaultSQLHandler:214) - select column_name from information_schema.columns where table_name = &apos;t_post&apos; and column_key = &apos;PRI&apos; and table_schema = &apos;sampledb&apos;
2018-05-03 14:46:46,409 DEBUG (org.unitils.core.dbsupport.DefaultSQLHandler:214) - select column_name from information_schema.columns where table_name = &apos;t_post&apos; and column_key = &apos;PRI&apos; and table_schema = &apos;sampledb&apos;
2018-05-03 14:46:46,410 DEBUG (org.unitils.core.dbsupport.DefaultSQLHandler:80) - alter table `sampledb`.`t_post` AUTO_INCREMENT = 1000
2018-05-03 14:46:46,410 DEBUG (org.unitils.core.dbsupport.DefaultSQLHandler:80) - alter table `sampledb`.`t_post` AUTO_INCREMENT = 1000
2018-05-03 14:46:46,429 DEBUG (org.unitils.dbmaintainer.structure.impl.DefaultSequenceUpdater:106) - Incrementing value for identity column post_id in database schema sampledb
2018-05-03 14:46:46,429 DEBUG (org.unitils.dbmaintainer.structure.impl.DefaultSequenceUpdater:106) - Incrementing value for identity column post_id in database schema sampledb
2018-05-03 14:46:46,429 DEBUG (org.unitils.core.dbsupport.DefaultSQLHandler:214) - select column_name from information_schema.columns where table_name = &apos;t_login_log&apos; and column_key = &apos;PRI&apos; and table_schema = &apos;sampledb&apos;
2018-05-03 14:46:46,429 DEBUG (org.unitils.core.dbsupport.DefaultSQLHandler:214) - select column_name from information_schema.columns where table_name = &apos;t_login_log&apos; and column_key = &apos;PRI&apos; and table_schema = &apos;sampledb&apos;
2018-05-03 14:46:46,430 DEBUG (org.unitils.core.dbsupport.DefaultSQLHandler:80) - alter table `sampledb`.`t_login_log` AUTO_INCREMENT = 1000
2018-05-03 14:46:46,430 DEBUG (org.unitils.core.dbsupport.DefaultSQLHandler:80) - alter table `sampledb`.`t_login_log` AUTO_INCREMENT = 1000
2018-05-03 14:46:46,454 DEBUG (org.unitils.dbmaintainer.structure.impl.DefaultSequenceUpdater:106) - Incrementing value for identity column login_log_id in database schema sampledb
2018-05-03 14:46:46,454 DEBUG (org.unitils.dbmaintainer.structure.impl.DefaultSequenceUpdater:106) - Incrementing value for identity column login_log_id in database schema sampledb
2018-05-03 14:46:46,456 DEBUG (org.unitils.core.dbsupport.DefaultSQLHandler:214) - select table_name from information_schema.tables where table_schema = &apos;sampledb&apos; and table_type = &apos;BASE TABLE&apos;
2018-05-03 14:46:46,456 DEBUG (org.unitils.core.dbsupport.DefaultSQLHandler:214) - select table_name from information_schema.tables where table_schema = &apos;sampledb&apos; and table_type = &apos;BASE TABLE&apos;
2018-05-03 14:46:46,466 DEBUG (org.unitils.core.dbsupport.DefaultSQLHandler:214) - select table_name from information_schema.tables where table_schema = &apos;sampledb&apos; and table_type = &apos;BASE TABLE&apos;
2018-05-03 14:46:46,466 DEBUG (org.unitils.core.dbsupport.DefaultSQLHandler:214) - select table_name from information_schema.tables where table_schema = &apos;sampledb&apos; and table_type = &apos;BASE TABLE&apos;
2018-05-03 14:46:46,468 DEBUG (org.unitils.core.dbsupport.DefaultSQLHandler:214) - select column_name from information_schema.columns where table_name = &apos;t_board_manager&apos; and table_schema = &apos;sampledb&apos;
2018-05-03 14:46:46,468 DEBUG (org.unitils.core.dbsupport.DefaultSQLHandler:214) - select column_name from information_schema.columns where table_name = &apos;t_board_manager&apos; and table_schema = &apos;sampledb&apos;
2018-05-03 14:46:46,470 DEBUG (org.unitils.core.dbsupport.DefaultSQLHandler:214) - select column_name from information_schema.columns where table_name = &apos;t_topic&apos; and table_schema = &apos;sampledb&apos;
2018-05-03 14:46:46,470 DEBUG (org.unitils.core.dbsupport.DefaultSQLHandler:214) - select column_name from information_schema.columns where table_name = &apos;t_topic&apos; and table_schema = &apos;sampledb&apos;
2018-05-03 14:46:46,473 DEBUG (org.unitils.core.dbsupport.DefaultSQLHandler:214) - select column_name from information_schema.columns where table_name = &apos;t_board&apos; and table_schema = &apos;sampledb&apos;
2018-05-03 14:46:46,473 DEBUG (org.unitils.core.dbsupport.DefaultSQLHandler:214) - select column_name from information_schema.columns where table_name = &apos;t_board&apos; and table_schema = &apos;sampledb&apos;
2018-05-03 14:46:46,476 DEBUG (org.unitils.core.dbsupport.DefaultSQLHandler:214) - select column_name from information_schema.columns where table_name = &apos;t_user&apos; and table_schema = &apos;sampledb&apos;
2018-05-03 14:46:46,476 DEBUG (org.unitils.core.dbsupport.DefaultSQLHandler:214) - select column_name from information_schema.columns where table_name = &apos;t_user&apos; and table_schema = &apos;sampledb&apos;
2018-05-03 14:46:46,484 DEBUG (org.unitils.core.dbsupport.DefaultSQLHandler:214) - select column_name from information_schema.columns where table_name = &apos;dbmaintain_scripts&apos; and table_schema = &apos;sampledb&apos;
2018-05-03 14:46:46,484 DEBUG (org.unitils.core.dbsupport.DefaultSQLHandler:214) - select column_name from information_schema.columns where table_name = &apos;dbmaintain_scripts&apos; and table_schema = &apos;sampledb&apos;
2018-05-03 14:46:46,487 DEBUG (org.unitils.core.dbsupport.DefaultSQLHandler:214) - select column_name from information_schema.columns where table_name = &apos;t_post&apos; and table_schema = &apos;sampledb&apos;
2018-05-03 14:46:46,487 DEBUG (org.unitils.core.dbsupport.DefaultSQLHandler:214) - select column_name from information_schema.columns where table_name = &apos;t_post&apos; and table_schema = &apos;sampledb&apos;
2018-05-03 14:46:46,490 DEBUG (org.unitils.core.dbsupport.DefaultSQLHandler:214) - select column_name from information_schema.columns where table_name = &apos;t_login_log&apos; and table_schema = &apos;sampledb&apos;
2018-05-03 14:46:46,490 DEBUG (org.unitils.core.dbsupport.DefaultSQLHandler:214) - select column_name from information_schema.columns where table_name = &apos;t_login_log&apos; and table_schema = &apos;sampledb&apos;
2018-05-03 14:46:46,999 DEBUG (org.springframework.core.env.StandardEnvironment:109) - Adding [systemProperties] PropertySource with lowest search precedence
2018-05-03 14:46:46,999 DEBUG (org.springframework.core.env.StandardEnvironment:109) - Adding [systemProperties] PropertySource with lowest search precedence
2018-05-03 14:46:47,002 DEBUG (org.springframework.core.env.StandardEnvironment:109) - Adding [systemEnvironment] PropertySource with lowest search precedence
2018-05-03 14:46:47,002 DEBUG (org.springframework.core.env.StandardEnvironment:109) - Adding [systemEnvironment] PropertySource with lowest search precedence
2018-05-03 14:46:47,003 DEBUG (org.springframework.core.env.StandardEnvironment:127) - Initialized StandardEnvironment with PropertySources [systemProperties,systemEnvironment]
2018-05-03 14:46:47,003 DEBUG (org.springframework.core.env.StandardEnvironment:127) - Initialized StandardEnvironment with PropertySources [systemProperties,systemEnvironment]
2018-05-03 14:46:47,011  INFO (org.springframework.context.support.ClassPathXmlApplicationContext:574) - Refreshing org.springframework.context.support.ClassPathXmlApplicationContext@6b81ce95: startup date [Thu May 03 14:46:47 CST 2018]; root of context hierarchy
2018-05-03 14:46:47,011  INFO (org.springframework.context.support.ClassPathXmlApplicationContext:574) - Refreshing org.springframework.context.support.ClassPathXmlApplicationContext@6b81ce95: startup date [Thu May 03 14:46:47 CST 2018]; root of context hierarchy
2018-05-03 14:46:47,110 DEBUG (org.springframework.core.env.StandardEnvironment:109) - Adding [systemProperties] PropertySource with lowest search precedence
2018-05-03 14:46:47,110 DEBUG (org.springframework.core.env.StandardEnvironment:109) - Adding [systemProperties] PropertySource with lowest search precedence
2018-05-03 14:46:47,111 DEBUG (org.springframework.core.env.StandardEnvironment:109) - Adding [systemEnvironment] PropertySource with lowest search precedence
2018-05-03 14:46:47,111 DEBUG (org.springframework.core.env.StandardEnvironment:109) - Adding [systemEnvironment] PropertySource with lowest search precedence
2018-05-03 14:46:47,112 DEBUG (org.springframework.core.env.StandardEnvironment:127) - Initialized StandardEnvironment with PropertySources [systemProperties,systemEnvironment]
2018-05-03 14:46:47,112 DEBUG (org.springframework.core.env.StandardEnvironment:127) - Initialized StandardEnvironment with PropertySources [systemProperties,systemEnvironment]
2018-05-03 14:46:47,129  INFO (org.springframework.beans.factory.xml.XmlBeanDefinitionReader:317) - Loading XML bean definitions from class path resource [xiaochun-dao.xml]
2018-05-03 14:46:47,129  INFO (org.springframework.beans.factory.xml.XmlBeanDefinitionReader:317) - Loading XML bean definitions from class path resource [xiaochun-dao.xml]
2018-05-03 14:46:47,599 DEBUG (org.springframework.beans.factory.xml.DefaultDocumentLoader:73) - Using JAXP provider [org.apache.xerces.jaxp.DocumentBuilderFactoryImpl]
2018-05-03 14:46:47,599 DEBUG (org.springframework.beans.factory.xml.DefaultDocumentLoader:73) - Using JAXP provider [org.apache.xerces.jaxp.DocumentBuilderFactoryImpl]
2018-05-03 14:46:48,516 DEBUG (org.springframework.beans.factory.xml.PluggableSchemaResolver:141) - Loading schema mappings from [META-INF/spring.schemas]
2018-05-03 14:46:48,516 DEBUG (org.springframework.beans.factory.xml.PluggableSchemaResolver:141) - Loading schema mappings from [META-INF/spring.schemas]
2018-05-03 14:46:48,534 DEBUG (org.springframework.beans.factory.xml.PluggableSchemaResolver:147) - Loaded schema mappings: {http://www.springframework.org/schema/tx/spring-tx-2.5.xsd=org/springframework/transaction/config/spring-tx-2.5.xsd, http://www.springframework.org/schema/cache/spring-cache-4.2.xsd=org/springframework/cache/config/spring-cache-4.2.xsd, http://www.springframework.org/schema/aop/spring-aop-4.1.xsd=org/springframework/aop/config/spring-aop-4.1.xsd, http://www.springframework.org/schema/context/spring-context-3.1.xsd=org/springframework/context/config/spring-context-3.1.xsd, http://www.springframework.org/schema/jdbc/spring-jdbc-4.1.xsd=org/springframework/jdbc/config/spring-jdbc-4.1.xsd, http://www.springframework.org/schema/util/spring-util-3.0.xsd=org/springframework/beans/factory/xml/spring-util-3.0.xsd, http://www.springframework.org/schema/mvc/spring-mvc-4.1.xsd=org/springframework/web/servlet/config/spring-mvc-4.1.xsd, http://www.springframework.org/schema/tool/spring-tool.xsd=org/springframework/beans/factory/xml/spring-tool-4.2.xsd, http://www.springframework.org/schema/aop/spring-aop-3.2.xsd=org/springframework/aop/config/spring-aop-3.2.xsd, http://www.springframework.org/schema/lang/spring-lang-4.1.xsd=org/springframework/scripting/config/spring-lang-4.1.xsd, http://www.springframework.org/schema/context/spring-context-4.0.xsd=org/springframework/context/config/spring-context-4.0.xsd, http://www.springframework.org/schema/mvc/spring-mvc-3.2.xsd=org/springframework/web/servlet/config/spring-mvc-3.2.xsd, http://www.springframework.org/schema/beans/spring-beans-4.2.xsd=org/springframework/beans/factory/xml/spring-beans-4.2.xsd, http://www.springframework.org/schema/tool/spring-tool-4.1.xsd=org/springframework/beans/factory/xml/spring-tool-4.1.xsd, http://www.springframework.org/schema/lang/spring-lang-3.2.xsd=org/springframework/scripting/config/spring-lang-3.2.xsd, http://www.springframework.org/schema/cache/spring-cache-3.2.xsd=org/springframework/cache/config/spring-cache-3.2.xsd, http://www.springframework.org/schema/jee/spring-jee-4.1.xsd=org/springframework/ejb/config/spring-jee-4.1.xsd, http://www.springframework.org/schema/jdbc/spring-jdbc-3.1.xsd=org/springframework/jdbc/config/spring-jdbc-3.1.xsd, http://www.springframework.org/schema/util/spring-util-2.0.xsd=org/springframework/beans/factory/xml/spring-util-2.0.xsd, http://www.springframework.org/schema/task/spring-task-4.2.xsd=org/springframework/scheduling/config/spring-task-4.2.xsd, http://www.springframework.org/schema/tool/spring-tool-3.2.xsd=org/springframework/beans/factory/xml/spring-tool-3.2.xsd, http://www.springframework.org/schema/context/spring-context.xsd=org/springframework/context/config/spring-context-4.2.xsd, http://www.springframework.org/schema/tx/spring-tx-4.2.xsd=org/springframework/transaction/config/spring-tx-4.2.xsd, http://www.springframework.org/schema/cache/spring-cache-4.1.xsd=org/springframework/cache/config/spring-cache-4.1.xsd, http://www.springframework.org/schema/aop/spring-aop-4.0.xsd=org/springframework/aop/config/spring-aop-4.0.xsd, http://www.springframework.org/schema/jee/spring-jee-3.2.xsd=org/springframework/ejb/config/spring-jee-3.2.xsd, http://www.springframework.org/schema/context/spring-context-3.0.xsd=org/springframework/context/config/spring-context-3.0.xsd, http://www.springframework.org/schema/jdbc/spring-jdbc-4.0.xsd=org/springframework/jdbc/config/spring-jdbc-4.0.xsd, http://www.springframework.org/schema/util/spring-util-2.5.xsd=org/springframework/beans/factory/xml/spring-util-2.5.xsd, http://www.springframework.org/schema/mvc/spring-mvc-4.0.xsd=org/springframework/web/servlet/config/spring-mvc-4.0.xsd, http://www.springframework.org/schema/beans/spring-beans-3.2.xsd=org/springframework/beans/factory/xml/spring-beans-3.2.xsd, http://www.springframework.org/schema/aop/spring-aop-3.1.xsd=org/springframework/aop/config/spring-aop-3.1.xsd, http://www.springframework.org/schema/lang/spring-lang-4.0.xsd=org/springframework/scripting/config/spring-lang-4.0.xsd, http://www.springframework.org/schema/mvc/spring-mvc.xsd=org/springframework/web/servlet/config/spring-mvc-4.2.xsd, http://www.springframework.org/schema/mvc/spring-mvc-3.1.xsd=org/springframework/web/servlet/config/spring-mvc-3.1.xsd, http://www.springframework.org/schema/beans/spring-beans-4.1.xsd=org/springframework/beans/factory/xml/spring-beans-4.1.xsd, http://www.springframework.org/schema/tool/spring-tool-4.0.xsd=org/springframework/beans/factory/xml/spring-tool-4.0.xsd, http://www.springframework.org/schema/lang/spring-lang-3.1.xsd=org/springframework/scripting/config/spring-lang-3.1.xsd, http://www.springframework.org/schema/tx/spring-tx-3.2.xsd=org/springframework/transaction/config/spring-tx-3.2.xsd, http://www.springframework.org/schema/cache/spring-cache-3.1.xsd=org/springframework/cache/config/spring-cache-3.1.xsd, http://www.springframework.org/schema/jee/spring-jee-4.0.xsd=org/springframework/ejb/config/spring-jee-4.0.xsd, http://www.springframework.org/schema/jdbc/spring-jdbc-3.0.xsd=org/springframework/jdbc/config/spring-jdbc-3.0.xsd, http://www.springframework.org/schema/task/spring-task-4.1.xsd=org/springframework/scheduling/config/spring-task-4.1.xsd, http://www.springframework.org/schema/jdbc/spring-jdbc.xsd=org/springframework/jdbc/config/spring-jdbc-4.2.xsd, http://www.springframework.org/schema/tool/spring-tool-3.1.xsd=org/springframework/beans/factory/xml/spring-tool-3.1.xsd, http://www.springframework.org/schema/tx/spring-tx-4.1.xsd=org/springframework/transaction/config/spring-tx-4.1.xsd, http://www.springframework.org/schema/cache/spring-cache-4.0.xsd=org/springframework/cache/config/spring-cache-4.0.xsd, http://www.springframework.org/schema/jee/spring-jee-3.1.xsd=org/springframework/ejb/config/spring-jee-3.1.xsd, http://www.springframework.org/schema/util/spring-util-4.2.xsd=org/springframework/beans/factory/xml/spring-util-4.2.xsd, http://www.springframework.org/schema/task/spring-task-3.2.xsd=org/springframework/scheduling/config/spring-task-3.2.xsd, http://www.springframework.org/schema/beans/spring-beans-3.1.xsd=org/springframework/beans/factory/xml/spring-beans-3.1.xsd, http://www.springframework.org/schema/util/spring-util.xsd=org/springframework/beans/factory/xml/spring-util-4.2.xsd, http://www.springframework.org/schema/aop/spring-aop-3.0.xsd=org/springframework/aop/config/spring-aop-3.0.xsd, http://www.springframework.org/schema/mvc/spring-mvc-3.0.xsd=org/springframework/web/servlet/config/spring-mvc-3.0.xsd, http://www.springframework.org/schema/beans/spring-beans-4.0.xsd=org/springframework/beans/factory/xml/spring-beans-4.0.xsd, http://www.springframework.org/schema/beans/spring-beans.xsd=org/springframework/beans/factory/xml/spring-beans-4.2.xsd, http://www.springframework.org/schema/lang/spring-lang-3.0.xsd=org/springframework/scripting/config/spring-lang-3.0.xsd, http://www.springframework.org/schema/tx/spring-tx-3.1.xsd=org/springframework/transaction/config/spring-tx-3.1.xsd, http://www.springframework.org/schema/context/spring-context-2.5.xsd=org/springframework/context/config/spring-context-2.5.xsd, http://www.springframework.org/schema/task/spring-task-4.0.xsd=org/springframework/scheduling/config/spring-task-4.0.xsd, http://www.springframework.org/schema/tool/spring-tool-3.0.xsd=org/springframework/beans/factory/xml/spring-tool-3.0.xsd, http://www.springframework.org/schema/tx/spring-tx-4.0.xsd=org/springframework/transaction/config/spring-tx-4.0.xsd, http://www.springframework.org/schema/aop/spring-aop-2.0.xsd=org/springframework/aop/config/spring-aop-2.0.xsd, http://www.springframework.org/schema/jee/spring-jee-3.0.xsd=org/springframework/ejb/config/spring-jee-3.0.xsd, http://www.springframework.org/schema/util/spring-util-4.1.xsd=org/springframework/beans/factory/xml/spring-util-4.1.xsd, http://www.springframework.org/schema/task/spring-task-3.1.xsd=org/springframework/scheduling/config/spring-task-3.1.xsd, http://www.springframework.org/schema/beans/spring-beans-3.0.xsd=org/springframework/beans/factory/xml/spring-beans-3.0.xsd, http://www.springframework.org/schema/jee/spring-jee.xsd=org/springframework/ejb/config/spring-jee-4.2.xsd, http://www.springframework.org/schema/aop/spring-aop-2.5.xsd=org/springframework/aop/config/spring-aop-2.5.xsd, http://www.springframework.org/schema/lang/spring-lang-2.0.xsd=org/springframework/scripting/config/spring-lang-2.0.xsd, http://www.springframework.org/schema/util/spring-util-3.2.xsd=org/springframework/beans/factory/xml/spring-util-3.2.xsd, http://www.springframework.org/schema/task/spring-task.xsd=org/springframework/scheduling/config/spring-task-4.2.xsd, http://www.springframework.org/schema/tool/spring-tool-2.0.xsd=org/springframework/beans/factory/xml/spring-tool-2.0.xsd, http://www.springframework.org/schema/tx/spring-tx-3.0.xsd=org/springframework/transaction/config/spring-tx-3.0.xsd, http://www.springframework.org/schema/lang/spring-lang-2.5.xsd=org/springframework/scripting/config/spring-lang-2.5.xsd, http://www.springframework.org/schema/context/spring-context-4.2.xsd=org/springframework/context/config/spring-context-4.2.xsd, http://www.springframework.org/schema/jee/spring-jee-2.0.xsd=org/springframework/ejb/config/spring-jee-2.0.xsd, http://www.springframework.org/schema/tool/spring-tool-2.5.xsd=org/springframework/beans/factory/xml/spring-tool-2.5.xsd, http://www.springframework.org/schema/jee/spring-jee-2.5.xsd=org/springframework/ejb/config/spring-jee-2.5.xsd, http://www.springframework.org/schema/util/spring-util-4.0.xsd=org/springframework/beans/factory/xml/spring-util-4.0.xsd, http://www.springframework.org/schema/task/spring-task-3.0.xsd=org/springframework/scheduling/config/spring-task-3.0.xsd, http://www.springframework.org/schema/aop/spring-aop-4.2.xsd=org/springframework/aop/config/spring-aop-4.2.xsd, http://www.springframework.org/schema/lang/spring-lang.xsd=org/springframework/scripting/config/spring-lang-4.2.xsd, http://www.springframework.org/schema/context/spring-context-3.2.xsd=org/springframework/context/config/spring-context-3.2.xsd, http://www.springframework.org/schema/jdbc/spring-jdbc-4.2.xsd=org/springframework/jdbc/config/spring-jdbc-4.2.xsd, http://www.springframework.org/schema/util/spring-util-3.1.xsd=org/springframework/beans/factory/xml/spring-util-3.1.xsd, http://www.springframework.org/schema/mvc/spring-mvc-4.2.xsd=org/springframework/web/servlet/config/spring-mvc-4.2.xsd, http://www.springframework.org/schema/beans/spring-beans-2.0.xsd=org/springframework/beans/factory/xml/spring-beans-2.0.xsd, http://www.springframework.org/schema/cache/spring-cache.xsd=org/springframework/cache/config/spring-cache-4.2.xsd, http://www.springframework.org/schema/tx/spring-tx.xsd=org/springframework/transaction/config/spring-tx-4.2.xsd, http://www.springframework.org/schema/lang/spring-lang-4.2.xsd=org/springframework/scripting/config/spring-lang-4.2.xsd, http://www.springframework.org/schema/context/spring-context-4.1.xsd=org/springframework/context/config/spring-context-4.1.xsd, http://www.springframework.org/schema/beans/spring-beans-2.5.xsd=org/springframework/beans/factory/xml/spring-beans-2.5.xsd, http://www.springframework.org/schema/tool/spring-tool-4.2.xsd=org/springframework/beans/factory/xml/spring-tool-4.2.xsd, http://www.springframework.org/schema/tx/spring-tx-2.0.xsd=org/springframework/transaction/config/spring-tx-2.0.xsd, http://www.springframework.org/schema/jee/spring-jee-4.2.xsd=org/springframework/ejb/config/spring-jee-4.2.xsd, http://www.springframework.org/schema/jdbc/spring-jdbc-3.2.xsd=org/springframework/jdbc/config/spring-jdbc-3.2.xsd, http://www.springframework.org/schema/aop/spring-aop.xsd=org/springframework/aop/config/spring-aop-4.2.xsd}
2018-05-03 14:46:48,534 DEBUG (org.springframework.beans.factory.xml.PluggableSchemaResolver:147) - Loaded schema mappings: {http://www.springframework.org/schema/tx/spring-tx-2.5.xsd=org/springframework/transaction/config/spring-tx-2.5.xsd, http://www.springframework.org/schema/cache/spring-cache-4.2.xsd=org/springframework/cache/config/spring-cache-4.2.xsd, http://www.springframework.org/schema/aop/spring-aop-4.1.xsd=org/springframework/aop/config/spring-aop-4.1.xsd, http://www.springframework.org/schema/context/spring-context-3.1.xsd=org/springframework/context/config/spring-context-3.1.xsd, http://www.springframework.org/schema/jdbc/spring-jdbc-4.1.xsd=org/springframework/jdbc/config/spring-jdbc-4.1.xsd, http://www.springframework.org/schema/util/spring-util-3.0.xsd=org/springframework/beans/factory/xml/spring-util-3.0.xsd, http://www.springframework.org/schema/mvc/spring-mvc-4.1.xsd=org/springframework/web/servlet/config/spring-mvc-4.1.xsd, http://www.springframework.org/schema/tool/spring-tool.xsd=org/springframework/beans/factory/xml/spring-tool-4.2.xsd, http://www.springframework.org/schema/aop/spring-aop-3.2.xsd=org/springframework/aop/config/spring-aop-3.2.xsd, http://www.springframework.org/schema/lang/spring-lang-4.1.xsd=org/springframework/scripting/config/spring-lang-4.1.xsd, http://www.springframework.org/schema/context/spring-context-4.0.xsd=org/springframework/context/config/spring-context-4.0.xsd, http://www.springframework.org/schema/mvc/spring-mvc-3.2.xsd=org/springframework/web/servlet/config/spring-mvc-3.2.xsd, http://www.springframework.org/schema/beans/spring-beans-4.2.xsd=org/springframework/beans/factory/xml/spring-beans-4.2.xsd, http://www.springframework.org/schema/tool/spring-tool-4.1.xsd=org/springframework/beans/factory/xml/spring-tool-4.1.xsd, http://www.springframework.org/schema/lang/spring-lang-3.2.xsd=org/springframework/scripting/config/spring-lang-3.2.xsd, http://www.springframework.org/schema/cache/spring-cache-3.2.xsd=org/springframework/cache/config/spring-cache-3.2.xsd, http://www.springframework.org/schema/jee/spring-jee-4.1.xsd=org/springframework/ejb/config/spring-jee-4.1.xsd, http://www.springframework.org/schema/jdbc/spring-jdbc-3.1.xsd=org/springframework/jdbc/config/spring-jdbc-3.1.xsd, http://www.springframework.org/schema/util/spring-util-2.0.xsd=org/springframework/beans/factory/xml/spring-util-2.0.xsd, http://www.springframework.org/schema/task/spring-task-4.2.xsd=org/springframework/scheduling/config/spring-task-4.2.xsd, http://www.springframework.org/schema/tool/spring-tool-3.2.xsd=org/springframework/beans/factory/xml/spring-tool-3.2.xsd, http://www.springframework.org/schema/context/spring-context.xsd=org/springframework/context/config/spring-context-4.2.xsd, http://www.springframework.org/schema/tx/spring-tx-4.2.xsd=org/springframework/transaction/config/spring-tx-4.2.xsd, http://www.springframework.org/schema/cache/spring-cache-4.1.xsd=org/springframework/cache/config/spring-cache-4.1.xsd, http://www.springframework.org/schema/aop/spring-aop-4.0.xsd=org/springframework/aop/config/spring-aop-4.0.xsd, http://www.springframework.org/schema/jee/spring-jee-3.2.xsd=org/springframework/ejb/config/spring-jee-3.2.xsd, http://www.springframework.org/schema/context/spring-context-3.0.xsd=org/springframework/context/config/spring-context-3.0.xsd, http://www.springframework.org/schema/jdbc/spring-jdbc-4.0.xsd=org/springframework/jdbc/config/spring-jdbc-4.0.xsd, http://www.springframework.org/schema/util/spring-util-2.5.xsd=org/springframework/beans/factory/xml/spring-util-2.5.xsd, http://www.springframework.org/schema/mvc/spring-mvc-4.0.xsd=org/springframework/web/servlet/config/spring-mvc-4.0.xsd, http://www.springframework.org/schema/beans/spring-beans-3.2.xsd=org/springframework/beans/factory/xml/spring-beans-3.2.xsd, http://www.springframework.org/schema/aop/spring-aop-3.1.xsd=org/springframework/aop/config/spring-aop-3.1.xsd, http://www.springframework.org/schema/lang/spring-lang-4.0.xsd=org/springframework/scripting/config/spring-lang-4.0.xsd, http://www.springframework.org/schema/mvc/spring-mvc.xsd=org/springframework/web/servlet/config/spring-mvc-4.2.xsd, http://www.springframework.org/schema/mvc/spring-mvc-3.1.xsd=org/springframework/web/servlet/config/spring-mvc-3.1.xsd, http://www.springframework.org/schema/beans/spring-beans-4.1.xsd=org/springframework/beans/factory/xml/spring-beans-4.1.xsd, http://www.springframework.org/schema/tool/spring-tool-4.0.xsd=org/springframework/beans/factory/xml/spring-tool-4.0.xsd, http://www.springframework.org/schema/lang/spring-lang-3.1.xsd=org/springframework/scripting/config/spring-lang-3.1.xsd, http://www.springframework.org/schema/tx/spring-tx-3.2.xsd=org/springframework/transaction/config/spring-tx-3.2.xsd, http://www.springframework.org/schema/cache/spring-cache-3.1.xsd=org/springframework/cache/config/spring-cache-3.1.xsd, http://www.springframework.org/schema/jee/spring-jee-4.0.xsd=org/springframework/ejb/config/spring-jee-4.0.xsd, http://www.springframework.org/schema/jdbc/spring-jdbc-3.0.xsd=org/springframework/jdbc/config/spring-jdbc-3.0.xsd, http://www.springframework.org/schema/task/spring-task-4.1.xsd=org/springframework/scheduling/config/spring-task-4.1.xsd, http://www.springframework.org/schema/jdbc/spring-jdbc.xsd=org/springframework/jdbc/config/spring-jdbc-4.2.xsd, http://www.springframework.org/schema/tool/spring-tool-3.1.xsd=org/springframework/beans/factory/xml/spring-tool-3.1.xsd, http://www.springframework.org/schema/tx/spring-tx-4.1.xsd=org/springframework/transaction/config/spring-tx-4.1.xsd, http://www.springframework.org/schema/cache/spring-cache-4.0.xsd=org/springframework/cache/config/spring-cache-4.0.xsd, http://www.springframework.org/schema/jee/spring-jee-3.1.xsd=org/springframework/ejb/config/spring-jee-3.1.xsd, http://www.springframework.org/schema/util/spring-util-4.2.xsd=org/springframework/beans/factory/xml/spring-util-4.2.xsd, http://www.springframework.org/schema/task/spring-task-3.2.xsd=org/springframework/scheduling/config/spring-task-3.2.xsd, http://www.springframework.org/schema/beans/spring-beans-3.1.xsd=org/springframework/beans/factory/xml/spring-beans-3.1.xsd, http://www.springframework.org/schema/util/spring-util.xsd=org/springframework/beans/factory/xml/spring-util-4.2.xsd, http://www.springframework.org/schema/aop/spring-aop-3.0.xsd=org/springframework/aop/config/spring-aop-3.0.xsd, http://www.springframework.org/schema/mvc/spring-mvc-3.0.xsd=org/springframework/web/servlet/config/spring-mvc-3.0.xsd, http://www.springframework.org/schema/beans/spring-beans-4.0.xsd=org/springframework/beans/factory/xml/spring-beans-4.0.xsd, http://www.springframework.org/schema/beans/spring-beans.xsd=org/springframework/beans/factory/xml/spring-beans-4.2.xsd, http://www.springframework.org/schema/lang/spring-lang-3.0.xsd=org/springframework/scripting/config/spring-lang-3.0.xsd, http://www.springframework.org/schema/tx/spring-tx-3.1.xsd=org/springframework/transaction/config/spring-tx-3.1.xsd, http://www.springframework.org/schema/context/spring-context-2.5.xsd=org/springframework/context/config/spring-context-2.5.xsd, http://www.springframework.org/schema/task/spring-task-4.0.xsd=org/springframework/scheduling/config/spring-task-4.0.xsd, http://www.springframework.org/schema/tool/spring-tool-3.0.xsd=org/springframework/beans/factory/xml/spring-tool-3.0.xsd, http://www.springframework.org/schema/tx/spring-tx-4.0.xsd=org/springframework/transaction/config/spring-tx-4.0.xsd, http://www.springframework.org/schema/aop/spring-aop-2.0.xsd=org/springframework/aop/config/spring-aop-2.0.xsd, http://www.springframework.org/schema/jee/spring-jee-3.0.xsd=org/springframework/ejb/config/spring-jee-3.0.xsd, http://www.springframework.org/schema/util/spring-util-4.1.xsd=org/springframework/beans/factory/xml/spring-util-4.1.xsd, http://www.springframework.org/schema/task/spring-task-3.1.xsd=org/springframework/scheduling/config/spring-task-3.1.xsd, http://www.springframework.org/schema/beans/spring-beans-3.0.xsd=org/springframework/beans/factory/xml/spring-beans-3.0.xsd, http://www.springframework.org/schema/jee/spring-jee.xsd=org/springframework/ejb/config/spring-jee-4.2.xsd, http://www.springframework.org/schema/aop/spring-aop-2.5.xsd=org/springframework/aop/config/spring-aop-2.5.xsd, http://www.springframework.org/schema/lang/spring-lang-2.0.xsd=org/springframework/scripting/config/spring-lang-2.0.xsd, http://www.springframework.org/schema/util/spring-util-3.2.xsd=org/springframework/beans/factory/xml/spring-util-3.2.xsd, http://www.springframework.org/schema/task/spring-task.xsd=org/springframework/scheduling/config/spring-task-4.2.xsd, http://www.springframework.org/schema/tool/spring-tool-2.0.xsd=org/springframework/beans/factory/xml/spring-tool-2.0.xsd, http://www.springframework.org/schema/tx/spring-tx-3.0.xsd=org/springframework/transaction/config/spring-tx-3.0.xsd, http://www.springframework.org/schema/lang/spring-lang-2.5.xsd=org/springframework/scripting/config/spring-lang-2.5.xsd, http://www.springframework.org/schema/context/spring-context-4.2.xsd=org/springframework/context/config/spring-context-4.2.xsd, http://www.springframework.org/schema/jee/spring-jee-2.0.xsd=org/springframework/ejb/config/spring-jee-2.0.xsd, http://www.springframework.org/schema/tool/spring-tool-2.5.xsd=org/springframework/beans/factory/xml/spring-tool-2.5.xsd, http://www.springframework.org/schema/jee/spring-jee-2.5.xsd=org/springframework/ejb/config/spring-jee-2.5.xsd, http://www.springframework.org/schema/util/spring-util-4.0.xsd=org/springframework/beans/factory/xml/spring-util-4.0.xsd, http://www.springframework.org/schema/task/spring-task-3.0.xsd=org/springframework/scheduling/config/spring-task-3.0.xsd, http://www.springframework.org/schema/aop/spring-aop-4.2.xsd=org/springframework/aop/config/spring-aop-4.2.xsd, http://www.springframework.org/schema/lang/spring-lang.xsd=org/springframework/scripting/config/spring-lang-4.2.xsd, http://www.springframework.org/schema/context/spring-context-3.2.xsd=org/springframework/context/config/spring-context-3.2.xsd, http://www.springframework.org/schema/jdbc/spring-jdbc-4.2.xsd=org/springframework/jdbc/config/spring-jdbc-4.2.xsd, http://www.springframework.org/schema/util/spring-util-3.1.xsd=org/springframework/beans/factory/xml/spring-util-3.1.xsd, http://www.springframework.org/schema/mvc/spring-mvc-4.2.xsd=org/springframework/web/servlet/config/spring-mvc-4.2.xsd, http://www.springframework.org/schema/beans/spring-beans-2.0.xsd=org/springframework/beans/factory/xml/spring-beans-2.0.xsd, http://www.springframework.org/schema/cache/spring-cache.xsd=org/springframework/cache/config/spring-cache-4.2.xsd, http://www.springframework.org/schema/tx/spring-tx.xsd=org/springframework/transaction/config/spring-tx-4.2.xsd, http://www.springframework.org/schema/lang/spring-lang-4.2.xsd=org/springframework/scripting/config/spring-lang-4.2.xsd, http://www.springframework.org/schema/context/spring-context-4.1.xsd=org/springframework/context/config/spring-context-4.1.xsd, http://www.springframework.org/schema/beans/spring-beans-2.5.xsd=org/springframework/beans/factory/xml/spring-beans-2.5.xsd, http://www.springframework.org/schema/tool/spring-tool-4.2.xsd=org/springframework/beans/factory/xml/spring-tool-4.2.xsd, http://www.springframework.org/schema/tx/spring-tx-2.0.xsd=org/springframework/transaction/config/spring-tx-2.0.xsd, http://www.springframework.org/schema/jee/spring-jee-4.2.xsd=org/springframework/ejb/config/spring-jee-4.2.xsd, http://www.springframework.org/schema/jdbc/spring-jdbc-3.2.xsd=org/springframework/jdbc/config/spring-jdbc-3.2.xsd, http://www.springframework.org/schema/aop/spring-aop.xsd=org/springframework/aop/config/spring-aop-4.2.xsd}
2018-05-03 14:46:48,549 DEBUG (org.springframework.beans.factory.xml.PluggableSchemaResolver:119) - Found XML schema [http://www.springframework.org/schema/beans/spring-beans-4.0.xsd] in classpath: org/springframework/beans/factory/xml/spring-beans-4.0.xsd
2018-05-03 14:46:48,549 DEBUG (org.springframework.beans.factory.xml.PluggableSchemaResolver:119) - Found XML schema [http://www.springframework.org/schema/beans/spring-beans-4.0.xsd] in classpath: org/springframework/beans/factory/xml/spring-beans-4.0.xsd
2018-05-03 14:46:48,943 DEBUG (org.springframework.beans.factory.xml.PluggableSchemaResolver:119) - Found XML schema [http://www.springframework.org/schema/context/spring-context-4.0.xsd] in classpath: org/springframework/context/config/spring-context-4.0.xsd
2018-05-03 14:46:48,943 DEBUG (org.springframework.beans.factory.xml.PluggableSchemaResolver:119) - Found XML schema [http://www.springframework.org/schema/context/spring-context-4.0.xsd] in classpath: org/springframework/context/config/spring-context-4.0.xsd
2018-05-03 14:46:49,085 DEBUG (org.springframework.beans.factory.xml.PluggableSchemaResolver:119) - Found XML schema [http://www.springframework.org/schema/tool/spring-tool-4.0.xsd] in classpath: org/springframework/beans/factory/xml/spring-tool-4.0.xsd
2018-05-03 14:46:49,085 DEBUG (org.springframework.beans.factory.xml.PluggableSchemaResolver:119) - Found XML schema [http://www.springframework.org/schema/tool/spring-tool-4.0.xsd] in classpath: org/springframework/beans/factory/xml/spring-tool-4.0.xsd
2018-05-03 14:46:49,178 DEBUG (org.springframework.beans.factory.xml.PluggableSchemaResolver:119) - Found XML schema [http://www.springframework.org/schema/tx/spring-tx-4.0.xsd] in classpath: org/springframework/transaction/config/spring-tx-4.0.xsd
2018-05-03 14:46:49,178 DEBUG (org.springframework.beans.factory.xml.PluggableSchemaResolver:119) - Found XML schema [http://www.springframework.org/schema/tx/spring-tx-4.0.xsd] in classpath: org/springframework/transaction/config/spring-tx-4.0.xsd
2018-05-03 14:46:49,243 DEBUG (org.springframework.beans.factory.xml.PluggableSchemaResolver:119) - Found XML schema [http://www.springframework.org/schema/aop/spring-aop.xsd] in classpath: org/springframework/aop/config/spring-aop-4.2.xsd
2018-05-03 14:46:49,243 DEBUG (org.springframework.beans.factory.xml.PluggableSchemaResolver:119) - Found XML schema [http://www.springframework.org/schema/aop/spring-aop.xsd] in classpath: org/springframework/aop/config/spring-aop-4.2.xsd
2018-05-03 14:46:49,279 DEBUG (org.springframework.beans.factory.xml.DefaultBeanDefinitionDocumentReader:92) - Loading bean definitions
2018-05-03 14:46:49,279 DEBUG (org.springframework.beans.factory.xml.DefaultBeanDefinitionDocumentReader:92) - Loading bean definitions
2018-05-03 14:46:49,333 DEBUG (org.springframework.beans.factory.xml.DefaultNamespaceHandlerResolver:157) - Loaded NamespaceHandler mappings: {http://www.springframework.org/schema/p=org.springframework.beans.factory.xml.SimplePropertyNamespaceHandler, http://www.springframework.org/schema/mvc=org.springframework.web.servlet.config.MvcNamespaceHandler, http://www.springframework.org/schema/util=org.springframework.beans.factory.xml.UtilNamespaceHandler, http://www.springframework.org/schema/jee=org.springframework.ejb.config.JeeNamespaceHandler, http://www.springframework.org/schema/aop=org.springframework.aop.config.AopNamespaceHandler, http://www.springframework.org/schema/jdbc=org.springframework.jdbc.config.JdbcNamespaceHandler, http://www.springframework.org/schema/cache=org.springframework.cache.config.CacheNamespaceHandler, http://www.springframework.org/schema/c=org.springframework.beans.factory.xml.SimpleConstructorNamespaceHandler, http://www.springframework.org/schema/tx=org.springframework.transaction.config.TxNamespaceHandler, http://www.springframework.org/schema/task=org.springframework.scheduling.config.TaskNamespaceHandler, http://www.springframework.org/schema/lang=org.springframework.scripting.config.LangNamespaceHandler, http://www.springframework.org/schema/context=org.springframework.context.config.ContextNamespaceHandler}
2018-05-03 14:46:49,333 DEBUG (org.springframework.beans.factory.xml.DefaultNamespaceHandlerResolver:157) - Loaded NamespaceHandler mappings: {http://www.springframework.org/schema/p=org.springframework.beans.factory.xml.SimplePropertyNamespaceHandler, http://www.springframework.org/schema/mvc=org.springframework.web.servlet.config.MvcNamespaceHandler, http://www.springframework.org/schema/util=org.springframework.beans.factory.xml.UtilNamespaceHandler, http://www.springframework.org/schema/jee=org.springframework.ejb.config.JeeNamespaceHandler, http://www.springframework.org/schema/aop=org.springframework.aop.config.AopNamespaceHandler, http://www.springframework.org/schema/jdbc=org.springframework.jdbc.config.JdbcNamespaceHandler, http://www.springframework.org/schema/cache=org.springframework.cache.config.CacheNamespaceHandler, http://www.springframework.org/schema/c=org.springframework.beans.factory.xml.SimpleConstructorNamespaceHandler, http://www.springframework.org/schema/tx=org.springframework.transaction.config.TxNamespaceHandler, http://www.springframework.org/schema/task=org.springframework.scheduling.config.TaskNamespaceHandler, http://www.springframework.org/schema/lang=org.springframework.scripting.config.LangNamespaceHandler, http://www.springframework.org/schema/context=org.springframework.context.config.ContextNamespaceHandler}
2018-05-03 14:46:49,377 DEBUG (org.springframework.core.env.StandardEnvironment:109) - Adding [systemProperties] PropertySource with lowest search precedence
2018-05-03 14:46:49,377 DEBUG (org.springframework.core.env.StandardEnvironment:109) - Adding [systemProperties] PropertySource with lowest search precedence
2018-05-03 14:46:49,378 DEBUG (org.springframework.core.env.StandardEnvironment:109) - Adding [systemEnvironment] PropertySource with lowest search precedence
2018-05-03 14:46:49,378 DEBUG (org.springframework.core.env.StandardEnvironment:109) - Adding [systemEnvironment] PropertySource with lowest search precedence
2018-05-03 14:46:49,379 DEBUG (org.springframework.core.env.StandardEnvironment:127) - Initialized StandardEnvironment with PropertySources [systemProperties,systemEnvironment]
2018-05-03 14:46:49,379 DEBUG (org.springframework.core.env.StandardEnvironment:127) - Initialized StandardEnvironment with PropertySources [systemProperties,systemEnvironment]
2018-05-03 14:46:49,413 DEBUG (org.springframework.core.io.support.PathMatchingResourcePatternResolver:631) - Looking for matching resources in directory tree [E:\Java\masterspring\code\chapter18\target\test-classes\com\smart\dao]
2018-05-03 14:46:49,413 DEBUG (org.springframework.core.io.support.PathMatchingResourcePatternResolver:631) - Looking for matching resources in directory tree [E:\Java\masterspring\code\chapter18\target\test-classes\com\smart\dao]
2018-05-03 14:46:49,415 DEBUG (org.springframework.core.io.support.PathMatchingResourcePatternResolver:693) - Searching directory [E:\Java\masterspring\code\chapter18\target\test-classes\com\smart\dao] for files matching pattern [E:/Java/masterspring/code/chapter18/target/test-classes/com/smart/dao/**/*.class]
2018-05-03 14:46:49,415 DEBUG (org.springframework.core.io.support.PathMatchingResourcePatternResolver:693) - Searching directory [E:\Java\masterspring\code\chapter18\target\test-classes\com\smart\dao] for files matching pattern [E:/Java/masterspring/code/chapter18/target/test-classes/com/smart/dao/**/*.class]
2018-05-03 14:46:49,431 DEBUG (org.springframework.core.io.support.PathMatchingResourcePatternResolver:631) - Looking for matching resources in directory tree [E:\Java\masterspring\code\chapter18\target\classes\com\smart\dao]
2018-05-03 14:46:49,431 DEBUG (org.springframework.core.io.support.PathMatchingResourcePatternResolver:631) - Looking for matching resources in directory tree [E:\Java\masterspring\code\chapter18\target\classes\com\smart\dao]
2018-05-03 14:46:49,432 DEBUG (org.springframework.core.io.support.PathMatchingResourcePatternResolver:693) - Searching directory [E:\Java\masterspring\code\chapter18\target\classes\com\smart\dao] for files matching pattern [E:/Java/masterspring/code/chapter18/target/classes/com/smart/dao/**/*.class]
2018-05-03 14:46:49,432 DEBUG (org.springframework.core.io.support.PathMatchingResourcePatternResolver:693) - Searching directory [E:\Java\masterspring\code\chapter18\target\classes\com\smart\dao] for files matching pattern [E:/Java/masterspring/code/chapter18/target/classes/com/smart/dao/**/*.class]
2018-05-03 14:46:49,439 DEBUG (org.springframework.core.io.support.PathMatchingResourcePatternResolver:424) - Resolved location pattern [classpath*:com/smart/dao/**/*.class] to resources [file [E:\Java\masterspring\code\chapter18\target\test-classes\com\smart\dao\BaseDaoTest.class], file [E:\Java\masterspring\code\chapter18\target\test-classes\com\smart\dao\BoardDaoTest.class], file [E:\Java\masterspring\code\chapter18\target\classes\com\smart\dao\BaseDao.class], file [E:\Java\masterspring\code\chapter18\target\classes\com\smart\dao\BoardDao.class], file [E:\Java\masterspring\code\chapter18\target\classes\com\smart\dao\LoginLogDao.class], file [E:\Java\masterspring\code\chapter18\target\classes\com\smart\dao\Page.class], file [E:\Java\masterspring\code\chapter18\target\classes\com\smart\dao\PostDao.class], file [E:\Java\masterspring\code\chapter18\target\classes\com\smart\dao\TopicDao.class], file [E:\Java\masterspring\code\chapter18\target\classes\com\smart\dao\UserDao.class]]
2018-05-03 14:46:49,439 DEBUG (org.springframework.core.io.support.PathMatchingResourcePatternResolver:424) - Resolved location pattern [classpath*:com/smart/dao/**/*.class] to resources [file [E:\Java\masterspring\code\chapter18\target\test-classes\com\smart\dao\BaseDaoTest.class], file [E:\Java\masterspring\code\chapter18\target\test-classes\com\smart\dao\BoardDaoTest.class], file [E:\Java\masterspring\code\chapter18\target\classes\com\smart\dao\BaseDao.class], file [E:\Java\masterspring\code\chapter18\target\classes\com\smart\dao\BoardDao.class], file [E:\Java\masterspring\code\chapter18\target\classes\com\smart\dao\LoginLogDao.class], file [E:\Java\masterspring\code\chapter18\target\classes\com\smart\dao\Page.class], file [E:\Java\masterspring\code\chapter18\target\classes\com\smart\dao\PostDao.class], file [E:\Java\masterspring\code\chapter18\target\classes\com\smart\dao\TopicDao.class], file [E:\Java\masterspring\code\chapter18\target\classes\com\smart\dao\UserDao.class]]
2018-05-03 14:46:49,596 DEBUG (org.springframework.context.annotation.ClassPathBeanDefinitionScanner:286) - Identified candidate component class: file [E:\Java\masterspring\code\chapter18\target\classes\com\smart\dao\BoardDao.class]
2018-05-03 14:46:49,596 DEBUG (org.springframework.context.annotation.ClassPathBeanDefinitionScanner:286) - Identified candidate component class: file [E:\Java\masterspring\code\chapter18\target\classes\com\smart\dao\BoardDao.class]
2018-05-03 14:46:49,598 DEBUG (org.springframework.context.annotation.ClassPathBeanDefinitionScanner:286) - Identified candidate component class: file [E:\Java\masterspring\code\chapter18\target\classes\com\smart\dao\LoginLogDao.class]
2018-05-03 14:46:49,598 DEBUG (org.springframework.context.annotation.ClassPathBeanDefinitionScanner:286) - Identified candidate component class: file [E:\Java\masterspring\code\chapter18\target\classes\com\smart\dao\LoginLogDao.class]
2018-05-03 14:46:49,600 DEBUG (org.springframework.context.annotation.ClassPathBeanDefinitionScanner:286) - Identified candidate component class: file [E:\Java\masterspring\code\chapter18\target\classes\com\smart\dao\PostDao.class]
2018-05-03 14:46:49,600 DEBUG (org.springframework.context.annotation.ClassPathBeanDefinitionScanner:286) - Identified candidate component class: file [E:\Java\masterspring\code\chapter18\target\classes\com\smart\dao\PostDao.class]
2018-05-03 14:46:49,611 DEBUG (org.springframework.context.annotation.ClassPathBeanDefinitionScanner:286) - Identified candidate component class: file [E:\Java\masterspring\code\chapter18\target\classes\com\smart\dao\TopicDao.class]
2018-05-03 14:46:49,611 DEBUG (org.springframework.context.annotation.ClassPathBeanDefinitionScanner:286) - Identified candidate component class: file [E:\Java\masterspring\code\chapter18\target\classes\com\smart\dao\TopicDao.class]
2018-05-03 14:46:49,614 DEBUG (org.springframework.context.annotation.ClassPathBeanDefinitionScanner:286) - Identified candidate component class: file [E:\Java\masterspring\code\chapter18\target\classes\com\smart\dao\UserDao.class]
2018-05-03 14:46:49,614 DEBUG (org.springframework.context.annotation.ClassPathBeanDefinitionScanner:286) - Identified candidate component class: file [E:\Java\masterspring\code\chapter18\target\classes\com\smart\dao\UserDao.class]
2018-05-03 14:46:49,883 DEBUG (org.springframework.beans.factory.xml.XmlBeanDefinitionReader:224) - Loaded 20 bean definitions from location pattern [xiaochun-dao.xml]
2018-05-03 14:46:49,883 DEBUG (org.springframework.beans.factory.xml.XmlBeanDefinitionReader:224) - Loaded 20 bean definitions from location pattern [xiaochun-dao.xml]
2018-05-03 14:46:49,886 DEBUG (org.springframework.context.support.ClassPathXmlApplicationContext:608) - Bean factory for org.springframework.context.support.ClassPathXmlApplicationContext@6b81ce95: org.springframework.beans.factory.support.DefaultListableBeanFactory@50dfbc58: defining beans [boardDao,loginLogDao,postDao,topicDao,userDao,org.springframework.context.annotation.internalConfigurationAnnotationProcessor,org.springframework.context.annotation.internalAutowiredAnnotationProcessor,org.springframework.context.annotation.internalRequiredAnnotationProcessor,org.springframework.context.annotation.internalCommonAnnotationProcessor,org.springframework.context.annotation.internalPersistenceAnnotationProcessor,org.springframework.context.event.internalEventListenerProcessor,org.springframework.context.event.internalEventListenerFactory,org.springframework.context.support.PropertySourcesPlaceholderConfigurer#0,dataSource,sessionFactory,hibernateTemplate,transactionManager,txAdvice,org.springframework.aop.config.internalAutoProxyCreator,managerTx]; root of factory hierarchy
2018-05-03 14:46:49,886 DEBUG (org.springframework.context.support.ClassPathXmlApplicationContext:608) - Bean factory for org.springframework.context.support.ClassPathXmlApplicationContext@6b81ce95: org.springframework.beans.factory.support.DefaultListableBeanFactory@50dfbc58: defining beans [boardDao,loginLogDao,postDao,topicDao,userDao,org.springframework.context.annotation.internalConfigurationAnnotationProcessor,org.springframework.context.annotation.internalAutowiredAnnotationProcessor,org.springframework.context.annotation.internalRequiredAnnotationProcessor,org.springframework.context.annotation.internalCommonAnnotationProcessor,org.springframework.context.annotation.internalPersistenceAnnotationProcessor,org.springframework.context.event.internalEventListenerProcessor,org.springframework.context.event.internalEventListenerFactory,org.springframework.context.support.PropertySourcesPlaceholderConfigurer#0,dataSource,sessionFactory,hibernateTemplate,transactionManager,txAdvice,org.springframework.aop.config.internalAutoProxyCreator,managerTx]; root of factory hierarchy
2018-05-03 14:46:50,009 DEBUG (org.springframework.beans.factory.support.DefaultListableBeanFactory:221) - Creating shared instance of singleton bean &apos;org.springframework.context.annotation.internalConfigurationAnnotationProcessor&apos;
2018-05-03 14:46:50,009 DEBUG (org.springframework.beans.factory.support.DefaultListableBeanFactory:221) - Creating shared instance of singleton bean &apos;org.springframework.context.annotation.internalConfigurationAnnotationProcessor&apos;
2018-05-03 14:46:50,011 DEBUG (org.springframework.beans.factory.support.DefaultListableBeanFactory:448) - Creating instance of bean &apos;org.springframework.context.annotation.internalConfigurationAnnotationProcessor&apos;
2018-05-03 14:46:50,011 DEBUG (org.springframework.beans.factory.support.DefaultListableBeanFactory:448) - Creating instance of bean &apos;org.springframework.context.annotation.internalConfigurationAnnotationProcessor&apos;
2018-05-03 14:46:50,069 DEBUG (org.springframework.beans.factory.support.DefaultListableBeanFactory:529) - Eagerly caching bean &apos;org.springframework.context.annotation.internalConfigurationAnnotationProcessor&apos; to allow for resolving potential circular references
2018-05-03 14:46:50,069 DEBUG (org.springframework.beans.factory.support.DefaultListableBeanFactory:529) - Eagerly caching bean &apos;org.springframework.context.annotation.internalConfigurationAnnotationProcessor&apos; to allow for resolving potential circular references
2018-05-03 14:46:50,077 DEBUG (org.springframework.beans.factory.support.DefaultListableBeanFactory:484) - Finished creating instance of bean &apos;org.springframework.context.annotation.internalConfigurationAnnotationProcessor&apos;
2018-05-03 14:46:50,077 DEBUG (org.springframework.beans.factory.support.DefaultListableBeanFactory:484) - Finished creating instance of bean &apos;org.springframework.context.annotation.internalConfigurationAnnotationProcessor&apos;
2018-05-03 14:46:50,364 DEBUG (org.springframework.beans.factory.support.DefaultListableBeanFactory:221) - Creating shared instance of singleton bean &apos;org.springframework.context.support.PropertySourcesPlaceholderConfigurer#0&apos;
2018-05-03 14:46:50,364 DEBUG (org.springframework.beans.factory.support.DefaultListableBeanFactory:221) - Creating shared instance of singleton bean &apos;org.springframework.context.support.PropertySourcesPlaceholderConfigurer#0&apos;
2018-05-03 14:46:50,365 DEBUG (org.springframework.beans.factory.support.DefaultListableBeanFactory:448) - Creating instance of bean &apos;org.springframework.context.support.PropertySourcesPlaceholderConfigurer#0&apos;
2018-05-03 14:46:50,365 DEBUG (org.springframework.beans.factory.support.DefaultListableBeanFactory:448) - Creating instance of bean &apos;org.springframework.context.support.PropertySourcesPlaceholderConfigurer#0&apos;
2018-05-03 14:46:50,369 DEBUG (org.springframework.beans.factory.support.DefaultListableBeanFactory:529) - Eagerly caching bean &apos;org.springframework.context.support.PropertySourcesPlaceholderConfigurer#0&apos; to allow for resolving potential circular references
2018-05-03 14:46:50,369 DEBUG (org.springframework.beans.factory.support.DefaultListableBeanFactory:529) - Eagerly caching bean &apos;org.springframework.context.support.PropertySourcesPlaceholderConfigurer#0&apos; to allow for resolving potential circular references
2018-05-03 14:46:50,464 DEBUG (org.springframework.beans.factory.support.DefaultListableBeanFactory:484) - Finished creating instance of bean &apos;org.springframework.context.support.PropertySourcesPlaceholderConfigurer#0&apos;
2018-05-03 14:46:50,464 DEBUG (org.springframework.beans.factory.support.DefaultListableBeanFactory:484) - Finished creating instance of bean &apos;org.springframework.context.support.PropertySourcesPlaceholderConfigurer#0&apos;
2018-05-03 14:46:50,468 DEBUG (org.springframework.core.env.MutablePropertySources:109) - Adding [environmentProperties] PropertySource with lowest search precedence
2018-05-03 14:46:50,468 DEBUG (org.springframework.core.env.MutablePropertySources:109) - Adding [environmentProperties] PropertySource with lowest search precedence
2018-05-03 14:46:50,469  INFO (org.springframework.context.support.PropertySourcesPlaceholderConfigurer:172) - Loading properties file from class path resource [jdbc.properties]
2018-05-03 14:46:50,469  INFO (org.springframework.context.support.PropertySourcesPlaceholderConfigurer:172) - Loading properties file from class path resource [jdbc.properties]
2018-05-03 14:46:50,471 DEBUG (org.springframework.core.env.MutablePropertySources:109) - Adding [localProperties] PropertySource with lowest search precedence
2018-05-03 14:46:50,471 DEBUG (org.springframework.core.env.MutablePropertySources:109) - Adding [localProperties] PropertySource with lowest search precedence
2018-05-03 14:46:50,480 DEBUG (org.springframework.core.env.PropertySourcesPropertyResolver:81) - Searching for key &apos;jdbc.driverClassName&apos; in [environmentProperties]
2018-05-03 14:46:50,480 DEBUG (org.springframework.core.env.PropertySourcesPropertyResolver:81) - Searching for key &apos;jdbc.driverClassName&apos; in [environmentProperties]
2018-05-03 14:46:50,481 DEBUG (org.springframework.core.env.PropertySourcesPropertyResolver:81) - Searching for key &apos;jdbc.driverClassName&apos; in [systemProperties]
2018-05-03 14:46:50,481 DEBUG (org.springframework.core.env.PropertySourcesPropertyResolver:81) - Searching for key &apos;jdbc.driverClassName&apos; in [systemProperties]
2018-05-03 14:46:50,482 DEBUG (org.springframework.core.env.PropertySourcesPropertyResolver:81) - Searching for key &apos;jdbc.driverClassName&apos; in [systemEnvironment]
2018-05-03 14:46:50,482 DEBUG (org.springframework.core.env.PropertySourcesPropertyResolver:81) - Searching for key &apos;jdbc.driverClassName&apos; in [systemEnvironment]
2018-05-03 14:46:50,484 DEBUG (org.springframework.core.env.PropertySourcesPropertyResolver:103) - Could not find key &apos;jdbc.driverClassName&apos; in any property source. Returning [null]
2018-05-03 14:46:50,484 DEBUG (org.springframework.core.env.PropertySourcesPropertyResolver:103) - Could not find key &apos;jdbc.driverClassName&apos; in any property source. Returning [null]
2018-05-03 14:46:50,484 DEBUG (org.springframework.core.env.PropertySourcesPropertyResolver:81) - Searching for key &apos;jdbc.driverClassName&apos; in [localProperties]
2018-05-03 14:46:50,484 DEBUG (org.springframework.core.env.PropertySourcesPropertyResolver:81) - Searching for key &apos;jdbc.driverClassName&apos; in [localProperties]
2018-05-03 14:46:50,493 DEBUG (org.springframework.core.env.PropertySourcesPropertyResolver:90) - Found key &apos;jdbc.driverClassName&apos; in [localProperties] with type [String] and value &apos;com.mysql.jdbc.Driver&apos;
2018-05-03 14:46:50,493 DEBUG (org.springframework.core.env.PropertySourcesPropertyResolver:90) - Found key &apos;jdbc.driverClassName&apos; in [localProperties] with type [String] and value &apos;com.mysql.jdbc.Driver&apos;
2018-05-03 14:46:50,501 DEBUG (org.springframework.core.env.PropertySourcesPropertyResolver:81) - Searching for key &apos;jdbc.password&apos; in [environmentProperties]
2018-05-03 14:46:50,501 DEBUG (org.springframework.core.env.PropertySourcesPropertyResolver:81) - Searching for key &apos;jdbc.password&apos; in [environmentProperties]
2018-05-03 14:46:50,502 DEBUG (org.springframework.core.env.PropertySourcesPropertyResolver:81) - Searching for key &apos;jdbc.password&apos; in [systemProperties]
2018-05-03 14:46:50,502 DEBUG (org.springframework.core.env.PropertySourcesPropertyResolver:81) - Searching for key &apos;jdbc.password&apos; in [systemProperties]
2018-05-03 14:46:50,502 DEBUG (org.springframework.core.env.PropertySourcesPropertyResolver:81) - Searching for key &apos;jdbc.password&apos; in [systemEnvironment]
2018-05-03 14:46:50,502 DEBUG (org.springframework.core.env.PropertySourcesPropertyResolver:81) - Searching for key &apos;jdbc.password&apos; in [systemEnvironment]
2018-05-03 14:46:50,503 DEBUG (org.springframework.core.env.PropertySourcesPropertyResolver:103) - Could not find key &apos;jdbc.password&apos; in any property source. Returning [null]
2018-05-03 14:46:50,503 DEBUG (org.springframework.core.env.PropertySourcesPropertyResolver:103) - Could not find key &apos;jdbc.password&apos; in any property source. Returning [null]
2018-05-03 14:46:50,537 DEBUG (org.springframework.core.env.PropertySourcesPropertyResolver:81) - Searching for key &apos;jdbc.password&apos; in [localProperties]
2018-05-03 14:46:50,537 DEBUG (org.springframework.core.env.PropertySourcesPropertyResolver:81) - Searching for key &apos;jdbc.password&apos; in [localProperties]
2018-05-03 14:46:50,543 DEBUG (org.springframework.core.env.PropertySourcesPropertyResolver:90) - Found key &apos;jdbc.password&apos; in [localProperties] with type [String] and value &apos;yjq9735&apos;
2018-05-03 14:46:50,543 DEBUG (org.springframework.core.env.PropertySourcesPropertyResolver:90) - Found key &apos;jdbc.password&apos; in [localProperties] with type [String] and value &apos;yjq9735&apos;
2018-05-03 14:46:50,546 DEBUG (org.springframework.core.env.PropertySourcesPropertyResolver:81) - Searching for key &apos;jdbc.url&apos; in [environmentProperties]
2018-05-03 14:46:50,546 DEBUG (org.springframework.core.env.PropertySourcesPropertyResolver:81) - Searching for key &apos;jdbc.url&apos; in [environmentProperties]
2018-05-03 14:46:50,547 DEBUG (org.springframework.core.env.PropertySourcesPropertyResolver:81) - Searching for key &apos;jdbc.url&apos; in [systemProperties]
2018-05-03 14:46:50,547 DEBUG (org.springframework.core.env.PropertySourcesPropertyResolver:81) - Searching for key &apos;jdbc.url&apos; in [systemProperties]
2018-05-03 14:46:50,549 DEBUG (org.springframework.core.env.PropertySourcesPropertyResolver:81) - Searching for key &apos;jdbc.url&apos; in [systemEnvironment]
2018-05-03 14:46:50,549 DEBUG (org.springframework.core.env.PropertySourcesPropertyResolver:81) - Searching for key &apos;jdbc.url&apos; in [systemEnvironment]
2018-05-03 14:46:50,551 DEBUG (org.springframework.core.env.PropertySourcesPropertyResolver:103) - Could not find key &apos;jdbc.url&apos; in any property source. Returning [null]
2018-05-03 14:46:50,551 DEBUG (org.springframework.core.env.PropertySourcesPropertyResolver:103) - Could not find key &apos;jdbc.url&apos; in any property source. Returning [null]
2018-05-03 14:46:50,553 DEBUG (org.springframework.core.env.PropertySourcesPropertyResolver:81) - Searching for key &apos;jdbc.url&apos; in [localProperties]
2018-05-03 14:46:50,553 DEBUG (org.springframework.core.env.PropertySourcesPropertyResolver:81) - Searching for key &apos;jdbc.url&apos; in [localProperties]
2018-05-03 14:46:50,557 DEBUG (org.springframework.core.env.PropertySourcesPropertyResolver:90) - Found key &apos;jdbc.url&apos; in [localProperties] with type [String] and value &apos;jdbc:mysql://localhost:3306/sampledb?useUnicode=true&amp;characterEncoding=UTF-8&apos;
2018-05-03 14:46:50,557 DEBUG (org.springframework.core.env.PropertySourcesPropertyResolver:90) - Found key &apos;jdbc.url&apos; in [localProperties] with type [String] and value &apos;jdbc:mysql://localhost:3306/sampledb?useUnicode=true&amp;characterEncoding=UTF-8&apos;
2018-05-03 14:46:50,562 DEBUG (org.springframework.core.env.PropertySourcesPropertyResolver:81) - Searching for key &apos;jdbc.username&apos; in [environmentProperties]
2018-05-03 14:46:50,562 DEBUG (org.springframework.core.env.PropertySourcesPropertyResolver:81) - Searching for key &apos;jdbc.username&apos; in [environmentProperties]
2018-05-03 14:46:50,563 DEBUG (org.springframework.core.env.PropertySourcesPropertyResolver:81) - Searching for key &apos;jdbc.username&apos; in [systemProperties]
2018-05-03 14:46:50,563 DEBUG (org.springframework.core.env.PropertySourcesPropertyResolver:81) - Searching for key &apos;jdbc.username&apos; in [systemProperties]
2018-05-03 14:46:50,583 DEBUG (org.springframework.core.env.PropertySourcesPropertyResolver:81) - Searching for key &apos;jdbc.username&apos; in [systemEnvironment]
2018-05-03 14:46:50,583 DEBUG (org.springframework.core.env.PropertySourcesPropertyResolver:81) - Searching for key &apos;jdbc.username&apos; in [systemEnvironment]
2018-05-03 14:46:50,592 DEBUG (org.springframework.core.env.PropertySourcesPropertyResolver:103) - Could not find key &apos;jdbc.username&apos; in any property source. Returning [null]
2018-05-03 14:46:50,592 DEBUG (org.springframework.core.env.PropertySourcesPropertyResolver:103) - Could not find key &apos;jdbc.username&apos; in any property source. Returning [null]
2018-05-03 14:46:50,593 DEBUG (org.springframework.core.env.PropertySourcesPropertyResolver:81) - Searching for key &apos;jdbc.username&apos; in [localProperties]
2018-05-03 14:46:50,593 DEBUG (org.springframework.core.env.PropertySourcesPropertyResolver:81) - Searching for key &apos;jdbc.username&apos; in [localProperties]
2018-05-03 14:46:50,595 DEBUG (org.springframework.core.env.PropertySourcesPropertyResolver:90) - Found key &apos;jdbc.username&apos; in [localProperties] with type [String] and value &apos;root&apos;
2018-05-03 14:46:50,595 DEBUG (org.springframework.core.env.PropertySourcesPropertyResolver:90) - Found key &apos;jdbc.username&apos; in [localProperties] with type [String] and value &apos;root&apos;
2018-05-03 14:46:50,634 DEBUG (org.springframework.beans.factory.support.DefaultListableBeanFactory:221) - Creating shared instance of singleton bean &apos;org.springframework.context.annotation.internalAutowiredAnnotationProcessor&apos;
2018-05-03 14:46:50,634 DEBUG (org.springframework.beans.factory.support.DefaultListableBeanFactory:221) - Creating shared instance of singleton bean &apos;org.springframework.context.annotation.internalAutowiredAnnotationProcessor&apos;
2018-05-03 14:46:50,649 DEBUG (org.springframework.beans.factory.support.DefaultListableBeanFactory:448) - Creating instance of bean &apos;org.springframework.context.annotation.internalAutowiredAnnotationProcessor&apos;
2018-05-03 14:46:50,649 DEBUG (org.springframework.beans.factory.support.DefaultListableBeanFactory:448) - Creating instance of bean &apos;org.springframework.context.annotation.internalAutowiredAnnotationProcessor&apos;
2018-05-03 14:46:50,665 DEBUG (org.springframework.beans.factory.support.DefaultListableBeanFactory:529) - Eagerly caching bean &apos;org.springframework.context.annotation.internalAutowiredAnnotationProcessor&apos; to allow for resolving potential circular references
2018-05-03 14:46:50,665 DEBUG (org.springframework.beans.factory.support.DefaultListableBeanFactory:529) - Eagerly caching bean &apos;org.springframework.context.annotation.internalAutowiredAnnotationProcessor&apos; to allow for resolving potential circular references
2018-05-03 14:46:50,669 DEBUG (org.springframework.beans.factory.support.DefaultListableBeanFactory:484) - Finished creating instance of bean &apos;org.springframework.context.annotation.internalAutowiredAnnotationProcessor&apos;
2018-05-03 14:46:50,669 DEBUG (org.springframework.beans.factory.support.DefaultListableBeanFactory:484) - Finished creating instance of bean &apos;org.springframework.context.annotation.internalAutowiredAnnotationProcessor&apos;
2018-05-03 14:46:50,670 DEBUG (org.springframework.beans.factory.support.DefaultListableBeanFactory:221) - Creating shared instance of singleton bean &apos;org.springframework.context.annotation.internalRequiredAnnotationProcessor&apos;
2018-05-03 14:46:50,670 DEBUG (org.springframework.beans.factory.support.DefaultListableBeanFactory:221) - Creating shared instance of singleton bean &apos;org.springframework.context.annotation.internalRequiredAnnotationProcessor&apos;
2018-05-03 14:46:50,670 DEBUG (org.springframework.beans.factory.support.DefaultListableBeanFactory:448) - Creating instance of bean &apos;org.springframework.context.annotation.internalRequiredAnnotationProcessor&apos;
2018-05-03 14:46:50,670 DEBUG (org.springframework.beans.factory.support.DefaultListableBeanFactory:448) - Creating instance of bean &apos;org.springframework.context.annotation.internalRequiredAnnotationProcessor&apos;
2018-05-03 14:46:50,678 DEBUG (org.springframework.beans.factory.support.DefaultListableBeanFactory:529) - Eagerly caching bean &apos;org.springframework.context.annotation.internalRequiredAnnotationProcessor&apos; to allow for resolving potential circular references
2018-05-03 14:46:50,678 DEBUG (org.springframework.beans.factory.support.DefaultListableBeanFactory:529) - Eagerly caching bean &apos;org.springframework.context.annotation.internalRequiredAnnotationProcessor&apos; to allow for resolving potential circular references
2018-05-03 14:46:50,681 DEBUG (org.springframework.beans.factory.support.DefaultListableBeanFactory:484) - Finished creating instance of bean &apos;org.springframework.context.annotation.internalRequiredAnnotationProcessor&apos;
2018-05-03 14:46:50,681 DEBUG (org.springframework.beans.factory.support.DefaultListableBeanFactory:484) - Finished creating instance of bean &apos;org.springframework.context.annotation.internalRequiredAnnotationProcessor&apos;
2018-05-03 14:46:50,703 DEBUG (org.springframework.beans.factory.support.DefaultListableBeanFactory:221) - Creating shared instance of singleton bean &apos;org.springframework.context.annotation.internalCommonAnnotationProcessor&apos;
2018-05-03 14:46:50,703 DEBUG (org.springframework.beans.factory.support.DefaultListableBeanFactory:221) - Creating shared instance of singleton bean &apos;org.springframework.context.annotation.internalCommonAnnotationProcessor&apos;
2018-05-03 14:46:50,715 DEBUG (org.springframework.beans.factory.support.DefaultListableBeanFactory:448) - Creating instance of bean &apos;org.springframework.context.annotation.internalCommonAnnotationProcessor&apos;
2018-05-03 14:46:50,715 DEBUG (org.springframework.beans.factory.support.DefaultListableBeanFactory:448) - Creating instance of bean &apos;org.springframework.context.annotation.internalCommonAnnotationProcessor&apos;
2018-05-03 14:46:50,744 DEBUG (org.springframework.beans.factory.support.DefaultListableBeanFactory:529) - Eagerly caching bean &apos;org.springframework.context.annotation.internalCommonAnnotationProcessor&apos; to allow for resolving potential circular references
2018-05-03 14:46:50,744 DEBUG (org.springframework.beans.factory.support.DefaultListableBeanFactory:529) - Eagerly caching bean &apos;org.springframework.context.annotation.internalCommonAnnotationProcessor&apos; to allow for resolving potential circular references
2018-05-03 14:46:50,744 DEBUG (org.springframework.beans.factory.support.DefaultListableBeanFactory:484) - Finished creating instance of bean &apos;org.springframework.context.annotation.internalCommonAnnotationProcessor&apos;
2018-05-03 14:46:50,744 DEBUG (org.springframework.beans.factory.support.DefaultListableBeanFactory:484) - Finished creating instance of bean &apos;org.springframework.context.annotation.internalCommonAnnotationProcessor&apos;
2018-05-03 14:46:50,745 DEBUG (org.springframework.beans.factory.support.DefaultListableBeanFactory:221) - Creating shared instance of singleton bean &apos;org.springframework.context.annotation.internalPersistenceAnnotationProcessor&apos;
2018-05-03 14:46:50,745 DEBUG (org.springframework.beans.factory.support.DefaultListableBeanFactory:221) - Creating shared instance of singleton bean &apos;org.springframework.context.annotation.internalPersistenceAnnotationProcessor&apos;
2018-05-03 14:46:50,745 DEBUG (org.springframework.beans.factory.support.DefaultListableBeanFactory:448) - Creating instance of bean &apos;org.springframework.context.annotation.internalPersistenceAnnotationProcessor&apos;
2018-05-03 14:46:50,745 DEBUG (org.springframework.beans.factory.support.DefaultListableBeanFactory:448) - Creating instance of bean &apos;org.springframework.context.annotation.internalPersistenceAnnotationProcessor&apos;
2018-05-03 14:46:50,750 DEBUG (org.springframework.beans.factory.support.DefaultListableBeanFactory:529) - Eagerly caching bean &apos;org.springframework.context.annotation.internalPersistenceAnnotationProcessor&apos; to allow for resolving potential circular references
2018-05-03 14:46:50,750 DEBUG (org.springframework.beans.factory.support.DefaultListableBeanFactory:529) - Eagerly caching bean &apos;org.springframework.context.annotation.internalPersistenceAnnotationProcessor&apos; to allow for resolving potential circular references
2018-05-03 14:46:50,751 DEBUG (org.springframework.beans.factory.support.DefaultListableBeanFactory:484) - Finished creating instance of bean &apos;org.springframework.context.annotation.internalPersistenceAnnotationProcessor&apos;
2018-05-03 14:46:50,751 DEBUG (org.springframework.beans.factory.support.DefaultListableBeanFactory:484) - Finished creating instance of bean &apos;org.springframework.context.annotation.internalPersistenceAnnotationProcessor&apos;
2018-05-03 14:46:50,752 DEBUG (org.springframework.beans.factory.support.DefaultListableBeanFactory:221) - Creating shared instance of singleton bean &apos;org.springframework.context.annotation.ConfigurationClassPostProcessor.importAwareProcessor&apos;
2018-05-03 14:46:50,752 DEBUG (org.springframework.beans.factory.support.DefaultListableBeanFactory:221) - Creating shared instance of singleton bean &apos;org.springframework.context.annotation.ConfigurationClassPostProcessor.importAwareProcessor&apos;
2018-05-03 14:46:50,753 DEBUG (org.springframework.beans.factory.support.DefaultListableBeanFactory:448) - Creating instance of bean &apos;org.springframework.context.annotation.ConfigurationClassPostProcessor.importAwareProcessor&apos;
2018-05-03 14:46:50,753 DEBUG (org.springframework.beans.factory.support.DefaultListableBeanFactory:448) - Creating instance of bean &apos;org.springframework.context.annotation.ConfigurationClassPostProcessor.importAwareProcessor&apos;
2018-05-03 14:46:50,755 DEBUG (org.springframework.beans.factory.support.DefaultListableBeanFactory:529) - Eagerly caching bean &apos;org.springframework.context.annotation.ConfigurationClassPostProcessor.importAwareProcessor&apos; to allow for resolving potential circular references
2018-05-03 14:46:50,755 DEBUG (org.springframework.beans.factory.support.DefaultListableBeanFactory:529) - Eagerly caching bean &apos;org.springframework.context.annotation.ConfigurationClassPostProcessor.importAwareProcessor&apos; to allow for resolving potential circular references
2018-05-03 14:46:50,756 DEBUG (org.springframework.beans.factory.support.DefaultListableBeanFactory:484) - Finished creating instance of bean &apos;org.springframework.context.annotation.ConfigurationClassPostProcessor.importAwareProcessor&apos;
2018-05-03 14:46:50,756 DEBUG (org.springframework.beans.factory.support.DefaultListableBeanFactory:484) - Finished creating instance of bean &apos;org.springframework.context.annotation.ConfigurationClassPostProcessor.importAwareProcessor&apos;
2018-05-03 14:46:50,757 DEBUG (org.springframework.beans.factory.support.DefaultListableBeanFactory:221) - Creating shared instance of singleton bean &apos;org.springframework.context.annotation.ConfigurationClassPostProcessor.enhancedConfigurationProcessor&apos;
2018-05-03 14:46:50,757 DEBUG (org.springframework.beans.factory.support.DefaultListableBeanFactory:221) - Creating shared instance of singleton bean &apos;org.springframework.context.annotation.ConfigurationClassPostProcessor.enhancedConfigurationProcessor&apos;
2018-05-03 14:46:50,758 DEBUG (org.springframework.beans.factory.support.DefaultListableBeanFactory:448) - Creating instance of bean &apos;org.springframework.context.annotation.ConfigurationClassPostProcessor.enhancedConfigurationProcessor&apos;
2018-05-03 14:46:50,758 DEBUG (org.springframework.beans.factory.support.DefaultListableBeanFactory:448) - Creating instance of bean &apos;org.springframework.context.annotation.ConfigurationClassPostProcessor.enhancedConfigurationProcessor&apos;
2018-05-03 14:46:50,759 DEBUG (org.springframework.beans.factory.support.DefaultListableBeanFactory:529) - Eagerly caching bean &apos;org.springframework.context.annotation.ConfigurationClassPostProcessor.enhancedConfigurationProcessor&apos; to allow for resolving potential circular references
2018-05-03 14:46:50,759 DEBUG (org.springframework.beans.factory.support.DefaultListableBeanFactory:529) - Eagerly caching bean &apos;org.springframework.context.annotation.ConfigurationClassPostProcessor.enhancedConfigurationProcessor&apos; to allow for resolving potential circular references
2018-05-03 14:46:50,760 DEBUG (org.springframework.beans.factory.support.DefaultListableBeanFactory:484) - Finished creating instance of bean &apos;org.springframework.context.annotation.ConfigurationClassPostProcessor.enhancedConfigurationProcessor&apos;
2018-05-03 14:46:50,760 DEBUG (org.springframework.beans.factory.support.DefaultListableBeanFactory:484) - Finished creating instance of bean &apos;org.springframework.context.annotation.ConfigurationClassPostProcessor.enhancedConfigurationProcessor&apos;
2018-05-03 14:46:50,765 DEBUG (org.springframework.beans.factory.support.DefaultListableBeanFactory:221) - Creating shared instance of singleton bean &apos;org.springframework.aop.config.internalAutoProxyCreator&apos;
2018-05-03 14:46:50,765 DEBUG (org.springframework.beans.factory.support.DefaultListableBeanFactory:221) - Creating shared instance of singleton bean &apos;org.springframework.aop.config.internalAutoProxyCreator&apos;
2018-05-03 14:46:50,766 DEBUG (org.springframework.beans.factory.support.DefaultListableBeanFactory:448) - Creating instance of bean &apos;org.springframework.aop.config.internalAutoProxyCreator&apos;
2018-05-03 14:46:50,766 DEBUG (org.springframework.beans.factory.support.DefaultListableBeanFactory:448) - Creating instance of bean &apos;org.springframework.aop.config.internalAutoProxyCreator&apos;
2018-05-03 14:46:50,862 DEBUG (org.springframework.beans.factory.support.DefaultListableBeanFactory:529) - Eagerly caching bean &apos;org.springframework.aop.config.internalAutoProxyCreator&apos; to allow for resolving potential circular references
2018-05-03 14:46:50,862 DEBUG (org.springframework.beans.factory.support.DefaultListableBeanFactory:529) - Eagerly caching bean &apos;org.springframework.aop.config.internalAutoProxyCreator&apos; to allow for resolving potential circular references
2018-05-03 14:46:50,966 DEBUG (org.springframework.beans.factory.support.DefaultListableBeanFactory:484) - Finished creating instance of bean &apos;org.springframework.aop.config.internalAutoProxyCreator&apos;
2018-05-03 14:46:50,966 DEBUG (org.springframework.beans.factory.support.DefaultListableBeanFactory:484) - Finished creating instance of bean &apos;org.springframework.aop.config.internalAutoProxyCreator&apos;
2018-05-03 14:46:50,983 DEBUG (org.springframework.context.support.ClassPathXmlApplicationContext:714) - Unable to locate MessageSource with name &apos;messageSource&apos;: using default [org.springframework.context.support.DelegatingMessageSource@6a55299e]
2018-05-03 14:46:50,983 DEBUG (org.springframework.context.support.ClassPathXmlApplicationContext:714) - Unable to locate MessageSource with name &apos;messageSource&apos;: using default [org.springframework.context.support.DelegatingMessageSource@6a55299e]
2018-05-03 14:46:50,995 DEBUG (org.springframework.context.support.ClassPathXmlApplicationContext:738) - Unable to locate ApplicationEventMulticaster with name &apos;applicationEventMulticaster&apos;: using default [org.springframework.context.event.SimpleApplicationEventMulticaster@403f0a22]
2018-05-03 14:46:50,995 DEBUG (org.springframework.context.support.ClassPathXmlApplicationContext:738) - Unable to locate ApplicationEventMulticaster with name &apos;applicationEventMulticaster&apos;: using default [org.springframework.context.event.SimpleApplicationEventMulticaster@403f0a22]
2018-05-03 14:46:50,999 DEBUG (org.springframework.beans.factory.support.DefaultListableBeanFactory:741) - Pre-instantiating singletons in org.springframework.beans.factory.support.DefaultListableBeanFactory@50dfbc58: defining beans [boardDao,loginLogDao,postDao,topicDao,userDao,org.springframework.context.annotation.internalConfigurationAnnotationProcessor,org.springframework.context.annotation.internalAutowiredAnnotationProcessor,org.springframework.context.annotation.internalRequiredAnnotationProcessor,org.springframework.context.annotation.internalCommonAnnotationProcessor,org.springframework.context.annotation.internalPersistenceAnnotationProcessor,org.springframework.context.event.internalEventListenerProcessor,org.springframework.context.event.internalEventListenerFactory,org.springframework.context.support.PropertySourcesPlaceholderConfigurer#0,dataSource,sessionFactory,hibernateTemplate,transactionManager,txAdvice,org.springframework.aop.config.internalAutoProxyCreator,managerTx,org.springframework.context.annotation.ConfigurationClassPostProcessor.importAwareProcessor,org.springframework.context.annotation.ConfigurationClassPostProcessor.enhancedConfigurationProcessor]; root of factory hierarchy
2018-05-03 14:46:50,999 DEBUG (org.springframework.beans.factory.support.DefaultListableBeanFactory:741) - Pre-instantiating singletons in org.springframework.beans.factory.support.DefaultListableBeanFactory@50dfbc58: defining beans [boardDao,loginLogDao,postDao,topicDao,userDao,org.springframework.context.annotation.internalConfigurationAnnotationProcessor,org.springframework.context.annotation.internalAutowiredAnnotationProcessor,org.springframework.context.annotation.internalRequiredAnnotationProcessor,org.springframework.context.annotation.internalCommonAnnotationProcessor,org.springframework.context.annotation.internalPersistenceAnnotationProcessor,org.springframework.context.event.internalEventListenerProcessor,org.springframework.context.event.internalEventListenerFactory,org.springframework.context.support.PropertySourcesPlaceholderConfigurer#0,dataSource,sessionFactory,hibernateTemplate,transactionManager,txAdvice,org.springframework.aop.config.internalAutoProxyCreator,managerTx,org.springframework.context.annotation.ConfigurationClassPostProcessor.importAwareProcessor,org.springframework.context.annotation.ConfigurationClassPostProcessor.enhancedConfigurationProcessor]; root of factory hierarchy
2018-05-03 14:46:51,000 DEBUG (org.springframework.beans.factory.support.DefaultListableBeanFactory:221) - Creating shared instance of singleton bean &apos;boardDao&apos;
2018-05-03 14:46:51,000 DEBUG (org.springframework.beans.factory.support.DefaultListableBeanFactory:221) - Creating shared instance of singleton bean &apos;boardDao&apos;
2018-05-03 14:46:51,003 DEBUG (org.springframework.beans.factory.support.DefaultListableBeanFactory:448) - Creating instance of bean &apos;boardDao&apos;
2018-05-03 14:46:51,003 DEBUG (org.springframework.beans.factory.support.DefaultListableBeanFactory:448) - Creating instance of bean &apos;boardDao&apos;
2018-05-03 14:46:51,019 DEBUG (org.springframework.beans.factory.support.DefaultListableBeanFactory:221) - Creating shared instance of singleton bean &apos;managerTx&apos;
2018-05-03 14:46:51,019 DEBUG (org.springframework.beans.factory.support.DefaultListableBeanFactory:221) - Creating shared instance of singleton bean &apos;managerTx&apos;
2018-05-03 14:46:51,020 DEBUG (org.springframework.beans.factory.support.DefaultListableBeanFactory:448) - Creating instance of bean &apos;managerTx&apos;
2018-05-03 14:46:51,020 DEBUG (org.springframework.beans.factory.support.DefaultListableBeanFactory:448) - Creating instance of bean &apos;managerTx&apos;
2018-05-03 14:46:51,053 DEBUG (org.springframework.beans.factory.support.DefaultListableBeanFactory:529) - Eagerly caching bean &apos;managerTx&apos; to allow for resolving potential circular references
2018-05-03 14:46:51,053 DEBUG (org.springframework.beans.factory.support.DefaultListableBeanFactory:529) - Eagerly caching bean &apos;managerTx&apos; to allow for resolving potential circular references
2018-05-03 14:46:51,142 DEBUG (org.springframework.beans.factory.support.DefaultListableBeanFactory:448) - Creating instance of bean &apos;(inner bean)#4982cc36&apos;
2018-05-03 14:46:51,142 DEBUG (org.springframework.beans.factory.support.DefaultListableBeanFactory:448) - Creating instance of bean &apos;(inner bean)#4982cc36&apos;
2018-05-03 14:46:51,226 DEBUG (org.springframework.beans.factory.support.DefaultListableBeanFactory:484) - Finished creating instance of bean &apos;(inner bean)#4982cc36&apos;
2018-05-03 14:46:51,226 DEBUG (org.springframework.beans.factory.support.DefaultListableBeanFactory:484) - Finished creating instance of bean &apos;(inner bean)#4982cc36&apos;
2018-05-03 14:46:51,235 DEBUG (org.springframework.beans.factory.support.DefaultListableBeanFactory:484) - Finished creating instance of bean &apos;managerTx&apos;
2018-05-03 14:46:51,235 DEBUG (org.springframework.beans.factory.support.DefaultListableBeanFactory:484) - Finished creating instance of bean &apos;managerTx&apos;
2018-05-03 14:46:51,288 DEBUG (org.springframework.beans.factory.annotation.InjectionMetadata:72) - Registered injected element on class [com.smart.dao.BoardDao]: AutowiredMethodElement for public void com.smart.dao.BaseDao.setHibernateTemplate(org.springframework.orm.hibernate4.HibernateTemplate)
2018-05-03 14:46:51,288 DEBUG (org.springframework.beans.factory.annotation.InjectionMetadata:72) - Registered injected element on class [com.smart.dao.BoardDao]: AutowiredMethodElement for public void com.smart.dao.BaseDao.setHibernateTemplate(org.springframework.orm.hibernate4.HibernateTemplate)
2018-05-03 14:46:51,289 DEBUG (org.springframework.beans.factory.support.DefaultListableBeanFactory:529) - Eagerly caching bean &apos;boardDao&apos; to allow for resolving potential circular references
2018-05-03 14:46:51,289 DEBUG (org.springframework.beans.factory.support.DefaultListableBeanFactory:529) - Eagerly caching bean &apos;boardDao&apos; to allow for resolving potential circular references
2018-05-03 14:46:51,290 DEBUG (org.springframework.beans.factory.annotation.InjectionMetadata:86) - Processing injected element of bean &apos;boardDao&apos;: AutowiredMethodElement for public void com.smart.dao.BaseDao.setHibernateTemplate(org.springframework.orm.hibernate4.HibernateTemplate)
2018-05-03 14:46:51,290 DEBUG (org.springframework.beans.factory.annotation.InjectionMetadata:86) - Processing injected element of bean &apos;boardDao&apos;: AutowiredMethodElement for public void com.smart.dao.BaseDao.setHibernateTemplate(org.springframework.orm.hibernate4.HibernateTemplate)
2018-05-03 14:46:51,297 DEBUG (org.springframework.beans.factory.support.DefaultListableBeanFactory:250) - Returning cached instance of singleton bean &apos;managerTx&apos;
2018-05-03 14:46:51,297 DEBUG (org.springframework.beans.factory.support.DefaultListableBeanFactory:250) - Returning cached instance of singleton bean &apos;managerTx&apos;
2018-05-03 14:46:51,308 DEBUG (org.springframework.beans.factory.support.DefaultListableBeanFactory:221) - Creating shared instance of singleton bean &apos;hibernateTemplate&apos;
2018-05-03 14:46:51,308 DEBUG (org.springframework.beans.factory.support.DefaultListableBeanFactory:221) - Creating shared instance of singleton bean &apos;hibernateTemplate&apos;
2018-05-03 14:46:51,309 DEBUG (org.springframework.beans.factory.support.DefaultListableBeanFactory:448) - Creating instance of bean &apos;hibernateTemplate&apos;
2018-05-03 14:46:51,309 DEBUG (org.springframework.beans.factory.support.DefaultListableBeanFactory:448) - Creating instance of bean &apos;hibernateTemplate&apos;
2018-05-03 14:46:51,310 DEBUG (org.springframework.beans.factory.support.DefaultListableBeanFactory:250) - Returning cached instance of singleton bean &apos;managerTx&apos;
2018-05-03 14:46:51,310 DEBUG (org.springframework.beans.factory.support.DefaultListableBeanFactory:250) - Returning cached instance of singleton bean &apos;managerTx&apos;
2018-05-03 14:46:51,326 DEBUG (org.springframework.beans.factory.support.DefaultListableBeanFactory:529) - Eagerly caching bean &apos;hibernateTemplate&apos; to allow for resolving potential circular references
2018-05-03 14:46:51,326 DEBUG (org.springframework.beans.factory.support.DefaultListableBeanFactory:529) - Eagerly caching bean &apos;hibernateTemplate&apos; to allow for resolving potential circular references
2018-05-03 14:46:51,344 DEBUG (org.springframework.beans.factory.support.DefaultListableBeanFactory:221) - Creating shared instance of singleton bean &apos;sessionFactory&apos;
2018-05-03 14:46:51,344 DEBUG (org.springframework.beans.factory.support.DefaultListableBeanFactory:221) - Creating shared instance of singleton bean &apos;sessionFactory&apos;
2018-05-03 14:46:51,345 DEBUG (org.springframework.beans.factory.support.DefaultListableBeanFactory:448) - Creating instance of bean &apos;sessionFactory&apos;
2018-05-03 14:46:51,345 DEBUG (org.springframework.beans.factory.support.DefaultListableBeanFactory:448) - Creating instance of bean &apos;sessionFactory&apos;
2018-05-03 14:46:51,349 DEBUG (org.springframework.beans.factory.support.DefaultListableBeanFactory:250) - Returning cached instance of singleton bean &apos;managerTx&apos;
2018-05-03 14:46:51,349 DEBUG (org.springframework.beans.factory.support.DefaultListableBeanFactory:250) - Returning cached instance of singleton bean &apos;managerTx&apos;
2018-05-03 14:46:51,354 DEBUG (org.springframework.beans.factory.support.DefaultListableBeanFactory:529) - Eagerly caching bean &apos;sessionFactory&apos; to allow for resolving potential circular references
2018-05-03 14:46:51,354 DEBUG (org.springframework.beans.factory.support.DefaultListableBeanFactory:529) - Eagerly caching bean &apos;sessionFactory&apos; to allow for resolving potential circular references
2018-05-03 14:46:51,403 DEBUG (org.springframework.beans.factory.support.DefaultListableBeanFactory:221) - Creating shared instance of singleton bean &apos;dataSource&apos;
2018-05-03 14:46:51,403 DEBUG (org.springframework.beans.factory.support.DefaultListableBeanFactory:221) - Creating shared instance of singleton bean &apos;dataSource&apos;
2018-05-03 14:46:51,404 DEBUG (org.springframework.beans.factory.support.DefaultListableBeanFactory:448) - Creating instance of bean &apos;dataSource&apos;
2018-05-03 14:46:51,404 DEBUG (org.springframework.beans.factory.support.DefaultListableBeanFactory:448) - Creating instance of bean &apos;dataSource&apos;
2018-05-03 14:46:51,416 DEBUG (org.springframework.beans.factory.support.DefaultListableBeanFactory:250) - Returning cached instance of singleton bean &apos;managerTx&apos;
2018-05-03 14:46:51,416 DEBUG (org.springframework.beans.factory.support.DefaultListableBeanFactory:250) - Returning cached instance of singleton bean &apos;managerTx&apos;
2018-05-03 14:46:51,436 DEBUG (org.springframework.beans.factory.support.DefaultListableBeanFactory:529) - Eagerly caching bean &apos;dataSource&apos; to allow for resolving potential circular references
2018-05-03 14:46:51,436 DEBUG (org.springframework.beans.factory.support.DefaultListableBeanFactory:529) - Eagerly caching bean &apos;dataSource&apos; to allow for resolving potential circular references
2018-05-03 14:46:51,486 DEBUG (org.springframework.beans.factory.support.DefaultListableBeanFactory:250) - Returning cached instance of singleton bean &apos;managerTx&apos;
2018-05-03 14:46:51,486 DEBUG (org.springframework.beans.factory.support.DefaultListableBeanFactory:250) - Returning cached instance of singleton bean &apos;managerTx&apos;
2018-05-03 14:46:51,487 DEBUG (org.springframework.beans.factory.support.DefaultListableBeanFactory:250) - Returning cached instance of singleton bean &apos;managerTx&apos;
2018-05-03 14:46:51,487 DEBUG (org.springframework.beans.factory.support.DefaultListableBeanFactory:250) - Returning cached instance of singleton bean &apos;managerTx&apos;
2018-05-03 14:46:51,956 DEBUG (org.springframework.beans.factory.support.DefaultListableBeanFactory:484) - Finished creating instance of bean &apos;dataSource&apos;
2018-05-03 14:46:51,956 DEBUG (org.springframework.beans.factory.support.DefaultListableBeanFactory:484) - Finished creating instance of bean &apos;dataSource&apos;
2018-05-03 14:46:51,971 DEBUG (org.springframework.beans.factory.support.DefaultListableBeanFactory:1620) - Invoking afterPropertiesSet() on bean with name &apos;sessionFactory&apos;
2018-05-03 14:46:51,971 DEBUG (org.springframework.beans.factory.support.DefaultListableBeanFactory:1620) - Invoking afterPropertiesSet() on bean with name &apos;sessionFactory&apos;
2018-05-03 14:46:52,014 DEBUG (org.hibernate.type.BasicTypeRegistry:148) - Adding type registration boolean -&gt; org.hibernate.type.BooleanType@6eeade6c
2018-05-03 14:46:52,014 DEBUG (org.hibernate.type.BasicTypeRegistry:148) - Adding type registration boolean -&gt; org.hibernate.type.BooleanType@6eeade6c
2018-05-03 14:46:52,015 DEBUG (org.hibernate.type.BasicTypeRegistry:148) - Adding type registration java.lang.Boolean -&gt; org.hibernate.type.BooleanType@6eeade6c
2018-05-03 14:46:52,018 DEBUG (org.hibernate.type.BasicTypeRegistry:148) - Adding type registration numeric_boolean -&gt; org.hibernate.type.NumericBooleanType@7756c3cd
2018-05-03 14:46:52,021 DEBUG (org.hibernate.type.BasicTypeRegistry:148) - Adding type registration true_false -&gt; org.hibernate.type.TrueFalseType@674658f7
2018-05-03 14:46:52,023 DEBUG (org.hibernate.type.BasicTypeRegistry:148) - Adding type registration yes_no -&gt; org.hibernate.type.YesNoType@26425897
2018-05-03 14:46:52,028 DEBUG (org.hibernate.type.BasicTypeRegistry:148) - Adding type registration byte -&gt; org.hibernate.type.ByteType@1698fc68
2018-05-03 14:46:52,028 DEBUG (org.hibernate.type.BasicTypeRegistry:148) - Adding type registration byte -&gt; org.hibernate.type.ByteType@1698fc68
2018-05-03 14:46:52,029 DEBUG (org.hibernate.type.BasicTypeRegistry:148) - Adding type registration java.lang.Byte -&gt; org.hibernate.type.ByteType@1698fc68
2018-05-03 14:46:52,032 DEBUG (org.hibernate.type.BasicTypeRegistry:148) - Adding type registration character -&gt; org.hibernate.type.CharacterType@57eda880
2018-05-03 14:46:52,033 DEBUG (org.hibernate.type.BasicTypeRegistry:148) - Adding type registration char -&gt; org.hibernate.type.CharacterType@57eda880
2018-05-03 14:46:52,033 DEBUG (org.hibernate.type.BasicTypeRegistry:148) - Adding type registration java.lang.Character -&gt; org.hibernate.type.CharacterType@57eda880
2018-05-03 14:46:52,037 DEBUG (org.hibernate.type.BasicTypeRegistry:148) - Adding type registration short -&gt; org.hibernate.type.ShortType@7e928e2f
2018-05-03 14:46:52,038 DEBUG (org.hibernate.type.BasicTypeRegistry:148) - Adding type registration short -&gt; org.hibernate.type.ShortType@7e928e2f
2018-05-03 14:46:52,038 DEBUG (org.hibernate.type.BasicTypeRegistry:148) - Adding type registration java.lang.Short -&gt; org.hibernate.type.ShortType@7e928e2f
2018-05-03 14:46:52,040 DEBUG (org.hibernate.type.BasicTypeRegistry:148) - Adding type registration integer -&gt; org.hibernate.type.IntegerType@1698ee84
2018-05-03 14:46:52,041 DEBUG (org.hibernate.type.BasicTypeRegistry:148) - Adding type registration int -&gt; org.hibernate.type.IntegerType@1698ee84
2018-05-03 14:46:52,041 DEBUG (org.hibernate.type.BasicTypeRegistry:148) - Adding type registration java.lang.Integer -&gt; org.hibernate.type.IntegerType@1698ee84
2018-05-03 14:46:52,044 DEBUG (org.hibernate.type.BasicTypeRegistry:148) - Adding type registration long -&gt; org.hibernate.type.LongType@75459c75
2018-05-03 14:46:52,045 DEBUG (org.hibernate.type.BasicTypeRegistry:148) - Adding type registration long -&gt; org.hibernate.type.LongType@75459c75
2018-05-03 14:46:52,045 DEBUG (org.hibernate.type.BasicTypeRegistry:148) - Adding type registration java.lang.Long -&gt; org.hibernate.type.LongType@75459c75
2018-05-03 14:46:52,050 DEBUG (org.hibernate.type.BasicTypeRegistry:148) - Adding type registration float -&gt; org.hibernate.type.FloatType@5b444398
2018-05-03 14:46:52,050 DEBUG (org.hibernate.type.BasicTypeRegistry:148) - Adding type registration float -&gt; org.hibernate.type.FloatType@5b444398
2018-05-03 14:46:52,051 DEBUG (org.hibernate.type.BasicTypeRegistry:148) - Adding type registration java.lang.Float -&gt; org.hibernate.type.FloatType@5b444398
2018-05-03 14:46:52,054 DEBUG (org.hibernate.type.BasicTypeRegistry:148) - Adding type registration double -&gt; org.hibernate.type.DoubleType@4c4d27c8
2018-05-03 14:46:52,055 DEBUG (org.hibernate.type.BasicTypeRegistry:148) - Adding type registration double -&gt; org.hibernate.type.DoubleType@4c4d27c8
2018-05-03 14:46:52,056 DEBUG (org.hibernate.type.BasicTypeRegistry:148) - Adding type registration java.lang.Double -&gt; org.hibernate.type.DoubleType@4c4d27c8
2018-05-03 14:46:52,060 DEBUG (org.hibernate.type.BasicTypeRegistry:148) - Adding type registration big_decimal -&gt; org.hibernate.type.BigDecimalType@58359ebd
2018-05-03 14:46:52,061 DEBUG (org.hibernate.type.BasicTypeRegistry:148) - Adding type registration java.math.BigDecimal -&gt; org.hibernate.type.BigDecimalType@58359ebd
2018-05-03 14:46:52,063 DEBUG (org.hibernate.type.BasicTypeRegistry:148) - Adding type registration big_integer -&gt; org.hibernate.type.BigIntegerType@4ee37ca3
2018-05-03 14:46:52,064 DEBUG (org.hibernate.type.BasicTypeRegistry:148) - Adding type registration java.math.BigInteger -&gt; org.hibernate.type.BigIntegerType@4ee37ca3
2018-05-03 14:46:52,067 DEBUG (org.hibernate.type.BasicTypeRegistry:148) - Adding type registration string -&gt; org.hibernate.type.StringType@422c3c7a
2018-05-03 14:46:52,067 DEBUG (org.hibernate.type.BasicTypeRegistry:148) - Adding type registration java.lang.String -&gt; org.hibernate.type.StringType@422c3c7a
2018-05-03 14:46:52,070 DEBUG (org.hibernate.type.BasicTypeRegistry:148) - Adding type registration nstring -&gt; org.hibernate.type.StringNVarcharType@75e91545
2018-05-03 14:46:52,072 DEBUG (org.hibernate.type.BasicTypeRegistry:148) - Adding type registration ncharacter -&gt; org.hibernate.type.CharacterNCharType@726e5805
2018-05-03 14:46:52,076 DEBUG (org.hibernate.type.BasicTypeRegistry:148) - Adding type registration url -&gt; org.hibernate.type.UrlType@ed3068a
2018-05-03 14:46:52,076 DEBUG (org.hibernate.type.BasicTypeRegistry:148) - Adding type registration java.net.URL -&gt; org.hibernate.type.UrlType@ed3068a
2018-05-03 14:46:52,081 DEBUG (org.hibernate.type.BasicTypeRegistry:148) - Adding type registration date -&gt; org.hibernate.type.DateType@662f5666
2018-05-03 14:46:52,082 DEBUG (org.hibernate.type.BasicTypeRegistry:148) - Adding type registration java.sql.Date -&gt; org.hibernate.type.DateType@662f5666
2018-05-03 14:46:52,087 DEBUG (org.hibernate.type.BasicTypeRegistry:148) - Adding type registration time -&gt; org.hibernate.type.TimeType@75c9e76b
2018-05-03 14:46:52,088 DEBUG (org.hibernate.type.BasicTypeRegistry:148) - Adding type registration java.sql.Time -&gt; org.hibernate.type.TimeType@75c9e76b
2018-05-03 14:46:52,092 DEBUG (org.hibernate.type.BasicTypeRegistry:148) - Adding type registration timestamp -&gt; org.hibernate.type.TimestampType@12bcd0c0
2018-05-03 14:46:52,093 DEBUG (org.hibernate.type.BasicTypeRegistry:148) - Adding type registration java.sql.Timestamp -&gt; org.hibernate.type.TimestampType@12bcd0c0
2018-05-03 14:46:52,093 DEBUG (org.hibernate.type.BasicTypeRegistry:148) - Adding type registration java.util.Date -&gt; org.hibernate.type.TimestampType@12bcd0c0
2018-05-03 14:46:52,096 DEBUG (org.hibernate.type.BasicTypeRegistry:148) - Adding type registration dbtimestamp -&gt; org.hibernate.type.DbTimestampType@354fc8f0
2018-05-03 14:46:52,099 DEBUG (org.hibernate.type.BasicTypeRegistry:148) - Adding type registration calendar -&gt; org.hibernate.type.CalendarType@58ebfd03
2018-05-03 14:46:52,099 DEBUG (org.hibernate.type.BasicTypeRegistry:148) - Adding type registration java.util.Calendar -&gt; org.hibernate.type.CalendarType@58ebfd03
2018-05-03 14:46:52,100 DEBUG (org.hibernate.type.BasicTypeRegistry:148) - Adding type registration java.util.GregorianCalendar -&gt; org.hibernate.type.CalendarType@58ebfd03
2018-05-03 14:46:52,101 DEBUG (org.hibernate.type.BasicTypeRegistry:148) - Adding type registration calendar_date -&gt; org.hibernate.type.CalendarDateType@a4b2d8f
2018-05-03 14:46:52,103 DEBUG (org.hibernate.type.BasicTypeRegistry:148) - Adding type registration locale -&gt; org.hibernate.type.LocaleType@2fea7088
2018-05-03 14:46:52,104 DEBUG (org.hibernate.type.BasicTypeRegistry:148) - Adding type registration java.util.Locale -&gt; org.hibernate.type.LocaleType@2fea7088
2018-05-03 14:46:52,106 DEBUG (org.hibernate.type.BasicTypeRegistry:148) - Adding type registration currency -&gt; org.hibernate.type.CurrencyType@40f1be1b
2018-05-03 14:46:52,107 DEBUG (org.hibernate.type.BasicTypeRegistry:148) - Adding type registration java.util.Currency -&gt; org.hibernate.type.CurrencyType@40f1be1b
2018-05-03 14:46:52,109 DEBUG (org.hibernate.type.BasicTypeRegistry:148) - Adding type registration timezone -&gt; org.hibernate.type.TimeZoneType@6b9ce1bf
2018-05-03 14:46:52,110 DEBUG (org.hibernate.type.BasicTypeRegistry:148) - Adding type registration java.util.TimeZone -&gt; org.hibernate.type.TimeZoneType@6b9ce1bf
2018-05-03 14:46:52,112 DEBUG (org.hibernate.type.BasicTypeRegistry:148) - Adding type registration class -&gt; org.hibernate.type.ClassType@609640d5
2018-05-03 14:46:52,113 DEBUG (org.hibernate.type.BasicTypeRegistry:148) - Adding type registration java.lang.Class -&gt; org.hibernate.type.ClassType@609640d5
2018-05-03 14:46:52,116 DEBUG (org.hibernate.type.BasicTypeRegistry:148) - Adding type registration uuid-binary -&gt; org.hibernate.type.UUIDBinaryType@55b5f5d2
2018-05-03 14:46:52,116 DEBUG (org.hibernate.type.BasicTypeRegistry:148) - Adding type registration java.util.UUID -&gt; org.hibernate.type.UUIDBinaryType@55b5f5d2
2018-05-03 14:46:52,118 DEBUG (org.hibernate.type.BasicTypeRegistry:148) - Adding type registration uuid-char -&gt; org.hibernate.type.UUIDCharType@749c877b
2018-05-03 14:46:52,120 DEBUG (org.hibernate.type.BasicTypeRegistry:148) - Adding type registration pg-uuid -&gt; org.hibernate.type.PostgresUUIDType@4a3329b9
2018-05-03 14:46:52,124 DEBUG (org.hibernate.type.BasicTypeRegistry:148) - Adding type registration binary -&gt; org.hibernate.type.BinaryType@13e3c1c7
2018-05-03 14:46:52,125 DEBUG (org.hibernate.type.BasicTypeRegistry:148) - Adding type registration byte[] -&gt; org.hibernate.type.BinaryType@13e3c1c7
2018-05-03 14:46:52,126 DEBUG (org.hibernate.type.BasicTypeRegistry:148) - Adding type registration [B -&gt; org.hibernate.type.BinaryType@13e3c1c7
2018-05-03 14:46:52,128 DEBUG (org.hibernate.type.BasicTypeRegistry:148) - Adding type registration wrapper-binary -&gt; org.hibernate.type.WrapperBinaryType@5b40ceb
2018-05-03 14:46:52,129 DEBUG (org.hibernate.type.BasicTypeRegistry:148) - Adding type registration Byte[] -&gt; org.hibernate.type.WrapperBinaryType@5b40ceb
2018-05-03 14:46:52,130 DEBUG (org.hibernate.type.BasicTypeRegistry:148) - Adding type registration [Ljava.lang.Byte; -&gt; org.hibernate.type.WrapperBinaryType@5b40ceb
2018-05-03 14:46:52,132 DEBUG (org.hibernate.type.BasicTypeRegistry:148) - Adding type registration image -&gt; org.hibernate.type.ImageType@36546a22
2018-05-03 14:46:52,134 DEBUG (org.hibernate.type.BasicTypeRegistry:148) - Adding type registration characters -&gt; org.hibernate.type.CharArrayType@64dafeed
2018-05-03 14:46:52,134 DEBUG (org.hibernate.type.BasicTypeRegistry:148) - Adding type registration char[] -&gt; org.hibernate.type.CharArrayType@64dafeed
2018-05-03 14:46:52,135 DEBUG (org.hibernate.type.BasicTypeRegistry:148) - Adding type registration [C -&gt; org.hibernate.type.CharArrayType@64dafeed
2018-05-03 14:46:52,138 DEBUG (org.hibernate.type.BasicTypeRegistry:148) - Adding type registration wrapper-characters -&gt; org.hibernate.type.CharacterArrayType@7894f09b
2018-05-03 14:46:52,139 DEBUG (org.hibernate.type.BasicTypeRegistry:148) - Adding type registration [Ljava.lang.Character; -&gt; org.hibernate.type.CharacterArrayType@7894f09b
2018-05-03 14:46:52,139 DEBUG (org.hibernate.type.BasicTypeRegistry:148) - Adding type registration Character[] -&gt; org.hibernate.type.CharacterArrayType@7894f09b
2018-05-03 14:46:52,141 DEBUG (org.hibernate.type.BasicTypeRegistry:148) - Adding type registration text -&gt; org.hibernate.type.TextType@5b11a194
2018-05-03 14:46:52,143 DEBUG (org.hibernate.type.BasicTypeRegistry:148) - Adding type registration ntext -&gt; org.hibernate.type.NTextType@1b065145
2018-05-03 14:46:52,153 DEBUG (org.hibernate.type.BasicTypeRegistry:148) - Adding type registration blob -&gt; org.hibernate.type.BlobType@f0e995e
2018-05-03 14:46:52,153 DEBUG (org.hibernate.type.BasicTypeRegistry:148) - Adding type registration java.sql.Blob -&gt; org.hibernate.type.BlobType@f0e995e
2018-05-03 14:46:52,156 DEBUG (org.hibernate.type.BasicTypeRegistry:148) - Adding type registration materialized_blob -&gt; org.hibernate.type.MaterializedBlobType@71b3bc45
2018-05-03 14:46:52,166 DEBUG (org.hibernate.type.BasicTypeRegistry:148) - Adding type registration clob -&gt; org.hibernate.type.ClobType@3f363cf5
2018-05-03 14:46:52,167 DEBUG (org.hibernate.type.BasicTypeRegistry:148) - Adding type registration java.sql.Clob -&gt; org.hibernate.type.ClobType@3f363cf5
2018-05-03 14:46:52,178 DEBUG (org.hibernate.type.BasicTypeRegistry:148) - Adding type registration nclob -&gt; org.hibernate.type.NClobType@29e6eb25
2018-05-03 14:46:52,179 DEBUG (org.hibernate.type.BasicTypeRegistry:148) - Adding type registration java.sql.NClob -&gt; org.hibernate.type.NClobType@29e6eb25
2018-05-03 14:46:52,180 DEBUG (org.hibernate.type.BasicTypeRegistry:148) - Adding type registration materialized_clob -&gt; org.hibernate.type.MaterializedClobType@38be305c
2018-05-03 14:46:52,183 DEBUG (org.hibernate.type.BasicTypeRegistry:148) - Adding type registration materialized_nclob -&gt; org.hibernate.type.MaterializedNClobType@3234f74e
2018-05-03 14:46:52,194 DEBUG (org.hibernate.type.BasicTypeRegistry:148) - Adding type registration serializable -&gt; org.hibernate.type.SerializableType@26a4842b
2018-05-03 14:46:52,211 DEBUG (org.hibernate.type.BasicTypeRegistry:148) - Adding type registration object -&gt; org.hibernate.type.ObjectType@54227100
2018-05-03 14:46:52,212 DEBUG (org.hibernate.type.BasicTypeRegistry:148) - Adding type registration java.lang.Object -&gt; org.hibernate.type.ObjectType@54227100
2018-05-03 14:46:52,215 DEBUG (org.hibernate.type.BasicTypeRegistry:148) - Adding type registration imm_date -&gt; org.hibernate.type.AdaptedImmutableType@3f446bef
2018-05-03 14:46:52,217 DEBUG (org.hibernate.type.BasicTypeRegistry:148) - Adding type registration imm_time -&gt; org.hibernate.type.AdaptedImmutableType@7829b776
2018-05-03 14:46:52,218 DEBUG (org.hibernate.type.BasicTypeRegistry:148) - Adding type registration imm_timestamp -&gt; org.hibernate.type.AdaptedImmutableType@5778826f
2018-05-03 14:46:52,218 DEBUG (org.hibernate.type.BasicTypeRegistry:148) - Adding type registration imm_dbtimestamp -&gt; org.hibernate.type.AdaptedImmutableType@5b64c4b7
2018-05-03 14:46:52,219 DEBUG (org.hibernate.type.BasicTypeRegistry:148) - Adding type registration imm_calendar -&gt; org.hibernate.type.AdaptedImmutableType@4763c727
2018-05-03 14:46:52,222 DEBUG (org.hibernate.type.BasicTypeRegistry:148) - Adding type registration imm_calendar_date -&gt; org.hibernate.type.AdaptedImmutableType@72445aba
2018-05-03 14:46:52,223 DEBUG (org.hibernate.type.BasicTypeRegistry:148) - Adding type registration imm_binary -&gt; org.hibernate.type.AdaptedImmutableType@61bcd567
2018-05-03 14:46:52,224 DEBUG (org.hibernate.type.BasicTypeRegistry:148) - Adding type registration imm_serializable -&gt; org.hibernate.type.AdaptedImmutableType@1c80e49b
2018-05-03 14:46:52,275  INFO (org.hibernate.annotations.common.Version:37) - HCANN000001: Hibernate Commons Annotations {4.0.1.Final}
2018-05-03 14:46:52,394  INFO (org.hibernate.Version:41) - HHH000412: Hibernate Core {4.2.0.Final}
2018-05-03 14:46:52,399  INFO (org.hibernate.cfg.Environment:239) - HHH000206: hibernate.properties not found
2018-05-03 14:46:52,406  INFO (org.hibernate.cfg.Environment:342) - HHH000021: Bytecode provider name : javassist
2018-05-03 14:46:52,431 DEBUG (org.hibernate.id.factory.internal.DefaultIdentifierGeneratorFactory:93) - Registering IdentifierGenerator strategy [uuid2] -&gt; [org.hibernate.id.UUIDGenerator]
2018-05-03 14:46:52,432 DEBUG (org.hibernate.id.factory.internal.DefaultIdentifierGeneratorFactory:93) - Registering IdentifierGenerator strategy [guid] -&gt; [org.hibernate.id.GUIDGenerator]
2018-05-03 14:46:52,434 DEBUG (org.hibernate.id.factory.internal.DefaultIdentifierGeneratorFactory:93) - Registering IdentifierGenerator strategy [uuid] -&gt; [org.hibernate.id.UUIDHexGenerator]
2018-05-03 14:46:52,435 DEBUG (org.hibernate.id.factory.internal.DefaultIdentifierGeneratorFactory:93) - Registering IdentifierGenerator strategy [uuid.hex] -&gt; [org.hibernate.id.UUIDHexGenerator]
2018-05-03 14:46:52,437 DEBUG (org.hibernate.id.factory.internal.DefaultIdentifierGeneratorFactory:93) - Registering IdentifierGenerator strategy [hilo] -&gt; [org.hibernate.id.TableHiLoGenerator]
2018-05-03 14:46:52,439 DEBUG (org.hibernate.id.factory.internal.DefaultIdentifierGeneratorFactory:93) - Registering IdentifierGenerator strategy [assigned] -&gt; [org.hibernate.id.Assigned]
2018-05-03 14:46:52,442 DEBUG (org.hibernate.id.factory.internal.DefaultIdentifierGeneratorFactory:93) - Registering IdentifierGenerator strategy [identity] -&gt; [org.hibernate.id.IdentityGenerator]
2018-05-03 14:46:52,443 DEBUG (org.hibernate.id.factory.internal.DefaultIdentifierGeneratorFactory:93) - Registering IdentifierGenerator strategy [select] -&gt; [org.hibernate.id.SelectGenerator]
2018-05-03 14:46:52,445 DEBUG (org.hibernate.id.factory.internal.DefaultIdentifierGeneratorFactory:93) - Registering IdentifierGenerator strategy [sequence] -&gt; [org.hibernate.id.SequenceGenerator]
2018-05-03 14:46:52,446 DEBUG (org.hibernate.id.factory.internal.DefaultIdentifierGeneratorFactory:93) - Registering IdentifierGenerator strategy [seqhilo] -&gt; [org.hibernate.id.SequenceHiLoGenerator]
2018-05-03 14:46:52,447 DEBUG (org.hibernate.id.factory.internal.DefaultIdentifierGeneratorFactory:93) - Registering IdentifierGenerator strategy [increment] -&gt; [org.hibernate.id.IncrementGenerator]
2018-05-03 14:46:52,448 DEBUG (org.hibernate.id.factory.internal.DefaultIdentifierGeneratorFactory:93) - Registering IdentifierGenerator strategy [foreign] -&gt; [org.hibernate.id.ForeignGenerator]
2018-05-03 14:46:52,450 DEBUG (org.hibernate.id.factory.internal.DefaultIdentifierGeneratorFactory:93) - Registering IdentifierGenerator strategy [sequence-identity] -&gt; [org.hibernate.id.SequenceIdentityGenerator]
2018-05-03 14:46:52,451 DEBUG (org.hibernate.id.factory.internal.DefaultIdentifierGeneratorFactory:93) - Registering IdentifierGenerator strategy [enhanced-sequence] -&gt; [org.hibernate.id.enhanced.SequenceStyleGenerator]
2018-05-03 14:46:52,452 DEBUG (org.hibernate.id.factory.internal.DefaultIdentifierGeneratorFactory:93) - Registering IdentifierGenerator strategy [enhanced-table] -&gt; [org.hibernate.id.enhanced.TableGenerator]
2018-05-03 14:46:52,458 DEBUG (org.springframework.core.io.support.PathMatchingResourcePatternResolver:631) - Looking for matching resources in directory tree [E:\Java\masterspring\code\chapter18\target\classes\com\smart\domain]
2018-05-03 14:46:52,458 DEBUG (org.springframework.core.io.support.PathMatchingResourcePatternResolver:631) - Looking for matching resources in directory tree [E:\Java\masterspring\code\chapter18\target\classes\com\smart\domain]
2018-05-03 14:46:52,459 DEBUG (org.springframework.core.io.support.PathMatchingResourcePatternResolver:693) - Searching directory [E:\Java\masterspring\code\chapter18\target\classes\com\smart\domain] for files matching pattern [E:/Java/masterspring/code/chapter18/target/classes/com/smart/domain/**/*.class]
2018-05-03 14:46:52,459 DEBUG (org.springframework.core.io.support.PathMatchingResourcePatternResolver:693) - Searching directory [E:\Java\masterspring\code\chapter18\target\classes\com\smart\domain] for files matching pattern [E:/Java/masterspring/code/chapter18/target/classes/com/smart/domain/**/*.class]
2018-05-03 14:46:52,461 DEBUG (org.springframework.core.io.support.PathMatchingResourcePatternResolver:424) - Resolved location pattern [classpath*:com/smart/domain/**/*.class] to resources [file [E:\Java\masterspring\code\chapter18\target\classes\com\smart\domain\BaseDomain.class], file [E:\Java\masterspring\code\chapter18\target\classes\com\smart\domain\Board.class], file [E:\Java\masterspring\code\chapter18\target\classes\com\smart\domain\LoginLog.class], file [E:\Java\masterspring\code\chapter18\target\classes\com\smart\domain\MainPost.class], file [E:\Java\masterspring\code\chapter18\target\classes\com\smart\domain\Post.class], file [E:\Java\masterspring\code\chapter18\target\classes\com\smart\domain\Topic.class], file [E:\Java\masterspring\code\chapter18\target\classes\com\smart\domain\User.class]]
2018-05-03 14:46:52,461 DEBUG (org.springframework.core.io.support.PathMatchingResourcePatternResolver:424) - Resolved location pattern [classpath*:com/smart/domain/**/*.class] to resources [file [E:\Java\masterspring\code\chapter18\target\classes\com\smart\domain\BaseDomain.class], file [E:\Java\masterspring\code\chapter18\target\classes\com\smart\domain\Board.class], file [E:\Java\masterspring\code\chapter18\target\classes\com\smart\domain\LoginLog.class], file [E:\Java\masterspring\code\chapter18\target\classes\com\smart\domain\MainPost.class], file [E:\Java\masterspring\code\chapter18\target\classes\com\smart\domain\Post.class], file [E:\Java\masterspring\code\chapter18\target\classes\com\smart\domain\Topic.class], file [E:\Java\masterspring\code\chapter18\target\classes\com\smart\domain\User.class]]
2018-05-03 14:46:52,506 DEBUG (org.hibernate.integrator.internal.IntegratorServiceImpl:59) - Adding Integrator [org.hibernate.cfg.beanvalidation.BeanValidationIntegrator].
2018-05-03 14:46:52,538 DEBUG (org.hibernate.cfg.Configuration:1735) - Preparing to build session factory with filters : {}
2018-05-03 14:46:52,572 DEBUG (org.hibernate.cfg.Configuration:3416) - Processing hbm.xml files
2018-05-03 14:46:52,572 DEBUG (org.hibernate.cfg.Configuration:3446) - Process annotated classes
2018-05-03 14:46:52,576 DEBUG (org.hibernate.cfg.AnnotationBinder:531) - Binding entity from annotated class: com.smart.domain.Board
2018-05-03 14:46:52,635 DEBUG (org.hibernate.cfg.Ejb3Column:196) - Binding column: Ejb3DiscriminatorColumn{logicalColumnName&apos;DTYPE&apos;, discriminatorTypeName=&apos;string&apos;}
2018-05-03 14:46:52,662 DEBUG (org.hibernate.cfg.annotations.EntityBinder:394) - Import with entity name Board
2018-05-03 14:46:52,670 DEBUG (org.hibernate.cfg.annotations.EntityBinder:564) - Bind entity com.smart.domain.Board on table t_board
2018-05-03 14:46:52,775 DEBUG (org.hibernate.cfg.Ejb3Column:196) - Binding column: Ejb3Column{table=org.hibernate.mapping.Table(t_board), mappingColumn=board_id, insertable=true, updatable=true, unique=false}
2018-05-03 14:46:52,794 DEBUG (org.hibernate.cfg.annotations.PropertyBinder:179) - MetadataSourceProcessor property boardId with lazy=false
2018-05-03 14:46:52,809 DEBUG (org.hibernate.cfg.annotations.SimpleValueBinder:331) - building SimpleValue for boardId
2018-05-03 14:46:52,813 DEBUG (org.hibernate.cfg.annotations.PropertyBinder:260) - Building property boardId
2018-05-03 14:46:52,837 DEBUG (org.hibernate.cfg.Ejb3Column:196) - Binding column: Ejb3Column{table=org.hibernate.mapping.Table(t_board), mappingColumn=board_desc, insertable=true, updatable=true, unique=false}
2018-05-03 14:46:52,846 DEBUG (org.hibernate.cfg.annotations.PropertyBinder:179) - MetadataSourceProcessor property boardDesc with lazy=false
2018-05-03 14:46:52,848 DEBUG (org.hibernate.cfg.annotations.SimpleValueBinder:331) - building SimpleValue for boardDesc
2018-05-03 14:46:52,851 DEBUG (org.hibernate.cfg.annotations.PropertyBinder:260) - Building property boardDesc
2018-05-03 14:46:52,859 DEBUG (org.hibernate.cfg.Ejb3Column:196) - Binding column: Ejb3Column{table=org.hibernate.mapping.Table(t_board), mappingColumn=board_name, insertable=true, updatable=true, unique=false}
2018-05-03 14:46:52,861 DEBUG (org.hibernate.cfg.annotations.PropertyBinder:179) - MetadataSourceProcessor property boardName with lazy=false
2018-05-03 14:46:52,862 DEBUG (org.hibernate.cfg.annotations.SimpleValueBinder:331) - building SimpleValue for boardName
2018-05-03 14:46:52,892 DEBUG (org.hibernate.cfg.annotations.PropertyBinder:260) - Building property boardName
2018-05-03 14:46:52,893 DEBUG (org.hibernate.cfg.Ejb3Column:196) - Binding column: Ejb3Column{table=org.hibernate.mapping.Table(t_board), mappingColumn=topic_num, insertable=true, updatable=true, unique=false}
2018-05-03 14:46:52,894 DEBUG (org.hibernate.cfg.annotations.PropertyBinder:179) - MetadataSourceProcessor property topicNum with lazy=false
2018-05-03 14:46:52,895 DEBUG (org.hibernate.cfg.annotations.SimpleValueBinder:331) - building SimpleValue for topicNum
2018-05-03 14:46:52,895 DEBUG (org.hibernate.cfg.annotations.PropertyBinder:260) - Building property topicNum
2018-05-03 14:46:52,909 DEBUG (org.hibernate.cfg.Ejb3Column:196) - Binding column: Ejb3Column{table=org.hibernate.mapping.Table(t_board), mappingColumn=null, insertable=true, updatable=true, unique=false}
2018-05-03 14:46:53,000 DEBUG (org.hibernate.cfg.Ejb3Column:196) - Binding column: Ejb3Column{table=org.hibernate.mapping.Table(t_board), mappingColumn=element, insertable=true, updatable=true, unique=false}
2018-05-03 14:46:53,003 DEBUG (org.hibernate.cfg.Ejb3Column:196) - Binding column: Ejb3Column{table=org.hibernate.mapping.Table(t_board), mappingColumn=users_KEY, insertable=true, updatable=true, unique=false}
2018-05-03 14:46:53,007 DEBUG (org.hibernate.cfg.Ejb3Column:196) - Binding column: Ejb3JoinColumn{logicalColumnName=&apos;users_KEY&apos;, referencedColumn=&apos;null&apos;, mappedBy=&apos;null&apos;}
2018-05-03 14:46:53,010 DEBUG (org.hibernate.cfg.Ejb3Column:196) - Binding column: Ejb3JoinColumn{logicalColumnName=&apos;null&apos;, referencedColumn=&apos;null&apos;, mappedBy=&apos;manBoards&apos;}
2018-05-03 14:46:53,011 DEBUG (org.hibernate.cfg.Ejb3Column:196) - Binding column: Ejb3JoinColumn{logicalColumnName=&apos;null&apos;, referencedColumn=&apos;null&apos;, mappedBy=&apos;manBoards&apos;}
2018-05-03 14:46:53,016 DEBUG (org.hibernate.cfg.annotations.CollectionBinder:400) - Collection role: com.smart.domain.Board.users
2018-05-03 14:46:53,029 DEBUG (org.hibernate.cfg.annotations.PropertyBinder:260) - Building property users
2018-05-03 14:46:53,038 DEBUG (org.hibernate.cfg.AnnotationBinder:531) - Binding entity from annotated class: com.smart.domain.LoginLog
2018-05-03 14:46:53,040 DEBUG (org.hibernate.cfg.Ejb3Column:196) - Binding column: Ejb3DiscriminatorColumn{logicalColumnName&apos;DTYPE&apos;, discriminatorTypeName=&apos;string&apos;}
2018-05-03 14:46:53,042 DEBUG (org.hibernate.cfg.annotations.EntityBinder:394) - Import with entity name LoginLog
2018-05-03 14:46:53,043 DEBUG (org.hibernate.cfg.annotations.EntityBinder:564) - Bind entity com.smart.domain.LoginLog on table t_login_log
2018-05-03 14:46:53,129 DEBUG (org.hibernate.cfg.Ejb3Column:196) - Binding column: Ejb3Column{table=org.hibernate.mapping.Table(t_login_log), mappingColumn=login_log_id, insertable=true, updatable=true, unique=false}
2018-05-03 14:46:53,134 DEBUG (org.hibernate.cfg.annotations.PropertyBinder:179) - MetadataSourceProcessor property loginLogId with lazy=false
2018-05-03 14:46:53,137 DEBUG (org.hibernate.cfg.annotations.SimpleValueBinder:331) - building SimpleValue for loginLogId
2018-05-03 14:46:53,141 DEBUG (org.hibernate.cfg.annotations.PropertyBinder:260) - Building property loginLogId
2018-05-03 14:46:53,144 DEBUG (org.hibernate.cfg.Ejb3Column:196) - Binding column: Ejb3Column{table=org.hibernate.mapping.Table(t_login_log), mappingColumn=ip, insertable=true, updatable=true, unique=false}
2018-05-03 14:46:53,145 DEBUG (org.hibernate.cfg.annotations.PropertyBinder:179) - MetadataSourceProcessor property ip with lazy=false
2018-05-03 14:46:53,161 DEBUG (org.hibernate.cfg.annotations.SimpleValueBinder:331) - building SimpleValue for ip
2018-05-03 14:46:53,164 DEBUG (org.hibernate.cfg.annotations.PropertyBinder:260) - Building property ip
2018-05-03 14:46:53,167 DEBUG (org.hibernate.cfg.Ejb3Column:196) - Binding column: Ejb3Column{table=org.hibernate.mapping.Table(t_login_log), mappingColumn=login_datetime, insertable=true, updatable=true, unique=false}
2018-05-03 14:46:53,169 DEBUG (org.hibernate.cfg.annotations.PropertyBinder:179) - MetadataSourceProcessor property loginDate with lazy=false
2018-05-03 14:46:53,174 DEBUG (org.hibernate.cfg.annotations.SimpleValueBinder:331) - building SimpleValue for loginDate
2018-05-03 14:46:53,176 DEBUG (org.hibernate.cfg.annotations.PropertyBinder:260) - Building property loginDate
2018-05-03 14:46:53,177 DEBUG (org.hibernate.cfg.Ejb3Column:196) - Binding column: Ejb3JoinColumn{logicalColumnName=&apos;user_id&apos;, referencedColumn=&apos;&apos;, mappedBy=&apos;&apos;}
2018-05-03 14:46:53,180 DEBUG (org.hibernate.cfg.Ejb3Column:196) - Binding column: Ejb3Column{table=org.hibernate.mapping.Table(t_login_log), mappingColumn=user, insertable=true, updatable=true, unique=false}
2018-05-03 14:46:53,204 DEBUG (org.hibernate.cfg.annotations.PropertyBinder:260) - Building property user
2018-05-03 14:46:53,208 DEBUG (org.hibernate.cfg.AnnotationBinder:531) - Binding entity from annotated class: com.smart.domain.Post
2018-05-03 14:46:53,209 DEBUG (org.hibernate.cfg.Ejb3Column:196) - Binding column: Ejb3DiscriminatorColumn{logicalColumnName&apos;post_type&apos;, discriminatorTypeName=&apos;string&apos;}
2018-05-03 14:46:53,210 DEBUG (org.hibernate.cfg.annotations.EntityBinder:394) - Import with entity name Post
2018-05-03 14:46:53,211 DEBUG (org.hibernate.cfg.annotations.EntityBinder:564) - Bind entity com.smart.domain.Post on table t_post
2018-05-03 14:46:53,225 DEBUG (org.hibernate.cfg.Ejb3Column:196) - Binding column: Ejb3Column{table=org.hibernate.mapping.Table(t_post), mappingColumn=post_id, insertable=true, updatable=true, unique=false}
2018-05-03 14:46:53,226 DEBUG (org.hibernate.cfg.annotations.PropertyBinder:179) - MetadataSourceProcessor property postId with lazy=false
2018-05-03 14:46:53,226 DEBUG (org.hibernate.cfg.annotations.SimpleValueBinder:331) - building SimpleValue for postId
2018-05-03 14:46:53,227 DEBUG (org.hibernate.cfg.annotations.PropertyBinder:260) - Building property postId
2018-05-03 14:46:53,228 DEBUG (org.hibernate.cfg.Ejb3Column:196) - Binding column: Ejb3Column{table=org.hibernate.mapping.Table(t_post), mappingColumn=board_id, insertable=true, updatable=true, unique=false}
2018-05-03 14:46:53,229 DEBUG (org.hibernate.cfg.annotations.PropertyBinder:179) - MetadataSourceProcessor property boardId with lazy=false
2018-05-03 14:46:53,230 DEBUG (org.hibernate.cfg.annotations.SimpleValueBinder:331) - building SimpleValue for boardId
2018-05-03 14:46:53,231 DEBUG (org.hibernate.cfg.annotations.PropertyBinder:260) - Building property boardId
2018-05-03 14:46:53,232 DEBUG (org.hibernate.cfg.Ejb3Column:196) - Binding column: Ejb3Column{table=org.hibernate.mapping.Table(t_post), mappingColumn=create_time, insertable=true, updatable=true, unique=false}
2018-05-03 14:46:53,233 DEBUG (org.hibernate.cfg.annotations.PropertyBinder:179) - MetadataSourceProcessor property createTime with lazy=false
2018-05-03 14:46:53,233 DEBUG (org.hibernate.cfg.annotations.SimpleValueBinder:331) - building SimpleValue for createTime
2018-05-03 14:46:53,234 DEBUG (org.hibernate.cfg.annotations.PropertyBinder:260) - Building property createTime
2018-05-03 14:46:53,235 DEBUG (org.hibernate.cfg.Ejb3Column:196) - Binding column: Ejb3Column{table=org.hibernate.mapping.Table(t_post), mappingColumn=post_text, insertable=true, updatable=true, unique=false}
2018-05-03 14:46:53,237 DEBUG (org.hibernate.cfg.annotations.PropertyBinder:179) - MetadataSourceProcessor property postText with lazy=false
2018-05-03 14:46:53,237 DEBUG (org.hibernate.cfg.annotations.SimpleValueBinder:331) - building SimpleValue for postText
2018-05-03 14:46:53,238 DEBUG (org.hibernate.cfg.annotations.PropertyBinder:260) - Building property postText
2018-05-03 14:46:53,239 DEBUG (org.hibernate.cfg.Ejb3Column:196) - Binding column: Ejb3Column{table=org.hibernate.mapping.Table(t_post), mappingColumn=post_title, insertable=true, updatable=true, unique=false}
2018-05-03 14:46:53,240 DEBUG (org.hibernate.cfg.annotations.PropertyBinder:179) - MetadataSourceProcessor property postTitle with lazy=false
2018-05-03 14:46:53,241 DEBUG (org.hibernate.cfg.annotations.SimpleValueBinder:331) - building SimpleValue for postTitle
2018-05-03 14:46:53,241 DEBUG (org.hibernate.cfg.annotations.PropertyBinder:260) - Building property postTitle
2018-05-03 14:46:53,244 DEBUG (org.hibernate.cfg.Ejb3Column:196) - Binding column: Ejb3JoinColumn{logicalColumnName=&apos;topic_id&apos;, referencedColumn=&apos;&apos;, mappedBy=&apos;&apos;}
2018-05-03 14:46:53,248 DEBUG (org.hibernate.cfg.Ejb3Column:196) - Binding column: Ejb3Column{table=org.hibernate.mapping.Table(t_post), mappingColumn=topic, insertable=true, updatable=true, unique=false}
2018-05-03 14:46:53,252 DEBUG (org.hibernate.cfg.annotations.PropertyBinder:260) - Building property topic
2018-05-03 14:46:53,253 DEBUG (org.hibernate.cfg.Ejb3Column:196) - Binding column: Ejb3JoinColumn{logicalColumnName=&apos;user_id&apos;, referencedColumn=&apos;&apos;, mappedBy=&apos;&apos;}
2018-05-03 14:46:53,255 DEBUG (org.hibernate.cfg.Ejb3Column:196) - Binding column: Ejb3Column{table=org.hibernate.mapping.Table(t_post), mappingColumn=user, insertable=true, updatable=true, unique=false}
2018-05-03 14:46:53,256 DEBUG (org.hibernate.cfg.annotations.PropertyBinder:260) - Building property user
2018-05-03 14:46:53,258 DEBUG (org.hibernate.cfg.AnnotationBinder:531) - Binding entity from annotated class: com.smart.domain.MainPost
2018-05-03 14:46:53,261  WARN (org.hibernate.cfg.AnnotationBinder:735) - HHH000133: Discriminator column has to be defined in the root entity, it will be ignored in subclass: com.smart.domain.MainPost
2018-05-03 14:46:53,264 DEBUG (org.hibernate.cfg.annotations.EntityBinder:394) - Import with entity name MainPost
2018-05-03 14:46:53,268 DEBUG (org.hibernate.cfg.AnnotationBinder:531) - Binding entity from annotated class: com.smart.domain.Topic
2018-05-03 14:46:53,270 DEBUG (org.hibernate.cfg.Ejb3Column:196) - Binding column: Ejb3DiscriminatorColumn{logicalColumnName&apos;DTYPE&apos;, discriminatorTypeName=&apos;string&apos;}
2018-05-03 14:46:53,272 DEBUG (org.hibernate.cfg.annotations.EntityBinder:394) - Import with entity name Topic
2018-05-03 14:46:53,272 DEBUG (org.hibernate.cfg.annotations.EntityBinder:564) - Bind entity com.smart.domain.Topic on table t_topic
2018-05-03 14:46:53,283 DEBUG (org.hibernate.cfg.Ejb3Column:196) - Binding column: Ejb3Column{table=org.hibernate.mapping.Table(t_topic), mappingColumn=topic_id, insertable=true, updatable=true, unique=false}
2018-05-03 14:46:53,285 DEBUG (org.hibernate.cfg.annotations.PropertyBinder:179) - MetadataSourceProcessor property topicId with lazy=false
2018-05-03 14:46:53,286 DEBUG (org.hibernate.cfg.annotations.SimpleValueBinder:331) - building SimpleValue for topicId
2018-05-03 14:46:53,288 DEBUG (org.hibernate.cfg.annotations.PropertyBinder:260) - Building property topicId
2018-05-03 14:46:53,289 DEBUG (org.hibernate.cfg.Ejb3Column:196) - Binding column: Ejb3Column{table=org.hibernate.mapping.Table(t_topic), mappingColumn=board_id, insertable=true, updatable=true, unique=false}
2018-05-03 14:46:53,291 DEBUG (org.hibernate.cfg.annotations.PropertyBinder:179) - MetadataSourceProcessor property boardId with lazy=false
2018-05-03 14:46:53,293 DEBUG (org.hibernate.cfg.annotations.SimpleValueBinder:331) - building SimpleValue for boardId
2018-05-03 14:46:53,294 DEBUG (org.hibernate.cfg.annotations.PropertyBinder:260) - Building property boardId
2018-05-03 14:46:53,296 DEBUG (org.hibernate.cfg.Ejb3Column:196) - Binding column: Ejb3Column{table=org.hibernate.mapping.Table(t_topic), mappingColumn=create_time, insertable=true, updatable=true, unique=false}
2018-05-03 14:46:53,297 DEBUG (org.hibernate.cfg.annotations.PropertyBinder:179) - MetadataSourceProcessor property createTime with lazy=false
2018-05-03 14:46:53,298 DEBUG (org.hibernate.cfg.annotations.SimpleValueBinder:331) - building SimpleValue for createTime
2018-05-03 14:46:53,300 DEBUG (org.hibernate.cfg.annotations.PropertyBinder:260) - Building property createTime
2018-05-03 14:46:53,302 DEBUG (org.hibernate.cfg.Ejb3Column:196) - Binding column: Ejb3Column{table=org.hibernate.mapping.Table(t_topic), mappingColumn=digest, insertable=true, updatable=true, unique=false}
2018-05-03 14:46:53,302 DEBUG (org.hibernate.cfg.annotations.PropertyBinder:179) - MetadataSourceProcessor property digest with lazy=false
2018-05-03 14:46:53,304 DEBUG (org.hibernate.cfg.annotations.SimpleValueBinder:331) - building SimpleValue for digest
2018-05-03 14:46:53,306 DEBUG (org.hibernate.cfg.annotations.PropertyBinder:260) - Building property digest
2018-05-03 14:46:53,307 DEBUG (org.hibernate.cfg.Ejb3Column:196) - Binding column: Ejb3Column{table=org.hibernate.mapping.Table(t_topic), mappingColumn=last_post, insertable=true, updatable=true, unique=false}
2018-05-03 14:46:53,309 DEBUG (org.hibernate.cfg.annotations.PropertyBinder:179) - MetadataSourceProcessor property lastPost with lazy=false
2018-05-03 14:46:53,313 DEBUG (org.hibernate.cfg.annotations.SimpleValueBinder:331) - building SimpleValue for lastPost
2018-05-03 14:46:53,315 DEBUG (org.hibernate.cfg.annotations.PropertyBinder:260) - Building property lastPost
2018-05-03 14:46:53,317 DEBUG (org.hibernate.cfg.Ejb3Column:196) - Binding column: Ejb3Column{table=org.hibernate.mapping.Table(t_topic), mappingColumn=topic_replies, insertable=true, updatable=true, unique=false}
2018-05-03 14:46:53,318 DEBUG (org.hibernate.cfg.annotations.PropertyBinder:179) - MetadataSourceProcessor property replies with lazy=false
2018-05-03 14:46:53,319 DEBUG (org.hibernate.cfg.annotations.SimpleValueBinder:331) - building SimpleValue for replies
2018-05-03 14:46:53,320 DEBUG (org.hibernate.cfg.annotations.PropertyBinder:260) - Building property replies
2018-05-03 14:46:53,321 DEBUG (org.hibernate.cfg.Ejb3Column:196) - Binding column: Ejb3Column{table=org.hibernate.mapping.Table(t_topic), mappingColumn=topic_title, insertable=true, updatable=true, unique=false}
2018-05-03 14:46:53,326 DEBUG (org.hibernate.cfg.annotations.PropertyBinder:179) - MetadataSourceProcessor property topicTitle with lazy=false
2018-05-03 14:46:53,327 DEBUG (org.hibernate.cfg.annotations.SimpleValueBinder:331) - building SimpleValue for topicTitle
2018-05-03 14:46:53,327 DEBUG (org.hibernate.cfg.annotations.PropertyBinder:260) - Building property topicTitle
2018-05-03 14:46:53,328 DEBUG (org.hibernate.cfg.Ejb3Column:196) - Binding column: Ejb3JoinColumn{logicalColumnName=&apos;user_id&apos;, referencedColumn=&apos;&apos;, mappedBy=&apos;&apos;}
2018-05-03 14:46:53,329 DEBUG (org.hibernate.cfg.Ejb3Column:196) - Binding column: Ejb3Column{table=org.hibernate.mapping.Table(t_topic), mappingColumn=user, insertable=true, updatable=true, unique=false}
2018-05-03 14:46:53,330 DEBUG (org.hibernate.cfg.annotations.PropertyBinder:260) - Building property user
2018-05-03 14:46:53,333 DEBUG (org.hibernate.cfg.Ejb3Column:196) - Binding column: Ejb3Column{table=org.hibernate.mapping.Table(t_topic), mappingColumn=topic_views, insertable=true, updatable=true, unique=false}
2018-05-03 14:46:53,334 DEBUG (org.hibernate.cfg.annotations.PropertyBinder:179) - MetadataSourceProcessor property views with lazy=false
2018-05-03 14:46:53,335 DEBUG (org.hibernate.cfg.annotations.SimpleValueBinder:331) - building SimpleValue for views
2018-05-03 14:46:53,336 DEBUG (org.hibernate.cfg.annotations.PropertyBinder:260) - Building property views
2018-05-03 14:46:53,338 DEBUG (org.hibernate.cfg.AnnotationBinder:531) - Binding entity from annotated class: com.smart.domain.User
2018-05-03 14:46:53,339 DEBUG (org.hibernate.cfg.Ejb3Column:196) - Binding column: Ejb3DiscriminatorColumn{logicalColumnName&apos;DTYPE&apos;, discriminatorTypeName=&apos;string&apos;}
2018-05-03 14:46:53,340 DEBUG (org.hibernate.cfg.annotations.EntityBinder:394) - Import with entity name User
2018-05-03 14:46:53,342 DEBUG (org.hibernate.cfg.annotations.EntityBinder:564) - Bind entity com.smart.domain.User on table t_user
2018-05-03 14:46:53,353 DEBUG (org.hibernate.cfg.Ejb3Column:196) - Binding column: Ejb3Column{table=org.hibernate.mapping.Table(t_user), mappingColumn=user_id, insertable=true, updatable=true, unique=false}
2018-05-03 14:46:53,356 DEBUG (org.hibernate.cfg.annotations.PropertyBinder:179) - MetadataSourceProcessor property userId with lazy=false
2018-05-03 14:46:53,358 DEBUG (org.hibernate.cfg.annotations.SimpleValueBinder:331) - building SimpleValue for userId
2018-05-03 14:46:53,361 DEBUG (org.hibernate.cfg.annotations.PropertyBinder:260) - Building property userId
2018-05-03 14:46:53,363 DEBUG (org.hibernate.cfg.Ejb3Column:196) - Binding column: Ejb3Column{table=org.hibernate.mapping.Table(t_user), mappingColumn=credit, insertable=true, updatable=true, unique=false}
2018-05-03 14:46:53,365 DEBUG (org.hibernate.cfg.annotations.PropertyBinder:179) - MetadataSourceProcessor property credit with lazy=false
2018-05-03 14:46:53,366 DEBUG (org.hibernate.cfg.annotations.SimpleValueBinder:331) - building SimpleValue for credit
2018-05-03 14:46:53,367 DEBUG (org.hibernate.cfg.annotations.PropertyBinder:260) - Building property credit
2018-05-03 14:46:53,369 DEBUG (org.hibernate.cfg.Ejb3Column:196) - Binding column: Ejb3Column{table=org.hibernate.mapping.Table(t_user), mappingColumn=last_ip, insertable=true, updatable=true, unique=false}
2018-05-03 14:46:53,372 DEBUG (org.hibernate.cfg.annotations.PropertyBinder:179) - MetadataSourceProcessor property lastIp with lazy=false
2018-05-03 14:46:53,373 DEBUG (org.hibernate.cfg.annotations.SimpleValueBinder:331) - building SimpleValue for lastIp
2018-05-03 14:46:53,375 DEBUG (org.hibernate.cfg.annotations.PropertyBinder:260) - Building property lastIp
2018-05-03 14:46:53,376 DEBUG (org.hibernate.cfg.Ejb3Column:196) - Binding column: Ejb3Column{table=org.hibernate.mapping.Table(t_user), mappingColumn=last_visit, insertable=true, updatable=true, unique=false}
2018-05-03 14:46:53,378 DEBUG (org.hibernate.cfg.annotations.PropertyBinder:179) - MetadataSourceProcessor property lastVisit with lazy=false
2018-05-03 14:46:53,379 DEBUG (org.hibernate.cfg.annotations.SimpleValueBinder:331) - building SimpleValue for lastVisit
2018-05-03 14:46:53,383 DEBUG (org.hibernate.cfg.annotations.PropertyBinder:260) - Building property lastVisit
2018-05-03 14:46:53,386 DEBUG (org.hibernate.cfg.Ejb3Column:196) - Binding column: Ejb3Column{table=org.hibernate.mapping.Table(t_user), mappingColumn=locked, insertable=true, updatable=true, unique=false}
2018-05-03 14:46:53,390 DEBUG (org.hibernate.cfg.annotations.PropertyBinder:179) - MetadataSourceProcessor property locked with lazy=false
2018-05-03 14:46:53,392 DEBUG (org.hibernate.cfg.annotations.SimpleValueBinder:331) - building SimpleValue for locked
2018-05-03 14:46:53,393 DEBUG (org.hibernate.cfg.annotations.PropertyBinder:260) - Building property locked
2018-05-03 14:46:53,394 DEBUG (org.hibernate.cfg.Ejb3Column:196) - Binding column: Ejb3Column{table=org.hibernate.mapping.Table(t_user), mappingColumn=null, insertable=true, updatable=true, unique=false}
2018-05-03 14:46:53,397 DEBUG (org.hibernate.cfg.Ejb3Column:196) - Binding column: Ejb3Column{table=org.hibernate.mapping.Table(t_user), mappingColumn=element, insertable=true, updatable=true, unique=false}
2018-05-03 14:46:53,399 DEBUG (org.hibernate.cfg.Ejb3Column:196) - Binding column: Ejb3Column{table=org.hibernate.mapping.Table(t_user), mappingColumn=manBoards_KEY, insertable=true, updatable=true, unique=false}
2018-05-03 14:46:53,401 DEBUG (org.hibernate.cfg.Ejb3Column:196) - Binding column: Ejb3JoinColumn{logicalColumnName=&apos;manBoards_KEY&apos;, referencedColumn=&apos;null&apos;, mappedBy=&apos;null&apos;}
2018-05-03 14:46:53,407 DEBUG (org.hibernate.cfg.Ejb3Column:196) - Binding column: Ejb3JoinColumn{logicalColumnName=&apos;user_id&apos;, referencedColumn=&apos;&apos;, mappedBy=&apos;&apos;}
2018-05-03 14:46:53,408 DEBUG (org.hibernate.cfg.Ejb3Column:196) - Binding column: Ejb3JoinColumn{logicalColumnName=&apos;board_id&apos;, referencedColumn=&apos;&apos;, mappedBy=&apos;&apos;}
2018-05-03 14:46:53,409 DEBUG (org.hibernate.cfg.annotations.CollectionBinder:400) - Collection role: com.smart.domain.User.manBoards
2018-05-03 14:46:53,410 DEBUG (org.hibernate.cfg.annotations.PropertyBinder:260) - Building property manBoards
2018-05-03 14:46:53,411 DEBUG (org.hibernate.cfg.Ejb3Column:196) - Binding column: Ejb3Column{table=org.hibernate.mapping.Table(t_user), mappingColumn=password, insertable=true, updatable=true, unique=false}
2018-05-03 14:46:53,412 DEBUG (org.hibernate.cfg.annotations.PropertyBinder:179) - MetadataSourceProcessor property password with lazy=false
2018-05-03 14:46:53,414 DEBUG (org.hibernate.cfg.annotations.SimpleValueBinder:331) - building SimpleValue for password
2018-05-03 14:46:53,415 DEBUG (org.hibernate.cfg.annotations.PropertyBinder:260) - Building property password
2018-05-03 14:46:53,417 DEBUG (org.hibernate.cfg.Ejb3Column:196) - Binding column: Ejb3Column{table=org.hibernate.mapping.Table(t_user), mappingColumn=user_name, insertable=true, updatable=true, unique=false}
2018-05-03 14:46:53,418 DEBUG (org.hibernate.cfg.annotations.PropertyBinder:179) - MetadataSourceProcessor property userName with lazy=false
2018-05-03 14:46:53,419 DEBUG (org.hibernate.cfg.annotations.SimpleValueBinder:331) - building SimpleValue for userName
2018-05-03 14:46:53,420 DEBUG (org.hibernate.cfg.annotations.PropertyBinder:260) - Building property userName
2018-05-03 14:46:53,425 DEBUG (org.hibernate.cfg.Ejb3Column:196) - Binding column: Ejb3Column{table=org.hibernate.mapping.Table(t_user), mappingColumn=user_type, insertable=true, updatable=true, unique=false}
2018-05-03 14:46:53,428 DEBUG (org.hibernate.cfg.annotations.PropertyBinder:179) - MetadataSourceProcessor property userType with lazy=false
2018-05-03 14:46:53,429 DEBUG (org.hibernate.cfg.annotations.SimpleValueBinder:331) - building SimpleValue for userType
2018-05-03 14:46:53,430 DEBUG (org.hibernate.cfg.annotations.PropertyBinder:260) - Building property userType
2018-05-03 14:46:53,434 DEBUG (org.hibernate.cfg.annotations.SimpleValueBinder:369) - Setting SimpleValue typeName for boardId
2018-05-03 14:46:53,435 DEBUG (org.hibernate.cfg.annotations.SimpleValueBinder:369) - Setting SimpleValue typeName for boardDesc
2018-05-03 14:46:53,437 DEBUG (org.hibernate.cfg.annotations.SimpleValueBinder:369) - Setting SimpleValue typeName for boardName
2018-05-03 14:46:53,440 DEBUG (org.hibernate.cfg.annotations.SimpleValueBinder:369) - Setting SimpleValue typeName for topicNum
2018-05-03 14:46:53,441 DEBUG (org.hibernate.cfg.annotations.SimpleValueBinder:369) - Setting SimpleValue typeName for loginLogId
2018-05-03 14:46:53,442 DEBUG (org.hibernate.cfg.annotations.SimpleValueBinder:369) - Setting SimpleValue typeName for ip
2018-05-03 14:46:53,443 DEBUG (org.hibernate.cfg.annotations.SimpleValueBinder:369) - Setting SimpleValue typeName for loginDate
2018-05-03 14:46:53,443 DEBUG (org.hibernate.cfg.annotations.SimpleValueBinder:369) - Setting SimpleValue typeName for postId
2018-05-03 14:46:53,444 DEBUG (org.hibernate.cfg.annotations.SimpleValueBinder:369) - Setting SimpleValue typeName for boardId
2018-05-03 14:46:53,445 DEBUG (org.hibernate.cfg.annotations.SimpleValueBinder:369) - Setting SimpleValue typeName for createTime
2018-05-03 14:46:53,445 DEBUG (org.hibernate.cfg.annotations.SimpleValueBinder:369) - Setting SimpleValue typeName for postText
2018-05-03 14:46:53,446 DEBUG (org.hibernate.cfg.annotations.SimpleValueBinder:369) - Setting SimpleValue typeName for postTitle
2018-05-03 14:46:53,447 DEBUG (org.hibernate.cfg.annotations.SimpleValueBinder:369) - Setting SimpleValue typeName for topicId
2018-05-03 14:46:53,449 DEBUG (org.hibernate.cfg.annotations.SimpleValueBinder:369) - Setting SimpleValue typeName for boardId
2018-05-03 14:46:53,451 DEBUG (org.hibernate.cfg.annotations.SimpleValueBinder:369) - Setting SimpleValue typeName for createTime
2018-05-03 14:46:53,452 DEBUG (org.hibernate.cfg.annotations.SimpleValueBinder:369) - Setting SimpleValue typeName for digest
2018-05-03 14:46:53,453 DEBUG (org.hibernate.cfg.annotations.SimpleValueBinder:369) - Setting SimpleValue typeName for lastPost
2018-05-03 14:46:53,461 DEBUG (org.hibernate.cfg.annotations.SimpleValueBinder:369) - Setting SimpleValue typeName for replies
2018-05-03 14:46:53,473 DEBUG (org.hibernate.cfg.annotations.SimpleValueBinder:369) - Setting SimpleValue typeName for topicTitle
2018-05-03 14:46:53,477 DEBUG (org.hibernate.cfg.annotations.SimpleValueBinder:369) - Setting SimpleValue typeName for views
2018-05-03 14:46:53,480 DEBUG (org.hibernate.cfg.annotations.SimpleValueBinder:369) - Setting SimpleValue typeName for userId
2018-05-03 14:46:53,482 DEBUG (org.hibernate.cfg.annotations.SimpleValueBinder:369) - Setting SimpleValue typeName for credit
2018-05-03 14:46:53,483 DEBUG (org.hibernate.cfg.annotations.SimpleValueBinder:369) - Setting SimpleValue typeName for lastIp
2018-05-03 14:46:53,486 DEBUG (org.hibernate.cfg.annotations.SimpleValueBinder:369) - Setting SimpleValue typeName for lastVisit
2018-05-03 14:46:53,490 DEBUG (org.hibernate.cfg.annotations.SimpleValueBinder:369) - Setting SimpleValue typeName for locked
2018-05-03 14:46:53,493 DEBUG (org.hibernate.cfg.annotations.SimpleValueBinder:369) - Setting SimpleValue typeName for password
2018-05-03 14:46:53,494 DEBUG (org.hibernate.cfg.annotations.SimpleValueBinder:369) - Setting SimpleValue typeName for userName
2018-05-03 14:46:53,501 DEBUG (org.hibernate.cfg.annotations.SimpleValueBinder:369) - Setting SimpleValue typeName for userType
2018-05-03 14:46:53,507 DEBUG (org.hibernate.cfg.Configuration:1406) - Processing fk mappings (*ToOne and JoinedSubclass)
2018-05-03 14:46:53,533 DEBUG (org.hibernate.cfg.Configuration:1585) - Processing extends queue
2018-05-03 14:46:53,533 DEBUG (org.hibernate.cfg.Configuration:1643) - Processing extends queue
2018-05-03 14:46:53,534 DEBUG (org.hibernate.cfg.Configuration:1588) - Processing collection mappings
2018-05-03 14:46:53,535 DEBUG (org.hibernate.cfg.CollectionSecondPass:64) - Second pass for collection: com.smart.domain.User.manBoards
2018-05-03 14:46:53,536 DEBUG (org.hibernate.cfg.annotations.CollectionBinder:1049) - Binding as ManyToMany: com.smart.domain.User.manBoards
2018-05-03 14:46:53,547 DEBUG (org.hibernate.cfg.CollectionSecondPass:80) - Mapped collection key: user_id, element: board_id
2018-05-03 14:46:53,549 DEBUG (org.hibernate.cfg.CollectionSecondPass:64) - Second pass for collection: com.smart.domain.Board.users
2018-05-03 14:46:53,553 DEBUG (org.hibernate.cfg.annotations.CollectionBinder:1049) - Binding as ManyToMany: com.smart.domain.Board.users
2018-05-03 14:46:53,554 DEBUG (org.hibernate.cfg.annotations.TableBinder:332) - Retrieving property com.smart.domain.User.manBoards
2018-05-03 14:46:53,556 DEBUG (org.hibernate.cfg.CollectionSecondPass:80) - Mapped collection key: board_id, element: user_id
2018-05-03 14:46:53,557 DEBUG (org.hibernate.cfg.Configuration:1598) - Processing native query and ResultSetMapping mappings
2018-05-03 14:46:53,558 DEBUG (org.hibernate.cfg.Configuration:1606) - Processing association property references
2018-05-03 14:46:53,563 DEBUG (org.hibernate.cfg.Configuration:1628) - Creating tables&apos; unique integer identifiers
2018-05-03 14:46:53,564 DEBUG (org.hibernate.cfg.Configuration:1629) - Processing foreign key constraints
2018-05-03 14:46:53,566 DEBUG (org.hibernate.cfg.Configuration:1700) - Resolving reference to class: com.smart.domain.Board
2018-05-03 14:46:53,567 DEBUG (org.hibernate.cfg.Configuration:1700) - Resolving reference to class: com.smart.domain.User
2018-05-03 14:46:53,568 DEBUG (org.hibernate.cfg.Configuration:1700) - Resolving reference to class: com.smart.domain.User
2018-05-03 14:46:53,569 DEBUG (org.hibernate.cfg.Configuration:1700) - Resolving reference to class: com.smart.domain.Topic
2018-05-03 14:46:53,570 DEBUG (org.hibernate.cfg.Configuration:1700) - Resolving reference to class: com.smart.domain.User
2018-05-03 14:46:53,572 DEBUG (org.hibernate.cfg.Configuration:1700) - Resolving reference to class: com.smart.domain.User
2018-05-03 14:46:53,866 DEBUG (org.hibernate.engine.jdbc.internal.JdbcServicesImpl:121) - Database -&gt;
       name : MySQL
    version : 5.7.20-log
      major : 5
      minor : 7
2018-05-03 14:46:53,867 DEBUG (org.hibernate.engine.jdbc.internal.JdbcServicesImpl:127) - Driver -&gt;
       name : MySQL Connector Java
    version : mysql-connector-java-5.1.29 ( Revision: alexander.soklakov@oracle.com-20140120140810-s44574olh90i6i4l )
      major : 5
      minor : 1
2018-05-03 14:46:53,867 DEBUG (org.hibernate.engine.jdbc.internal.JdbcServicesImpl:133) - JDBC version : 4.0
2018-05-03 14:46:53,923  INFO (org.hibernate.dialect.Dialect:128) - HHH000400: Using dialect: org.hibernate.dialect.MySQLDialect
2018-05-03 14:46:53,981 DEBUG (org.hibernate.cfg.SettingsFactory:114) - Automatic flush during beforeCompletion(): disabled
2018-05-03 14:46:53,981 DEBUG (org.hibernate.cfg.SettingsFactory:120) - Automatic session close at end of transaction: disabled
2018-05-03 14:46:53,982 DEBUG (org.hibernate.cfg.SettingsFactory:131) - JDBC batch size: 15
2018-05-03 14:46:53,982 DEBUG (org.hibernate.cfg.SettingsFactory:137) - JDBC batch updates for versioned data: disabled
2018-05-03 14:46:53,983 DEBUG (org.hibernate.cfg.SettingsFactory:147) - Scrollable result sets: enabled
2018-05-03 14:46:53,983 DEBUG (org.hibernate.cfg.SettingsFactory:153) - Wrap result sets: disabled
2018-05-03 14:46:53,984 DEBUG (org.hibernate.cfg.SettingsFactory:159) - JDBC3 getGeneratedKeys(): enabled
2018-05-03 14:46:53,984 DEBUG (org.hibernate.cfg.SettingsFactory:171) - multi-tenancy strategy : NONE
2018-05-03 14:46:53,985 DEBUG (org.hibernate.cfg.SettingsFactory:177) - Connection release mode: auto
2018-05-03 14:46:53,986  INFO (org.hibernate.engine.transaction.internal.TransactionFactoryInitiator:68) - HHH000399: Using default transaction strategy (direct JDBC transactions)
2018-05-03 14:46:53,992 DEBUG (org.hibernate.cfg.SettingsFactory:199) - Using BatchFetchStyle : LEGACY
2018-05-03 14:46:53,993 DEBUG (org.hibernate.cfg.SettingsFactory:218) - Maximum outer join fetch depth: 2
2018-05-03 14:46:53,994 DEBUG (org.hibernate.cfg.SettingsFactory:224) - Default batch fetch size: 1
2018-05-03 14:46:53,994 DEBUG (org.hibernate.cfg.SettingsFactory:230) - Generate SQL with comments: disabled
2018-05-03 14:46:53,995 DEBUG (org.hibernate.cfg.SettingsFactory:236) - Order SQL updates by primary key: disabled
2018-05-03 14:46:53,997 DEBUG (org.hibernate.cfg.SettingsFactory:242) - Order SQL inserts for batching: disabled
2018-05-03 14:46:53,998 DEBUG (org.hibernate.cfg.SettingsFactory:250) - Default null ordering: none
2018-05-03 14:46:54,001 DEBUG (org.hibernate.cfg.SettingsFactory:541) - Query translator: org.hibernate.hql.internal.ast.ASTQueryTranslatorFactory
2018-05-03 14:46:54,006  INFO (org.hibernate.hql.internal.ast.ASTQueryTranslatorFactory:48) - HHH000397: Using ASTQueryTranslatorFactory
2018-05-03 14:46:54,007 DEBUG (org.hibernate.cfg.SettingsFactory:260) - Query language substitutions: {}
2018-05-03 14:46:54,008 DEBUG (org.hibernate.cfg.SettingsFactory:266) - JPA-QL strict compliance: disabled
2018-05-03 14:46:54,008 DEBUG (org.hibernate.cfg.SettingsFactory:274) - Second-level cache: enabled
2018-05-03 14:46:54,009 DEBUG (org.hibernate.cfg.SettingsFactory:280) - Query cache: enabled
2018-05-03 14:46:54,011 DEBUG (org.hibernate.cfg.SettingsFactory:461) - Query cache factory: org.hibernate.cache.internal.StandardQueryCacheFactory
2018-05-03 14:46:54,013 DEBUG (org.hibernate.cfg.SettingsFactory:481) - Cache region factory : org.hibernate.cache.ehcache.EhCacheRegionFactory
2018-05-03 14:46:54,057 DEBUG (org.hibernate.cfg.SettingsFactory:295) - Optimize cache for minimal puts: enabled
2018-05-03 14:46:54,057 DEBUG (org.hibernate.cfg.SettingsFactory:310) - Structured second-level cache entries: disabled
2018-05-03 14:46:54,058 DEBUG (org.hibernate.cfg.SettingsFactory:320) - Second-level cache direct-reference entries: disabled
2018-05-03 14:46:54,058 DEBUG (org.hibernate.cfg.SettingsFactory:328) - Statistics: disabled
2018-05-03 14:46:54,059 DEBUG (org.hibernate.cfg.SettingsFactory:334) - Deleted entity synthetic identifier rollback: disabled
2018-05-03 14:46:54,060 DEBUG (org.hibernate.cfg.SettingsFactory:358) - Default entity-mode: pojo
2018-05-03 14:46:54,060 DEBUG (org.hibernate.cfg.SettingsFactory:364) - Named query checking : enabled
2018-05-03 14:46:54,061 DEBUG (org.hibernate.cfg.SettingsFactory:370) - Check Nullability in Core (should be disabled when Bean Validation is on): enabled
2018-05-03 14:46:54,061 DEBUG (org.hibernate.cfg.SettingsFactory:388) - Allow initialization of lazy state outside session : : disabled
2018-05-03 14:46:54,062 DEBUG (org.hibernate.cfg.SettingsFactory:398) - JTA Track by Thread: enabled
2018-05-03 14:46:54,086 DEBUG (org.hibernate.internal.SessionFactoryImpl:225) - Building session factory
2018-05-03 14:46:54,187 DEBUG (net.sf.ehcache.config.ConfigurationFactory:130) - Configuring ehcache from ehcache.xml found in the classpath: file:/E:/Java/masterspring/code/chapter18/target/classes/ehcache.xml
2018-05-03 14:46:54,196 DEBUG (net.sf.ehcache.config.ConfigurationFactory:96) - Configuring ehcache from URL: file:/E:/Java/masterspring/code/chapter18/target/classes/ehcache.xml
2018-05-03 14:46:54,197 DEBUG (net.sf.ehcache.config.ConfigurationFactory:148) - Configuring ehcache from InputStream
2018-05-03 14:46:54,272 DEBUG (net.sf.ehcache.config.DiskStoreConfiguration:118) - Disk Store Path: C:\Users\yan\AppData\Local\Temp\
2018-05-03 14:46:54,433 DEBUG (net.sf.ehcache.util.PropertyUtil:88) - propertiesString is null.
2018-05-03 14:46:54,442 DEBUG (net.sf.ehcache.config.ConfigurationHelper:184) - No CacheManagerEventListenerFactory class specified. Skipping...
2018-05-03 14:46:54,982 DEBUG (net.sf.ehcache.Cache:949) - No BootstrapCacheLoaderFactory class specified. Skipping...
2018-05-03 14:46:54,983 DEBUG (net.sf.ehcache.Cache:923) - CacheWriter factory not configured. Skipping...
2018-05-03 14:46:54,985 DEBUG (net.sf.ehcache.config.ConfigurationHelper:96) - No CacheExceptionHandlerFactory class specified. Skipping...
2018-05-03 14:46:54,991 DEBUG (net.sf.ehcache.Cache:949) - No BootstrapCacheLoaderFactory class specified. Skipping...
2018-05-03 14:46:54,991 DEBUG (net.sf.ehcache.Cache:923) - CacheWriter factory not configured. Skipping...
2018-05-03 14:46:54,993 DEBUG (net.sf.ehcache.config.ConfigurationHelper:96) - No CacheExceptionHandlerFactory class specified. Skipping...
2018-05-03 14:46:54,994 DEBUG (net.sf.ehcache.Cache:949) - No BootstrapCacheLoaderFactory class specified. Skipping...
2018-05-03 14:46:54,999 DEBUG (net.sf.ehcache.Cache:923) - CacheWriter factory not configured. Skipping...
2018-05-03 14:46:55,000 DEBUG (net.sf.ehcache.config.ConfigurationHelper:96) - No CacheExceptionHandlerFactory class specified. Skipping...
2018-05-03 14:46:55,076 DEBUG (net.sf.ehcache.store.compound.factories.DiskOverflowStorageFactory:95) - Deleting data file freqChangeRegion.data
2018-05-03 14:46:55,176 DEBUG (net.sf.ehcache.Cache:1183) - Initialised cache: freqChangeRegion
2018-05-03 14:46:55,178 DEBUG (net.sf.ehcache.config.ConfigurationHelper:331) - CacheDecoratorFactory not configured. Skipping for &apos;freqChangeRegion&apos;.
2018-05-03 14:46:55,179 DEBUG (net.sf.ehcache.config.ConfigurationHelper:360) - CacheDecoratorFactory not configured for defaultCache. Skipping for &apos;freqChangeRegion&apos;.
2018-05-03 14:46:55,194 DEBUG (net.sf.ehcache.Cache:1183) - Initialised cache: fixedRegion
2018-05-03 14:46:55,197 DEBUG (net.sf.ehcache.config.ConfigurationHelper:331) - CacheDecoratorFactory not configured. Skipping for &apos;fixedRegion&apos;.
2018-05-03 14:46:55,198 DEBUG (net.sf.ehcache.config.ConfigurationHelper:360) - CacheDecoratorFactory not configured for defaultCache. Skipping for &apos;fixedRegion&apos;.
2018-05-03 14:46:55,213  INFO (org.hibernate.cache.spi.UpdateTimestampsCache:61) - HHH000250: Starting update timestamps cache at region: org.hibernate.cache.spi.UpdateTimestampsCache
2018-05-03 14:46:55,246  WARN (org.hibernate.cache.ehcache.AbstractEhcacheRegionFactory:180) - HHH020003: Could not find a specific ehcache configuration for cache named [org.hibernate.cache.spi.UpdateTimestampsCache]; using defaults.
2018-05-03 14:46:55,247 DEBUG (net.sf.ehcache.Cache:1183) - Initialised cache: org.hibernate.cache.spi.UpdateTimestampsCache
2018-05-03 14:46:55,248 DEBUG (net.sf.ehcache.config.ConfigurationHelper:360) - CacheDecoratorFactory not configured for defaultCache. Skipping for &apos;org.hibernate.cache.spi.UpdateTimestampsCache&apos;.
2018-05-03 14:46:55,249 DEBUG (org.hibernate.cache.ehcache.AbstractEhcacheRegionFactory:183) - started EHCache region: org.hibernate.cache.spi.UpdateTimestampsCache
2018-05-03 14:46:55,268  INFO (org.hibernate.cache.internal.StandardQueryCache:86) - HHH000248: Starting query cache at region: org.hibernate.cache.internal.StandardQueryCache
2018-05-03 14:46:55,270  WARN (org.hibernate.cache.ehcache.AbstractEhcacheRegionFactory:180) - HHH020003: Could not find a specific ehcache configuration for cache named [org.hibernate.cache.internal.StandardQueryCache]; using defaults.
2018-05-03 14:46:55,272 DEBUG (net.sf.ehcache.Cache:1183) - Initialised cache: org.hibernate.cache.internal.StandardQueryCache
2018-05-03 14:46:55,273 DEBUG (net.sf.ehcache.config.ConfigurationHelper:360) - CacheDecoratorFactory not configured for defaultCache. Skipping for &apos;org.hibernate.cache.internal.StandardQueryCache&apos;.
2018-05-03 14:46:55,273 DEBUG (org.hibernate.cache.ehcache.AbstractEhcacheRegionFactory:183) - started EHCache region: org.hibernate.cache.internal.StandardQueryCache
2018-05-03 14:46:55,280 DEBUG (org.hibernate.internal.SessionFactoryImpl:277) - Session factory constructed with filter configurations : {}
2018-05-03 14:46:55,282 DEBUG (org.hibernate.internal.SessionFactoryImpl:278) - Instantiating session factory with properties: {idea.version=2017.3.5, java.runtime.name=Java(TM) SE Runtime Environment, sun.boot.library.path=C:\Program Files\Java\jdk1.8.0_151\jre\bin, java.vm.version=25.151-b12, java.vm.vendor=Oracle Corporation, java.vendor.url=http://java.oracle.com/, path.separator=;, hibernate.cache.use_query_cache=true, java.vm.name=Java HotSpot(TM) 64-Bit Server VM, file.encoding.pkg=sun.io, user.script=, user.country=CN, sun.java.launcher=SUN_STANDARD, sun.os.patch.level=, java.vm.specification.name=Java Virtual Machine Specification, user.dir=E:\Java\masterspring\code\chapter18, java.runtime.version=1.8.0_151-b12, java.awt.graphicsenv=sun.awt.Win32GraphicsEnvironment, basedir=E:\Java\masterspring\code\chapter18, hibernate.current_session_context_class=org.springframework.orm.hibernate4.SpringSessionContext, java.endorsed.dirs=C:\Program Files\Java\jdk1.8.0_151\jre\lib\endorsed, os.arch=amd64, surefire.real.class.path=E:\Java\masterspring\code\chapter18\target\surefire\surefirebooter8647157020280580332.jar, java.io.tmpdir=C:\Users\yan\AppData\Local\Temp\, line.separator=
, java.vm.specification.vendor=Oracle Corporation, user.variant=, os.name=Windows 10, sun.jnu.encoding=GBK, java.library.path=C:\Program Files\Java\jdk1.8.0_151\jre\bin;C:\WINDOWS\Sun\Java\bin;C:\WINDOWS\system32;C:\WINDOWS;F:\Python\Python3.6\Scripts\;F:\Python\Python3.6\;C:\Program Files\Microsoft MPI\Bin\;C:\ProgramData\Oracle\Java\javapath;C:\WINDOWS\system32;C:\WINDOWS;C:\WINDOWS\System32\Wbem;C:\WINDOWS\System32\WindowsPowerShell\v1.0\;C:\Program Files\Java\jdk1.8.0_151\bin;C:\Program Files\Java\jdk1.8.0_151\jre\bin;F:\Git\cmd;F:\Git\mingw64\bin;F:\Git\usr\bin;C:\Program Files\dotnet\;C:\Program Files\Microsoft SQL Server\Client SDK\ODBC\130\Tools\Binn\;C:\Program Files (x86)\Microsoft SQL Server\130\Tools\Binn\;C:\Program Files\Microsoft SQL Server\130\Tools\Binn\;C:\Program Files\Microsoft SQL Server\130\DTS\Binn\;C:\Program Files\MySQL\MySQL Utilities 1.6\;C:\Program Files (x86)\Microsoft SQL Server\Client SDK\ODBC\130\Tools\Binn\;C:\Program Files (x86)\Microsoft SQL Server\130\DTS\Binn\;C:\Program Files (x86)\Microsoft SQL Server\130\Tools\Binn\ManagementStudio\;D:\path\apache-maven-3.5.3\bin;C:\Program Files\nodejs\;C:\Program Files\MySQL\MySQL Server 5.7\bin;C:\Users\闫嘉祺\AppData\Local\Microsoft\WindowsApps;C:\Users\闫嘉祺\AppData\Local\GitHubDesktop\bin;C:\Users\闫嘉祺\AppData\Local\atom\bin;C:\Users\yan\AppData\Roaming\npm;., hibernate.connection.datasource=org.apache.commons.dbcp.BasicDataSource@2e1792e7, surefire.test.class.path=E:\Java\masterspring\code\chapter18\target\test-classes;E:\Java\masterspring\code\chapter18\target\classes;D:\mydoc\Maven\repo\org\springframework\spring-orm\4.2.2.RELEASE\spring-orm-4.2.2.RELEASE.jar;D:\mydoc\Maven\repo\org\springframework\spring-core\4.2.2.RELEASE\spring-core-4.2.2.RELEASE.jar;D:\mydoc\Maven\repo\org\springframework\spring-tx\4.2.2.RELEASE\spring-tx-4.2.2.RELEASE.jar;D:\mydoc\Maven\repo\org\springframework\spring-test\4.2.2.RELEASE\spring-test-4.2.2.RELEASE.jar;D:\mydoc\Maven\repo\org\springframework\spring-webmvc\4.2.2.RELEASE\spring-webmvc-4.2.2.RELEASE.jar;D:\mydoc\Maven\repo\org\springframework\spring-expression\4.2.2.RELEASE\spring-expression-4.2.2.RELEASE.jar;D:\mydoc\Maven\repo\org\springframework\spring-web\4.2.2.RELEASE\spring-web-4.2.2.RELEASE.jar;D:\mydoc\Maven\repo\org\springframework\spring-context\4.2.2.RELEASE\spring-context-4.2.2.RELEASE.jar;D:\mydoc\Maven\repo\org\springframework\spring-aop\4.2.2.RELEASE\spring-aop-4.2.2.RELEASE.jar;D:\mydoc\Maven\repo\org\springframework\spring-context-support\4.2.2.RELEASE\spring-context-support-4.2.2.RELEASE.jar;D:\mydoc\Maven\repo\org\springframework\spring-beans\4.2.2.RELEASE\spring-beans-4.2.2.RELEASE.jar;D:\mydoc\Maven\repo\org\springframework\spring-jdbc\4.2.2.RELEASE\spring-jdbc-4.2.2.RELEASE.jar;D:\mydoc\Maven\repo\commons-lang\commons-lang\2.2\commons-lang-2.2.jar;D:\mydoc\Maven\repo\commons-fileupload\commons-fileupload\1.3.1\commons-fileupload-1.3.1.jar;D:\mydoc\Maven\repo\commons-io\commons-io\2.2\commons-io-2.2.jar;D:\mydoc\Maven\repo\commons-dbcp\commons-dbcp\1.4\commons-dbcp-1.4.jar;D:\mydoc\Maven\repo\commons-pool\commons-pool\1.5.4\commons-pool-1.5.4.jar;D:\mydoc\Maven\repo\javax\persistence\persistence-api\1.0\persistence-api-1.0.jar;D:\mydoc\Maven\repo\org\hibernate\hibernate-core\4.2.0.Final\hibernate-core-4.2.0.Final.jar;D:\mydoc\Maven\repo\antlr\antlr\2.7.7\antlr-2.7.7.jar;D:\mydoc\Maven\repo\org\jboss\logging\jboss-logging\3.1.0.GA\jboss-logging-3.1.0.GA.jar;D:\mydoc\Maven\repo\org\jboss\spec\javax\transaction\jboss-transaction-api_1.1_spec\1.0.0.Final\jboss-transaction-api_1.1_spec-1.0.0.Final.jar;D:\mydoc\Maven\repo\dom4j\dom4j\1.6.1\dom4j-1.6.1.jar;D:\mydoc\Maven\repo\org\javassist\javassist\3.15.0-GA\javassist-3.15.0-GA.jar;D:\mydoc\Maven\repo\org\hibernate\common\hibernate-commons-annotations\4.0.1.Final\hibernate-commons-annotations-4.0.1.Final.jar;D:\mydoc\Maven\repo\org\hibernate\hibernate-ehcache\4.2.0.Final\hibernate-ehcache-4.2.0.Final.jar;D:\mydoc\Maven\repo\net\sf\ehcache\ehcache-core\2.4.3\ehcache-core-2.4.3.jar;D:\mydoc\Maven\repo\org\hibernate\javax\persistence\hibernate-jpa-2.0-api\1.0.1.Final\hibernate-jpa-2.0-api-1.0.1.Final.jar;D:\mydoc\Maven\repo\javax\servlet\servlet-api\3.0-alpha-1\servlet-api-3.0-alpha-1.jar;D:\mydoc\Maven\repo\mysql\mysql-connector-java\5.1.29\mysql-connector-java-5.1.29.jar;D:\mydoc\Maven\repo\commons-beanutils\commons-beanutils\1.9.1\commons-beanutils-1.9.1.jar;D:\mydoc\Maven\repo\commons-logging\commons-logging\1.1.1\commons-logging-1.1.1.jar;D:\mydoc\Maven\repo\commons-collections\commons-collections\3.2.1\commons-collections-3.2.1.jar;D:\mydoc\Maven\repo\org\slf4j\slf4j-log4j12\1.7.5\slf4j-log4j12-1.7.5.jar;D:\mydoc\Maven\repo\org\slf4j\slf4j-api\1.7.5\slf4j-api-1.7.5.jar;D:\mydoc\Maven\repo\log4j\log4j\1.2.17\log4j-1.2.17.jar;D:\mydoc\Maven\repo\org\mockito\mockito-all\1.10.19\mockito-all-1.10.19.jar;D:\mydoc\Maven\repo\org\testng\testng\6.8.7\testng-6.8.7.jar;D:\mydoc\Maven\repo\junit\junit\4.10\junit-4.10.jar;D:\mydoc\Maven\repo\org\hamcrest\hamcrest-core\1.1\hamcrest-core-1.1.jar;D:\mydoc\Maven\repo\org\beanshell\bsh\2.0b4\bsh-2.0b4.jar;D:\mydoc\Maven\repo\com\beust\jcommander\1.27\jcommander-1.27.jar;D:\mydoc\Maven\repo\org\yaml\snakeyaml\1.12\snakeyaml-1.12.jar;D:\mydoc\Maven\repo\org\unitils\unitils-core\3.4.2\unitils-core-3.4.2.jar;D:\mydoc\Maven\repo\ognl\ognl\2.6.9\ognl-2.6.9.jar;D:\mydoc\Maven\repo\org\unitils\unitils-testng\3.4.2\unitils-testng-3.4.2.jar;D:\mydoc\Maven\repo\org\testng\testng\5.8\testng-5.8-jdk15.jar;D:\mydoc\Maven\repo\org\unitils\unitils-spring\3.4.2\unitils-spring-3.4.2.jar;D:\mydoc\Maven\repo\org\unitils\unitils-orm\3.4.2\unitils-orm-3.4.2.jar;D:\mydoc\Maven\repo\org\unitils\unitils-database\3.4.2\unitils-database-3.4.2.jar;D:\mydoc\Maven\repo\org\unitils\unitils-dbmaintainer\3.4.2\unitils-dbmaintainer-3.4.2.jar;D:\mydoc\Maven\repo\org\hibernate\hibernate\3.2.5.ga\hibernate-3.2.5.ga.jar;D:\mydoc\Maven\repo\net\sf\ehcache\ehcache\1.2.3\ehcache-1.2.3.jar;D:\mydoc\Maven\repo\asm\asm-attrs\1.5.3\asm-attrs-1.5.3.jar;D:\mydoc\Maven\repo\cglib\cglib\2.1_3\cglib-2.1_3.jar;D:\mydoc\Maven\repo\asm\asm\1.5.3\asm-1.5.3.jar;D:\mydoc\Maven\repo\org\slf4j\slf4j-nop\1.6.4\slf4j-nop-1.6.4.jar;D:\mydoc\Maven\repo\org\unitils\unitils-dbunit\3.4.2\unitils-dbunit-3.4.2.jar;D:\mydoc\Maven\repo\xmlunit\xmlunit\1.2\xmlunit-1.2.jar;D:\mydoc\Maven\repo\org\aspectj\aspectjrt\1.8.1\aspectjrt-1.8.1.jar;D:\mydoc\Maven\repo\org\aspectj\aspectjweaver\1.8.1\aspectjweaver-1.8.1.jar;D:\mydoc\Maven\repo\aopalliance\aopalliance\1.0\aopalliance-1.0.jar;D:\mydoc\Maven\repo\org\apache\poi\poi\3.9\poi-3.9.jar;D:\mydoc\Maven\repo\commons-codec\commons-codec\1.5\commons-codec-1.5.jar;D:\mydoc\Maven\repo\javassist\javassist\3.6.0.GA\javassist-3.6.0.GA.jar;D:\mydoc\Maven\repo\org\seleniumhq\selenium\selenium-chrome-driver\2.41.0\selenium-chrome-driver-2.41.0.jar;D:\mydoc\Maven\repo\org\seleniumhq\selenium\selenium-remote-driver\2.41.0\selenium-remote-driver-2.41.0.jar;D:\mydoc\Maven\repo\cglib\cglib-nodep\2.1_3\cglib-nodep-2.1_3.jar;D:\mydoc\Maven\repo\net\java\dev\jna\jna\3.4.0\jna-3.4.0.jar;D:\mydoc\Maven\repo\net\java\dev\jna\platform\3.4.0\platform-3.4.0.jar;D:\mydoc\Maven\repo\org\seleniumhq\selenium\selenium-firefox-driver\2.41.0\selenium-firefox-driver-2.41.0.jar;D:\mydoc\Maven\repo\org\apache\commons\commons-exec\1.1\commons-exec-1.1.jar;D:\mydoc\Maven\repo\com\opera\operadriver\0.8.1\operadriver-0.8.1.jar;D:\mydoc\Maven\repo\com\opera\operalaunchers\0.3\operalaunchers-0.3.jar;D:\mydoc\Maven\repo\com\google\protobuf\protobuf-java\2.4.1\protobuf-java-2.4.1.jar;D:\mydoc\Maven\repo\com\google\guava\guava\10.0.1\guava-10.0.1.jar;D:\mydoc\Maven\repo\com\google\code\findbugs\jsr305\1.3.9\jsr305-1.3.9.jar;D:\mydoc\Maven\repo\commons-jxpath\commons-jxpath\1.3\commons-jxpath-1.3.jar;D:\mydoc\Maven\repo\org\dbunit\dbunit\2.5.1\dbunit-2.5.1.jar;D:\mydoc\Maven\repo\org\apache\poi\poi-ooxml\3.11\poi-ooxml-3.11.jar;D:\mydoc\Maven\repo\org\apache\poi\poi-ooxml-schemas\3.11\poi-ooxml-schemas-3.11.jar;D:\mydoc\Maven\repo\org\apache\xmlbeans\xmlbeans\2.6.0\xmlbeans-2.6.0.jar;D:\mydoc\Maven\repo\stax\stax-api\1.0.1\stax-api-1.0.1.jar;D:\mydoc\Maven\repo\org\seleniumhq\selenium\selenium-api\2.41.0\selenium-api-2.41.0.jar;D:\mydoc\Maven\repo\org\json\json\20080701\json-20080701.jar;D:\mydoc\Maven\repo\org\seleniumhq\selenium\selenium-htmlunit-driver\2.41.0\selenium-htmlunit-driver-2.41.0.jar;D:\mydoc\Maven\repo\net\sourceforge\htmlunit\htmlunit\2.13\htmlunit-2.13.jar;D:\mydoc\Maven\repo\xalan\xalan\2.7.1\xalan-2.7.1.jar;D:\mydoc\Maven\repo\xalan\serializer\2.7.1\serializer-2.7.1.jar;D:\mydoc\Maven\repo\org\apache\commons\commons-lang3\3.1\commons-lang3-3.1.jar;D:\mydoc\Maven\repo\org\apache\httpcomponents\httpmime\4.3.1\httpmime-4.3.1.jar;D:\mydoc\Maven\repo\net\sourceforge\htmlunit\htmlunit-core-js\2.13\htmlunit-core-js-2.13.jar;D:\mydoc\Maven\repo\xerces\xercesImpl\2.11.0\xercesImpl-2.11.0.jar;D:\mydoc\Maven\repo\xml-apis\xml-apis\1.4.01\xml-apis-1.4.01.jar;D:\mydoc\Maven\repo\net\sourceforge\nekohtml\nekohtml\1.9.19\nekohtml-1.9.19.jar;D:\mydoc\Maven\repo\net\sourceforge\cssparser\cssparser\0.9.11\cssparser-0.9.11.jar;D:\mydoc\Maven\repo\org\w3c\css\sac\1.3\sac-1.3.jar;D:\mydoc\Maven\repo\org\eclipse\jetty\jetty-websocket\8.1.12.v20130726\jetty-websocket-8.1.12.v20130726.jar;D:\mydoc\Maven\repo\org\eclipse\jetty\jetty-util\8.1.12.v20130726\jetty-util-8.1.12.v20130726.jar;D:\mydoc\Maven\repo\org\eclipse\jetty\jetty-io\8.1.12.v20130726\jetty-io-8.1.12.v20130726.jar;D:\mydoc\Maven\repo\org\eclipse\jetty\jetty-http\8.1.12.v20130726\jetty-http-8.1.12.v20130726.jar;D:\mydoc\Maven\repo\org\apache\httpcomponents\httpclient\4.3.1\httpclient-4.3.1.jar;D:\mydoc\Maven\repo\org\apache\httpcomponents\httpcore\4.3\httpcore-4.3.jar;D:\mydoc\Maven\repo\org\hamcrest\hamcrest-all\1.3\hamcrest-all-1.3.jar;D:\mydoc\Maven\repo\taglibs\standard\1.1.1\standard-1.1.1.jar;D:\mydoc\Maven\repo\javax\servlet\jstl\1.0\jstl-1.0.jar;, java.specification.name=Java Platform API Specification, java.class.version=52.0, sun.management.compiler=HotSpot 64-Bit Tiered Compilers, os.version=10.0, user.home=C:\Users\yan, user.timezone=Asia/Shanghai, java.awt.printerjob=sun.awt.windows.WPrinterJob, java.specification.version=1.8, file.encoding=UTF-8, user.name=yan, java.class.path=E:\Java\masterspring\code\chapter18\target\test-classes;E:\Java\masterspring\code\chapter18\target\classes;D:\mydoc\Maven\repo\org\springframework\spring-orm\4.2.2.RELEASE\spring-orm-4.2.2.RELEASE.jar;D:\mydoc\Maven\repo\org\springframework\spring-core\4.2.2.RELEASE\spring-core-4.2.2.RELEASE.jar;D:\mydoc\Maven\repo\org\springframework\spring-tx\4.2.2.RELEASE\spring-tx-4.2.2.RELEASE.jar;D:\mydoc\Maven\repo\org\springframework\spring-test\4.2.2.RELEASE\spring-test-4.2.2.RELEASE.jar;D:\mydoc\Maven\repo\org\springframework\spring-webmvc\4.2.2.RELEASE\spring-webmvc-4.2.2.RELEASE.jar;D:\mydoc\Maven\repo\org\springframework\spring-expression\4.2.2.RELEASE\spring-expression-4.2.2.RELEASE.jar;D:\mydoc\Maven\repo\org\springframework\spring-web\4.2.2.RELEASE\spring-web-4.2.2.RELEASE.jar;D:\mydoc\Maven\repo\org\springframework\spring-context\4.2.2.RELEASE\spring-context-4.2.2.RELEASE.jar;D:\mydoc\Maven\repo\org\springframework\spring-aop\4.2.2.RELEASE\spring-aop-4.2.2.RELEASE.jar;D:\mydoc\Maven\repo\org\springframework\spring-context-support\4.2.2.RELEASE\spring-context-support-4.2.2.RELEASE.jar;D:\mydoc\Maven\repo\org\springframework\spring-beans\4.2.2.RELEASE\spring-beans-4.2.2.RELEASE.jar;D:\mydoc\Maven\repo\org\springframework\spring-jdbc\4.2.2.RELEASE\spring-jdbc-4.2.2.RELEASE.jar;D:\mydoc\Maven\repo\commons-lang\commons-lang\2.2\commons-lang-2.2.jar;D:\mydoc\Maven\repo\commons-fileupload\commons-fileupload\1.3.1\commons-fileupload-1.3.1.jar;D:\mydoc\Maven\repo\commons-io\commons-io\2.2\commons-io-2.2.jar;D:\mydoc\Maven\repo\commons-dbcp\commons-dbcp\1.4\commons-dbcp-1.4.jar;D:\mydoc\Maven\repo\commons-pool\commons-pool\1.5.4\commons-pool-1.5.4.jar;D:\mydoc\Maven\repo\javax\persistence\persistence-api\1.0\persistence-api-1.0.jar;D:\mydoc\Maven\repo\org\hibernate\hibernate-core\4.2.0.Final\hibernate-core-4.2.0.Final.jar;D:\mydoc\Maven\repo\antlr\antlr\2.7.7\antlr-2.7.7.jar;D:\mydoc\Maven\repo\org\jboss\logging\jboss-logging\3.1.0.GA\jboss-logging-3.1.0.GA.jar;D:\mydoc\Maven\repo\org\jboss\spec\javax\transaction\jboss-transaction-api_1.1_spec\1.0.0.Final\jboss-transaction-api_1.1_spec-1.0.0.Final.jar;D:\mydoc\Maven\repo\dom4j\dom4j\1.6.1\dom4j-1.6.1.jar;D:\mydoc\Maven\repo\org\javassist\javassist\3.15.0-GA\javassist-3.15.0-GA.jar;D:\mydoc\Maven\repo\org\hibernate\common\hibernate-commons-annotations\4.0.1.Final\hibernate-commons-annotations-4.0.1.Final.jar;D:\mydoc\Maven\repo\org\hibernate\hibernate-ehcache\4.2.0.Final\hibernate-ehcache-4.2.0.Final.jar;D:\mydoc\Maven\repo\net\sf\ehcache\ehcache-core\2.4.3\ehcache-core-2.4.3.jar;D:\mydoc\Maven\repo\org\hibernate\javax\persistence\hibernate-jpa-2.0-api\1.0.1.Final\hibernate-jpa-2.0-api-1.0.1.Final.jar;D:\mydoc\Maven\repo\javax\servlet\servlet-api\3.0-alpha-1\servlet-api-3.0-alpha-1.jar;D:\mydoc\Maven\repo\mysql\mysql-connector-java\5.1.29\mysql-connector-java-5.1.29.jar;D:\mydoc\Maven\repo\commons-beanutils\commons-beanutils\1.9.1\commons-beanutils-1.9.1.jar;D:\mydoc\Maven\repo\commons-logging\commons-logging\1.1.1\commons-logging-1.1.1.jar;D:\mydoc\Maven\repo\commons-collections\commons-collections\3.2.1\commons-collections-3.2.1.jar;D:\mydoc\Maven\repo\org\slf4j\slf4j-log4j12\1.7.5\slf4j-log4j12-1.7.5.jar;D:\mydoc\Maven\repo\org\slf4j\slf4j-api\1.7.5\slf4j-api-1.7.5.jar;D:\mydoc\Maven\repo\log4j\log4j\1.2.17\log4j-1.2.17.jar;D:\mydoc\Maven\repo\org\mockito\mockito-all\1.10.19\mockito-all-1.10.19.jar;D:\mydoc\Maven\repo\org\testng\testng\6.8.7\testng-6.8.7.jar;D:\mydoc\Maven\repo\junit\junit\4.10\junit-4.10.jar;D:\mydoc\Maven\repo\org\hamcrest\hamcrest-core\1.1\hamcrest-core-1.1.jar;D:\mydoc\Maven\repo\org\beanshell\bsh\2.0b4\bsh-2.0b4.jar;D:\mydoc\Maven\repo\com\beust\jcommander\1.27\jcommander-1.27.jar;D:\mydoc\Maven\repo\org\yaml\snakeyaml\1.12\snakeyaml-1.12.jar;D:\mydoc\Maven\repo\org\unitils\unitils-core\3.4.2\unitils-core-3.4.2.jar;D:\mydoc\Maven\repo\ognl\ognl\2.6.9\ognl-2.6.9.jar;D:\mydoc\Maven\repo\org\unitils\unitils-testng\3.4.2\unitils-testng-3.4.2.jar;D:\mydoc\Maven\repo\org\testng\testng\5.8\testng-5.8-jdk15.jar;D:\mydoc\Maven\repo\org\unitils\unitils-spring\3.4.2\unitils-spring-3.4.2.jar;D:\mydoc\Maven\repo\org\unitils\unitils-orm\3.4.2\unitils-orm-3.4.2.jar;D:\mydoc\Maven\repo\org\unitils\unitils-database\3.4.2\unitils-database-3.4.2.jar;D:\mydoc\Maven\repo\org\unitils\unitils-dbmaintainer\3.4.2\unitils-dbmaintainer-3.4.2.jar;D:\mydoc\Maven\repo\org\hibernate\hibernate\3.2.5.ga\hibernate-3.2.5.ga.jar;D:\mydoc\Maven\repo\net\sf\ehcache\ehcache\1.2.3\ehcache-1.2.3.jar;D:\mydoc\Maven\repo\asm\asm-attrs\1.5.3\asm-attrs-1.5.3.jar;D:\mydoc\Maven\repo\cglib\cglib\2.1_3\cglib-2.1_3.jar;D:\mydoc\Maven\repo\asm\asm\1.5.3\asm-1.5.3.jar;D:\mydoc\Maven\repo\org\slf4j\slf4j-nop\1.6.4\slf4j-nop-1.6.4.jar;D:\mydoc\Maven\repo\org\unitils\unitils-dbunit\3.4.2\unitils-dbunit-3.4.2.jar;D:\mydoc\Maven\repo\xmlunit\xmlunit\1.2\xmlunit-1.2.jar;D:\mydoc\Maven\repo\org\aspectj\aspectjrt\1.8.1\aspectjrt-1.8.1.jar;D:\mydoc\Maven\repo\org\aspectj\aspectjweaver\1.8.1\aspectjweaver-1.8.1.jar;D:\mydoc\Maven\repo\aopalliance\aopalliance\1.0\aopalliance-1.0.jar;D:\mydoc\Maven\repo\org\apache\poi\poi\3.9\poi-3.9.jar;D:\mydoc\Maven\repo\commons-codec\commons-codec\1.5\commons-codec-1.5.jar;D:\mydoc\Maven\repo\javassist\javassist\3.6.0.GA\javassist-3.6.0.GA.jar;D:\mydoc\Maven\repo\org\seleniumhq\selenium\selenium-chrome-driver\2.41.0\selenium-chrome-driver-2.41.0.jar;D:\mydoc\Maven\repo\org\seleniumhq\selenium\selenium-remote-driver\2.41.0\selenium-remote-driver-2.41.0.jar;D:\mydoc\Maven\repo\cglib\cglib-nodep\2.1_3\cglib-nodep-2.1_3.jar;D:\mydoc\Maven\repo\net\java\dev\jna\jna\3.4.0\jna-3.4.0.jar;D:\mydoc\Maven\repo\net\java\dev\jna\platform\3.4.0\platform-3.4.0.jar;D:\mydoc\Maven\repo\org\seleniumhq\selenium\selenium-firefox-driver\2.41.0\selenium-firefox-driver-2.41.0.jar;D:\mydoc\Maven\repo\org\apache\commons\commons-exec\1.1\commons-exec-1.1.jar;D:\mydoc\Maven\repo\com\opera\operadriver\0.8.1\operadriver-0.8.1.jar;D:\mydoc\Maven\repo\com\opera\operalaunchers\0.3\operalaunchers-0.3.jar;D:\mydoc\Maven\repo\com\google\protobuf\protobuf-java\2.4.1\protobuf-java-2.4.1.jar;D:\mydoc\Maven\repo\com\google\guava\guava\10.0.1\guava-10.0.1.jar;D:\mydoc\Maven\repo\com\google\code\findbugs\jsr305\1.3.9\jsr305-1.3.9.jar;D:\mydoc\Maven\repo\commons-jxpath\commons-jxpath\1.3\commons-jxpath-1.3.jar;D:\mydoc\Maven\repo\org\dbunit\dbunit\2.5.1\dbunit-2.5.1.jar;D:\mydoc\Maven\repo\org\apache\poi\poi-ooxml\3.11\poi-ooxml-3.11.jar;D:\mydoc\Maven\repo\org\apache\poi\poi-ooxml-schemas\3.11\poi-ooxml-schemas-3.11.jar;D:\mydoc\Maven\repo\org\apache\xmlbeans\xmlbeans\2.6.0\xmlbeans-2.6.0.jar;D:\mydoc\Maven\repo\stax\stax-api\1.0.1\stax-api-1.0.1.jar;D:\mydoc\Maven\repo\org\seleniumhq\selenium\selenium-api\2.41.0\selenium-api-2.41.0.jar;D:\mydoc\Maven\repo\org\json\json\20080701\json-20080701.jar;D:\mydoc\Maven\repo\org\seleniumhq\selenium\selenium-htmlunit-driver\2.41.0\selenium-htmlunit-driver-2.41.0.jar;D:\mydoc\Maven\repo\net\sourceforge\htmlunit\htmlunit\2.13\htmlunit-2.13.jar;D:\mydoc\Maven\repo\xalan\xalan\2.7.1\xalan-2.7.1.jar;D:\mydoc\Maven\repo\xalan\serializer\2.7.1\serializer-2.7.1.jar;D:\mydoc\Maven\repo\org\apache\commons\commons-lang3\3.1\commons-lang3-3.1.jar;D:\mydoc\Maven\repo\org\apache\httpcomponents\httpmime\4.3.1\httpmime-4.3.1.jar;D:\mydoc\Maven\repo\net\sourceforge\htmlunit\htmlunit-core-js\2.13\htmlunit-core-js-2.13.jar;D:\mydoc\Maven\repo\xerces\xercesImpl\2.11.0\xercesImpl-2.11.0.jar;D:\mydoc\Maven\repo\xml-apis\xml-apis\1.4.01\xml-apis-1.4.01.jar;D:\mydoc\Maven\repo\net\sourceforge\nekohtml\nekohtml\1.9.19\nekohtml-1.9.19.jar;D:\mydoc\Maven\repo\net\sourceforge\cssparser\cssparser\0.9.11\cssparser-0.9.11.jar;D:\mydoc\Maven\repo\org\w3c\css\sac\1.3\sac-1.3.jar;D:\mydoc\Maven\repo\org\eclipse\jetty\jetty-websocket\8.1.12.v20130726\jetty-websocket-8.1.12.v20130726.jar;D:\mydoc\Maven\repo\org\eclipse\jetty\jetty-util\8.1.12.v20130726\jetty-util-8.1.12.v20130726.jar;D:\mydoc\Maven\repo\org\eclipse\jetty\jetty-io\8.1.12.v20130726\jetty-io-8.1.12.v20130726.jar;D:\mydoc\Maven\repo\org\eclipse\jetty\jetty-http\8.1.12.v20130726\jetty-http-8.1.12.v20130726.jar;D:\mydoc\Maven\repo\org\apache\httpcomponents\httpclient\4.3.1\httpclient-4.3.1.jar;D:\mydoc\Maven\repo\org\apache\httpcomponents\httpcore\4.3\httpcore-4.3.jar;D:\mydoc\Maven\repo\org\hamcrest\hamcrest-all\1.3\hamcrest-all-1.3.jar;D:\mydoc\Maven\repo\taglibs\standard\1.1.1\standard-1.1.1.jar;D:\mydoc\Maven\repo\javax\servlet\jstl\1.0\jstl-1.0.jar;, hibernate.bytecode.use_reflection_optimizer=false, hibernate.show_sql=true, hibernate.classLoader.application=sun.misc.Launcher$AppClassLoader@6bc7c054, java.vm.specification.version=1.8, sun.arch.data.model=64, java.home=C:\Program Files\Java\jdk1.8.0_151\jre, sun.java.command=E:\Java\masterspring\code\chapter18\target\surefire\surefirebooter8647157020280580332.jar E:\Java\masterspring\code\chapter18\target\surefire\surefire676824695199287736tmp E:\Java\masterspring\code\chapter18\target\surefire\surefire3963080105824202788tmp, hibernate.dialect=org.hibernate.dialect.MySQLDialect, java.specification.vendor=Oracle Corporation, user.language=zh, awt.toolkit=sun.awt.windows.WToolkit, java.vm.info=mixed mode, java.version=1.8.0_151, java.ext.dirs=C:\Program Files\Java\jdk1.8.0_151\jre\lib\ext;C:\WINDOWS\Sun\Java\lib\ext, sun.boot.class.path=C:\Program Files\Java\jdk1.8.0_151\jre\lib\resources.jar;C:\Program Files\Java\jdk1.8.0_151\jre\lib\rt.jar;C:\Program Files\Java\jdk1.8.0_151\jre\lib\sunrsasign.jar;C:\Program Files\Java\jdk1.8.0_151\jre\lib\jsse.jar;C:\Program Files\Java\jdk1.8.0_151\jre\lib\jce.jar;C:\Program Files\Java\jdk1.8.0_151\jre\lib\charsets.jar;C:\Program Files\Java\jdk1.8.0_151\jre\lib\jfr.jar;C:\Program Files\Java\jdk1.8.0_151\jre\classes, java.vendor=Oracle Corporation, localRepository=D:\mydoc\Maven\repo, file.separator=\, hibernate.cache.region.factory_class=org.hibernate.cache.ehcache.EhCacheRegionFactory, java.vendor.url.bug=http://bugreport.sun.com/bugreport/, sun.cpu.endian=little, sun.io.unicode.encoding=UnicodeLittle, sun.desktop=windows, sun.cpu.isalist=amd64}
2018-05-03 14:46:55,322 DEBUG (org.hibernate.id.factory.internal.DefaultIdentifierGeneratorFactory:107) - Setting dialect [org.hibernate.dialect.MySQLDialect]
2018-05-03 14:46:55,325 DEBUG (org.hibernate.id.factory.internal.DefaultIdentifierGeneratorFactory:107) - Setting dialect [org.hibernate.dialect.MySQLDialect]
2018-05-03 14:46:55,327 DEBUG (org.hibernate.id.factory.internal.DefaultIdentifierGeneratorFactory:107) - Setting dialect [org.hibernate.dialect.MySQLDialect]
2018-05-03 14:46:55,329 DEBUG (org.hibernate.id.factory.internal.DefaultIdentifierGeneratorFactory:107) - Setting dialect [org.hibernate.dialect.MySQLDialect]
2018-05-03 14:46:55,330 DEBUG (org.hibernate.id.factory.internal.DefaultIdentifierGeneratorFactory:107) - Setting dialect [org.hibernate.dialect.MySQLDialect]
2018-05-03 14:46:55,353  WARN (org.hibernate.cache.ehcache.AbstractEhcacheRegionFactory:180) - HHH020003: Could not find a specific ehcache configuration for cache named [com.smart.domain.Board]; using defaults.
2018-05-03 14:46:55,355 DEBUG (net.sf.ehcache.Cache:1183) - Initialised cache: com.smart.domain.Board
2018-05-03 14:46:55,355 DEBUG (net.sf.ehcache.config.ConfigurationHelper:360) - CacheDecoratorFactory not configured for defaultCache. Skipping for &apos;com.smart.domain.Board&apos;.
2018-05-03 14:46:55,356 DEBUG (org.hibernate.cache.ehcache.AbstractEhcacheRegionFactory:183) - started EHCache region: com.smart.domain.Board
2018-05-03 14:46:55,774 DEBUG (org.hibernate.persister.entity.AbstractEntityPersister:3582) - Static SQL for entity: com.smart.domain.Board
2018-05-03 14:46:55,776 DEBUG (org.hibernate.persister.entity.AbstractEntityPersister:3587) -  Version select: select board_id from t_board where board_id =?
2018-05-03 14:46:55,777 DEBUG (org.hibernate.persister.entity.AbstractEntityPersister:3590) -  Snapshot select: select board_.board_id, board_.board_desc as board2_0_, board_.board_name as board3_0_, board_.topic_num as topic4_0_ from t_board board_ where board_.board_id=?
2018-05-03 14:46:55,778 DEBUG (org.hibernate.persister.entity.AbstractEntityPersister:3593) -  Insert 0: insert into t_board (board_desc, board_name, topic_num, board_id) values (?, ?, ?, ?)
2018-05-03 14:46:55,779 DEBUG (org.hibernate.persister.entity.AbstractEntityPersister:3594) -  Update 0: update t_board set board_desc=?, board_name=?, topic_num=? where board_id=?
2018-05-03 14:46:55,780 DEBUG (org.hibernate.persister.entity.AbstractEntityPersister:3595) -  Delete 0: delete from t_board where board_id=?
2018-05-03 14:46:55,782 DEBUG (org.hibernate.persister.entity.AbstractEntityPersister:3598) -  Identity insert: insert into t_board (board_desc, board_name, topic_num) values (?, ?, ?)
2018-05-03 14:46:55,783  WARN (org.hibernate.cache.ehcache.AbstractEhcacheRegionFactory:180) - HHH020003: Could not find a specific ehcache configuration for cache named [com.smart.domain.Topic]; using defaults.
2018-05-03 14:46:55,786 DEBUG (net.sf.ehcache.Cache:1183) - Initialised cache: com.smart.domain.Topic
2018-05-03 14:46:55,786 DEBUG (net.sf.ehcache.config.ConfigurationHelper:360) - CacheDecoratorFactory not configured for defaultCache. Skipping for &apos;com.smart.domain.Topic&apos;.
2018-05-03 14:46:55,791 DEBUG (org.hibernate.cache.ehcache.AbstractEhcacheRegionFactory:183) - started EHCache region: com.smart.domain.Topic
2018-05-03 14:46:55,815 DEBUG (org.hibernate.persister.entity.AbstractEntityPersister:3582) - Static SQL for entity: com.smart.domain.Topic
2018-05-03 14:46:55,816 DEBUG (org.hibernate.persister.entity.AbstractEntityPersister:3587) -  Version select: select topic_id from t_topic where topic_id =?
2018-05-03 14:46:55,817 DEBUG (org.hibernate.persister.entity.AbstractEntityPersister:3590) -  Snapshot select: select topic_.topic_id, topic_.board_id as board2_4_, topic_.create_time as create3_4_, topic_.digest as digest4_4_, topic_.last_post as last5_4_, topic_.topic_replies as topic6_4_, topic_.topic_title as topic7_4_, topic_.user_id as user9_4_, topic_.topic_views as topic8_4_ from t_topic topic_ where topic_.topic_id=?
2018-05-03 14:46:55,818 DEBUG (org.hibernate.persister.entity.AbstractEntityPersister:3593) -  Insert 0: insert into t_topic (board_id, create_time, digest, last_post, topic_replies, topic_title, user_id, topic_views, topic_id) values (?, ?, ?, ?, ?, ?, ?, ?, ?)
2018-05-03 14:46:55,819 DEBUG (org.hibernate.persister.entity.AbstractEntityPersister:3594) -  Update 0: update t_topic set board_id=?, create_time=?, digest=?, last_post=?, topic_replies=?, topic_title=?, user_id=?, topic_views=? where topic_id=?
2018-05-03 14:46:55,819 DEBUG (org.hibernate.persister.entity.AbstractEntityPersister:3595) -  Delete 0: delete from t_topic where topic_id=?
2018-05-03 14:46:55,820 DEBUG (org.hibernate.persister.entity.AbstractEntityPersister:3598) -  Identity insert: insert into t_topic (board_id, create_time, digest, last_post, topic_replies, topic_title, user_id, topic_views) values (?, ?, ?, ?, ?, ?, ?, ?)
2018-05-03 14:46:55,821  WARN (org.hibernate.cache.ehcache.AbstractEhcacheRegionFactory:180) - HHH020003: Could not find a specific ehcache configuration for cache named [com.smart.domain.User]; using defaults.
2018-05-03 14:46:55,822 DEBUG (net.sf.ehcache.Cache:1183) - Initialised cache: com.smart.domain.User
2018-05-03 14:46:55,823 DEBUG (net.sf.ehcache.config.ConfigurationHelper:360) - CacheDecoratorFactory not configured for defaultCache. Skipping for &apos;com.smart.domain.User&apos;.
2018-05-03 14:46:55,824 DEBUG (org.hibernate.cache.ehcache.AbstractEhcacheRegionFactory:183) - started EHCache region: com.smart.domain.User
2018-05-03 14:46:55,851 DEBUG (org.hibernate.persister.entity.AbstractEntityPersister:3582) - Static SQL for entity: com.smart.domain.User
2018-05-03 14:46:55,852 DEBUG (org.hibernate.persister.entity.AbstractEntityPersister:3587) -  Version select: select user_id from t_user where user_id =?
2018-05-03 14:46:55,853 DEBUG (org.hibernate.persister.entity.AbstractEntityPersister:3590) -  Snapshot select: select user_.user_id, user_.credit as credit2_5_, user_.last_ip as last3_5_, user_.last_visit as last4_5_, user_.locked as locked5_5_, user_.password as password6_5_, user_.user_name as user7_5_, user_.user_type as user8_5_ from t_user user_ where user_.user_id=?
2018-05-03 14:46:55,855 DEBUG (org.hibernate.persister.entity.AbstractEntityPersister:3593) -  Insert 0: insert into t_user (credit, last_ip, last_visit, locked, password, user_name, user_type, user_id) values (?, ?, ?, ?, ?, ?, ?, ?)
2018-05-03 14:46:55,858 DEBUG (org.hibernate.persister.entity.AbstractEntityPersister:3594) -  Update 0: update t_user set credit=?, last_ip=?, last_visit=?, locked=?, password=?, user_name=?, user_type=? where user_id=?
2018-05-03 14:46:55,859 DEBUG (org.hibernate.persister.entity.AbstractEntityPersister:3595) -  Delete 0: delete from t_user where user_id=?
2018-05-03 14:46:55,862 DEBUG (org.hibernate.persister.entity.AbstractEntityPersister:3598) -  Identity insert: insert into t_user (credit, last_ip, last_visit, locked, password, user_name, user_type) values (?, ?, ?, ?, ?, ?, ?)
2018-05-03 14:46:55,865  WARN (org.hibernate.cache.ehcache.AbstractEhcacheRegionFactory:180) - HHH020003: Could not find a specific ehcache configuration for cache named [com.smart.domain.LoginLog]; using defaults.
2018-05-03 14:46:55,867 DEBUG (net.sf.ehcache.Cache:1183) - Initialised cache: com.smart.domain.LoginLog
2018-05-03 14:46:55,868 DEBUG (net.sf.ehcache.config.ConfigurationHelper:360) - CacheDecoratorFactory not configured for defaultCache. Skipping for &apos;com.smart.domain.LoginLog&apos;.
2018-05-03 14:46:55,869 DEBUG (org.hibernate.cache.ehcache.AbstractEhcacheRegionFactory:183) - started EHCache region: com.smart.domain.LoginLog
2018-05-03 14:46:55,882 DEBUG (org.hibernate.persister.entity.AbstractEntityPersister:3582) - Static SQL for entity: com.smart.domain.LoginLog
2018-05-03 14:46:55,883 DEBUG (org.hibernate.persister.entity.AbstractEntityPersister:3587) -  Version select: select login_log_id from t_login_log where login_log_id =?
2018-05-03 14:46:55,885 DEBUG (org.hibernate.persister.entity.AbstractEntityPersister:3590) -  Snapshot select: select loginlog_.login_log_id, loginlog_.ip as ip2_2_, loginlog_.login_datetime as login3_2_, loginlog_.user_id as user4_2_ from t_login_log loginlog_ where loginlog_.login_log_id=?
2018-05-03 14:46:55,886 DEBUG (org.hibernate.persister.entity.AbstractEntityPersister:3593) -  Insert 0: insert into t_login_log (ip, login_datetime, user_id, login_log_id) values (?, ?, ?, ?)
2018-05-03 14:46:55,893 DEBUG (org.hibernate.persister.entity.AbstractEntityPersister:3594) -  Update 0: update t_login_log set ip=?, login_datetime=?, user_id=? where login_log_id=?
2018-05-03 14:46:55,896 DEBUG (org.hibernate.persister.entity.AbstractEntityPersister:3595) -  Delete 0: delete from t_login_log where login_log_id=?
2018-05-03 14:46:55,897 DEBUG (org.hibernate.persister.entity.AbstractEntityPersister:3598) -  Identity insert: insert into t_login_log (ip, login_datetime, user_id) values (?, ?, ?)
2018-05-03 14:46:55,898  WARN (org.hibernate.cache.ehcache.AbstractEhcacheRegionFactory:180) - HHH020003: Could not find a specific ehcache configuration for cache named [com.smart.domain.Post]; using defaults.
2018-05-03 14:46:55,899 DEBUG (net.sf.ehcache.Cache:1183) - Initialised cache: com.smart.domain.Post
2018-05-03 14:46:55,899 DEBUG (net.sf.ehcache.config.ConfigurationHelper:360) - CacheDecoratorFactory not configured for defaultCache. Skipping for &apos;com.smart.domain.Post&apos;.
2018-05-03 14:46:55,900 DEBUG (org.hibernate.cache.ehcache.AbstractEhcacheRegionFactory:183) - started EHCache region: com.smart.domain.Post
2018-05-03 14:46:55,919 DEBUG (org.hibernate.persister.entity.AbstractEntityPersister:3582) - Static SQL for entity: com.smart.domain.Post
2018-05-03 14:46:55,920 DEBUG (org.hibernate.persister.entity.AbstractEntityPersister:3587) -  Version select: select post_id from t_post where post_id =?
2018-05-03 14:46:55,920 DEBUG (org.hibernate.persister.entity.AbstractEntityPersister:3590) -  Snapshot select: select post_.post_id, post_.board_id as board3_3_, post_.create_time as create4_3_, post_.post_text as post5_3_, post_.post_title as post6_3_, post_.topic_id as topic7_3_, post_.user_id as user8_3_ from t_post post_ where post_.post_id=?
2018-05-03 14:46:55,923 DEBUG (org.hibernate.persister.entity.AbstractEntityPersister:3593) -  Insert 0: insert into t_post (board_id, create_time, post_text, post_title, topic_id, user_id, post_type, post_id) values (?, ?, ?, ?, ?, ?, &apos;1&apos;, ?)
2018-05-03 14:46:55,931 DEBUG (org.hibernate.persister.entity.AbstractEntityPersister:3594) -  Update 0: update t_post set board_id=?, create_time=?, post_text=?, post_title=?, topic_id=?, user_id=? where post_id=?
2018-05-03 14:46:55,932 DEBUG (org.hibernate.persister.entity.AbstractEntityPersister:3595) -  Delete 0: delete from t_post where post_id=?
2018-05-03 14:46:55,933 DEBUG (org.hibernate.persister.entity.AbstractEntityPersister:3598) -  Identity insert: insert into t_post (board_id, create_time, post_text, post_title, topic_id, user_id, post_type) values (?, ?, ?, ?, ?, ?, &apos;1&apos;)
2018-05-03 14:46:55,956 DEBUG (org.hibernate.persister.entity.AbstractEntityPersister:3582) - Static SQL for entity: com.smart.domain.MainPost
2018-05-03 14:46:55,957 DEBUG (org.hibernate.persister.entity.AbstractEntityPersister:3587) -  Version select: select post_id from t_post where post_id =?
2018-05-03 14:46:55,966 DEBUG (org.hibernate.persister.entity.AbstractEntityPersister:3590) -  Snapshot select: select mainpost_.post_id, mainpost_.board_id as board3_3_, mainpost_.create_time as create4_3_, mainpost_.post_text as post5_3_, mainpost_.post_title as post6_3_, mainpost_.topic_id as topic7_3_, mainpost_.user_id as user8_3_ from t_post mainpost_ where mainpost_.post_id=?
2018-05-03 14:46:55,967 DEBUG (org.hibernate.persister.entity.AbstractEntityPersister:3593) -  Insert 0: insert into t_post (board_id, create_time, post_text, post_title, topic_id, user_id, post_type, post_id) values (?, ?, ?, ?, ?, ?, &apos;2&apos;, ?)
2018-05-03 14:46:55,968 DEBUG (org.hibernate.persister.entity.AbstractEntityPersister:3594) -  Update 0: update t_post set board_id=?, create_time=?, post_text=?, post_title=?, topic_id=?, user_id=? where post_id=?
2018-05-03 14:46:55,970 DEBUG (org.hibernate.persister.entity.AbstractEntityPersister:3595) -  Delete 0: delete from t_post where post_id=?
2018-05-03 14:46:55,970 DEBUG (org.hibernate.persister.entity.AbstractEntityPersister:3598) -  Identity insert: insert into t_post (board_id, create_time, post_text, post_title, topic_id, user_id, post_type) values (?, ?, ?, ?, ?, ?, &apos;2&apos;)
2018-05-03 14:46:55,995 DEBUG (net.sf.ehcache.util.UpdateChecker:68) - Checking for update...
2018-05-03 14:46:56,009 DEBUG (org.hibernate.persister.collection.AbstractCollectionPersister:665) - Static SQL for collection: com.smart.domain.Board.users
2018-05-03 14:46:56,011 DEBUG (org.hibernate.persister.collection.AbstractCollectionPersister:666) -  Row insert: insert into t_board_manager (board_id, user_id) values (?, ?)
2018-05-03 14:46:56,013 DEBUG (org.hibernate.persister.collection.AbstractCollectionPersister:667) -  Row update: update t_board_manager set user_id=? where board_id=? and user_id=?
2018-05-03 14:46:56,014 DEBUG (org.hibernate.persister.collection.AbstractCollectionPersister:668) -  Row delete: delete from t_board_manager where board_id=? and user_id=?
2018-05-03 14:46:56,015 DEBUG (org.hibernate.persister.collection.AbstractCollectionPersister:669) -  One-shot delete: delete from t_board_manager where board_id=?
2018-05-03 14:46:56,016 DEBUG (org.hibernate.persister.collection.AbstractCollectionPersister:665) - Static SQL for collection: com.smart.domain.User.manBoards
2018-05-03 14:46:56,030 DEBUG (org.hibernate.persister.collection.AbstractCollectionPersister:666) -  Row insert: insert into t_board_manager (user_id, board_id) values (?, ?)
2018-05-03 14:46:56,031 DEBUG (org.hibernate.persister.collection.AbstractCollectionPersister:667) -  Row update: update t_board_manager set board_id=? where user_id=? and board_id=?
2018-05-03 14:46:56,032 DEBUG (org.hibernate.persister.collection.AbstractCollectionPersister:668) -  Row delete: delete from t_board_manager where user_id=? and board_id=?
2018-05-03 14:46:56,032 DEBUG (org.hibernate.persister.collection.AbstractCollectionPersister:669) -  One-shot delete: delete from t_board_manager where user_id=?
2018-05-03 14:46:56,151 DEBUG (org.hibernate.loader.Loader:123) - Static select for entity com.smart.domain.Board [NONE]: select board0_.board_id as board1_0_0_, board0_.board_desc as board2_0_0_, board0_.board_name as board3_0_0_, board0_.topic_num as topic4_0_0_ from t_board board0_ where board0_.board_id=?
2018-05-03 14:46:56,174 DEBUG (org.hibernate.loader.Loader:123) - Static select for entity com.smart.domain.Board [READ]: select board0_.board_id as board1_0_0_, board0_.board_desc as board2_0_0_, board0_.board_name as board3_0_0_, board0_.topic_num as topic4_0_0_ from t_board board0_ where board0_.board_id=?
2018-05-03 14:46:56,177 DEBUG (org.hibernate.loader.Loader:123) - Static select for entity com.smart.domain.Board [UPGRADE]: select board0_.board_id as board1_0_0_, board0_.board_desc as board2_0_0_, board0_.board_name as board3_0_0_, board0_.topic_num as topic4_0_0_ from t_board board0_ where board0_.board_id=? for update
2018-05-03 14:46:56,178 DEBUG (org.hibernate.loader.Loader:123) - Static select for entity com.smart.domain.Board [UPGRADE_NOWAIT]: select board0_.board_id as board1_0_0_, board0_.board_desc as board2_0_0_, board0_.board_name as board3_0_0_, board0_.topic_num as topic4_0_0_ from t_board board0_ where board0_.board_id=? for update
2018-05-03 14:46:56,180 DEBUG (org.hibernate.loader.Loader:123) - Static select for entity com.smart.domain.Board [FORCE]: select board0_.board_id as board1_0_0_, board0_.board_desc as board2_0_0_, board0_.board_name as board3_0_0_, board0_.topic_num as topic4_0_0_ from t_board board0_ where board0_.board_id=? for update
2018-05-03 14:46:56,181 DEBUG (org.hibernate.loader.Loader:123) - Static select for entity com.smart.domain.Board [PESSIMISTIC_READ]: select board0_.board_id as board1_0_0_, board0_.board_desc as board2_0_0_, board0_.board_name as board3_0_0_, board0_.topic_num as topic4_0_0_ from t_board board0_ where board0_.board_id=? lock in share mode
2018-05-03 14:46:56,182 DEBUG (org.hibernate.loader.Loader:123) - Static select for entity com.smart.domain.Board [PESSIMISTIC_WRITE]: select board0_.board_id as board1_0_0_, board0_.board_desc as board2_0_0_, board0_.board_name as board3_0_0_, board0_.topic_num as topic4_0_0_ from t_board board0_ where board0_.board_id=? for update
2018-05-03 14:46:56,183 DEBUG (org.hibernate.loader.Loader:123) - Static select for entity com.smart.domain.Board [PESSIMISTIC_FORCE_INCREMENT]: select board0_.board_id as board1_0_0_, board0_.board_desc as board2_0_0_, board0_.board_name as board3_0_0_, board0_.topic_num as topic4_0_0_ from t_board board0_ where board0_.board_id=? for update
2018-05-03 14:46:56,185 DEBUG (org.hibernate.loader.Loader:123) - Static select for entity com.smart.domain.Board [OPTIMISTIC]: select board0_.board_id as board1_0_0_, board0_.board_desc as board2_0_0_, board0_.board_name as board3_0_0_, board0_.topic_num as topic4_0_0_ from t_board board0_ where board0_.board_id=?
2018-05-03 14:46:56,187 DEBUG (org.hibernate.loader.Loader:123) - Static select for entity com.smart.domain.Board [OPTIMISTIC_FORCE_INCREMENT]: select board0_.board_id as board1_0_0_, board0_.board_desc as board2_0_0_, board0_.board_name as board3_0_0_, board0_.topic_num as topic4_0_0_ from t_board board0_ where board0_.board_id=?
2018-05-03 14:46:56,273 DEBUG (org.hibernate.loader.Loader:56) - Static select for action ACTION_MERGE on entity com.smart.domain.Board: select board0_.board_id as board1_0_1_, board0_.board_desc as board2_0_1_, board0_.board_name as board3_0_1_, board0_.topic_num as topic4_0_1_, users1_.board_id as board2_0_3_, user2_.user_id as user1_1_3_, user2_.user_id as user1_5_0_, user2_.credit as credit2_5_0_, user2_.last_ip as last3_5_0_, user2_.last_visit as last4_5_0_, user2_.locked as locked5_5_0_, user2_.password as password6_5_0_, user2_.user_name as user7_5_0_, user2_.user_type as user8_5_0_ from t_board board0_ left outer join t_board_manager users1_ on board0_.board_id=users1_.board_id left outer join t_user user2_ on users1_.user_id=user2_.user_id where board0_.board_id=?
2018-05-03 14:46:56,279 DEBUG (org.hibernate.loader.Loader:56) - Static select for action ACTION_REFRESH on entity com.smart.domain.Board: select board0_.board_id as board1_0_0_, board0_.board_desc as board2_0_0_, board0_.board_name as board3_0_0_, board0_.topic_num as topic4_0_0_ from t_board board0_ where board0_.board_id=?
2018-05-03 14:46:56,281 DEBUG (org.hibernate.loader.Loader:123) - Static select for entity com.smart.domain.Topic [NONE]: select topic0_.topic_id as topic1_4_2_, topic0_.board_id as board2_4_2_, topic0_.create_time as create3_4_2_, topic0_.digest as digest4_4_2_, topic0_.last_post as last5_4_2_, topic0_.topic_replies as topic6_4_2_, topic0_.topic_title as topic7_4_2_, topic0_.user_id as user9_4_2_, topic0_.topic_views as topic8_4_2_, user1_.user_id as user1_5_0_, user1_.credit as credit2_5_0_, user1_.last_ip as last3_5_0_, user1_.last_visit as last4_5_0_, user1_.locked as locked5_5_0_, user1_.password as password6_5_0_, user1_.user_name as user7_5_0_, user1_.user_type as user8_5_0_, manboards2_.user_id as user1_5_4_, board3_.board_id as board2_1_4_, board3_.board_id as board1_0_1_, board3_.board_desc as board2_0_1_, board3_.board_name as board3_0_1_, board3_.topic_num as topic4_0_1_ from t_topic topic0_ left outer join t_user user1_ on topic0_.user_id=user1_.user_id left outer join t_board_manager manboards2_ on user1_.user_id=manboards2_.user_id left outer join t_board board3_ on manboards2_.board_id=board3_.board_id where topic0_.topic_id=?
2018-05-03 14:46:56,285 DEBUG (org.hibernate.loader.Loader:123) - Static select for entity com.smart.domain.Topic [READ]: select topic0_.topic_id as topic1_4_2_, topic0_.board_id as board2_4_2_, topic0_.create_time as create3_4_2_, topic0_.digest as digest4_4_2_, topic0_.last_post as last5_4_2_, topic0_.topic_replies as topic6_4_2_, topic0_.topic_title as topic7_4_2_, topic0_.user_id as user9_4_2_, topic0_.topic_views as topic8_4_2_, user1_.user_id as user1_5_0_, user1_.credit as credit2_5_0_, user1_.last_ip as last3_5_0_, user1_.last_visit as last4_5_0_, user1_.locked as locked5_5_0_, user1_.password as password6_5_0_, user1_.user_name as user7_5_0_, user1_.user_type as user8_5_0_, manboards2_.user_id as user1_5_4_, board3_.board_id as board2_1_4_, board3_.board_id as board1_0_1_, board3_.board_desc as board2_0_1_, board3_.board_name as board3_0_1_, board3_.topic_num as topic4_0_1_ from t_topic topic0_ left outer join t_user user1_ on topic0_.user_id=user1_.user_id left outer join t_board_manager manboards2_ on user1_.user_id=manboards2_.user_id left outer join t_board board3_ on manboards2_.board_id=board3_.board_id where topic0_.topic_id=?
2018-05-03 14:46:56,287 DEBUG (org.hibernate.loader.Loader:123) - Static select for entity com.smart.domain.Topic [UPGRADE]: select topic0_.topic_id as topic1_4_0_, topic0_.board_id as board2_4_0_, topic0_.create_time as create3_4_0_, topic0_.digest as digest4_4_0_, topic0_.last_post as last5_4_0_, topic0_.topic_replies as topic6_4_0_, topic0_.topic_title as topic7_4_0_, topic0_.user_id as user9_4_0_, topic0_.topic_views as topic8_4_0_ from t_topic topic0_ where topic0_.topic_id=? for update
2018-05-03 14:46:56,290 DEBUG (org.hibernate.loader.Loader:123) - Static select for entity com.smart.domain.Topic [UPGRADE_NOWAIT]: select topic0_.topic_id as topic1_4_0_, topic0_.board_id as board2_4_0_, topic0_.create_time as create3_4_0_, topic0_.digest as digest4_4_0_, topic0_.last_post as last5_4_0_, topic0_.topic_replies as topic6_4_0_, topic0_.topic_title as topic7_4_0_, topic0_.user_id as user9_4_0_, topic0_.topic_views as topic8_4_0_ from t_topic topic0_ where topic0_.topic_id=? for update
2018-05-03 14:46:56,291 DEBUG (org.hibernate.loader.Loader:123) - Static select for entity com.smart.domain.Topic [FORCE]: select topic0_.topic_id as topic1_4_0_, topic0_.board_id as board2_4_0_, topic0_.create_time as create3_4_0_, topic0_.digest as digest4_4_0_, topic0_.last_post as last5_4_0_, topic0_.topic_replies as topic6_4_0_, topic0_.topic_title as topic7_4_0_, topic0_.user_id as user9_4_0_, topic0_.topic_views as topic8_4_0_ from t_topic topic0_ where topic0_.topic_id=? for update
2018-05-03 14:46:56,293 DEBUG (org.hibernate.loader.Loader:123) - Static select for entity com.smart.domain.Topic [PESSIMISTIC_READ]: select topic0_.topic_id as topic1_4_0_, topic0_.board_id as board2_4_0_, topic0_.create_time as create3_4_0_, topic0_.digest as digest4_4_0_, topic0_.last_post as last5_4_0_, topic0_.topic_replies as topic6_4_0_, topic0_.topic_title as topic7_4_0_, topic0_.user_id as user9_4_0_, topic0_.topic_views as topic8_4_0_ from t_topic topic0_ where topic0_.topic_id=? lock in share mode
2018-05-03 14:46:56,294 DEBUG (org.hibernate.loader.Loader:123) - Static select for entity com.smart.domain.Topic [PESSIMISTIC_WRITE]: select topic0_.topic_id as topic1_4_0_, topic0_.board_id as board2_4_0_, topic0_.create_time as create3_4_0_, topic0_.digest as digest4_4_0_, topic0_.last_post as last5_4_0_, topic0_.topic_replies as topic6_4_0_, topic0_.topic_title as topic7_4_0_, topic0_.user_id as user9_4_0_, topic0_.topic_views as topic8_4_0_ from t_topic topic0_ where topic0_.topic_id=? for update
2018-05-03 14:46:56,295 DEBUG (org.hibernate.loader.Loader:123) - Static select for entity com.smart.domain.Topic [PESSIMISTIC_FORCE_INCREMENT]: select topic0_.topic_id as topic1_4_0_, topic0_.board_id as board2_4_0_, topic0_.create_time as create3_4_0_, topic0_.digest as digest4_4_0_, topic0_.last_post as last5_4_0_, topic0_.topic_replies as topic6_4_0_, topic0_.topic_title as topic7_4_0_, topic0_.user_id as user9_4_0_, topic0_.topic_views as topic8_4_0_ from t_topic topic0_ where topic0_.topic_id=? for update
2018-05-03 14:46:56,296 DEBUG (org.hibernate.loader.Loader:123) - Static select for entity com.smart.domain.Topic [OPTIMISTIC]: select topic0_.topic_id as topic1_4_0_, topic0_.board_id as board2_4_0_, topic0_.create_time as create3_4_0_, topic0_.digest as digest4_4_0_, topic0_.last_post as last5_4_0_, topic0_.topic_replies as topic6_4_0_, topic0_.topic_title as topic7_4_0_, topic0_.user_id as user9_4_0_, topic0_.topic_views as topic8_4_0_ from t_topic topic0_ where topic0_.topic_id=?
2018-05-03 14:46:56,298 DEBUG (org.hibernate.loader.Loader:123) - Static select for entity com.smart.domain.Topic [OPTIMISTIC_FORCE_INCREMENT]: select topic0_.topic_id as topic1_4_0_, topic0_.board_id as board2_4_0_, topic0_.create_time as create3_4_0_, topic0_.digest as digest4_4_0_, topic0_.last_post as last5_4_0_, topic0_.topic_replies as topic6_4_0_, topic0_.topic_title as topic7_4_0_, topic0_.user_id as user9_4_0_, topic0_.topic_views as topic8_4_0_ from t_topic topic0_ where topic0_.topic_id=?
2018-05-03 14:46:56,299 DEBUG (org.hibernate.loader.Loader:56) - Static select for action ACTION_MERGE on entity com.smart.domain.Topic: select topic0_.topic_id as topic1_4_0_, topic0_.board_id as board2_4_0_, topic0_.create_time as create3_4_0_, topic0_.digest as digest4_4_0_, topic0_.last_post as last5_4_0_, topic0_.topic_replies as topic6_4_0_, topic0_.topic_title as topic7_4_0_, topic0_.user_id as user9_4_0_, topic0_.topic_views as topic8_4_0_ from t_topic topic0_ where topic0_.topic_id=?
2018-05-03 14:46:56,301 DEBUG (org.hibernate.loader.Loader:56) - Static select for action ACTION_REFRESH on entity com.smart.domain.Topic: select topic0_.topic_id as topic1_4_0_, topic0_.board_id as board2_4_0_, topic0_.create_time as create3_4_0_, topic0_.digest as digest4_4_0_, topic0_.last_post as last5_4_0_, topic0_.topic_replies as topic6_4_0_, topic0_.topic_title as topic7_4_0_, topic0_.user_id as user9_4_0_, topic0_.topic_views as topic8_4_0_ from t_topic topic0_ where topic0_.topic_id=?
2018-05-03 14:46:56,303 DEBUG (org.hibernate.loader.Loader:123) - Static select for entity com.smart.domain.User [NONE]: select user0_.user_id as user1_5_1_, user0_.credit as credit2_5_1_, user0_.last_ip as last3_5_1_, user0_.last_visit as last4_5_1_, user0_.locked as locked5_5_1_, user0_.password as password6_5_1_, user0_.user_name as user7_5_1_, user0_.user_type as user8_5_1_, manboards1_.user_id as user1_5_3_, board2_.board_id as board2_1_3_, board2_.board_id as board1_0_0_, board2_.board_desc as board2_0_0_, board2_.board_name as board3_0_0_, board2_.topic_num as topic4_0_0_ from t_user user0_ left outer join t_board_manager manboards1_ on user0_.user_id=manboards1_.user_id left outer join t_board board2_ on manboards1_.board_id=board2_.board_id where user0_.user_id=?
2018-05-03 14:46:56,307 DEBUG (org.hibernate.loader.Loader:123) - Static select for entity com.smart.domain.User [READ]: select user0_.user_id as user1_5_1_, user0_.credit as credit2_5_1_, user0_.last_ip as last3_5_1_, user0_.last_visit as last4_5_1_, user0_.locked as locked5_5_1_, user0_.password as password6_5_1_, user0_.user_name as user7_5_1_, user0_.user_type as user8_5_1_, manboards1_.user_id as user1_5_3_, board2_.board_id as board2_1_3_, board2_.board_id as board1_0_0_, board2_.board_desc as board2_0_0_, board2_.board_name as board3_0_0_, board2_.topic_num as topic4_0_0_ from t_user user0_ left outer join t_board_manager manboards1_ on user0_.user_id=manboards1_.user_id left outer join t_board board2_ on manboards1_.board_id=board2_.board_id where user0_.user_id=?
2018-05-03 14:46:56,308 DEBUG (org.hibernate.loader.Loader:123) - Static select for entity com.smart.domain.User [UPGRADE]: select user0_.user_id as user1_5_0_, user0_.credit as credit2_5_0_, user0_.last_ip as last3_5_0_, user0_.last_visit as last4_5_0_, user0_.locked as locked5_5_0_, user0_.password as password6_5_0_, user0_.user_name as user7_5_0_, user0_.user_type as user8_5_0_ from t_user user0_ where user0_.user_id=? for update
2018-05-03 14:46:56,316 DEBUG (org.hibernate.loader.Loader:123) - Static select for entity com.smart.domain.User [UPGRADE_NOWAIT]: select user0_.user_id as user1_5_0_, user0_.credit as credit2_5_0_, user0_.last_ip as last3_5_0_, user0_.last_visit as last4_5_0_, user0_.locked as locked5_5_0_, user0_.password as password6_5_0_, user0_.user_name as user7_5_0_, user0_.user_type as user8_5_0_ from t_user user0_ where user0_.user_id=? for update
2018-05-03 14:46:56,317 DEBUG (org.hibernate.loader.Loader:123) - Static select for entity com.smart.domain.User [FORCE]: select user0_.user_id as user1_5_0_, user0_.credit as credit2_5_0_, user0_.last_ip as last3_5_0_, user0_.last_visit as last4_5_0_, user0_.locked as locked5_5_0_, user0_.password as password6_5_0_, user0_.user_name as user7_5_0_, user0_.user_type as user8_5_0_ from t_user user0_ where user0_.user_id=? for update
2018-05-03 14:46:56,318 DEBUG (org.hibernate.loader.Loader:123) - Static select for entity com.smart.domain.User [PESSIMISTIC_READ]: select user0_.user_id as user1_5_0_, user0_.credit as credit2_5_0_, user0_.last_ip as last3_5_0_, user0_.last_visit as last4_5_0_, user0_.locked as locked5_5_0_, user0_.password as password6_5_0_, user0_.user_name as user7_5_0_, user0_.user_type as user8_5_0_ from t_user user0_ where user0_.user_id=? lock in share mode
2018-05-03 14:46:56,319 DEBUG (org.hibernate.loader.Loader:123) - Static select for entity com.smart.domain.User [PESSIMISTIC_WRITE]: select user0_.user_id as user1_5_0_, user0_.credit as credit2_5_0_, user0_.last_ip as last3_5_0_, user0_.last_visit as last4_5_0_, user0_.locked as locked5_5_0_, user0_.password as password6_5_0_, user0_.user_name as user7_5_0_, user0_.user_type as user8_5_0_ from t_user user0_ where user0_.user_id=? for update
2018-05-03 14:46:56,322 DEBUG (org.hibernate.loader.Loader:123) - Static select for entity com.smart.domain.User [PESSIMISTIC_FORCE_INCREMENT]: select user0_.user_id as user1_5_0_, user0_.credit as credit2_5_0_, user0_.last_ip as last3_5_0_, user0_.last_visit as last4_5_0_, user0_.locked as locked5_5_0_, user0_.password as password6_5_0_, user0_.user_name as user7_5_0_, user0_.user_type as user8_5_0_ from t_user user0_ where user0_.user_id=? for update
2018-05-03 14:46:56,324 DEBUG (org.hibernate.loader.Loader:123) - Static select for entity com.smart.domain.User [OPTIMISTIC]: select user0_.user_id as user1_5_0_, user0_.credit as credit2_5_0_, user0_.last_ip as last3_5_0_, user0_.last_visit as last4_5_0_, user0_.locked as locked5_5_0_, user0_.password as password6_5_0_, user0_.user_name as user7_5_0_, user0_.user_type as user8_5_0_ from t_user user0_ where user0_.user_id=?
2018-05-03 14:46:56,326 DEBUG (org.hibernate.loader.Loader:123) - Static select for entity com.smart.domain.User [OPTIMISTIC_FORCE_INCREMENT]: select user0_.user_id as user1_5_0_, user0_.credit as credit2_5_0_, user0_.last_ip as last3_5_0_, user0_.last_visit as last4_5_0_, user0_.locked as locked5_5_0_, user0_.password as password6_5_0_, user0_.user_name as user7_5_0_, user0_.user_type as user8_5_0_ from t_user user0_ where user0_.user_id=?
2018-05-03 14:46:56,327 DEBUG (org.hibernate.loader.Loader:56) - Static select for action ACTION_MERGE on entity com.smart.domain.User: select user0_.user_id as user1_5_1_, user0_.credit as credit2_5_1_, user0_.last_ip as last3_5_1_, user0_.last_visit as last4_5_1_, user0_.locked as locked5_5_1_, user0_.password as password6_5_1_, user0_.user_name as user7_5_1_, user0_.user_type as user8_5_1_, manboards1_.user_id as user1_5_3_, board2_.board_id as board2_1_3_, board2_.board_id as board1_0_0_, board2_.board_desc as board2_0_0_, board2_.board_name as board3_0_0_, board2_.topic_num as topic4_0_0_ from t_user user0_ left outer join t_board_manager manboards1_ on user0_.user_id=manboards1_.user_id left outer join t_board board2_ on manboards1_.board_id=board2_.board_id where user0_.user_id=?
2018-05-03 14:46:56,328 DEBUG (org.hibernate.loader.Loader:56) - Static select for action ACTION_REFRESH on entity com.smart.domain.User: select user0_.user_id as user1_5_0_, user0_.credit as credit2_5_0_, user0_.last_ip as last3_5_0_, user0_.last_visit as last4_5_0_, user0_.locked as locked5_5_0_, user0_.password as password6_5_0_, user0_.user_name as user7_5_0_, user0_.user_type as user8_5_0_ from t_user user0_ where user0_.user_id=?
2018-05-03 14:46:56,330 DEBUG (org.hibernate.loader.Loader:123) - Static select for entity com.smart.domain.LoginLog [NONE]: select loginlog0_.login_log_id as login1_2_2_, loginlog0_.ip as ip2_2_2_, loginlog0_.login_datetime as login3_2_2_, loginlog0_.user_id as user4_2_2_, user1_.user_id as user1_5_0_, user1_.credit as credit2_5_0_, user1_.last_ip as last3_5_0_, user1_.last_visit as last4_5_0_, user1_.locked as locked5_5_0_, user1_.password as password6_5_0_, user1_.user_name as user7_5_0_, user1_.user_type as user8_5_0_, manboards2_.user_id as user1_5_4_, board3_.board_id as board2_1_4_, board3_.board_id as board1_0_1_, board3_.board_desc as board2_0_1_, board3_.board_name as board3_0_1_, board3_.topic_num as topic4_0_1_ from t_login_log loginlog0_ left outer join t_user user1_ on loginlog0_.user_id=user1_.user_id left outer join t_board_manager manboards2_ on user1_.user_id=manboards2_.user_id left outer join t_board board3_ on manboards2_.board_id=board3_.board_id where loginlog0_.login_log_id=?
2018-05-03 14:46:56,332 DEBUG (org.hibernate.loader.Loader:123) - Static select for entity com.smart.domain.LoginLog [READ]: select loginlog0_.login_log_id as login1_2_2_, loginlog0_.ip as ip2_2_2_, loginlog0_.login_datetime as login3_2_2_, loginlog0_.user_id as user4_2_2_, user1_.user_id as user1_5_0_, user1_.credit as credit2_5_0_, user1_.last_ip as last3_5_0_, user1_.last_visit as last4_5_0_, user1_.locked as locked5_5_0_, user1_.password as password6_5_0_, user1_.user_name as user7_5_0_, user1_.user_type as user8_5_0_, manboards2_.user_id as user1_5_4_, board3_.board_id as board2_1_4_, board3_.board_id as board1_0_1_, board3_.board_desc as board2_0_1_, board3_.board_name as board3_0_1_, board3_.topic_num as topic4_0_1_ from t_login_log loginlog0_ left outer join t_user user1_ on loginlog0_.user_id=user1_.user_id left outer join t_board_manager manboards2_ on user1_.user_id=manboards2_.user_id left outer join t_board board3_ on manboards2_.board_id=board3_.board_id where loginlog0_.login_log_id=?
2018-05-03 14:46:56,333 DEBUG (org.hibernate.loader.Loader:123) - Static select for entity com.smart.domain.LoginLog [UPGRADE]: select loginlog0_.login_log_id as login1_2_0_, loginlog0_.ip as ip2_2_0_, loginlog0_.login_datetime as login3_2_0_, loginlog0_.user_id as user4_2_0_ from t_login_log loginlog0_ where loginlog0_.login_log_id=? for update
2018-05-03 14:46:56,334 DEBUG (org.hibernate.loader.Loader:123) - Static select for entity com.smart.domain.LoginLog [UPGRADE_NOWAIT]: select loginlog0_.login_log_id as login1_2_0_, loginlog0_.ip as ip2_2_0_, loginlog0_.login_datetime as login3_2_0_, loginlog0_.user_id as user4_2_0_ from t_login_log loginlog0_ where loginlog0_.login_log_id=? for update
2018-05-03 14:46:56,335 DEBUG (org.hibernate.loader.Loader:123) - Static select for entity com.smart.domain.LoginLog [FORCE]: select loginlog0_.login_log_id as login1_2_0_, loginlog0_.ip as ip2_2_0_, loginlog0_.login_datetime as login3_2_0_, loginlog0_.user_id as user4_2_0_ from t_login_log loginlog0_ where loginlog0_.login_log_id=? for update
2018-05-03 14:46:56,337 DEBUG (org.hibernate.loader.Loader:123) - Static select for entity com.smart.domain.LoginLog [PESSIMISTIC_READ]: select loginlog0_.login_log_id as login1_2_0_, loginlog0_.ip as ip2_2_0_, loginlog0_.login_datetime as login3_2_0_, loginlog0_.user_id as user4_2_0_ from t_login_log loginlog0_ where loginlog0_.login_log_id=? lock in share mode
2018-05-03 14:46:56,339 DEBUG (org.hibernate.loader.Loader:123) - Static select for entity com.smart.domain.LoginLog [PESSIMISTIC_WRITE]: select loginlog0_.login_log_id as login1_2_0_, loginlog0_.ip as ip2_2_0_, loginlog0_.login_datetime as login3_2_0_, loginlog0_.user_id as user4_2_0_ from t_login_log loginlog0_ where loginlog0_.login_log_id=? for update
2018-05-03 14:46:56,342 DEBUG (org.hibernate.loader.Loader:123) - Static select for entity com.smart.domain.LoginLog [PESSIMISTIC_FORCE_INCREMENT]: select loginlog0_.login_log_id as login1_2_0_, loginlog0_.ip as ip2_2_0_, loginlog0_.login_datetime as login3_2_0_, loginlog0_.user_id as user4_2_0_ from t_login_log loginlog0_ where loginlog0_.login_log_id=? for update
2018-05-03 14:46:56,344 DEBUG (org.hibernate.loader.Loader:123) - Static select for entity com.smart.domain.LoginLog [OPTIMISTIC]: select loginlog0_.login_log_id as login1_2_0_, loginlog0_.ip as ip2_2_0_, loginlog0_.login_datetime as login3_2_0_, loginlog0_.user_id as user4_2_0_ from t_login_log loginlog0_ where loginlog0_.login_log_id=?
2018-05-03 14:46:56,345 DEBUG (org.hibernate.loader.Loader:123) - Static select for entity com.smart.domain.LoginLog [OPTIMISTIC_FORCE_INCREMENT]: select loginlog0_.login_log_id as login1_2_0_, loginlog0_.ip as ip2_2_0_, loginlog0_.login_datetime as login3_2_0_, loginlog0_.user_id as user4_2_0_ from t_login_log loginlog0_ where loginlog0_.login_log_id=?
2018-05-03 14:46:56,346 DEBUG (org.hibernate.loader.Loader:56) - Static select for action ACTION_MERGE on entity com.smart.domain.LoginLog: select loginlog0_.login_log_id as login1_2_0_, loginlog0_.ip as ip2_2_0_, loginlog0_.login_datetime as login3_2_0_, loginlog0_.user_id as user4_2_0_ from t_login_log loginlog0_ where loginlog0_.login_log_id=?
2018-05-03 14:46:56,348 DEBUG (org.hibernate.loader.Loader:56) - Static select for action ACTION_REFRESH on entity com.smart.domain.LoginLog: select loginlog0_.login_log_id as login1_2_0_, loginlog0_.ip as ip2_2_0_, loginlog0_.login_datetime as login3_2_0_, loginlog0_.user_id as user4_2_0_ from t_login_log loginlog0_ where loginlog0_.login_log_id=?
2018-05-03 14:46:56,353 DEBUG (org.hibernate.loader.Loader:123) - Static select for entity com.smart.domain.Post [NONE]: select post0_.post_id as post2_3_4_, post0_.board_id as board3_3_4_, post0_.create_time as create4_3_4_, post0_.post_text as post5_3_4_, post0_.post_title as post6_3_4_, post0_.topic_id as topic7_3_4_, post0_.user_id as user8_3_4_, post0_.post_type as post1_3_4_, topic1_.topic_id as topic1_4_0_, topic1_.board_id as board2_4_0_, topic1_.create_time as create3_4_0_, topic1_.digest as digest4_4_0_, topic1_.last_post as last5_4_0_, topic1_.topic_replies as topic6_4_0_, topic1_.topic_title as topic7_4_0_, topic1_.user_id as user9_4_0_, topic1_.topic_views as topic8_4_0_, user2_.user_id as user1_5_1_, user2_.credit as credit2_5_1_, user2_.last_ip as last3_5_1_, user2_.last_visit as last4_5_1_, user2_.locked as locked5_5_1_, user2_.password as password6_5_1_, user2_.user_name as user7_5_1_, user2_.user_type as user8_5_1_, user3_.user_id as user1_5_2_, user3_.credit as credit2_5_2_, user3_.last_ip as last3_5_2_, user3_.last_visit as last4_5_2_, user3_.locked as locked5_5_2_, user3_.password as password6_5_2_, user3_.user_name as user7_5_2_, user3_.user_type as user8_5_2_, manboards4_.user_id as user1_5_6_, board5_.board_id as board2_1_6_, board5_.board_id as board1_0_3_, board5_.board_desc as board2_0_3_, board5_.board_name as board3_0_3_, board5_.topic_num as topic4_0_3_ from t_post post0_ left outer join t_topic topic1_ on post0_.topic_id=topic1_.topic_id left outer join t_user user2_ on topic1_.user_id=user2_.user_id left outer join t_user user3_ on post0_.user_id=user3_.user_id left outer join t_board_manager manboards4_ on user3_.user_id=manboards4_.user_id left outer join t_board board5_ on manboards4_.board_id=board5_.board_id where post0_.post_id=?
2018-05-03 14:46:56,358 DEBUG (org.hibernate.loader.Loader:123) - Static select for entity com.smart.domain.Post [READ]: select post0_.post_id as post2_3_4_, post0_.board_id as board3_3_4_, post0_.create_time as create4_3_4_, post0_.post_text as post5_3_4_, post0_.post_title as post6_3_4_, post0_.topic_id as topic7_3_4_, post0_.user_id as user8_3_4_, post0_.post_type as post1_3_4_, topic1_.topic_id as topic1_4_0_, topic1_.board_id as board2_4_0_, topic1_.create_time as create3_4_0_, topic1_.digest as digest4_4_0_, topic1_.last_post as last5_4_0_, topic1_.topic_replies as topic6_4_0_, topic1_.topic_title as topic7_4_0_, topic1_.user_id as user9_4_0_, topic1_.topic_views as topic8_4_0_, user2_.user_id as user1_5_1_, user2_.credit as credit2_5_1_, user2_.last_ip as last3_5_1_, user2_.last_visit as last4_5_1_, user2_.locked as locked5_5_1_, user2_.password as password6_5_1_, user2_.user_name as user7_5_1_, user2_.user_type as user8_5_1_, user3_.user_id as user1_5_2_, user3_.credit as credit2_5_2_, user3_.last_ip as last3_5_2_, user3_.last_visit as last4_5_2_, user3_.locked as locked5_5_2_, user3_.password as password6_5_2_, user3_.user_name as user7_5_2_, user3_.user_type as user8_5_2_, manboards4_.user_id as user1_5_6_, board5_.board_id as board2_1_6_, board5_.board_id as board1_0_3_, board5_.board_desc as board2_0_3_, board5_.board_name as board3_0_3_, board5_.topic_num as topic4_0_3_ from t_post post0_ left outer join t_topic topic1_ on post0_.topic_id=topic1_.topic_id left outer join t_user user2_ on topic1_.user_id=user2_.user_id left outer join t_user user3_ on post0_.user_id=user3_.user_id left outer join t_board_manager manboards4_ on user3_.user_id=manboards4_.user_id left outer join t_board board5_ on manboards4_.board_id=board5_.board_id where post0_.post_id=?
2018-05-03 14:46:56,360 DEBUG (org.hibernate.loader.Loader:123) - Static select for entity com.smart.domain.Post [UPGRADE]: select post0_.post_id as post2_3_0_, post0_.board_id as board3_3_0_, post0_.create_time as create4_3_0_, post0_.post_text as post5_3_0_, post0_.post_title as post6_3_0_, post0_.topic_id as topic7_3_0_, post0_.user_id as user8_3_0_, post0_.post_type as post1_3_0_ from t_post post0_ where post0_.post_id=? for update
2018-05-03 14:46:56,361 DEBUG (org.hibernate.loader.Loader:123) - Static select for entity com.smart.domain.Post [UPGRADE_NOWAIT]: select post0_.post_id as post2_3_0_, post0_.board_id as board3_3_0_, post0_.create_time as create4_3_0_, post0_.post_text as post5_3_0_, post0_.post_title as post6_3_0_, post0_.topic_id as topic7_3_0_, post0_.user_id as user8_3_0_, post0_.post_type as post1_3_0_ from t_post post0_ where post0_.post_id=? for update
2018-05-03 14:46:56,363 DEBUG (org.hibernate.loader.Loader:123) - Static select for entity com.smart.domain.Post [FORCE]: select post0_.post_id as post2_3_0_, post0_.board_id as board3_3_0_, post0_.create_time as create4_3_0_, post0_.post_text as post5_3_0_, post0_.post_title as post6_3_0_, post0_.topic_id as topic7_3_0_, post0_.user_id as user8_3_0_, post0_.post_type as post1_3_0_ from t_post post0_ where post0_.post_id=? for update
2018-05-03 14:46:56,364 DEBUG (org.hibernate.loader.Loader:123) - Static select for entity com.smart.domain.Post [PESSIMISTIC_READ]: select post0_.post_id as post2_3_0_, post0_.board_id as board3_3_0_, post0_.create_time as create4_3_0_, post0_.post_text as post5_3_0_, post0_.post_title as post6_3_0_, post0_.topic_id as topic7_3_0_, post0_.user_id as user8_3_0_, post0_.post_type as post1_3_0_ from t_post post0_ where post0_.post_id=? lock in share mode
2018-05-03 14:46:56,366 DEBUG (org.hibernate.loader.Loader:123) - Static select for entity com.smart.domain.Post [PESSIMISTIC_WRITE]: select post0_.post_id as post2_3_0_, post0_.board_id as board3_3_0_, post0_.create_time as create4_3_0_, post0_.post_text as post5_3_0_, post0_.post_title as post6_3_0_, post0_.topic_id as topic7_3_0_, post0_.user_id as user8_3_0_, post0_.post_type as post1_3_0_ from t_post post0_ where post0_.post_id=? for update
2018-05-03 14:46:56,367 DEBUG (org.hibernate.loader.Loader:123) - Static select for entity com.smart.domain.Post [PESSIMISTIC_FORCE_INCREMENT]: select post0_.post_id as post2_3_0_, post0_.board_id as board3_3_0_, post0_.create_time as create4_3_0_, post0_.post_text as post5_3_0_, post0_.post_title as post6_3_0_, post0_.topic_id as topic7_3_0_, post0_.user_id as user8_3_0_, post0_.post_type as post1_3_0_ from t_post post0_ where post0_.post_id=? for update
2018-05-03 14:46:56,368 DEBUG (org.hibernate.loader.Loader:123) - Static select for entity com.smart.domain.Post [OPTIMISTIC]: select post0_.post_id as post2_3_0_, post0_.board_id as board3_3_0_, post0_.create_time as create4_3_0_, post0_.post_text as post5_3_0_, post0_.post_title as post6_3_0_, post0_.topic_id as topic7_3_0_, post0_.user_id as user8_3_0_, post0_.post_type as post1_3_0_ from t_post post0_ where post0_.post_id=?
2018-05-03 14:46:56,369 DEBUG (org.hibernate.loader.Loader:123) - Static select for entity com.smart.domain.Post [OPTIMISTIC_FORCE_INCREMENT]: select post0_.post_id as post2_3_0_, post0_.board_id as board3_3_0_, post0_.create_time as create4_3_0_, post0_.post_text as post5_3_0_, post0_.post_title as post6_3_0_, post0_.topic_id as topic7_3_0_, post0_.user_id as user8_3_0_, post0_.post_type as post1_3_0_ from t_post post0_ where post0_.post_id=?
2018-05-03 14:46:56,370 DEBUG (org.hibernate.loader.Loader:56) - Static select for action ACTION_MERGE on entity com.smart.domain.Post: select post0_.post_id as post2_3_1_, post0_.board_id as board3_3_1_, post0_.create_time as create4_3_1_, post0_.post_text as post5_3_1_, post0_.post_title as post6_3_1_, post0_.topic_id as topic7_3_1_, post0_.user_id as user8_3_1_, post0_.post_type as post1_3_1_, topic1_.topic_id as topic1_4_0_, topic1_.board_id as board2_4_0_, topic1_.create_time as create3_4_0_, topic1_.digest as digest4_4_0_, topic1_.last_post as last5_4_0_, topic1_.topic_replies as topic6_4_0_, topic1_.topic_title as topic7_4_0_, topic1_.user_id as user9_4_0_, topic1_.topic_views as topic8_4_0_ from t_post post0_ left outer join t_topic topic1_ on post0_.topic_id=topic1_.topic_id where post0_.post_id=?
2018-05-03 14:46:56,372 DEBUG (org.hibernate.loader.Loader:56) - Static select for action ACTION_REFRESH on entity com.smart.domain.Post: select post0_.post_id as post2_3_0_, post0_.board_id as board3_3_0_, post0_.create_time as create4_3_0_, post0_.post_text as post5_3_0_, post0_.post_title as post6_3_0_, post0_.topic_id as topic7_3_0_, post0_.user_id as user8_3_0_, post0_.post_type as post1_3_0_ from t_post post0_ where post0_.post_id=?
2018-05-03 14:46:56,374 DEBUG (org.hibernate.loader.Loader:123) - Static select for entity com.smart.domain.MainPost [NONE]: select mainpost0_.post_id as post2_3_4_, mainpost0_.board_id as board3_3_4_, mainpost0_.create_time as create4_3_4_, mainpost0_.post_text as post5_3_4_, mainpost0_.post_title as post6_3_4_, mainpost0_.topic_id as topic7_3_4_, mainpost0_.user_id as user8_3_4_, topic1_.topic_id as topic1_4_0_, topic1_.board_id as board2_4_0_, topic1_.create_time as create3_4_0_, topic1_.digest as digest4_4_0_, topic1_.last_post as last5_4_0_, topic1_.topic_replies as topic6_4_0_, topic1_.topic_title as topic7_4_0_, topic1_.user_id as user9_4_0_, topic1_.topic_views as topic8_4_0_, user2_.user_id as user1_5_1_, user2_.credit as credit2_5_1_, user2_.last_ip as last3_5_1_, user2_.last_visit as last4_5_1_, user2_.locked as locked5_5_1_, user2_.password as password6_5_1_, user2_.user_name as user7_5_1_, user2_.user_type as user8_5_1_, user3_.user_id as user1_5_2_, user3_.credit as credit2_5_2_, user3_.last_ip as last3_5_2_, user3_.last_visit as last4_5_2_, user3_.locked as locked5_5_2_, user3_.password as password6_5_2_, user3_.user_name as user7_5_2_, user3_.user_type as user8_5_2_, manboards4_.user_id as user1_5_6_, board5_.board_id as board2_1_6_, board5_.board_id as board1_0_3_, board5_.board_desc as board2_0_3_, board5_.board_name as board3_0_3_, board5_.topic_num as topic4_0_3_ from t_post mainpost0_ left outer join t_topic topic1_ on mainpost0_.topic_id=topic1_.topic_id left outer join t_user user2_ on topic1_.user_id=user2_.user_id left outer join t_user user3_ on mainpost0_.user_id=user3_.user_id left outer join t_board_manager manboards4_ on user3_.user_id=manboards4_.user_id left outer join t_board board5_ on manboards4_.board_id=board5_.board_id where mainpost0_.post_id=? and mainpost0_.post_type=&apos;2&apos;
2018-05-03 14:46:56,376 DEBUG (org.hibernate.loader.Loader:123) - Static select for entity com.smart.domain.MainPost [READ]: select mainpost0_.post_id as post2_3_4_, mainpost0_.board_id as board3_3_4_, mainpost0_.create_time as create4_3_4_, mainpost0_.post_text as post5_3_4_, mainpost0_.post_title as post6_3_4_, mainpost0_.topic_id as topic7_3_4_, mainpost0_.user_id as user8_3_4_, topic1_.topic_id as topic1_4_0_, topic1_.board_id as board2_4_0_, topic1_.create_time as create3_4_0_, topic1_.digest as digest4_4_0_, topic1_.last_post as last5_4_0_, topic1_.topic_replies as topic6_4_0_, topic1_.topic_title as topic7_4_0_, topic1_.user_id as user9_4_0_, topic1_.topic_views as topic8_4_0_, user2_.user_id as user1_5_1_, user2_.credit as credit2_5_1_, user2_.last_ip as last3_5_1_, user2_.last_visit as last4_5_1_, user2_.locked as locked5_5_1_, user2_.password as password6_5_1_, user2_.user_name as user7_5_1_, user2_.user_type as user8_5_1_, user3_.user_id as user1_5_2_, user3_.credit as credit2_5_2_, user3_.last_ip as last3_5_2_, user3_.last_visit as last4_5_2_, user3_.locked as locked5_5_2_, user3_.password as password6_5_2_, user3_.user_name as user7_5_2_, user3_.user_type as user8_5_2_, manboards4_.user_id as user1_5_6_, board5_.board_id as board2_1_6_, board5_.board_id as board1_0_3_, board5_.board_desc as board2_0_3_, board5_.board_name as board3_0_3_, board5_.topic_num as topic4_0_3_ from t_post mainpost0_ left outer join t_topic topic1_ on mainpost0_.topic_id=topic1_.topic_id left outer join t_user user2_ on topic1_.user_id=user2_.user_id left outer join t_user user3_ on mainpost0_.user_id=user3_.user_id left outer join t_board_manager manboards4_ on user3_.user_id=manboards4_.user_id left outer join t_board board5_ on manboards4_.board_id=board5_.board_id where mainpost0_.post_id=? and mainpost0_.post_type=&apos;2&apos;
2018-05-03 14:46:56,378 DEBUG (org.hibernate.loader.Loader:123) - Static select for entity com.smart.domain.MainPost [UPGRADE]: select mainpost0_.post_id as post2_3_0_, mainpost0_.board_id as board3_3_0_, mainpost0_.create_time as create4_3_0_, mainpost0_.post_text as post5_3_0_, mainpost0_.post_title as post6_3_0_, mainpost0_.topic_id as topic7_3_0_, mainpost0_.user_id as user8_3_0_ from t_post mainpost0_ where mainpost0_.post_id=? and mainpost0_.post_type=&apos;2&apos; for update
2018-05-03 14:46:56,379 DEBUG (org.hibernate.loader.Loader:123) - Static select for entity com.smart.domain.MainPost [UPGRADE_NOWAIT]: select mainpost0_.post_id as post2_3_0_, mainpost0_.board_id as board3_3_0_, mainpost0_.create_time as create4_3_0_, mainpost0_.post_text as post5_3_0_, mainpost0_.post_title as post6_3_0_, mainpost0_.topic_id as topic7_3_0_, mainpost0_.user_id as user8_3_0_ from t_post mainpost0_ where mainpost0_.post_id=? and mainpost0_.post_type=&apos;2&apos; for update
2018-05-03 14:46:56,380 DEBUG (org.hibernate.loader.Loader:123) - Static select for entity com.smart.domain.MainPost [FORCE]: select mainpost0_.post_id as post2_3_0_, mainpost0_.board_id as board3_3_0_, mainpost0_.create_time as create4_3_0_, mainpost0_.post_text as post5_3_0_, mainpost0_.post_title as post6_3_0_, mainpost0_.topic_id as topic7_3_0_, mainpost0_.user_id as user8_3_0_ from t_post mainpost0_ where mainpost0_.post_id=? and mainpost0_.post_type=&apos;2&apos; for update
2018-05-03 14:46:56,381 DEBUG (org.hibernate.loader.Loader:123) - Static select for entity com.smart.domain.MainPost [PESSIMISTIC_READ]: select mainpost0_.post_id as post2_3_0_, mainpost0_.board_id as board3_3_0_, mainpost0_.create_time as create4_3_0_, mainpost0_.post_text as post5_3_0_, mainpost0_.post_title as post6_3_0_, mainpost0_.topic_id as topic7_3_0_, mainpost0_.user_id as user8_3_0_ from t_post mainpost0_ where mainpost0_.post_id=? and mainpost0_.post_type=&apos;2&apos; lock in share mode
2018-05-03 14:46:56,382 DEBUG (org.hibernate.loader.Loader:123) - Static select for entity com.smart.domain.MainPost [PESSIMISTIC_WRITE]: select mainpost0_.post_id as post2_3_0_, mainpost0_.board_id as board3_3_0_, mainpost0_.create_time as create4_3_0_, mainpost0_.post_text as post5_3_0_, mainpost0_.post_title as post6_3_0_, mainpost0_.topic_id as topic7_3_0_, mainpost0_.user_id as user8_3_0_ from t_post mainpost0_ where mainpost0_.post_id=? and mainpost0_.post_type=&apos;2&apos; for update
2018-05-03 14:46:56,382 DEBUG (org.hibernate.loader.Loader:123) - Static select for entity com.smart.domain.MainPost [PESSIMISTIC_FORCE_INCREMENT]: select mainpost0_.post_id as post2_3_0_, mainpost0_.board_id as board3_3_0_, mainpost0_.create_time as create4_3_0_, mainpost0_.post_text as post5_3_0_, mainpost0_.post_title as post6_3_0_, mainpost0_.topic_id as topic7_3_0_, mainpost0_.user_id as user8_3_0_ from t_post mainpost0_ where mainpost0_.post_id=? and mainpost0_.post_type=&apos;2&apos; for update
2018-05-03 14:46:56,384 DEBUG (org.hibernate.loader.Loader:123) - Static select for entity com.smart.domain.MainPost [OPTIMISTIC]: select mainpost0_.post_id as post2_3_0_, mainpost0_.board_id as board3_3_0_, mainpost0_.create_time as create4_3_0_, mainpost0_.post_text as post5_3_0_, mainpost0_.post_title as post6_3_0_, mainpost0_.topic_id as topic7_3_0_, mainpost0_.user_id as user8_3_0_ from t_post mainpost0_ where mainpost0_.post_id=? and mainpost0_.post_type=&apos;2&apos;
2018-05-03 14:46:56,385 DEBUG (org.hibernate.loader.Loader:123) - Static select for entity com.smart.domain.MainPost [OPTIMISTIC_FORCE_INCREMENT]: select mainpost0_.post_id as post2_3_0_, mainpost0_.board_id as board3_3_0_, mainpost0_.create_time as create4_3_0_, mainpost0_.post_text as post5_3_0_, mainpost0_.post_title as post6_3_0_, mainpost0_.topic_id as topic7_3_0_, mainpost0_.user_id as user8_3_0_ from t_post mainpost0_ where mainpost0_.post_id=? and mainpost0_.post_type=&apos;2&apos;
2018-05-03 14:46:56,386 DEBUG (org.hibernate.loader.Loader:56) - Static select for action ACTION_MERGE on entity com.smart.domain.MainPost: select mainpost0_.post_id as post2_3_1_, mainpost0_.board_id as board3_3_1_, mainpost0_.create_time as create4_3_1_, mainpost0_.post_text as post5_3_1_, mainpost0_.post_title as post6_3_1_, mainpost0_.topic_id as topic7_3_1_, mainpost0_.user_id as user8_3_1_, topic1_.topic_id as topic1_4_0_, topic1_.board_id as board2_4_0_, topic1_.create_time as create3_4_0_, topic1_.digest as digest4_4_0_, topic1_.last_post as last5_4_0_, topic1_.topic_replies as topic6_4_0_, topic1_.topic_title as topic7_4_0_, topic1_.user_id as user9_4_0_, topic1_.topic_views as topic8_4_0_ from t_post mainpost0_ left outer join t_topic topic1_ on mainpost0_.topic_id=topic1_.topic_id where mainpost0_.post_id=? and mainpost0_.post_type=&apos;2&apos;
2018-05-03 14:46:56,388 DEBUG (org.hibernate.loader.Loader:56) - Static select for action ACTION_REFRESH on entity com.smart.domain.MainPost: select mainpost0_.post_id as post2_3_0_, mainpost0_.board_id as board3_3_0_, mainpost0_.create_time as create4_3_0_, mainpost0_.post_text as post5_3_0_, mainpost0_.post_title as post6_3_0_, mainpost0_.topic_id as topic7_3_0_, mainpost0_.user_id as user8_3_0_ from t_post mainpost0_ where mainpost0_.post_id=? and mainpost0_.post_type=&apos;2&apos;
2018-05-03 14:46:56,398 DEBUG (org.hibernate.loader.collection.BasicCollectionLoader:83) - Static select for collection com.smart.domain.Board.users: select users0_.board_id as board2_0_1_, users0_.user_id as user1_1_1_, user1_.user_id as user1_5_0_, user1_.credit as credit2_5_0_, user1_.last_ip as last3_5_0_, user1_.last_visit as last4_5_0_, user1_.locked as locked5_5_0_, user1_.password as password6_5_0_, user1_.user_name as user7_5_0_, user1_.user_type as user8_5_0_ from t_board_manager users0_ inner join t_user user1_ on users0_.user_id=user1_.user_id where users0_.board_id=?
2018-05-03 14:46:56,398 DEBUG (org.hibernate.loader.collection.BasicCollectionLoader:83) - Static select for collection com.smart.domain.User.manBoards: select manboards0_.user_id as user1_5_1_, manboards0_.board_id as board2_1_1_, board1_.board_id as board1_0_0_, board1_.board_desc as board2_0_0_, board1_.board_name as board3_0_0_, board1_.topic_num as topic4_0_0_ from t_board_manager manboards0_ inner join t_board board1_ on manboards0_.board_id=board1_.board_id where manboards0_.user_id=?
2018-05-03 14:46:56,402 DEBUG (org.hibernate.internal.SessionFactoryRegistry:62) - Initializing SessionFactoryRegistry : org.hibernate.internal.SessionFactoryRegistry@1e9804b9
2018-05-03 14:46:56,403 DEBUG (org.hibernate.internal.SessionFactoryRegistry:75) - Registering SessionFactory: d069fe20-53dd-434f-9690-da8b553434d3 (&lt;unnamed&gt;)
2018-05-03 14:46:56,404 DEBUG (org.hibernate.internal.SessionFactoryRegistry:82) - Not binding SessionFactory to JNDI, no JNDI name configured
2018-05-03 14:46:56,404 DEBUG (org.hibernate.internal.SessionFactoryImpl:488) - Instantiated session factory
2018-05-03 14:46:56,408 DEBUG (org.hibernate.internal.SessionFactoryImpl:1060) - Checking 0 named HQL queries
2018-05-03 14:46:56,408 DEBUG (org.hibernate.internal.SessionFactoryImpl:1083) - Checking 0 named SQL queries
2018-05-03 14:46:56,418 DEBUG (org.hibernate.stat.internal.StatisticsInitiator:110) - Statistics initialized [enabled=false]
2018-05-03 14:46:56,419 DEBUG (org.springframework.beans.factory.support.DefaultListableBeanFactory:250) - Returning cached instance of singleton bean &apos;managerTx&apos;
2018-05-03 14:46:56,419 DEBUG (org.springframework.beans.factory.support.DefaultListableBeanFactory:250) - Returning cached instance of singleton bean &apos;managerTx&apos;
2018-05-03 14:46:56,420 DEBUG (org.springframework.beans.factory.support.DefaultListableBeanFactory:250) - Returning cached instance of singleton bean &apos;managerTx&apos;
2018-05-03 14:46:56,420 DEBUG (org.springframework.beans.factory.support.DefaultListableBeanFactory:250) - Returning cached instance of singleton bean &apos;managerTx&apos;
2018-05-03 14:46:56,431 DEBUG (org.springframework.beans.factory.support.DefaultListableBeanFactory:484) - Finished creating instance of bean &apos;sessionFactory&apos;
2018-05-03 14:46:56,431 DEBUG (org.springframework.beans.factory.support.DefaultListableBeanFactory:484) - Finished creating instance of bean &apos;sessionFactory&apos;
2018-05-03 14:46:56,432 DEBUG (org.springframework.beans.factory.support.DefaultListableBeanFactory:250) - Returning cached instance of singleton bean &apos;managerTx&apos;
2018-05-03 14:46:56,432 DEBUG (org.springframework.beans.factory.support.DefaultListableBeanFactory:250) - Returning cached instance of singleton bean &apos;managerTx&apos;
2018-05-03 14:46:56,432 DEBUG (org.springframework.beans.factory.support.DefaultListableBeanFactory:250) - Returning cached instance of singleton bean &apos;managerTx&apos;
2018-05-03 14:46:56,432 DEBUG (org.springframework.beans.factory.support.DefaultListableBeanFactory:250) - Returning cached instance of singleton bean &apos;managerTx&apos;
2018-05-03 14:46:56,498 DEBUG (org.springframework.beans.factory.support.DefaultListableBeanFactory:1620) - Invoking afterPropertiesSet() on bean with name &apos;hibernateTemplate&apos;
2018-05-03 14:46:56,498 DEBUG (org.springframework.beans.factory.support.DefaultListableBeanFactory:1620) - Invoking afterPropertiesSet() on bean with name &apos;hibernateTemplate&apos;
2018-05-03 14:46:56,499 DEBUG (org.springframework.beans.factory.support.DefaultListableBeanFactory:250) - Returning cached instance of singleton bean &apos;managerTx&apos;
2018-05-03 14:46:56,499 DEBUG (org.springframework.beans.factory.support.DefaultListableBeanFactory:250) - Returning cached instance of singleton bean &apos;managerTx&apos;
2018-05-03 14:46:56,500 DEBUG (org.springframework.beans.factory.support.DefaultListableBeanFactory:250) - Returning cached instance of singleton bean &apos;managerTx&apos;
2018-05-03 14:46:56,500 DEBUG (org.springframework.beans.factory.support.DefaultListableBeanFactory:250) - Returning cached instance of singleton bean &apos;managerTx&apos;
2018-05-03 14:46:56,665 DEBUG (org.springframework.beans.factory.support.DefaultListableBeanFactory:484) - Finished creating instance of bean &apos;hibernateTemplate&apos;
2018-05-03 14:46:56,665 DEBUG (org.springframework.beans.factory.support.DefaultListableBeanFactory:484) - Finished creating instance of bean &apos;hibernateTemplate&apos;
2018-05-03 14:46:56,666 DEBUG (org.springframework.beans.factory.annotation.AutowiredAnnotationBeanPostProcessor:490) - Autowiring by type from bean name &apos;boardDao&apos; to bean named &apos;hibernateTemplate&apos;
2018-05-03 14:46:56,666 DEBUG (org.springframework.beans.factory.annotation.AutowiredAnnotationBeanPostProcessor:490) - Autowiring by type from bean name &apos;boardDao&apos; to bean named &apos;hibernateTemplate&apos;
2018-05-03 14:46:56,667 DEBUG (org.springframework.beans.factory.support.DefaultListableBeanFactory:250) - Returning cached instance of singleton bean &apos;managerTx&apos;
2018-05-03 14:46:56,667 DEBUG (org.springframework.beans.factory.support.DefaultListableBeanFactory:250) - Returning cached instance of singleton bean &apos;managerTx&apos;
2018-05-03 14:46:56,667 DEBUG (org.springframework.beans.factory.support.DefaultListableBeanFactory:250) - Returning cached instance of singleton bean &apos;managerTx&apos;
2018-05-03 14:46:56,667 DEBUG (org.springframework.beans.factory.support.DefaultListableBeanFactory:250) - Returning cached instance of singleton bean &apos;managerTx&apos;
2018-05-03 14:46:56,677 DEBUG (org.springframework.beans.factory.support.DefaultListableBeanFactory:484) - Finished creating instance of bean &apos;boardDao&apos;
2018-05-03 14:46:56,677 DEBUG (org.springframework.beans.factory.support.DefaultListableBeanFactory:484) - Finished creating instance of bean &apos;boardDao&apos;
2018-05-03 14:46:56,678 DEBUG (org.springframework.beans.factory.support.DefaultListableBeanFactory:221) - Creating shared instance of singleton bean &apos;loginLogDao&apos;
2018-05-03 14:46:56,678 DEBUG (org.springframework.beans.factory.support.DefaultListableBeanFactory:221) - Creating shared instance of singleton bean &apos;loginLogDao&apos;
2018-05-03 14:46:56,678 DEBUG (org.springframework.beans.factory.support.DefaultListableBeanFactory:448) - Creating instance of bean &apos;loginLogDao&apos;
2018-05-03 14:46:56,678 DEBUG (org.springframework.beans.factory.support.DefaultListableBeanFactory:448) - Creating instance of bean &apos;loginLogDao&apos;
2018-05-03 14:46:56,679 DEBUG (org.springframework.beans.factory.support.DefaultListableBeanFactory:250) - Returning cached instance of singleton bean &apos;managerTx&apos;
2018-05-03 14:46:56,679 DEBUG (org.springframework.beans.factory.support.DefaultListableBeanFactory:250) - Returning cached instance of singleton bean &apos;managerTx&apos;
2018-05-03 14:46:56,686 DEBUG (org.springframework.beans.factory.annotation.InjectionMetadata:72) - Registered injected element on class [com.smart.dao.LoginLogDao]: AutowiredMethodElement for public void com.smart.dao.BaseDao.setHibernateTemplate(org.springframework.orm.hibernate4.HibernateTemplate)
2018-05-03 14:46:56,686 DEBUG (org.springframework.beans.factory.annotation.InjectionMetadata:72) - Registered injected element on class [com.smart.dao.LoginLogDao]: AutowiredMethodElement for public void com.smart.dao.BaseDao.setHibernateTemplate(org.springframework.orm.hibernate4.HibernateTemplate)
2018-05-03 14:46:56,689 DEBUG (org.springframework.beans.factory.support.DefaultListableBeanFactory:529) - Eagerly caching bean &apos;loginLogDao&apos; to allow for resolving potential circular references
2018-05-03 14:46:56,689 DEBUG (org.springframework.beans.factory.support.DefaultListableBeanFactory:529) - Eagerly caching bean &apos;loginLogDao&apos; to allow for resolving potential circular references
2018-05-03 14:46:56,690 DEBUG (org.springframework.beans.factory.annotation.InjectionMetadata:86) - Processing injected element of bean &apos;loginLogDao&apos;: AutowiredMethodElement for public void com.smart.dao.BaseDao.setHibernateTemplate(org.springframework.orm.hibernate4.HibernateTemplate)
2018-05-03 14:46:56,690 DEBUG (org.springframework.beans.factory.annotation.InjectionMetadata:86) - Processing injected element of bean &apos;loginLogDao&apos;: AutowiredMethodElement for public void com.smart.dao.BaseDao.setHibernateTemplate(org.springframework.orm.hibernate4.HibernateTemplate)
2018-05-03 14:46:56,691 DEBUG (org.springframework.beans.factory.support.DefaultListableBeanFactory:250) - Returning cached instance of singleton bean &apos;hibernateTemplate&apos;
2018-05-03 14:46:56,691 DEBUG (org.springframework.beans.factory.support.DefaultListableBeanFactory:250) - Returning cached instance of singleton bean &apos;hibernateTemplate&apos;
2018-05-03 14:46:56,692 DEBUG (org.springframework.beans.factory.annotation.AutowiredAnnotationBeanPostProcessor:490) - Autowiring by type from bean name &apos;loginLogDao&apos; to bean named &apos;hibernateTemplate&apos;
2018-05-03 14:46:56,692 DEBUG (org.springframework.beans.factory.annotation.AutowiredAnnotationBeanPostProcessor:490) - Autowiring by type from bean name &apos;loginLogDao&apos; to bean named &apos;hibernateTemplate&apos;
2018-05-03 14:46:56,693 DEBUG (org.springframework.beans.factory.support.DefaultListableBeanFactory:250) - Returning cached instance of singleton bean &apos;managerTx&apos;
2018-05-03 14:46:56,693 DEBUG (org.springframework.beans.factory.support.DefaultListableBeanFactory:250) - Returning cached instance of singleton bean &apos;managerTx&apos;
2018-05-03 14:46:56,693 DEBUG (org.springframework.beans.factory.support.DefaultListableBeanFactory:250) - Returning cached instance of singleton bean &apos;managerTx&apos;
2018-05-03 14:46:56,693 DEBUG (org.springframework.beans.factory.support.DefaultListableBeanFactory:250) - Returning cached instance of singleton bean &apos;managerTx&apos;
2018-05-03 14:46:56,696 DEBUG (org.springframework.beans.factory.support.DefaultListableBeanFactory:484) - Finished creating instance of bean &apos;loginLogDao&apos;
2018-05-03 14:46:56,696 DEBUG (org.springframework.beans.factory.support.DefaultListableBeanFactory:484) - Finished creating instance of bean &apos;loginLogDao&apos;
2018-05-03 14:46:56,697 DEBUG (org.springframework.beans.factory.support.DefaultListableBeanFactory:221) - Creating shared instance of singleton bean &apos;postDao&apos;
2018-05-03 14:46:56,697 DEBUG (org.springframework.beans.factory.support.DefaultListableBeanFactory:221) - Creating shared instance of singleton bean &apos;postDao&apos;
2018-05-03 14:46:56,698 DEBUG (org.springframework.beans.factory.support.DefaultListableBeanFactory:448) - Creating instance of bean &apos;postDao&apos;
2018-05-03 14:46:56,698 DEBUG (org.springframework.beans.factory.support.DefaultListableBeanFactory:448) - Creating instance of bean &apos;postDao&apos;
2018-05-03 14:46:56,698 DEBUG (org.springframework.beans.factory.support.DefaultListableBeanFactory:250) - Returning cached instance of singleton bean &apos;managerTx&apos;
2018-05-03 14:46:56,698 DEBUG (org.springframework.beans.factory.support.DefaultListableBeanFactory:250) - Returning cached instance of singleton bean &apos;managerTx&apos;
2018-05-03 14:46:56,706 DEBUG (org.springframework.beans.factory.annotation.InjectionMetadata:72) - Registered injected element on class [com.smart.dao.PostDao]: AutowiredMethodElement for public void com.smart.dao.BaseDao.setHibernateTemplate(org.springframework.orm.hibernate4.HibernateTemplate)
2018-05-03 14:46:56,706 DEBUG (org.springframework.beans.factory.annotation.InjectionMetadata:72) - Registered injected element on class [com.smart.dao.PostDao]: AutowiredMethodElement for public void com.smart.dao.BaseDao.setHibernateTemplate(org.springframework.orm.hibernate4.HibernateTemplate)
2018-05-03 14:46:56,706 DEBUG (org.springframework.beans.factory.support.DefaultListableBeanFactory:529) - Eagerly caching bean &apos;postDao&apos; to allow for resolving potential circular references
2018-05-03 14:46:56,706 DEBUG (org.springframework.beans.factory.support.DefaultListableBeanFactory:529) - Eagerly caching bean &apos;postDao&apos; to allow for resolving potential circular references
2018-05-03 14:46:56,707 DEBUG (org.springframework.beans.factory.annotation.InjectionMetadata:86) - Processing injected element of bean &apos;postDao&apos;: AutowiredMethodElement for public void com.smart.dao.BaseDao.setHibernateTemplate(org.springframework.orm.hibernate4.HibernateTemplate)
2018-05-03 14:46:56,707 DEBUG (org.springframework.beans.factory.annotation.InjectionMetadata:86) - Processing injected element of bean &apos;postDao&apos;: AutowiredMethodElement for public void com.smart.dao.BaseDao.setHibernateTemplate(org.springframework.orm.hibernate4.HibernateTemplate)
2018-05-03 14:46:56,710 DEBUG (org.springframework.beans.factory.support.DefaultListableBeanFactory:250) - Returning cached instance of singleton bean &apos;hibernateTemplate&apos;
2018-05-03 14:46:56,710 DEBUG (org.springframework.beans.factory.support.DefaultListableBeanFactory:250) - Returning cached instance of singleton bean &apos;hibernateTemplate&apos;
2018-05-03 14:46:56,710 DEBUG (org.springframework.beans.factory.annotation.AutowiredAnnotationBeanPostProcessor:490) - Autowiring by type from bean name &apos;postDao&apos; to bean named &apos;hibernateTemplate&apos;
2018-05-03 14:46:56,710 DEBUG (org.springframework.beans.factory.annotation.AutowiredAnnotationBeanPostProcessor:490) - Autowiring by type from bean name &apos;postDao&apos; to bean named &apos;hibernateTemplate&apos;
2018-05-03 14:46:56,711 DEBUG (org.springframework.beans.factory.support.DefaultListableBeanFactory:250) - Returning cached instance of singleton bean &apos;managerTx&apos;
2018-05-03 14:46:56,711 DEBUG (org.springframework.beans.factory.support.DefaultListableBeanFactory:250) - Returning cached instance of singleton bean &apos;managerTx&apos;
2018-05-03 14:46:56,712 DEBUG (org.springframework.beans.factory.support.DefaultListableBeanFactory:250) - Returning cached instance of singleton bean &apos;managerTx&apos;
2018-05-03 14:46:56,712 DEBUG (org.springframework.beans.factory.support.DefaultListableBeanFactory:250) - Returning cached instance of singleton bean &apos;managerTx&apos;
2018-05-03 14:46:56,716 DEBUG (org.springframework.beans.factory.support.DefaultListableBeanFactory:484) - Finished creating instance of bean &apos;postDao&apos;
2018-05-03 14:46:56,716 DEBUG (org.springframework.beans.factory.support.DefaultListableBeanFactory:484) - Finished creating instance of bean &apos;postDao&apos;
2018-05-03 14:46:56,717 DEBUG (org.springframework.beans.factory.support.DefaultListableBeanFactory:221) - Creating shared instance of singleton bean &apos;topicDao&apos;
2018-05-03 14:46:56,717 DEBUG (org.springframework.beans.factory.support.DefaultListableBeanFactory:221) - Creating shared instance of singleton bean &apos;topicDao&apos;
2018-05-03 14:46:56,717 DEBUG (org.springframework.beans.factory.support.DefaultListableBeanFactory:448) - Creating instance of bean &apos;topicDao&apos;
2018-05-03 14:46:56,717 DEBUG (org.springframework.beans.factory.support.DefaultListableBeanFactory:448) - Creating instance of bean &apos;topicDao&apos;
2018-05-03 14:46:56,717 DEBUG (org.springframework.beans.factory.support.DefaultListableBeanFactory:250) - Returning cached instance of singleton bean &apos;managerTx&apos;
2018-05-03 14:46:56,717 DEBUG (org.springframework.beans.factory.support.DefaultListableBeanFactory:250) - Returning cached instance of singleton bean &apos;managerTx&apos;
2018-05-03 14:46:56,725 DEBUG (org.springframework.beans.factory.annotation.InjectionMetadata:72) - Registered injected element on class [com.smart.dao.TopicDao]: AutowiredMethodElement for public void com.smart.dao.BaseDao.setHibernateTemplate(org.springframework.orm.hibernate4.HibernateTemplate)
2018-05-03 14:46:56,725 DEBUG (org.springframework.beans.factory.annotation.InjectionMetadata:72) - Registered injected element on class [com.smart.dao.TopicDao]: AutowiredMethodElement for public void com.smart.dao.BaseDao.setHibernateTemplate(org.springframework.orm.hibernate4.HibernateTemplate)
2018-05-03 14:46:56,725 DEBUG (org.springframework.beans.factory.support.DefaultListableBeanFactory:529) - Eagerly caching bean &apos;topicDao&apos; to allow for resolving potential circular references
2018-05-03 14:46:56,725 DEBUG (org.springframework.beans.factory.support.DefaultListableBeanFactory:529) - Eagerly caching bean &apos;topicDao&apos; to allow for resolving potential circular references
2018-05-03 14:46:56,726 DEBUG (org.springframework.beans.factory.annotation.InjectionMetadata:86) - Processing injected element of bean &apos;topicDao&apos;: AutowiredMethodElement for public void com.smart.dao.BaseDao.setHibernateTemplate(org.springframework.orm.hibernate4.HibernateTemplate)
2018-05-03 14:46:56,726 DEBUG (org.springframework.beans.factory.annotation.InjectionMetadata:86) - Processing injected element of bean &apos;topicDao&apos;: AutowiredMethodElement for public void com.smart.dao.BaseDao.setHibernateTemplate(org.springframework.orm.hibernate4.HibernateTemplate)
2018-05-03 14:46:56,727 DEBUG (org.springframework.beans.factory.support.DefaultListableBeanFactory:250) - Returning cached instance of singleton bean &apos;hibernateTemplate&apos;
2018-05-03 14:46:56,727 DEBUG (org.springframework.beans.factory.support.DefaultListableBeanFactory:250) - Returning cached instance of singleton bean &apos;hibernateTemplate&apos;
2018-05-03 14:46:56,728 DEBUG (org.springframework.beans.factory.annotation.AutowiredAnnotationBeanPostProcessor:490) - Autowiring by type from bean name &apos;topicDao&apos; to bean named &apos;hibernateTemplate&apos;
2018-05-03 14:46:56,728 DEBUG (org.springframework.beans.factory.annotation.AutowiredAnnotationBeanPostProcessor:490) - Autowiring by type from bean name &apos;topicDao&apos; to bean named &apos;hibernateTemplate&apos;
2018-05-03 14:46:56,729 DEBUG (org.springframework.beans.factory.support.DefaultListableBeanFactory:250) - Returning cached instance of singleton bean &apos;managerTx&apos;
2018-05-03 14:46:56,729 DEBUG (org.springframework.beans.factory.support.DefaultListableBeanFactory:250) - Returning cached instance of singleton bean &apos;managerTx&apos;
2018-05-03 14:46:56,729 DEBUG (org.springframework.beans.factory.support.DefaultListableBeanFactory:250) - Returning cached instance of singleton bean &apos;managerTx&apos;
2018-05-03 14:46:56,729 DEBUG (org.springframework.beans.factory.support.DefaultListableBeanFactory:250) - Returning cached instance of singleton bean &apos;managerTx&apos;
2018-05-03 14:46:56,734 DEBUG (org.springframework.beans.factory.support.DefaultListableBeanFactory:484) - Finished creating instance of bean &apos;topicDao&apos;
2018-05-03 14:46:56,734 DEBUG (org.springframework.beans.factory.support.DefaultListableBeanFactory:484) - Finished creating instance of bean &apos;topicDao&apos;
2018-05-03 14:46:56,738 DEBUG (org.springframework.beans.factory.support.DefaultListableBeanFactory:221) - Creating shared instance of singleton bean &apos;userDao&apos;
2018-05-03 14:46:56,738 DEBUG (org.springframework.beans.factory.support.DefaultListableBeanFactory:221) - Creating shared instance of singleton bean &apos;userDao&apos;
2018-05-03 14:46:56,739 DEBUG (org.springframework.beans.factory.support.DefaultListableBeanFactory:448) - Creating instance of bean &apos;userDao&apos;
2018-05-03 14:46:56,739 DEBUG (org.springframework.beans.factory.support.DefaultListableBeanFactory:448) - Creating instance of bean &apos;userDao&apos;
2018-05-03 14:46:56,742 DEBUG (org.springframework.beans.factory.support.DefaultListableBeanFactory:250) - Returning cached instance of singleton bean &apos;managerTx&apos;
2018-05-03 14:46:56,742 DEBUG (org.springframework.beans.factory.support.DefaultListableBeanFactory:250) - Returning cached instance of singleton bean &apos;managerTx&apos;
2018-05-03 14:46:56,776 DEBUG (org.springframework.beans.factory.annotation.InjectionMetadata:72) - Registered injected element on class [com.smart.dao.UserDao]: AutowiredMethodElement for public void com.smart.dao.BaseDao.setHibernateTemplate(org.springframework.orm.hibernate4.HibernateTemplate)
2018-05-03 14:46:56,776 DEBUG (org.springframework.beans.factory.annotation.InjectionMetadata:72) - Registered injected element on class [com.smart.dao.UserDao]: AutowiredMethodElement for public void com.smart.dao.BaseDao.setHibernateTemplate(org.springframework.orm.hibernate4.HibernateTemplate)
2018-05-03 14:46:56,777 DEBUG (org.springframework.beans.factory.support.DefaultListableBeanFactory:529) - Eagerly caching bean &apos;userDao&apos; to allow for resolving potential circular references
2018-05-03 14:46:56,777 DEBUG (org.springframework.beans.factory.support.DefaultListableBeanFactory:529) - Eagerly caching bean &apos;userDao&apos; to allow for resolving potential circular references
2018-05-03 14:46:56,779 DEBUG (org.springframework.beans.factory.annotation.InjectionMetadata:86) - Processing injected element of bean &apos;userDao&apos;: AutowiredMethodElement for public void com.smart.dao.BaseDao.setHibernateTemplate(org.springframework.orm.hibernate4.HibernateTemplate)
2018-05-03 14:46:56,779 DEBUG (org.springframework.beans.factory.annotation.InjectionMetadata:86) - Processing injected element of bean &apos;userDao&apos;: AutowiredMethodElement for public void com.smart.dao.BaseDao.setHibernateTemplate(org.springframework.orm.hibernate4.HibernateTemplate)
2018-05-03 14:46:56,781 DEBUG (org.springframework.beans.factory.support.DefaultListableBeanFactory:250) - Returning cached instance of singleton bean &apos;hibernateTemplate&apos;
2018-05-03 14:46:56,781 DEBUG (org.springframework.beans.factory.support.DefaultListableBeanFactory:250) - Returning cached instance of singleton bean &apos;hibernateTemplate&apos;
2018-05-03 14:46:56,782 DEBUG (org.springframework.beans.factory.annotation.AutowiredAnnotationBeanPostProcessor:490) - Autowiring by type from bean name &apos;userDao&apos; to bean named &apos;hibernateTemplate&apos;
2018-05-03 14:46:56,782 DEBUG (org.springframework.beans.factory.annotation.AutowiredAnnotationBeanPostProcessor:490) - Autowiring by type from bean name &apos;userDao&apos; to bean named &apos;hibernateTemplate&apos;
2018-05-03 14:46:56,783 DEBUG (org.springframework.beans.factory.support.DefaultListableBeanFactory:250) - Returning cached instance of singleton bean &apos;managerTx&apos;
2018-05-03 14:46:56,783 DEBUG (org.springframework.beans.factory.support.DefaultListableBeanFactory:250) - Returning cached instance of singleton bean &apos;managerTx&apos;
2018-05-03 14:46:56,784 DEBUG (org.springframework.beans.factory.support.DefaultListableBeanFactory:250) - Returning cached instance of singleton bean &apos;managerTx&apos;
2018-05-03 14:46:56,784 DEBUG (org.springframework.beans.factory.support.DefaultListableBeanFactory:250) - Returning cached instance of singleton bean &apos;managerTx&apos;
2018-05-03 14:46:56,792 DEBUG (org.springframework.beans.factory.support.DefaultListableBeanFactory:484) - Finished creating instance of bean &apos;userDao&apos;
2018-05-03 14:46:56,792 DEBUG (org.springframework.beans.factory.support.DefaultListableBeanFactory:484) - Finished creating instance of bean &apos;userDao&apos;
2018-05-03 14:46:56,793 DEBUG (org.springframework.beans.factory.support.DefaultListableBeanFactory:250) - Returning cached instance of singleton bean &apos;org.springframework.context.annotation.internalConfigurationAnnotationProcessor&apos;
2018-05-03 14:46:56,793 DEBUG (org.springframework.beans.factory.support.DefaultListableBeanFactory:250) - Returning cached instance of singleton bean &apos;org.springframework.context.annotation.internalConfigurationAnnotationProcessor&apos;
2018-05-03 14:46:56,794 DEBUG (org.springframework.beans.factory.support.DefaultListableBeanFactory:250) - Returning cached instance of singleton bean &apos;org.springframework.context.annotation.internalAutowiredAnnotationProcessor&apos;
2018-05-03 14:46:56,794 DEBUG (org.springframework.beans.factory.support.DefaultListableBeanFactory:250) - Returning cached instance of singleton bean &apos;org.springframework.context.annotation.internalAutowiredAnnotationProcessor&apos;
2018-05-03 14:46:56,795 DEBUG (org.springframework.beans.factory.support.DefaultListableBeanFactory:250) - Returning cached instance of singleton bean &apos;org.springframework.context.annotation.internalRequiredAnnotationProcessor&apos;
2018-05-03 14:46:56,795 DEBUG (org.springframework.beans.factory.support.DefaultListableBeanFactory:250) - Returning cached instance of singleton bean &apos;org.springframework.context.annotation.internalRequiredAnnotationProcessor&apos;
2018-05-03 14:46:56,796 DEBUG (org.springframework.beans.factory.support.DefaultListableBeanFactory:250) - Returning cached instance of singleton bean &apos;org.springframework.context.annotation.internalCommonAnnotationProcessor&apos;
2018-05-03 14:46:56,796 DEBUG (org.springframework.beans.factory.support.DefaultListableBeanFactory:250) - Returning cached instance of singleton bean &apos;org.springframework.context.annotation.internalCommonAnnotationProcessor&apos;
2018-05-03 14:46:56,796 DEBUG (org.springframework.beans.factory.support.DefaultListableBeanFactory:250) - Returning cached instance of singleton bean &apos;org.springframework.context.annotation.internalPersistenceAnnotationProcessor&apos;
2018-05-03 14:46:56,796 DEBUG (org.springframework.beans.factory.support.DefaultListableBeanFactory:250) - Returning cached instance of singleton bean &apos;org.springframework.context.annotation.internalPersistenceAnnotationProcessor&apos;
2018-05-03 14:46:56,797 DEBUG (org.springframework.beans.factory.support.DefaultListableBeanFactory:221) - Creating shared instance of singleton bean &apos;org.springframework.context.event.internalEventListenerProcessor&apos;
2018-05-03 14:46:56,797 DEBUG (org.springframework.beans.factory.support.DefaultListableBeanFactory:221) - Creating shared instance of singleton bean &apos;org.springframework.context.event.internalEventListenerProcessor&apos;
2018-05-03 14:46:56,798 DEBUG (org.springframework.beans.factory.support.DefaultListableBeanFactory:448) - Creating instance of bean &apos;org.springframework.context.event.internalEventListenerProcessor&apos;
2018-05-03 14:46:56,798 DEBUG (org.springframework.beans.factory.support.DefaultListableBeanFactory:448) - Creating instance of bean &apos;org.springframework.context.event.internalEventListenerProcessor&apos;
2018-05-03 14:46:56,799 DEBUG (org.springframework.beans.factory.support.DefaultListableBeanFactory:250) - Returning cached instance of singleton bean &apos;managerTx&apos;
2018-05-03 14:46:56,799 DEBUG (org.springframework.beans.factory.support.DefaultListableBeanFactory:250) - Returning cached instance of singleton bean &apos;managerTx&apos;
2018-05-03 14:46:56,803 DEBUG (org.springframework.beans.factory.support.DefaultListableBeanFactory:529) - Eagerly caching bean &apos;org.springframework.context.event.internalEventListenerProcessor&apos; to allow for resolving potential circular references
2018-05-03 14:46:56,803 DEBUG (org.springframework.beans.factory.support.DefaultListableBeanFactory:529) - Eagerly caching bean &apos;org.springframework.context.event.internalEventListenerProcessor&apos; to allow for resolving potential circular references
2018-05-03 14:46:56,813 DEBUG (org.springframework.beans.factory.support.DefaultListableBeanFactory:250) - Returning cached instance of singleton bean &apos;managerTx&apos;
2018-05-03 14:46:56,813 DEBUG (org.springframework.beans.factory.support.DefaultListableBeanFactory:250) - Returning cached instance of singleton bean &apos;managerTx&apos;
2018-05-03 14:46:56,815 DEBUG (org.springframework.beans.factory.support.DefaultListableBeanFactory:250) - Returning cached instance of singleton bean &apos;managerTx&apos;
2018-05-03 14:46:56,815 DEBUG (org.springframework.beans.factory.support.DefaultListableBeanFactory:250) - Returning cached instance of singleton bean &apos;managerTx&apos;
2018-05-03 14:46:56,820 DEBUG (org.springframework.beans.factory.support.DefaultListableBeanFactory:484) - Finished creating instance of bean &apos;org.springframework.context.event.internalEventListenerProcessor&apos;
2018-05-03 14:46:56,820 DEBUG (org.springframework.beans.factory.support.DefaultListableBeanFactory:484) - Finished creating instance of bean &apos;org.springframework.context.event.internalEventListenerProcessor&apos;
2018-05-03 14:46:56,824 DEBUG (org.springframework.beans.factory.support.DefaultListableBeanFactory:221) - Creating shared instance of singleton bean &apos;org.springframework.context.event.internalEventListenerFactory&apos;
2018-05-03 14:46:56,824 DEBUG (org.springframework.beans.factory.support.DefaultListableBeanFactory:221) - Creating shared instance of singleton bean &apos;org.springframework.context.event.internalEventListenerFactory&apos;
2018-05-03 14:46:56,824 DEBUG (org.springframework.beans.factory.support.DefaultListableBeanFactory:448) - Creating instance of bean &apos;org.springframework.context.event.internalEventListenerFactory&apos;
2018-05-03 14:46:56,824 DEBUG (org.springframework.beans.factory.support.DefaultListableBeanFactory:448) - Creating instance of bean &apos;org.springframework.context.event.internalEventListenerFactory&apos;
2018-05-03 14:46:56,826 DEBUG (org.springframework.beans.factory.support.DefaultListableBeanFactory:250) - Returning cached instance of singleton bean &apos;managerTx&apos;
2018-05-03 14:46:56,826 DEBUG (org.springframework.beans.factory.support.DefaultListableBeanFactory:250) - Returning cached instance of singleton bean &apos;managerTx&apos;
2018-05-03 14:46:56,827 DEBUG (org.springframework.beans.factory.support.DefaultListableBeanFactory:529) - Eagerly caching bean &apos;org.springframework.context.event.internalEventListenerFactory&apos; to allow for resolving potential circular references
2018-05-03 14:46:56,827 DEBUG (org.springframework.beans.factory.support.DefaultListableBeanFactory:529) - Eagerly caching bean &apos;org.springframework.context.event.internalEventListenerFactory&apos; to allow for resolving potential circular references
2018-05-03 14:46:56,833 DEBUG (org.springframework.beans.factory.support.DefaultListableBeanFactory:250) - Returning cached instance of singleton bean &apos;managerTx&apos;
2018-05-03 14:46:56,833 DEBUG (org.springframework.beans.factory.support.DefaultListableBeanFactory:250) - Returning cached instance of singleton bean &apos;managerTx&apos;
2018-05-03 14:46:56,834 DEBUG (org.springframework.beans.factory.support.DefaultListableBeanFactory:250) - Returning cached instance of singleton bean &apos;managerTx&apos;
2018-05-03 14:46:56,834 DEBUG (org.springframework.beans.factory.support.DefaultListableBeanFactory:250) - Returning cached instance of singleton bean &apos;managerTx&apos;
2018-05-03 14:46:56,842 DEBUG (org.springframework.beans.factory.support.DefaultListableBeanFactory:484) - Finished creating instance of bean &apos;org.springframework.context.event.internalEventListenerFactory&apos;
2018-05-03 14:46:56,842 DEBUG (org.springframework.beans.factory.support.DefaultListableBeanFactory:484) - Finished creating instance of bean &apos;org.springframework.context.event.internalEventListenerFactory&apos;
2018-05-03 14:46:56,843 DEBUG (org.springframework.beans.factory.support.DefaultListableBeanFactory:250) - Returning cached instance of singleton bean &apos;org.springframework.context.support.PropertySourcesPlaceholderConfigurer#0&apos;
2018-05-03 14:46:56,843 DEBUG (org.springframework.beans.factory.support.DefaultListableBeanFactory:250) - Returning cached instance of singleton bean &apos;org.springframework.context.support.PropertySourcesPlaceholderConfigurer#0&apos;
2018-05-03 14:46:56,843 DEBUG (org.springframework.beans.factory.support.DefaultListableBeanFactory:250) - Returning cached instance of singleton bean &apos;dataSource&apos;
2018-05-03 14:46:56,843 DEBUG (org.springframework.beans.factory.support.DefaultListableBeanFactory:250) - Returning cached instance of singleton bean &apos;dataSource&apos;
2018-05-03 14:46:56,845 DEBUG (org.springframework.beans.factory.support.DefaultListableBeanFactory:250) - Returning cached instance of singleton bean &apos;sessionFactory&apos;
2018-05-03 14:46:56,845 DEBUG (org.springframework.beans.factory.support.DefaultListableBeanFactory:250) - Returning cached instance of singleton bean &apos;sessionFactory&apos;
2018-05-03 14:46:56,845 DEBUG (org.springframework.beans.factory.support.DefaultListableBeanFactory:250) - Returning cached instance of singleton bean &apos;hibernateTemplate&apos;
2018-05-03 14:46:56,845 DEBUG (org.springframework.beans.factory.support.DefaultListableBeanFactory:250) - Returning cached instance of singleton bean &apos;hibernateTemplate&apos;
2018-05-03 14:46:56,847 DEBUG (org.springframework.beans.factory.support.DefaultListableBeanFactory:221) - Creating shared instance of singleton bean &apos;transactionManager&apos;
2018-05-03 14:46:56,847 DEBUG (org.springframework.beans.factory.support.DefaultListableBeanFactory:221) - Creating shared instance of singleton bean &apos;transactionManager&apos;
2018-05-03 14:46:56,848 DEBUG (org.springframework.beans.factory.support.DefaultListableBeanFactory:448) - Creating instance of bean &apos;transactionManager&apos;
2018-05-03 14:46:56,848 DEBUG (org.springframework.beans.factory.support.DefaultListableBeanFactory:448) - Creating instance of bean &apos;transactionManager&apos;
2018-05-03 14:46:56,848 DEBUG (org.springframework.beans.factory.support.DefaultListableBeanFactory:250) - Returning cached instance of singleton bean &apos;managerTx&apos;
2018-05-03 14:46:56,848 DEBUG (org.springframework.beans.factory.support.DefaultListableBeanFactory:250) - Returning cached instance of singleton bean &apos;managerTx&apos;
2018-05-03 14:46:56,892 DEBUG (org.springframework.beans.factory.support.DefaultListableBeanFactory:529) - Eagerly caching bean &apos;transactionManager&apos; to allow for resolving potential circular references
2018-05-03 14:46:56,892 DEBUG (org.springframework.beans.factory.support.DefaultListableBeanFactory:529) - Eagerly caching bean &apos;transactionManager&apos; to allow for resolving potential circular references
2018-05-03 14:46:56,904 DEBUG (org.springframework.beans.factory.support.DefaultListableBeanFactory:250) - Returning cached instance of singleton bean &apos;sessionFactory&apos;
2018-05-03 14:46:56,904 DEBUG (org.springframework.beans.factory.support.DefaultListableBeanFactory:250) - Returning cached instance of singleton bean &apos;sessionFactory&apos;
2018-05-03 14:46:56,905 DEBUG (org.springframework.beans.factory.support.DefaultListableBeanFactory:1620) - Invoking afterPropertiesSet() on bean with name &apos;transactionManager&apos;
2018-05-03 14:46:56,905 DEBUG (org.springframework.beans.factory.support.DefaultListableBeanFactory:1620) - Invoking afterPropertiesSet() on bean with name &apos;transactionManager&apos;
2018-05-03 14:46:56,917  INFO (org.springframework.orm.hibernate4.HibernateTransactionManager:360) - Using DataSource [org.apache.commons.dbcp.BasicDataSource@2e1792e7] of Hibernate SessionFactory for HibernateTransactionManager
2018-05-03 14:46:56,917  INFO (org.springframework.orm.hibernate4.HibernateTransactionManager:360) - Using DataSource [org.apache.commons.dbcp.BasicDataSource@2e1792e7] of Hibernate SessionFactory for HibernateTransactionManager
2018-05-03 14:46:56,918 DEBUG (org.springframework.beans.factory.support.DefaultListableBeanFactory:250) - Returning cached instance of singleton bean &apos;managerTx&apos;
2018-05-03 14:46:56,918 DEBUG (org.springframework.beans.factory.support.DefaultListableBeanFactory:250) - Returning cached instance of singleton bean &apos;managerTx&apos;
2018-05-03 14:46:56,918 DEBUG (org.springframework.beans.factory.support.DefaultListableBeanFactory:250) - Returning cached instance of singleton bean &apos;managerTx&apos;
2018-05-03 14:46:56,918 DEBUG (org.springframework.beans.factory.support.DefaultListableBeanFactory:250) - Returning cached instance of singleton bean &apos;managerTx&apos;
2018-05-03 14:46:56,926 DEBUG (org.springframework.beans.factory.support.DefaultListableBeanFactory:484) - Finished creating instance of bean &apos;transactionManager&apos;
2018-05-03 14:46:56,926 DEBUG (org.springframework.beans.factory.support.DefaultListableBeanFactory:484) - Finished creating instance of bean &apos;transactionManager&apos;
2018-05-03 14:46:56,927 DEBUG (org.springframework.beans.factory.support.DefaultListableBeanFactory:221) - Creating shared instance of singleton bean &apos;txAdvice&apos;
2018-05-03 14:46:56,927 DEBUG (org.springframework.beans.factory.support.DefaultListableBeanFactory:221) - Creating shared instance of singleton bean &apos;txAdvice&apos;
2018-05-03 14:46:56,928 DEBUG (org.springframework.beans.factory.support.DefaultListableBeanFactory:448) - Creating instance of bean &apos;txAdvice&apos;
2018-05-03 14:46:56,928 DEBUG (org.springframework.beans.factory.support.DefaultListableBeanFactory:448) - Creating instance of bean &apos;txAdvice&apos;
2018-05-03 14:46:56,931 DEBUG (org.springframework.beans.factory.support.DefaultListableBeanFactory:529) - Eagerly caching bean &apos;txAdvice&apos; to allow for resolving potential circular references
2018-05-03 14:46:56,931 DEBUG (org.springframework.beans.factory.support.DefaultListableBeanFactory:529) - Eagerly caching bean &apos;txAdvice&apos; to allow for resolving potential circular references
2018-05-03 14:46:56,958 DEBUG (org.springframework.beans.factory.support.DefaultListableBeanFactory:250) - Returning cached instance of singleton bean &apos;transactionManager&apos;
2018-05-03 14:46:56,958 DEBUG (org.springframework.beans.factory.support.DefaultListableBeanFactory:250) - Returning cached instance of singleton bean &apos;transactionManager&apos;
2018-05-03 14:46:56,959 DEBUG (org.springframework.beans.factory.support.DefaultListableBeanFactory:448) - Creating instance of bean &apos;(inner bean)#4074023c&apos;
2018-05-03 14:46:56,959 DEBUG (org.springframework.beans.factory.support.DefaultListableBeanFactory:448) - Creating instance of bean &apos;(inner bean)#4074023c&apos;
2018-05-03 14:46:56,960 DEBUG (org.springframework.beans.factory.support.DefaultListableBeanFactory:250) - Returning cached instance of singleton bean &apos;managerTx&apos;
2018-05-03 14:46:56,960 DEBUG (org.springframework.beans.factory.support.DefaultListableBeanFactory:250) - Returning cached instance of singleton bean &apos;managerTx&apos;
2018-05-03 14:46:56,974 DEBUG (org.springframework.transaction.interceptor.NameMatchTransactionAttributeSource:96) - Adding transactional method [*] with attribute [PROPAGATION_REQUIRED,ISOLATION_DEFAULT,readOnly]
2018-05-03 14:46:56,974 DEBUG (org.springframework.transaction.interceptor.NameMatchTransactionAttributeSource:96) - Adding transactional method [*] with attribute [PROPAGATION_REQUIRED,ISOLATION_DEFAULT,readOnly]
2018-05-03 14:46:56,975 DEBUG (org.springframework.transaction.interceptor.NameMatchTransactionAttributeSource:96) - Adding transactional method [create*] with attribute [PROPAGATION_REQUIRED,ISOLATION_DEFAULT]
2018-05-03 14:46:56,975 DEBUG (org.springframework.transaction.interceptor.NameMatchTransactionAttributeSource:96) - Adding transactional method [create*] with attribute [PROPAGATION_REQUIRED,ISOLATION_DEFAULT]
2018-05-03 14:46:56,975 DEBUG (org.springframework.transaction.interceptor.NameMatchTransactionAttributeSource:96) - Adding transactional method [save*] with attribute [PROPAGATION_REQUIRED,ISOLATION_DEFAULT]
2018-05-03 14:46:56,975 DEBUG (org.springframework.transaction.interceptor.NameMatchTransactionAttributeSource:96) - Adding transactional method [save*] with attribute [PROPAGATION_REQUIRED,ISOLATION_DEFAULT]
2018-05-03 14:46:56,976 DEBUG (org.springframework.transaction.interceptor.NameMatchTransactionAttributeSource:96) - Adding transactional method [reg*] with attribute [PROPAGATION_REQUIRED,ISOLATION_DEFAULT]
2018-05-03 14:46:56,976 DEBUG (org.springframework.transaction.interceptor.NameMatchTransactionAttributeSource:96) - Adding transactional method [reg*] with attribute [PROPAGATION_REQUIRED,ISOLATION_DEFAULT]
2018-05-03 14:46:56,977 DEBUG (org.springframework.transaction.interceptor.NameMatchTransactionAttributeSource:96) - Adding transactional method [update*] with attribute [PROPAGATION_REQUIRED,ISOLATION_DEFAULT]
2018-05-03 14:46:56,977 DEBUG (org.springframework.transaction.interceptor.NameMatchTransactionAttributeSource:96) - Adding transactional method [update*] with attribute [PROPAGATION_REQUIRED,ISOLATION_DEFAULT]
2018-05-03 14:46:56,978 DEBUG (org.springframework.transaction.interceptor.NameMatchTransactionAttributeSource:96) - Adding transactional method [delete*] with attribute [PROPAGATION_REQUIRED,ISOLATION_DEFAULT]
2018-05-03 14:46:56,978 DEBUG (org.springframework.transaction.interceptor.NameMatchTransactionAttributeSource:96) - Adding transactional method [delete*] with attribute [PROPAGATION_REQUIRED,ISOLATION_DEFAULT]
2018-05-03 14:46:56,979 DEBUG (org.springframework.beans.factory.support.DefaultListableBeanFactory:250) - Returning cached instance of singleton bean &apos;managerTx&apos;
2018-05-03 14:46:56,979 DEBUG (org.springframework.beans.factory.support.DefaultListableBeanFactory:250) - Returning cached instance of singleton bean &apos;managerTx&apos;
2018-05-03 14:46:56,980 DEBUG (org.springframework.beans.factory.support.DefaultListableBeanFactory:250) - Returning cached instance of singleton bean &apos;managerTx&apos;
2018-05-03 14:46:56,980 DEBUG (org.springframework.beans.factory.support.DefaultListableBeanFactory:250) - Returning cached instance of singleton bean &apos;managerTx&apos;
2018-05-03 14:46:56,983 DEBUG (org.springframework.beans.factory.support.DefaultListableBeanFactory:484) - Finished creating instance of bean &apos;(inner bean)#4074023c&apos;
2018-05-03 14:46:56,983 DEBUG (org.springframework.beans.factory.support.DefaultListableBeanFactory:484) - Finished creating instance of bean &apos;(inner bean)#4074023c&apos;
2018-05-03 14:46:56,993 DEBUG (org.springframework.beans.factory.support.DefaultListableBeanFactory:1620) - Invoking afterPropertiesSet() on bean with name &apos;txAdvice&apos;
2018-05-03 14:46:56,993 DEBUG (org.springframework.beans.factory.support.DefaultListableBeanFactory:1620) - Invoking afterPropertiesSet() on bean with name &apos;txAdvice&apos;
2018-05-03 14:46:56,994 DEBUG (org.springframework.beans.factory.support.DefaultListableBeanFactory:484) - Finished creating instance of bean &apos;txAdvice&apos;
2018-05-03 14:46:56,994 DEBUG (org.springframework.beans.factory.support.DefaultListableBeanFactory:484) - Finished creating instance of bean &apos;txAdvice&apos;
2018-05-03 14:46:56,995 DEBUG (org.springframework.beans.factory.support.DefaultListableBeanFactory:250) - Returning cached instance of singleton bean &apos;org.springframework.aop.config.internalAutoProxyCreator&apos;
2018-05-03 14:46:56,995 DEBUG (org.springframework.beans.factory.support.DefaultListableBeanFactory:250) - Returning cached instance of singleton bean &apos;org.springframework.aop.config.internalAutoProxyCreator&apos;
2018-05-03 14:46:56,997 DEBUG (org.springframework.beans.factory.support.DefaultListableBeanFactory:250) - Returning cached instance of singleton bean &apos;managerTx&apos;
2018-05-03 14:46:56,997 DEBUG (org.springframework.beans.factory.support.DefaultListableBeanFactory:250) - Returning cached instance of singleton bean &apos;managerTx&apos;
2018-05-03 14:46:57,001 DEBUG (org.springframework.beans.factory.support.DefaultListableBeanFactory:250) - Returning cached instance of singleton bean &apos;org.springframework.context.annotation.ConfigurationClassPostProcessor.importAwareProcessor&apos;
2018-05-03 14:46:57,001 DEBUG (org.springframework.beans.factory.support.DefaultListableBeanFactory:250) - Returning cached instance of singleton bean &apos;org.springframework.context.annotation.ConfigurationClassPostProcessor.importAwareProcessor&apos;
2018-05-03 14:46:57,002 DEBUG (org.springframework.beans.factory.support.DefaultListableBeanFactory:250) - Returning cached instance of singleton bean &apos;org.springframework.context.annotation.ConfigurationClassPostProcessor.enhancedConfigurationProcessor&apos;
2018-05-03 14:46:57,002 DEBUG (org.springframework.beans.factory.support.DefaultListableBeanFactory:250) - Returning cached instance of singleton bean &apos;org.springframework.context.annotation.ConfigurationClassPostProcessor.enhancedConfigurationProcessor&apos;
2018-05-03 14:46:57,009 DEBUG (org.springframework.beans.factory.support.DefaultListableBeanFactory:250) - Returning cached instance of singleton bean &apos;org.springframework.context.event.internalEventListenerFactory&apos;
2018-05-03 14:46:57,009 DEBUG (org.springframework.beans.factory.support.DefaultListableBeanFactory:250) - Returning cached instance of singleton bean &apos;org.springframework.context.event.internalEventListenerFactory&apos;
2018-05-03 14:46:57,018 DEBUG (net.sf.ehcache.util.UpdateChecker:63) - Update check failed: java.io.IOException: Server returned HTTP response code: 403 for URL: http://www.terracotta.org/kit/reflector?kitID=ehcache.default&amp;pageID=update.properties&amp;id=-1062672895&amp;os-name=Windows+10&amp;jvm-name=Java+HotSpot%28TM%29+64-Bit+Server+VM&amp;jvm-version=1.8.0_151&amp;platform=amd64&amp;tc-version=UNKNOWN&amp;tc-product=Ehcache+Core+2.4.3&amp;source=Ehcache+Core&amp;uptime-secs=1&amp;patch=UNKNOWN
2018-05-03 14:46:57,146 DEBUG (org.springframework.context.support.ClassPathXmlApplicationContext:765) - Unable to locate LifecycleProcessor with name &apos;lifecycleProcessor&apos;: using default [org.springframework.context.support.DefaultLifecycleProcessor@20095ab4]
2018-05-03 14:46:57,146 DEBUG (org.springframework.context.support.ClassPathXmlApplicationContext:765) - Unable to locate LifecycleProcessor with name &apos;lifecycleProcessor&apos;: using default [org.springframework.context.support.DefaultLifecycleProcessor@20095ab4]
2018-05-03 14:46:57,149 DEBUG (org.springframework.beans.factory.support.DefaultListableBeanFactory:250) - Returning cached instance of singleton bean &apos;lifecycleProcessor&apos;
2018-05-03 14:46:57,149 DEBUG (org.springframework.beans.factory.support.DefaultListableBeanFactory:250) - Returning cached instance of singleton bean &apos;lifecycleProcessor&apos;
2018-05-03 14:46:57,162 DEBUG (org.springframework.core.env.PropertySourcesPropertyResolver:81) - Searching for key &apos;spring.liveBeansView.mbeanDomain&apos; in [systemProperties]
2018-05-03 14:46:57,162 DEBUG (org.springframework.core.env.PropertySourcesPropertyResolver:81) - Searching for key &apos;spring.liveBeansView.mbeanDomain&apos; in [systemProperties]
2018-05-03 14:46:57,163 DEBUG (org.springframework.core.env.PropertySourcesPropertyResolver:81) - Searching for key &apos;spring.liveBeansView.mbeanDomain&apos; in [systemEnvironment]
2018-05-03 14:46:57,163 DEBUG (org.springframework.core.env.PropertySourcesPropertyResolver:81) - Searching for key &apos;spring.liveBeansView.mbeanDomain&apos; in [systemEnvironment]
2018-05-03 14:46:57,164 DEBUG (org.springframework.core.env.PropertySourcesPropertyResolver:103) - Could not find key &apos;spring.liveBeansView.mbeanDomain&apos; in any property source. Returning [null]
2018-05-03 14:46:57,164 DEBUG (org.springframework.core.env.PropertySourcesPropertyResolver:103) - Could not find key &apos;spring.liveBeansView.mbeanDomain&apos; in any property source. Returning [null]
2018-05-03 14:46:57,173 DEBUG (org.springframework.beans.factory.support.DefaultListableBeanFactory:250) - Returning cached instance of singleton bean &apos;boardDao&apos;
2018-05-03 14:46:57,173 DEBUG (org.springframework.beans.factory.support.DefaultListableBeanFactory:250) - Returning cached instance of singleton bean &apos;boardDao&apos;
2018-05-03 14:46:57,247 DEBUG (org.apache.commons.beanutils.converters.BooleanConverter:353) - Setting default value: false
2018-05-03 14:46:57,247 DEBUG (org.apache.commons.beanutils.converters.BooleanConverter:140) - Converting &apos;Boolean&apos; value &apos;false&apos; to type &apos;Boolean&apos;
2018-05-03 14:46:57,248 DEBUG (org.apache.commons.beanutils.converters.BooleanConverter:162) -     No conversion required, value is already a Boolean
2018-05-03 14:46:57,254 DEBUG (org.apache.commons.beanutils.converters.ByteConverter:353) - Setting default value: 0
2018-05-03 14:46:57,256 DEBUG (org.apache.commons.beanutils.converters.ByteConverter:140) - Converting &apos;Integer&apos; value &apos;0&apos; to type &apos;Byte&apos;
2018-05-03 14:46:57,257 DEBUG (org.apache.commons.beanutils.converters.ByteConverter:171) -     Converted to Byte value &apos;0&apos;
2018-05-03 14:46:57,259 DEBUG (org.apache.commons.beanutils.converters.CharacterConverter:353) - Setting default value:  
2018-05-03 14:46:57,259 DEBUG (org.apache.commons.beanutils.converters.CharacterConverter:140) - Converting &apos;Character&apos; value &apos; &apos; to type &apos;Character&apos;
2018-05-03 14:46:57,260 DEBUG (org.apache.commons.beanutils.converters.CharacterConverter:162) -     No conversion required, value is already a Character
2018-05-03 14:46:57,261 DEBUG (org.apache.commons.beanutils.converters.DoubleConverter:353) - Setting default value: 0
2018-05-03 14:46:57,262 DEBUG (org.apache.commons.beanutils.converters.DoubleConverter:140) - Converting &apos;Integer&apos; value &apos;0&apos; to type &apos;Double&apos;
2018-05-03 14:46:57,262 DEBUG (org.apache.commons.beanutils.converters.DoubleConverter:171) -     Converted to Double value &apos;0.0&apos;
2018-05-03 14:46:57,267 DEBUG (org.apache.commons.beanutils.converters.FloatConverter:353) - Setting default value: 0
2018-05-03 14:46:57,268 DEBUG (org.apache.commons.beanutils.converters.FloatConverter:140) - Converting &apos;Integer&apos; value &apos;0&apos; to type &apos;Float&apos;
2018-05-03 14:46:57,268 DEBUG (org.apache.commons.beanutils.converters.FloatConverter:171) -     Converted to Float value &apos;0.0&apos;
2018-05-03 14:46:57,270 DEBUG (org.apache.commons.beanutils.converters.IntegerConverter:353) - Setting default value: 0
2018-05-03 14:46:57,275 DEBUG (org.apache.commons.beanutils.converters.IntegerConverter:140) - Converting &apos;Integer&apos; value &apos;0&apos; to type &apos;Integer&apos;
2018-05-03 14:46:57,275 DEBUG (org.apache.commons.beanutils.converters.IntegerConverter:162) -     No conversion required, value is already a Integer
2018-05-03 14:46:57,278 DEBUG (org.apache.commons.beanutils.converters.LongConverter:353) - Setting default value: 0
2018-05-03 14:46:57,279 DEBUG (org.apache.commons.beanutils.converters.LongConverter:140) - Converting &apos;Integer&apos; value &apos;0&apos; to type &apos;Long&apos;
2018-05-03 14:46:57,279 DEBUG (org.apache.commons.beanutils.converters.LongConverter:171) -     Converted to Long value &apos;0&apos;
2018-05-03 14:46:57,284 DEBUG (org.apache.commons.beanutils.converters.ShortConverter:353) - Setting default value: 0
2018-05-03 14:46:57,285 DEBUG (org.apache.commons.beanutils.converters.ShortConverter:140) - Converting &apos;Integer&apos; value &apos;0&apos; to type &apos;Short&apos;
2018-05-03 14:46:57,287 DEBUG (org.apache.commons.beanutils.converters.ShortConverter:171) -     Converted to Short value &apos;0&apos;
2018-05-03 14:46:57,293 DEBUG (org.apache.commons.beanutils.converters.BigDecimalConverter:353) - Setting default value: 0.0
2018-05-03 14:46:57,293 DEBUG (org.apache.commons.beanutils.converters.BigDecimalConverter:140) - Converting &apos;BigDecimal&apos; value &apos;0.0&apos; to type &apos;BigDecimal&apos;
2018-05-03 14:46:57,294 DEBUG (org.apache.commons.beanutils.converters.BigDecimalConverter:162) -     No conversion required, value is already a BigDecimal
2018-05-03 14:46:57,295 DEBUG (org.apache.commons.beanutils.converters.BigIntegerConverter:353) - Setting default value: 0
2018-05-03 14:46:57,296 DEBUG (org.apache.commons.beanutils.converters.BigIntegerConverter:140) - Converting &apos;BigInteger&apos; value &apos;0&apos; to type &apos;BigInteger&apos;
2018-05-03 14:46:57,298 DEBUG (org.apache.commons.beanutils.converters.BigIntegerConverter:162) -     No conversion required, value is already a BigInteger
2018-05-03 14:46:57,299 DEBUG (org.apache.commons.beanutils.converters.BooleanConverter:353) - Setting default value: false
2018-05-03 14:46:57,299 DEBUG (org.apache.commons.beanutils.converters.BooleanConverter:140) - Converting &apos;Boolean&apos; value &apos;false&apos; to type &apos;Boolean&apos;
2018-05-03 14:46:57,299 DEBUG (org.apache.commons.beanutils.converters.BooleanConverter:162) -     No conversion required, value is already a Boolean
2018-05-03 14:46:57,300 DEBUG (org.apache.commons.beanutils.converters.ByteConverter:353) - Setting default value: 0
2018-05-03 14:46:57,300 DEBUG (org.apache.commons.beanutils.converters.ByteConverter:140) - Converting &apos;Integer&apos; value &apos;0&apos; to type &apos;Byte&apos;
2018-05-03 14:46:57,300 DEBUG (org.apache.commons.beanutils.converters.ByteConverter:171) -     Converted to Byte value &apos;0&apos;
2018-05-03 14:46:57,301 DEBUG (org.apache.commons.beanutils.converters.CharacterConverter:353) - Setting default value:  
2018-05-03 14:46:57,301 DEBUG (org.apache.commons.beanutils.converters.CharacterConverter:140) - Converting &apos;Character&apos; value &apos; &apos; to type &apos;Character&apos;
2018-05-03 14:46:57,301 DEBUG (org.apache.commons.beanutils.converters.CharacterConverter:162) -     No conversion required, value is already a Character
2018-05-03 14:46:57,302 DEBUG (org.apache.commons.beanutils.converters.DoubleConverter:353) - Setting default value: 0
2018-05-03 14:46:57,302 DEBUG (org.apache.commons.beanutils.converters.DoubleConverter:140) - Converting &apos;Integer&apos; value &apos;0&apos; to type &apos;Double&apos;
2018-05-03 14:46:57,303 DEBUG (org.apache.commons.beanutils.converters.DoubleConverter:171) -     Converted to Double value &apos;0.0&apos;
2018-05-03 14:46:57,303 DEBUG (org.apache.commons.beanutils.converters.FloatConverter:353) - Setting default value: 0
2018-05-03 14:46:57,304 DEBUG (org.apache.commons.beanutils.converters.FloatConverter:140) - Converting &apos;Integer&apos; value &apos;0&apos; to type &apos;Float&apos;
2018-05-03 14:46:57,308 DEBUG (org.apache.commons.beanutils.converters.FloatConverter:171) -     Converted to Float value &apos;0.0&apos;
2018-05-03 14:46:57,308 DEBUG (org.apache.commons.beanutils.converters.IntegerConverter:353) - Setting default value: 0
2018-05-03 14:46:57,309 DEBUG (org.apache.commons.beanutils.converters.IntegerConverter:140) - Converting &apos;Integer&apos; value &apos;0&apos; to type &apos;Integer&apos;
2018-05-03 14:46:57,309 DEBUG (org.apache.commons.beanutils.converters.IntegerConverter:162) -     No conversion required, value is already a Integer
2018-05-03 14:46:57,315 DEBUG (org.apache.commons.beanutils.converters.LongConverter:353) - Setting default value: 0
2018-05-03 14:46:57,315 DEBUG (org.apache.commons.beanutils.converters.LongConverter:140) - Converting &apos;Integer&apos; value &apos;0&apos; to type &apos;Long&apos;
2018-05-03 14:46:57,316 DEBUG (org.apache.commons.beanutils.converters.LongConverter:171) -     Converted to Long value &apos;0&apos;
2018-05-03 14:46:57,316 DEBUG (org.apache.commons.beanutils.converters.ShortConverter:353) - Setting default value: 0
2018-05-03 14:46:57,317 DEBUG (org.apache.commons.beanutils.converters.ShortConverter:140) - Converting &apos;Integer&apos; value &apos;0&apos; to type &apos;Short&apos;
2018-05-03 14:46:57,317 DEBUG (org.apache.commons.beanutils.converters.ShortConverter:171) -     Converted to Short value &apos;0&apos;
2018-05-03 14:46:57,319 DEBUG (org.apache.commons.beanutils.converters.StringConverter:353) - Setting default value: 
2018-05-03 14:46:57,320 DEBUG (org.apache.commons.beanutils.converters.StringConverter:140) - Converting &apos;String&apos; value &apos;&apos; to type &apos;String&apos;
2018-05-03 14:46:57,512 DEBUG (org.apache.commons.beanutils.converters.ArrayConverter:353) - Setting default value: [Z@42f9c19a
2018-05-03 14:46:57,513 DEBUG (org.apache.commons.beanutils.converters.ArrayConverter:140) - Converting &apos;boolean[]&apos; value &apos;[Z@42f9c19a&apos; to type &apos;boolean[]&apos;
2018-05-03 14:46:57,514 DEBUG (org.apache.commons.beanutils.converters.ArrayConverter:162) -     No conversion required, value is already a boolean[]
2018-05-03 14:46:57,514 DEBUG (org.apache.commons.beanutils.converters.ArrayConverter:353) - Setting default value: [B@64bfd6fd
2018-05-03 14:46:57,515 DEBUG (org.apache.commons.beanutils.converters.ArrayConverter:140) - Converting &apos;byte[]&apos; value &apos;[B@64bfd6fd&apos; to type &apos;byte[]&apos;
2018-05-03 14:46:57,515 DEBUG (org.apache.commons.beanutils.converters.ArrayConverter:162) -     No conversion required, value is already a byte[]
2018-05-03 14:46:57,517 DEBUG (org.apache.commons.beanutils.converters.ArrayConverter:353) - Setting default value: [C@2ab2710
2018-05-03 14:46:57,518 DEBUG (org.apache.commons.beanutils.converters.ArrayConverter:140) - Converting &apos;char[]&apos; value &apos;[C@2ab2710&apos; to type &apos;char[]&apos;
2018-05-03 14:46:57,519 DEBUG (org.apache.commons.beanutils.converters.ArrayConverter:162) -     No conversion required, value is already a char[]
2018-05-03 14:46:57,519 DEBUG (org.apache.commons.beanutils.converters.ArrayConverter:353) - Setting default value: [D@253b380a
2018-05-03 14:46:57,520 DEBUG (org.apache.commons.beanutils.converters.ArrayConverter:140) - Converting &apos;double[]&apos; value &apos;[D@253b380a&apos; to type &apos;double[]&apos;
2018-05-03 14:46:57,521 DEBUG (org.apache.commons.beanutils.converters.ArrayConverter:162) -     No conversion required, value is already a double[]
2018-05-03 14:46:57,524 DEBUG (org.apache.commons.beanutils.converters.ArrayConverter:353) - Setting default value: [F@29c2c826
2018-05-03 14:46:57,526 DEBUG (org.apache.commons.beanutils.converters.ArrayConverter:140) - Converting &apos;float[]&apos; value &apos;[F@29c2c826&apos; to type &apos;float[]&apos;
2018-05-03 14:46:57,527 DEBUG (org.apache.commons.beanutils.converters.ArrayConverter:162) -     No conversion required, value is already a float[]
2018-05-03 14:46:57,527 DEBUG (org.apache.commons.beanutils.converters.ArrayConverter:353) - Setting default value: [I@3350ebdd
2018-05-03 14:46:57,529 DEBUG (org.apache.commons.beanutils.converters.ArrayConverter:140) - Converting &apos;int[]&apos; value &apos;[I@3350ebdd&apos; to type &apos;int[]&apos;
2018-05-03 14:46:57,529 DEBUG (org.apache.commons.beanutils.converters.ArrayConverter:162) -     No conversion required, value is already a int[]
2018-05-03 14:46:57,530 DEBUG (org.apache.commons.beanutils.converters.ArrayConverter:353) - Setting default value: [J@6818d900
2018-05-03 14:46:57,531 DEBUG (org.apache.commons.beanutils.converters.ArrayConverter:140) - Converting &apos;long[]&apos; value &apos;[J@6818d900&apos; to type &apos;long[]&apos;
2018-05-03 14:46:57,532 DEBUG (org.apache.commons.beanutils.converters.ArrayConverter:162) -     No conversion required, value is already a long[]
2018-05-03 14:46:57,533 DEBUG (org.apache.commons.beanutils.converters.ArrayConverter:353) - Setting default value: [S@149f5761
2018-05-03 14:46:57,533 DEBUG (org.apache.commons.beanutils.converters.ArrayConverter:140) - Converting &apos;short[]&apos; value &apos;[S@149f5761&apos; to type &apos;short[]&apos;
2018-05-03 14:46:57,534 DEBUG (org.apache.commons.beanutils.converters.ArrayConverter:162) -     No conversion required, value is already a short[]
2018-05-03 14:46:57,534 DEBUG (org.apache.commons.beanutils.converters.ArrayConverter:353) - Setting default value: [Ljava.math.BigDecimal;@2ba33e2c
2018-05-03 14:46:57,535 DEBUG (org.apache.commons.beanutils.converters.ArrayConverter:140) - Converting &apos;BigDecimal[]&apos; value &apos;[Ljava.math.BigDecimal;@2ba33e2c&apos; to type &apos;BigDecimal[]&apos;
2018-05-03 14:46:57,535 DEBUG (org.apache.commons.beanutils.converters.ArrayConverter:162) -     No conversion required, value is already a BigDecimal[]
2018-05-03 14:46:57,536 DEBUG (org.apache.commons.beanutils.converters.ArrayConverter:353) - Setting default value: [Ljava.math.BigInteger;@31e72cbc
2018-05-03 14:46:57,536 DEBUG (org.apache.commons.beanutils.converters.ArrayConverter:140) - Converting &apos;BigInteger[]&apos; value &apos;[Ljava.math.BigInteger;@31e72cbc&apos; to type &apos;BigInteger[]&apos;
2018-05-03 14:46:57,537 DEBUG (org.apache.commons.beanutils.converters.ArrayConverter:162) -     No conversion required, value is already a BigInteger[]
2018-05-03 14:46:57,540 DEBUG (org.apache.commons.beanutils.converters.ArrayConverter:353) - Setting default value: [Ljava.lang.Boolean;@6dcd5639
2018-05-03 14:46:57,541 DEBUG (org.apache.commons.beanutils.converters.ArrayConverter:140) - Converting &apos;Boolean[]&apos; value &apos;[Ljava.lang.Boolean;@6dcd5639&apos; to type &apos;Boolean[]&apos;
2018-05-03 14:46:57,541 DEBUG (org.apache.commons.beanutils.converters.ArrayConverter:162) -     No conversion required, value is already a Boolean[]
2018-05-03 14:46:57,542 DEBUG (org.apache.commons.beanutils.converters.ArrayConverter:353) - Setting default value: [Ljava.lang.Byte;@333cb916
2018-05-03 14:46:57,543 DEBUG (org.apache.commons.beanutils.converters.ArrayConverter:140) - Converting &apos;Byte[]&apos; value &apos;[Ljava.lang.Byte;@333cb916&apos; to type &apos;Byte[]&apos;
2018-05-03 14:46:57,544 DEBUG (org.apache.commons.beanutils.converters.ArrayConverter:162) -     No conversion required, value is already a Byte[]
2018-05-03 14:46:57,545 DEBUG (org.apache.commons.beanutils.converters.ArrayConverter:353) - Setting default value: [Ljava.lang.Character;@1d25c1c
2018-05-03 14:46:57,546 DEBUG (org.apache.commons.beanutils.converters.ArrayConverter:140) - Converting &apos;Character[]&apos; value &apos;[Ljava.lang.Character;@1d25c1c&apos; to type &apos;Character[]&apos;
2018-05-03 14:46:57,547 DEBUG (org.apache.commons.beanutils.converters.ArrayConverter:162) -     No conversion required, value is already a Character[]
2018-05-03 14:46:57,548 DEBUG (org.apache.commons.beanutils.converters.ArrayConverter:353) - Setting default value: [Ljava.lang.Double;@5bca7664
2018-05-03 14:46:57,548 DEBUG (org.apache.commons.beanutils.converters.ArrayConverter:140) - Converting &apos;Double[]&apos; value &apos;[Ljava.lang.Double;@5bca7664&apos; to type &apos;Double[]&apos;
2018-05-03 14:46:57,549 DEBUG (org.apache.commons.beanutils.converters.ArrayConverter:162) -     No conversion required, value is already a Double[]
2018-05-03 14:46:57,549 DEBUG (org.apache.commons.beanutils.converters.ArrayConverter:353) - Setting default value: [Ljava.lang.Float;@3fae596
2018-05-03 14:46:57,550 DEBUG (org.apache.commons.beanutils.converters.ArrayConverter:140) - Converting &apos;Float[]&apos; value &apos;[Ljava.lang.Float;@3fae596&apos; to type &apos;Float[]&apos;
2018-05-03 14:46:57,550 DEBUG (org.apache.commons.beanutils.converters.ArrayConverter:162) -     No conversion required, value is already a Float[]
2018-05-03 14:46:57,551 DEBUG (org.apache.commons.beanutils.converters.ArrayConverter:353) - Setting default value: [Ljava.lang.Integer;@42fcc7e6
2018-05-03 14:46:57,552 DEBUG (org.apache.commons.beanutils.converters.ArrayConverter:140) - Converting &apos;Integer[]&apos; value &apos;[Ljava.lang.Integer;@42fcc7e6&apos; to type &apos;Integer[]&apos;
2018-05-03 14:46:57,552 DEBUG (org.apache.commons.beanutils.converters.ArrayConverter:162) -     No conversion required, value is already a Integer[]
2018-05-03 14:46:57,552 DEBUG (org.apache.commons.beanutils.converters.ArrayConverter:353) - Setting default value: [Ljava.lang.Long;@5da7cee2
2018-05-03 14:46:57,553 DEBUG (org.apache.commons.beanutils.converters.ArrayConverter:140) - Converting &apos;Long[]&apos; value &apos;[Ljava.lang.Long;@5da7cee2&apos; to type &apos;Long[]&apos;
2018-05-03 14:46:57,554 DEBUG (org.apache.commons.beanutils.converters.ArrayConverter:162) -     No conversion required, value is already a Long[]
2018-05-03 14:46:57,560 DEBUG (org.apache.commons.beanutils.converters.ArrayConverter:353) - Setting default value: [Ljava.lang.Short;@5ce4369b
2018-05-03 14:46:57,563 DEBUG (org.apache.commons.beanutils.converters.ArrayConverter:140) - Converting &apos;Short[]&apos; value &apos;[Ljava.lang.Short;@5ce4369b&apos; to type &apos;Short[]&apos;
2018-05-03 14:46:57,564 DEBUG (org.apache.commons.beanutils.converters.ArrayConverter:162) -     No conversion required, value is already a Short[]
2018-05-03 14:46:57,565 DEBUG (org.apache.commons.beanutils.converters.ArrayConverter:353) - Setting default value: [Ljava.lang.String;@1cb19dba
2018-05-03 14:46:57,565 DEBUG (org.apache.commons.beanutils.converters.ArrayConverter:140) - Converting &apos;String[]&apos; value &apos;[Ljava.lang.String;@1cb19dba&apos; to type &apos;String[]&apos;
2018-05-03 14:46:57,566 DEBUG (org.apache.commons.beanutils.converters.ArrayConverter:162) -     No conversion required, value is already a String[]
2018-05-03 14:46:57,567 DEBUG (org.apache.commons.beanutils.converters.ArrayConverter:353) - Setting default value: [Ljava.lang.Class;@7c3ebc6b
2018-05-03 14:46:57,567 DEBUG (org.apache.commons.beanutils.converters.ArrayConverter:140) - Converting &apos;Class[]&apos; value &apos;[Ljava.lang.Class;@7c3ebc6b&apos; to type &apos;Class[]&apos;
2018-05-03 14:46:57,571 DEBUG (org.apache.commons.beanutils.converters.ArrayConverter:162) -     No conversion required, value is already a Class[]
2018-05-03 14:46:57,572 DEBUG (org.apache.commons.beanutils.converters.ArrayConverter:353) - Setting default value: [Ljava.util.Date;@1931d99
2018-05-03 14:46:57,573 DEBUG (org.apache.commons.beanutils.converters.ArrayConverter:140) - Converting &apos;Date[]&apos; value &apos;[Ljava.util.Date;@1931d99&apos; to type &apos;Date[]&apos;
2018-05-03 14:46:57,573 DEBUG (org.apache.commons.beanutils.converters.ArrayConverter:162) -     No conversion required, value is already a Date[]
2018-05-03 14:46:57,574 DEBUG (org.apache.commons.beanutils.converters.ArrayConverter:353) - Setting default value: [Ljava.util.Calendar;@7ad54c55
2018-05-03 14:46:57,574 DEBUG (org.apache.commons.beanutils.converters.ArrayConverter:140) - Converting &apos;Calendar[]&apos; value &apos;[Ljava.util.Calendar;@7ad54c55&apos; to type &apos;Calendar[]&apos;
2018-05-03 14:46:57,574 DEBUG (org.apache.commons.beanutils.converters.ArrayConverter:162) -     No conversion required, value is already a Calendar[]
2018-05-03 14:46:57,576 DEBUG (org.apache.commons.beanutils.converters.ArrayConverter:353) - Setting default value: [Ljava.io.File;@6ae7deac
2018-05-03 14:46:57,577 DEBUG (org.apache.commons.beanutils.converters.ArrayConverter:140) - Converting &apos;java.io.File[]&apos; value &apos;[Ljava.io.File;@6ae7deac&apos; to type &apos;java.io.File[]&apos;
2018-05-03 14:46:57,577 DEBUG (org.apache.commons.beanutils.converters.ArrayConverter:162) -     No conversion required, value is already a java.io.File[]
2018-05-03 14:46:57,578 DEBUG (org.apache.commons.beanutils.converters.ArrayConverter:353) - Setting default value: [Ljava.sql.Date;@1a3e5f23
2018-05-03 14:46:57,578 DEBUG (org.apache.commons.beanutils.converters.ArrayConverter:140) - Converting &apos;java.sql.Date[]&apos; value &apos;[Ljava.sql.Date;@1a3e5f23&apos; to type &apos;java.sql.Date[]&apos;
2018-05-03 14:46:57,579 DEBUG (org.apache.commons.beanutils.converters.ArrayConverter:162) -     No conversion required, value is already a java.sql.Date[]
2018-05-03 14:46:57,580 DEBUG (org.apache.commons.beanutils.converters.ArrayConverter:353) - Setting default value: [Ljava.sql.Time;@365553de
2018-05-03 14:46:57,580 DEBUG (org.apache.commons.beanutils.converters.ArrayConverter:140) - Converting &apos;java.sql.Time[]&apos; value &apos;[Ljava.sql.Time;@365553de&apos; to type &apos;java.sql.Time[]&apos;
2018-05-03 14:46:57,581 DEBUG (org.apache.commons.beanutils.converters.ArrayConverter:162) -     No conversion required, value is already a java.sql.Time[]
2018-05-03 14:46:57,582 DEBUG (org.apache.commons.beanutils.converters.ArrayConverter:353) - Setting default value: [Ljava.sql.Timestamp;@5c0f79f0
2018-05-03 14:46:57,583 DEBUG (org.apache.commons.beanutils.converters.ArrayConverter:140) - Converting &apos;java.sql.Timestamp[]&apos; value &apos;[Ljava.sql.Timestamp;@5c0f79f0&apos; to type &apos;java.sql.Timestamp[]&apos;
2018-05-03 14:46:57,584 DEBUG (org.apache.commons.beanutils.converters.ArrayConverter:162) -     No conversion required, value is already a java.sql.Timestamp[]
2018-05-03 14:46:57,585 DEBUG (org.apache.commons.beanutils.converters.ArrayConverter:353) - Setting default value: [Ljava.net.URL;@3daa82be
2018-05-03 14:46:57,585 DEBUG (org.apache.commons.beanutils.converters.ArrayConverter:140) - Converting &apos;java.net.URL[]&apos; value &apos;[Ljava.net.URL;@3daa82be&apos; to type &apos;java.net.URL[]&apos;
2018-05-03 14:46:57,586 DEBUG (org.apache.commons.beanutils.converters.ArrayConverter:162) -     No conversion required, value is already a java.net.URL[]
</system-out>
    <system-err>SLF4J: Class path contains multiple SLF4J bindings.
SLF4J: Found binding in [jar:file:/D:/mydoc/Maven/repo/org/slf4j/slf4j-log4j12/1.7.5/slf4j-log4j12-1.7.5.jar!/org/slf4j/impl/StaticLoggerBinder.class]
SLF4J: Found binding in [jar:file:/D:/mydoc/Maven/repo/org/slf4j/slf4j-nop/1.6.4/slf4j-nop-1.6.4.jar!/org/slf4j/impl/StaticLoggerBinder.class]
SLF4J: See http://www.slf4j.org/codes.html#multiple_bindings for an explanation.
SLF4J: Actual binding is of type [org.slf4j.impl.Log4jLoggerFactory]
</system-err>
  </testcase>
  <testcase classname="com.smart.dao.BoardDaoTest" name="unitilsBeforeTestSetUp" time="0.664">
    <failure message="Error inserting test data from DbUnit dataset for method public void com.smart.dao.BoardDaoTest.removeBoard()" type="org.unitils.core.UnitilsException">org.unitils.core.UnitilsException: Error inserting test data from DbUnit dataset for method public void com.smart.dao.BoardDaoTest.removeBoard()
	at org.unitils.dbunit.DbUnitModule.insertDataSet(DbUnitModule.java:190)
	at org.unitils.dbunit.DbUnitModule$DbUnitListener.beforeTestSetUp(DbUnitModule.java:791)
	at org.unitils.core.Unitils$UnitilsTestListener.beforeTestSetUp(Unitils.java:273)
	at org.unitils.UnitilsTestNG.unitilsBeforeTestSetUp(UnitilsTestNG.java:62)
	at sun.reflect.NativeMethodAccessorImpl.invoke0(Native Method)
	at sun.reflect.NativeMethodAccessorImpl.invoke(NativeMethodAccessorImpl.java:62)
	at sun.reflect.DelegatingMethodAccessorImpl.invoke(DelegatingMethodAccessorImpl.java:43)
	at java.lang.reflect.Method.invoke(Method.java:498)
	at org.testng.internal.MethodHelper.invokeMethod(MethodHelper.java:580)
	at org.testng.internal.Invoker.invokeConfigurationMethod(Invoker.java:398)
	at org.testng.internal.Invoker.invokeConfigurations(Invoker.java:145)
	at org.testng.internal.Invoker.invokeMethod(Invoker.java:427)
	at org.testng.internal.Invoker.invokeTestMethod(Invoker.java:617)
	at org.testng.internal.Invoker.invokeTestMethods(Invoker.java:885)
	at org.testng.internal.TestMethodWorker.invokeTestMethods(TestMethodWorker.java:126)
	at org.testng.internal.TestMethodWorker.run(TestMethodWorker.java:110)
	at org.testng.TestRunner.runWorkers(TestRunner.java:712)
	at org.testng.TestRunner.privateRun(TestRunner.java:582)
	at org.testng.TestRunner.run(TestRunner.java:477)
	at org.testng.SuiteRunner.runTest(SuiteRunner.java:324)
	at org.testng.SuiteRunner.runSequentially(SuiteRunner.java:319)
	at org.testng.SuiteRunner.privateRun(SuiteRunner.java:292)
	at org.testng.SuiteRunner.run(SuiteRunner.java:198)
	at org.testng.TestNG.createAndRunSuiteRunners(TestNG.java:821)
	at org.testng.TestNG.runSuitesLocally(TestNG.java:788)
	at org.testng.TestNG.run(TestNG.java:708)
	at org.apache.maven.surefire.testng.TestNGExecutor.run(TestNGExecutor.java:60)
	at org.apache.maven.surefire.testng.TestNGDirectoryTestSuite.executeMulti(TestNGDirectoryTestSuite.java:153)
	at org.apache.maven.surefire.testng.TestNGDirectoryTestSuite.execute(TestNGDirectoryTestSuite.java:99)
	at org.apache.maven.surefire.testng.TestNGProvider.invoke(TestNGProvider.java:111)
	at sun.reflect.NativeMethodAccessorImpl.invoke0(Native Method)
	at sun.reflect.NativeMethodAccessorImpl.invoke(NativeMethodAccessorImpl.java:62)
	at sun.reflect.DelegatingMethodAccessorImpl.invoke(DelegatingMethodAccessorImpl.java:43)
	at java.lang.reflect.Method.invoke(Method.java:498)
	at org.apache.maven.surefire.booter.ProviderFactory$ClassLoaderProxy.invoke(ProviderFactory.java:103)
	at com.sun.proxy.$Proxy0.invoke(Unknown Source)
	at org.apache.maven.surefire.booter.SurefireStarter.invokeProvider(SurefireStarter.java:150)
	at org.apache.maven.surefire.booter.SurefireStarter.runSuitesInProcess(SurefireStarter.java:91)
	at org.apache.maven.surefire.booter.ForkedBooter.main(ForkedBooter.java:69)
Caused by: org.unitils.core.UnitilsException: Could not load class with name com.smart.test.dataset.excel.MultiSchemaXlsDataSetFactory
	at org.unitils.util.ReflectionUtils.getClassWithName(ReflectionUtils.java:612)
	at org.unitils.util.ModuleUtils.getClassValueReplaceDefault(ModuleUtils.java:145)
	at org.unitils.dbunit.DbUnitModule.getDataSetFactory(DbUnitModule.java:712)
	at org.unitils.dbunit.DbUnitModule.getDataSet(DbUnitModule.java:441)
	at org.unitils.dbunit.DbUnitModule.insertDataSet(DbUnitModule.java:261)
	at org.unitils.dbunit.DbUnitModule.insertDataSet(DbUnitModule.java:187)
	... 38 more
Caused by: java.lang.ClassNotFoundException: com.smart.test.dataset.excel.MultiSchemaXlsDataSetFactory
	at java.net.URLClassLoader.findClass(URLClassLoader.java:381)
	at java.lang.ClassLoader.loadClass(ClassLoader.java:424)
	at sun.misc.Launcher$AppClassLoader.loadClass(Launcher.java:335)
	at java.lang.ClassLoader.loadClass(ClassLoader.java:357)
	at java.lang.Class.forName0(Native Method)
	at java.lang.Class.forName(Class.java:264)
	at org.unitils.util.ReflectionUtils.getClassWithName(ReflectionUtils.java:609)
	... 43 more
Caused by: org.unitils.core.UnitilsException: Could not load class with name com.smart.test.dataset.excel.MultiSchemaXlsDataSetFactory
	at org.unitils.util.ReflectionUtils.getClassWithName(ReflectionUtils.java:612)
	at org.unitils.util.ModuleUtils.getClassValueReplaceDefault(ModuleUtils.java:145)
	at org.unitils.dbunit.DbUnitModule.getDataSetFactory(DbUnitModule.java:712)
	at org.unitils.dbunit.DbUnitModule.getDataSet(DbUnitModule.java:441)
	at org.unitils.dbunit.DbUnitModule.insertDataSet(DbUnitModule.java:261)
	at org.unitils.dbunit.DbUnitModule.insertDataSet(DbUnitModule.java:187)
	... 38 more
Caused by: java.lang.ClassNotFoundException: com.smart.test.dataset.excel.MultiSchemaXlsDataSetFactory
	at java.net.URLClassLoader.findClass(URLClassLoader.java:381)
	at java.lang.ClassLoader.loadClass(ClassLoader.java:424)
	at sun.misc.Launcher$AppClassLoader.loadClass(Launcher.java:335)
	at java.lang.ClassLoader.loadClass(ClassLoader.java:357)
	at java.lang.Class.forName0(Native Method)
	at java.lang.Class.forName(Class.java:264)
	at org.unitils.util.ReflectionUtils.getClassWithName(ReflectionUtils.java:609)
	... 43 more
</failure>
  </testcase>
  <testcase classname="com.smart.dao.BoardDaoTest" name="removeBoard" time="0.001">
    <skipped/>
  </testcase>
  <testcase classname="com.smart.dao.BoardDaoTest" name="unitilsBeforeTestSetUp" time="0.007">
    <skipped/>
  </testcase>
  <testcase classname="com.smart.dao.BoardDaoTest" name="getBoard" time="0">
    <skipped/>
  </testcase>
</testsuite>